[03:01:42 [32minfo[39m]: Iniciando y Conectando a la DB
[03:01:42 [32minfo[39m]: Bot Iniciado con Exito Dia de Registro Tue Nov 28 2023 03:01:42
[03:01:45 [31merror[39m]: unhandledRejection: other side closed
SocketError: other side closed
    at TLSSocket.onSocketEnd (/home/runner/xd/node_modules/undici/lib/client.js:995:22)
    at TLSSocket.emit (node:events:525:35)
    at TLSSocket.emit (node:domain:489:12)
    at endReadableNT (node:internal/streams/readable:1359:12)
[03:01:45 [31merror[39m]: unhandledRejection: other side closed
SocketError: other side closed
    at TLSSocket.onSocketEnd (/home/runner/xd/node_modules/undici/lib/client.js:995:22)
    at TLSSocket.emit (node:events:525:35)
    at TLSSocket.emit (node:domain:489:12)
    at endReadableNT (node:internal/streams/readable:1359:12)
[04:02:49 [32minfo[39m]: Iniciando y Conectando a la DB
[04:02:49 [32minfo[39m]: Bot Iniciado con Exito Dia de Registro Tue Nov 28 2023 04:02:49
[15:37:10 [32minfo[39m]: Iniciando y Conectando a la DB
[15:37:10 [32minfo[39m]: Bot Iniciado con Exito Dia de Registro Tue Nov 28 2023 15:37:10
[16:46:42 [32minfo[39m]: Iniciando y Conectando a la DB
[16:46:42 [32minfo[39m]: Bot Iniciado con Exito Dia de Registro Tue Nov 28 2023 16:46:42
[17:27:14 [32minfo[39m]: Iniciando y Conectando a la DB
[17:27:14 [32minfo[39m]: Bot Iniciado con Exito Dia de Registro Tue Nov 28 2023 17:27:14
[21:05:48 [32minfo[39m]: Iniciando y Conectando a la DB
[21:05:48 [32minfo[39m]: Bot Iniciado con Exito Dia de Registro Tue Nov 28 2023 21:05:48
[21:12:27 [32minfo[39m]: Iniciando y Conectando a la DB
[21:12:27 [32minfo[39m]: Bot Iniciado con Exito Dia de Registro Tue Nov 28 2023 21:12:27
[21:14:12 [32minfo[39m]: Iniciando y Conectando a la DB
[21:14:12 [32minfo[39m]: Bot Iniciado con Exito Dia de Registro Tue Nov 28 2023 21:14:12
