[00:08:03 [32minfo[39m]: Iniciando y Conectando a la DB
[00:08:03 [32minfo[39m]: Bot Iniciado con Exito Dia de Registro Sun Oct 01 2023 00:08:03
[00:08:05 [31merror[39m]: uncaughtException: Cannot read properties of undefined (reading 'send')
TypeError: Cannot read properties of undefined (reading 'send')
    at /home/runner/xd/Events/⚡ Cliente/presencia.js:105:61
[00:08:05 [31merror[39m]: uncaughtException: Cannot read properties of undefined (reading 'send')
TypeError: Cannot read properties of undefined (reading 'send')
    at /home/runner/xd/Events/⚡ Cliente/presencia.js:105:61
[00:13:46 [32minfo[39m]: Iniciando y Conectando a la DB
[00:13:46 [32minfo[39m]: Bot Iniciado con Exito Dia de Registro Sun Oct 01 2023 00:13:46
[00:13:48 [31merror[39m]: uncaughtException: Cannot read properties of undefined (reading 'send')
TypeError: Cannot read properties of undefined (reading 'send')
    at /home/runner/xd/Events/⚡ Cliente/presencia.js:105:61
[00:13:48 [31merror[39m]: uncaughtException: Cannot read properties of undefined (reading 'send')
TypeError: Cannot read properties of undefined (reading 'send')
    at /home/runner/xd/Events/⚡ Cliente/presencia.js:105:61
[00:18:45 [32minfo[39m]: Iniciando y Conectando a la DB
[00:18:45 [32minfo[39m]: Bot Iniciado con Exito Dia de Registro Sun Oct 01 2023 00:18:45
[00:18:46 [31merror[39m]: uncaughtException: Cannot read properties of undefined (reading 'send')
TypeError: Cannot read properties of undefined (reading 'send')
    at /home/runner/xd/Events/⚡ Cliente/presencia.js:105:61
[00:18:46 [31merror[39m]: uncaughtException: Cannot read properties of undefined (reading 'send')
TypeError: Cannot read properties of undefined (reading 'send')
    at /home/runner/xd/Events/⚡ Cliente/presencia.js:105:61
[00:24:06 [32minfo[39m]: Iniciando y Conectando a la DB
[00:24:06 [32minfo[39m]: Bot Iniciado con Exito Dia de Registro Sun Oct 01 2023 00:24:06
[00:24:07 [31merror[39m]: uncaughtException: Cannot read properties of undefined (reading 'send')
TypeError: Cannot read properties of undefined (reading 'send')
    at /home/runner/xd/Events/⚡ Cliente/presencia.js:105:61
[00:24:07 [31merror[39m]: uncaughtException: Cannot read properties of undefined (reading 'send')
TypeError: Cannot read properties of undefined (reading 'send')
    at /home/runner/xd/Events/⚡ Cliente/presencia.js:105:61
[00:24:27 [32minfo[39m]: Iniciando y Conectando a la DB
[00:24:27 [32minfo[39m]: Bot Iniciado con Exito Dia de Registro Sun Oct 01 2023 00:24:27
[00:24:29 [31merror[39m]: uncaughtException: Cannot read properties of undefined (reading 'send')
TypeError: Cannot read properties of undefined (reading 'send')
    at /home/runner/xd/Events/⚡ Cliente/presencia.js:105:61
[00:24:29 [31merror[39m]: uncaughtException: Cannot read properties of undefined (reading 'send')
TypeError: Cannot read properties of undefined (reading 'send')
    at /home/runner/xd/Events/⚡ Cliente/presencia.js:105:61
[00:29:27 [32minfo[39m]: Iniciando y Conectando a la DB
[00:29:27 [32minfo[39m]: Bot Iniciado con Exito Dia de Registro Sun Oct 01 2023 00:29:27
[00:29:29 [31merror[39m]: uncaughtException: Cannot read properties of undefined (reading 'send')
TypeError: Cannot read properties of undefined (reading 'send')
    at /home/runner/xd/Events/⚡ Cliente/presencia.js:105:61
[00:29:29 [31merror[39m]: uncaughtException: Cannot read properties of undefined (reading 'send')
TypeError: Cannot read properties of undefined (reading 'send')
    at /home/runner/xd/Events/⚡ Cliente/presencia.js:105:61
[00:29:48 [32minfo[39m]: Iniciando y Conectando a la DB
[00:29:48 [32minfo[39m]: Bot Iniciado con Exito Dia de Registro Sun Oct 01 2023 00:29:48
[00:29:50 [31merror[39m]: uncaughtException: Cannot read properties of undefined (reading 'send')
TypeError: Cannot read properties of undefined (reading 'send')
    at /home/runner/xd/Events/⚡ Cliente/presencia.js:105:61
[00:29:50 [31merror[39m]: uncaughtException: Cannot read properties of undefined (reading 'send')
TypeError: Cannot read properties of undefined (reading 'send')
    at /home/runner/xd/Events/⚡ Cliente/presencia.js:105:61
[00:35:09 [32minfo[39m]: Iniciando y Conectando a la DB
[00:35:09 [32minfo[39m]: Bot Iniciado con Exito Dia de Registro Sun Oct 01 2023 00:35:09
[00:35:11 [31merror[39m]: uncaughtException: Cannot read properties of undefined (reading 'send')
TypeError: Cannot read properties of undefined (reading 'send')
    at /home/runner/xd/Events/⚡ Cliente/presencia.js:105:61
[00:35:11 [31merror[39m]: uncaughtException: Cannot read properties of undefined (reading 'send')
TypeError: Cannot read properties of undefined (reading 'send')
    at /home/runner/xd/Events/⚡ Cliente/presencia.js:105:61
[00:40:30 [32minfo[39m]: Iniciando y Conectando a la DB
[00:40:30 [32minfo[39m]: Bot Iniciado con Exito Dia de Registro Sun Oct 01 2023 00:40:30
[00:40:32 [31merror[39m]: uncaughtException: Cannot read properties of undefined (reading 'send')
TypeError: Cannot read properties of undefined (reading 'send')
    at /home/runner/xd/Events/⚡ Cliente/presencia.js:105:61
[00:40:32 [31merror[39m]: uncaughtException: Cannot read properties of undefined (reading 'send')
TypeError: Cannot read properties of undefined (reading 'send')
    at /home/runner/xd/Events/⚡ Cliente/presencia.js:105:61
[00:45:30 [32minfo[39m]: Iniciando y Conectando a la DB
[00:45:30 [32minfo[39m]: Bot Iniciado con Exito Dia de Registro Sun Oct 01 2023 00:45:30
[00:45:32 [31merror[39m]: uncaughtException: Cannot read properties of undefined (reading 'send')
TypeError: Cannot read properties of undefined (reading 'send')
    at /home/runner/xd/Events/⚡ Cliente/presencia.js:105:61
[00:45:32 [31merror[39m]: uncaughtException: Cannot read properties of undefined (reading 'send')
TypeError: Cannot read properties of undefined (reading 'send')
    at /home/runner/xd/Events/⚡ Cliente/presencia.js:105:61
[01:01:54 [32minfo[39m]: Iniciando y Conectando a la DB
[01:01:54 [32minfo[39m]: Bot Iniciado con Exito Dia de Registro Sun Oct 01 2023 01:01:54
[01:01:56 [31merror[39m]: uncaughtException: Cannot read properties of undefined (reading 'send')
TypeError: Cannot read properties of undefined (reading 'send')
    at /home/runner/xd/Events/⚡ Cliente/presencia.js:105:61
[01:01:56 [31merror[39m]: uncaughtException: Cannot read properties of undefined (reading 'send')
TypeError: Cannot read properties of undefined (reading 'send')
    at /home/runner/xd/Events/⚡ Cliente/presencia.js:105:61
[02:10:54 [32minfo[39m]: Iniciando y Conectando a la DB
[02:10:54 [32minfo[39m]: Bot Iniciado con Exito Dia de Registro Sun Oct 01 2023 02:10:54
[02:10:55 [31merror[39m]: uncaughtException: Cannot read properties of undefined (reading 'send')
TypeError: Cannot read properties of undefined (reading 'send')
    at /home/runner/xd/Events/⚡ Cliente/presencia.js:105:61
[02:10:55 [31merror[39m]: uncaughtException: Cannot read properties of undefined (reading 'send')
TypeError: Cannot read properties of undefined (reading 'send')
    at /home/runner/xd/Events/⚡ Cliente/presencia.js:105:61
[02:11:14 [32minfo[39m]: Iniciando y Conectando a la DB
[02:11:14 [32minfo[39m]: Bot Iniciado con Exito Dia de Registro Sun Oct 01 2023 02:11:14
[02:11:16 [31merror[39m]: uncaughtException: Cannot read properties of undefined (reading 'send')
TypeError: Cannot read properties of undefined (reading 'send')
    at /home/runner/xd/Events/⚡ Cliente/presencia.js:105:61
[02:11:16 [31merror[39m]: uncaughtException: Cannot read properties of undefined (reading 'send')
TypeError: Cannot read properties of undefined (reading 'send')
    at /home/runner/xd/Events/⚡ Cliente/presencia.js:105:61
[02:16:15 [32minfo[39m]: Iniciando y Conectando a la DB
[02:16:15 [32minfo[39m]: Bot Iniciado con Exito Dia de Registro Sun Oct 01 2023 02:16:15
[02:16:16 [31merror[39m]: uncaughtException: Cannot read properties of undefined (reading 'send')
TypeError: Cannot read properties of undefined (reading 'send')
    at /home/runner/xd/Events/⚡ Cliente/presencia.js:105:61
[02:16:16 [31merror[39m]: uncaughtException: Cannot read properties of undefined (reading 'send')
TypeError: Cannot read properties of undefined (reading 'send')
    at /home/runner/xd/Events/⚡ Cliente/presencia.js:105:61
[02:16:36 [32minfo[39m]: Iniciando y Conectando a la DB
[02:16:36 [32minfo[39m]: Bot Iniciado con Exito Dia de Registro Sun Oct 01 2023 02:16:36
[02:16:37 [31merror[39m]: uncaughtException: Cannot read properties of undefined (reading 'send')
TypeError: Cannot read properties of undefined (reading 'send')
    at /home/runner/xd/Events/⚡ Cliente/presencia.js:105:61
[02:16:37 [31merror[39m]: uncaughtException: Cannot read properties of undefined (reading 'send')
TypeError: Cannot read properties of undefined (reading 'send')
    at /home/runner/xd/Events/⚡ Cliente/presencia.js:105:61
[02:21:40 [32minfo[39m]: Iniciando y Conectando a la DB
[02:21:40 [32minfo[39m]: Bot Iniciado con Exito Dia de Registro Sun Oct 01 2023 02:21:40
[02:21:42 [31merror[39m]: uncaughtException: Cannot read properties of undefined (reading 'send')
TypeError: Cannot read properties of undefined (reading 'send')
    at /home/runner/xd/Events/⚡ Cliente/presencia.js:105:61
[02:21:42 [31merror[39m]: uncaughtException: Cannot read properties of undefined (reading 'send')
TypeError: Cannot read properties of undefined (reading 'send')
    at /home/runner/xd/Events/⚡ Cliente/presencia.js:105:61
[02:22:06 [32minfo[39m]: Iniciando y Conectando a la DB
[02:22:06 [32minfo[39m]: Bot Iniciado con Exito Dia de Registro Sun Oct 01 2023 02:22:06
[02:22:07 [31merror[39m]: uncaughtException: Cannot read properties of undefined (reading 'send')
TypeError: Cannot read properties of undefined (reading 'send')
    at /home/runner/xd/Events/⚡ Cliente/presencia.js:105:61
[02:22:07 [31merror[39m]: uncaughtException: Cannot read properties of undefined (reading 'send')
TypeError: Cannot read properties of undefined (reading 'send')
    at /home/runner/xd/Events/⚡ Cliente/presencia.js:105:61
[02:27:01 [32minfo[39m]: Iniciando y Conectando a la DB
[02:27:01 [32minfo[39m]: Bot Iniciado con Exito Dia de Registro Sun Oct 01 2023 02:27:01
[02:27:02 [31merror[39m]: uncaughtException: Cannot read properties of undefined (reading 'send')
TypeError: Cannot read properties of undefined (reading 'send')
    at /home/runner/xd/Events/⚡ Cliente/presencia.js:105:61
[02:27:02 [31merror[39m]: uncaughtException: Cannot read properties of undefined (reading 'send')
TypeError: Cannot read properties of undefined (reading 'send')
    at /home/runner/xd/Events/⚡ Cliente/presencia.js:105:61
[02:27:21 [32minfo[39m]: Iniciando y Conectando a la DB
[02:27:21 [32minfo[39m]: Bot Iniciado con Exito Dia de Registro Sun Oct 01 2023 02:27:21
[02:27:23 [31merror[39m]: uncaughtException: Cannot read properties of undefined (reading 'send')
TypeError: Cannot read properties of undefined (reading 'send')
    at /home/runner/xd/Events/⚡ Cliente/presencia.js:105:61
[02:27:23 [31merror[39m]: uncaughtException: Cannot read properties of undefined (reading 'send')
TypeError: Cannot read properties of undefined (reading 'send')
    at /home/runner/xd/Events/⚡ Cliente/presencia.js:105:61
[02:32:22 [32minfo[39m]: Iniciando y Conectando a la DB
[02:32:22 [32minfo[39m]: Bot Iniciado con Exito Dia de Registro Sun Oct 01 2023 02:32:22
[02:32:23 [31merror[39m]: uncaughtException: Cannot read properties of undefined (reading 'send')
TypeError: Cannot read properties of undefined (reading 'send')
    at /home/runner/xd/Events/⚡ Cliente/presencia.js:105:61
[02:32:23 [31merror[39m]: uncaughtException: Cannot read properties of undefined (reading 'send')
TypeError: Cannot read properties of undefined (reading 'send')
    at /home/runner/xd/Events/⚡ Cliente/presencia.js:105:61
[02:32:43 [32minfo[39m]: Iniciando y Conectando a la DB
[02:32:43 [32minfo[39m]: Bot Iniciado con Exito Dia de Registro Sun Oct 01 2023 02:32:43
[02:32:45 [31merror[39m]: uncaughtException: Cannot read properties of undefined (reading 'send')
TypeError: Cannot read properties of undefined (reading 'send')
    at /home/runner/xd/Events/⚡ Cliente/presencia.js:105:61
[02:32:45 [31merror[39m]: uncaughtException: Cannot read properties of undefined (reading 'send')
TypeError: Cannot read properties of undefined (reading 'send')
    at /home/runner/xd/Events/⚡ Cliente/presencia.js:105:61
[02:37:46 [32minfo[39m]: Iniciando y Conectando a la DB
[02:37:46 [32minfo[39m]: Bot Iniciado con Exito Dia de Registro Sun Oct 01 2023 02:37:46
[02:37:47 [31merror[39m]: uncaughtException: Cannot read properties of undefined (reading 'send')
TypeError: Cannot read properties of undefined (reading 'send')
    at /home/runner/xd/Events/⚡ Cliente/presencia.js:105:61
[02:37:47 [31merror[39m]: uncaughtException: Cannot read properties of undefined (reading 'send')
TypeError: Cannot read properties of undefined (reading 'send')
    at /home/runner/xd/Events/⚡ Cliente/presencia.js:105:61
[02:38:08 [32minfo[39m]: Iniciando y Conectando a la DB
[02:38:08 [32minfo[39m]: Bot Iniciado con Exito Dia de Registro Sun Oct 01 2023 02:38:08
[02:38:09 [31merror[39m]: uncaughtException: Cannot read properties of undefined (reading 'send')
TypeError: Cannot read properties of undefined (reading 'send')
    at /home/runner/xd/Events/⚡ Cliente/presencia.js:105:61
[02:38:09 [31merror[39m]: uncaughtException: Cannot read properties of undefined (reading 'send')
TypeError: Cannot read properties of undefined (reading 'send')
    at /home/runner/xd/Events/⚡ Cliente/presencia.js:105:61
[02:43:07 [32minfo[39m]: Iniciando y Conectando a la DB
[02:43:07 [32minfo[39m]: Bot Iniciado con Exito Dia de Registro Sun Oct 01 2023 02:43:07
[02:43:08 [31merror[39m]: uncaughtException: Cannot read properties of undefined (reading 'send')
TypeError: Cannot read properties of undefined (reading 'send')
    at /home/runner/xd/Events/⚡ Cliente/presencia.js:105:61
[02:43:08 [31merror[39m]: uncaughtException: Cannot read properties of undefined (reading 'send')
TypeError: Cannot read properties of undefined (reading 'send')
    at /home/runner/xd/Events/⚡ Cliente/presencia.js:105:61
[02:43:27 [32minfo[39m]: Iniciando y Conectando a la DB
[02:43:27 [32minfo[39m]: Bot Iniciado con Exito Dia de Registro Sun Oct 01 2023 02:43:27
[02:43:29 [31merror[39m]: uncaughtException: Cannot read properties of undefined (reading 'send')
TypeError: Cannot read properties of undefined (reading 'send')
    at /home/runner/xd/Events/⚡ Cliente/presencia.js:105:61
[02:43:29 [31merror[39m]: uncaughtException: Cannot read properties of undefined (reading 'send')
TypeError: Cannot read properties of undefined (reading 'send')
    at /home/runner/xd/Events/⚡ Cliente/presencia.js:105:61
[02:48:27 [32minfo[39m]: Iniciando y Conectando a la DB
[02:48:27 [32minfo[39m]: Bot Iniciado con Exito Dia de Registro Sun Oct 01 2023 02:48:27
[02:48:28 [31merror[39m]: uncaughtException: Cannot read properties of undefined (reading 'send')
TypeError: Cannot read properties of undefined (reading 'send')
    at /home/runner/xd/Events/⚡ Cliente/presencia.js:105:61
[02:48:28 [31merror[39m]: uncaughtException: Cannot read properties of undefined (reading 'send')
TypeError: Cannot read properties of undefined (reading 'send')
    at /home/runner/xd/Events/⚡ Cliente/presencia.js:105:61
[02:48:47 [32minfo[39m]: Iniciando y Conectando a la DB
[02:48:47 [32minfo[39m]: Bot Iniciado con Exito Dia de Registro Sun Oct 01 2023 02:48:47
[02:48:48 [31merror[39m]: uncaughtException: Cannot read properties of undefined (reading 'send')
TypeError: Cannot read properties of undefined (reading 'send')
    at /home/runner/xd/Events/⚡ Cliente/presencia.js:105:61
[02:48:48 [31merror[39m]: uncaughtException: Cannot read properties of undefined (reading 'send')
TypeError: Cannot read properties of undefined (reading 'send')
    at /home/runner/xd/Events/⚡ Cliente/presencia.js:105:61
[02:53:48 [32minfo[39m]: Iniciando y Conectando a la DB
[02:53:48 [32minfo[39m]: Bot Iniciado con Exito Dia de Registro Sun Oct 01 2023 02:53:48
[02:53:49 [31merror[39m]: uncaughtException: Cannot read properties of undefined (reading 'send')
TypeError: Cannot read properties of undefined (reading 'send')
    at /home/runner/xd/Events/⚡ Cliente/presencia.js:105:61
[02:53:49 [31merror[39m]: uncaughtException: Cannot read properties of undefined (reading 'send')
TypeError: Cannot read properties of undefined (reading 'send')
    at /home/runner/xd/Events/⚡ Cliente/presencia.js:105:61
[02:54:08 [32minfo[39m]: Iniciando y Conectando a la DB
[02:54:08 [32minfo[39m]: Bot Iniciado con Exito Dia de Registro Sun Oct 01 2023 02:54:08
[02:54:10 [31merror[39m]: uncaughtException: Cannot read properties of undefined (reading 'send')
TypeError: Cannot read properties of undefined (reading 'send')
    at /home/runner/xd/Events/⚡ Cliente/presencia.js:105:61
[02:54:10 [31merror[39m]: uncaughtException: Cannot read properties of undefined (reading 'send')
TypeError: Cannot read properties of undefined (reading 'send')
    at /home/runner/xd/Events/⚡ Cliente/presencia.js:105:61
[02:59:09 [32minfo[39m]: Iniciando y Conectando a la DB
[02:59:09 [32minfo[39m]: Bot Iniciado con Exito Dia de Registro Sun Oct 01 2023 02:59:09
[02:59:11 [31merror[39m]: uncaughtException: Cannot read properties of undefined (reading 'send')
TypeError: Cannot read properties of undefined (reading 'send')
    at /home/runner/xd/Events/⚡ Cliente/presencia.js:105:61
[02:59:11 [31merror[39m]: uncaughtException: Cannot read properties of undefined (reading 'send')
TypeError: Cannot read properties of undefined (reading 'send')
    at /home/runner/xd/Events/⚡ Cliente/presencia.js:105:61
[02:59:30 [32minfo[39m]: Iniciando y Conectando a la DB
[02:59:30 [32minfo[39m]: Bot Iniciado con Exito Dia de Registro Sun Oct 01 2023 02:59:30
[02:59:31 [31merror[39m]: uncaughtException: Cannot read properties of undefined (reading 'send')
TypeError: Cannot read properties of undefined (reading 'send')
    at /home/runner/xd/Events/⚡ Cliente/presencia.js:105:61
[02:59:31 [31merror[39m]: uncaughtException: Cannot read properties of undefined (reading 'send')
TypeError: Cannot read properties of undefined (reading 'send')
    at /home/runner/xd/Events/⚡ Cliente/presencia.js:105:61
[04:08:08 [32minfo[39m]: Iniciando y Conectando a la DB
[04:08:08 [32minfo[39m]: Bot Iniciado con Exito Dia de Registro Sun Oct 01 2023 04:08:08
[04:08:09 [31merror[39m]: uncaughtException: Cannot read properties of undefined (reading 'send')
TypeError: Cannot read properties of undefined (reading 'send')
    at /home/runner/xd/Events/⚡ Cliente/presencia.js:105:61
[04:08:09 [31merror[39m]: uncaughtException: Cannot read properties of undefined (reading 'send')
TypeError: Cannot read properties of undefined (reading 'send')
    at /home/runner/xd/Events/⚡ Cliente/presencia.js:105:61
[04:08:29 [32minfo[39m]: Iniciando y Conectando a la DB
[04:08:29 [32minfo[39m]: Bot Iniciado con Exito Dia de Registro Sun Oct 01 2023 04:08:29
[04:08:30 [31merror[39m]: uncaughtException: Cannot read properties of undefined (reading 'send')
TypeError: Cannot read properties of undefined (reading 'send')
    at /home/runner/xd/Events/⚡ Cliente/presencia.js:105:61
[04:08:30 [31merror[39m]: uncaughtException: Cannot read properties of undefined (reading 'send')
TypeError: Cannot read properties of undefined (reading 'send')
    at /home/runner/xd/Events/⚡ Cliente/presencia.js:105:61
[04:13:29 [32minfo[39m]: Iniciando y Conectando a la DB
[04:13:29 [32minfo[39m]: Bot Iniciado con Exito Dia de Registro Sun Oct 01 2023 04:13:29
[04:13:30 [31merror[39m]: uncaughtException: Cannot read properties of undefined (reading 'send')
TypeError: Cannot read properties of undefined (reading 'send')
    at /home/runner/xd/Events/⚡ Cliente/presencia.js:105:61
[04:13:30 [31merror[39m]: uncaughtException: Cannot read properties of undefined (reading 'send')
TypeError: Cannot read properties of undefined (reading 'send')
    at /home/runner/xd/Events/⚡ Cliente/presencia.js:105:61
[04:13:49 [32minfo[39m]: Iniciando y Conectando a la DB
[04:13:49 [32minfo[39m]: Bot Iniciado con Exito Dia de Registro Sun Oct 01 2023 04:13:49
[04:13:50 [31merror[39m]: uncaughtException: Cannot read properties of undefined (reading 'send')
TypeError: Cannot read properties of undefined (reading 'send')
    at /home/runner/xd/Events/⚡ Cliente/presencia.js:105:61
[04:13:50 [31merror[39m]: uncaughtException: Cannot read properties of undefined (reading 'send')
TypeError: Cannot read properties of undefined (reading 'send')
    at /home/runner/xd/Events/⚡ Cliente/presencia.js:105:61
[04:18:51 [32minfo[39m]: Iniciando y Conectando a la DB
[04:18:51 [32minfo[39m]: Bot Iniciado con Exito Dia de Registro Sun Oct 01 2023 04:18:51
[04:18:52 [31merror[39m]: uncaughtException: Cannot read properties of undefined (reading 'send')
TypeError: Cannot read properties of undefined (reading 'send')
    at /home/runner/xd/Events/⚡ Cliente/presencia.js:105:61
[04:18:52 [31merror[39m]: uncaughtException: Cannot read properties of undefined (reading 'send')
TypeError: Cannot read properties of undefined (reading 'send')
    at /home/runner/xd/Events/⚡ Cliente/presencia.js:105:61
[04:19:11 [32minfo[39m]: Iniciando y Conectando a la DB
[04:19:11 [32minfo[39m]: Bot Iniciado con Exito Dia de Registro Sun Oct 01 2023 04:19:11
[04:19:12 [31merror[39m]: uncaughtException: Cannot read properties of undefined (reading 'send')
TypeError: Cannot read properties of undefined (reading 'send')
    at /home/runner/xd/Events/⚡ Cliente/presencia.js:105:61
[04:19:12 [31merror[39m]: uncaughtException: Cannot read properties of undefined (reading 'send')
TypeError: Cannot read properties of undefined (reading 'send')
    at /home/runner/xd/Events/⚡ Cliente/presencia.js:105:61
[04:24:12 [32minfo[39m]: Iniciando y Conectando a la DB
[04:24:12 [32minfo[39m]: Bot Iniciado con Exito Dia de Registro Sun Oct 01 2023 04:24:12
[04:24:13 [31merror[39m]: uncaughtException: Cannot read properties of undefined (reading 'send')
TypeError: Cannot read properties of undefined (reading 'send')
    at /home/runner/xd/Events/⚡ Cliente/presencia.js:105:61
[04:24:13 [31merror[39m]: uncaughtException: Cannot read properties of undefined (reading 'send')
TypeError: Cannot read properties of undefined (reading 'send')
    at /home/runner/xd/Events/⚡ Cliente/presencia.js:105:61
[04:24:33 [32minfo[39m]: Iniciando y Conectando a la DB
[04:24:33 [32minfo[39m]: Bot Iniciado con Exito Dia de Registro Sun Oct 01 2023 04:24:33
[04:24:34 [31merror[39m]: uncaughtException: Cannot read properties of undefined (reading 'send')
TypeError: Cannot read properties of undefined (reading 'send')
    at /home/runner/xd/Events/⚡ Cliente/presencia.js:105:61
[04:24:34 [31merror[39m]: uncaughtException: Cannot read properties of undefined (reading 'send')
TypeError: Cannot read properties of undefined (reading 'send')
    at /home/runner/xd/Events/⚡ Cliente/presencia.js:105:61
[04:29:32 [32minfo[39m]: Iniciando y Conectando a la DB
[04:29:32 [32minfo[39m]: Bot Iniciado con Exito Dia de Registro Sun Oct 01 2023 04:29:32
[04:29:33 [31merror[39m]: uncaughtException: Cannot read properties of undefined (reading 'send')
TypeError: Cannot read properties of undefined (reading 'send')
    at /home/runner/xd/Events/⚡ Cliente/presencia.js:105:61
[04:29:33 [31merror[39m]: uncaughtException: Cannot read properties of undefined (reading 'send')
TypeError: Cannot read properties of undefined (reading 'send')
    at /home/runner/xd/Events/⚡ Cliente/presencia.js:105:61
[04:34:53 [32minfo[39m]: Iniciando y Conectando a la DB
[04:34:53 [32minfo[39m]: Bot Iniciado con Exito Dia de Registro Sun Oct 01 2023 04:34:53
[04:34:54 [31merror[39m]: uncaughtException: Cannot read properties of undefined (reading 'send')
TypeError: Cannot read properties of undefined (reading 'send')
    at /home/runner/xd/Events/⚡ Cliente/presencia.js:105:61
[04:34:54 [31merror[39m]: uncaughtException: Cannot read properties of undefined (reading 'send')
TypeError: Cannot read properties of undefined (reading 'send')
    at /home/runner/xd/Events/⚡ Cliente/presencia.js:105:61
[04:35:14 [32minfo[39m]: Iniciando y Conectando a la DB
[04:35:14 [32minfo[39m]: Bot Iniciado con Exito Dia de Registro Sun Oct 01 2023 04:35:14
[04:35:15 [31merror[39m]: uncaughtException: Cannot read properties of undefined (reading 'send')
TypeError: Cannot read properties of undefined (reading 'send')
    at /home/runner/xd/Events/⚡ Cliente/presencia.js:105:61
[04:35:15 [31merror[39m]: uncaughtException: Cannot read properties of undefined (reading 'send')
TypeError: Cannot read properties of undefined (reading 'send')
    at /home/runner/xd/Events/⚡ Cliente/presencia.js:105:61
[04:40:13 [32minfo[39m]: Iniciando y Conectando a la DB
[04:40:13 [32minfo[39m]: Bot Iniciado con Exito Dia de Registro Sun Oct 01 2023 04:40:13
[04:40:15 [31merror[39m]: uncaughtException: Cannot read properties of undefined (reading 'send')
TypeError: Cannot read properties of undefined (reading 'send')
    at /home/runner/xd/Events/⚡ Cliente/presencia.js:105:61
[04:40:15 [31merror[39m]: uncaughtException: Cannot read properties of undefined (reading 'send')
TypeError: Cannot read properties of undefined (reading 'send')
    at /home/runner/xd/Events/⚡ Cliente/presencia.js:105:61
[04:40:34 [32minfo[39m]: Iniciando y Conectando a la DB
[04:40:34 [32minfo[39m]: Bot Iniciado con Exito Dia de Registro Sun Oct 01 2023 04:40:34
[04:40:36 [31merror[39m]: uncaughtException: Cannot read properties of undefined (reading 'send')
TypeError: Cannot read properties of undefined (reading 'send')
    at /home/runner/xd/Events/⚡ Cliente/presencia.js:105:61
[04:40:36 [31merror[39m]: uncaughtException: Cannot read properties of undefined (reading 'send')
TypeError: Cannot read properties of undefined (reading 'send')
    at /home/runner/xd/Events/⚡ Cliente/presencia.js:105:61
[04:45:34 [32minfo[39m]: Iniciando y Conectando a la DB
[04:45:34 [32minfo[39m]: Bot Iniciado con Exito Dia de Registro Sun Oct 01 2023 04:45:34
[04:45:35 [31merror[39m]: uncaughtException: Cannot read properties of undefined (reading 'send')
TypeError: Cannot read properties of undefined (reading 'send')
    at /home/runner/xd/Events/⚡ Cliente/presencia.js:105:61
[04:45:35 [31merror[39m]: uncaughtException: Cannot read properties of undefined (reading 'send')
TypeError: Cannot read properties of undefined (reading 'send')
    at /home/runner/xd/Events/⚡ Cliente/presencia.js:105:61
[04:45:56 [32minfo[39m]: Iniciando y Conectando a la DB
[04:45:56 [32minfo[39m]: Bot Iniciado con Exito Dia de Registro Sun Oct 01 2023 04:45:56
[04:45:58 [31merror[39m]: uncaughtException: Cannot read properties of undefined (reading 'send')
TypeError: Cannot read properties of undefined (reading 'send')
    at /home/runner/xd/Events/⚡ Cliente/presencia.js:105:61
[04:45:58 [31merror[39m]: uncaughtException: Cannot read properties of undefined (reading 'send')
TypeError: Cannot read properties of undefined (reading 'send')
    at /home/runner/xd/Events/⚡ Cliente/presencia.js:105:61
[04:56:15 [32minfo[39m]: Iniciando y Conectando a la DB
[04:56:15 [32minfo[39m]: Bot Iniciado con Exito Dia de Registro Sun Oct 01 2023 04:56:15
[04:56:17 [31merror[39m]: uncaughtException: Cannot read properties of undefined (reading 'send')
TypeError: Cannot read properties of undefined (reading 'send')
    at /home/runner/xd/Events/⚡ Cliente/presencia.js:105:61
[04:56:17 [31merror[39m]: uncaughtException: Cannot read properties of undefined (reading 'send')
TypeError: Cannot read properties of undefined (reading 'send')
    at /home/runner/xd/Events/⚡ Cliente/presencia.js:105:61
[04:56:37 [32minfo[39m]: Iniciando y Conectando a la DB
[04:56:37 [32minfo[39m]: Bot Iniciado con Exito Dia de Registro Sun Oct 01 2023 04:56:37
[04:56:38 [31merror[39m]: uncaughtException: Cannot read properties of undefined (reading 'send')
TypeError: Cannot read properties of undefined (reading 'send')
    at /home/runner/xd/Events/⚡ Cliente/presencia.js:105:61
[04:56:38 [31merror[39m]: uncaughtException: Cannot read properties of undefined (reading 'send')
TypeError: Cannot read properties of undefined (reading 'send')
    at /home/runner/xd/Events/⚡ Cliente/presencia.js:105:61
[05:01:37 [32minfo[39m]: Iniciando y Conectando a la DB
[05:01:37 [32minfo[39m]: Bot Iniciado con Exito Dia de Registro Sun Oct 01 2023 05:01:37
[05:01:38 [31merror[39m]: uncaughtException: Cannot read properties of undefined (reading 'send')
TypeError: Cannot read properties of undefined (reading 'send')
    at /home/runner/xd/Events/⚡ Cliente/presencia.js:105:61
[05:01:38 [31merror[39m]: uncaughtException: Cannot read properties of undefined (reading 'send')
TypeError: Cannot read properties of undefined (reading 'send')
    at /home/runner/xd/Events/⚡ Cliente/presencia.js:105:61
[05:01:58 [32minfo[39m]: Iniciando y Conectando a la DB
[05:01:58 [32minfo[39m]: Bot Iniciado con Exito Dia de Registro Sun Oct 01 2023 05:01:58
[05:02:02 [31merror[39m]: unhandledRejection: queryTxt ESERVFAIL discord-bot.o6llapj.mongodb.net
Error: queryTxt ESERVFAIL discord-bot.o6llapj.mongodb.net
[05:02:02 [31merror[39m]: unhandledRejection: queryTxt ESERVFAIL discord-bot.o6llapj.mongodb.net
Error: queryTxt ESERVFAIL discord-bot.o6llapj.mongodb.net
[06:11:50 [32minfo[39m]: Iniciando y Conectando a la DB
[06:11:50 [32minfo[39m]: Bot Iniciado con Exito Dia de Registro Sun Oct 01 2023 06:11:50
[06:11:53 [31merror[39m]: uncaughtException: Cannot read properties of undefined (reading 'send')
TypeError: Cannot read properties of undefined (reading 'send')
    at /home/runner/xd/Events/⚡ Cliente/presencia.js:105:61
[06:11:53 [31merror[39m]: uncaughtException: Cannot read properties of undefined (reading 'send')
TypeError: Cannot read properties of undefined (reading 'send')
    at /home/runner/xd/Events/⚡ Cliente/presencia.js:105:61
[06:23:08 [32minfo[39m]: Iniciando y Conectando a la DB
[06:23:08 [32minfo[39m]: Bot Iniciado con Exito Dia de Registro Sun Oct 01 2023 06:23:08
[06:23:10 [31merror[39m]: uncaughtException: Cannot read properties of undefined (reading 'send')
TypeError: Cannot read properties of undefined (reading 'send')
    at /home/runner/xd/Events/⚡ Cliente/presencia.js:105:61
[06:23:10 [31merror[39m]: uncaughtException: Cannot read properties of undefined (reading 'send')
TypeError: Cannot read properties of undefined (reading 'send')
    at /home/runner/xd/Events/⚡ Cliente/presencia.js:105:61
[06:28:29 [32minfo[39m]: Iniciando y Conectando a la DB
[06:28:29 [32minfo[39m]: Bot Iniciado con Exito Dia de Registro Sun Oct 01 2023 06:28:29
[06:28:30 [31merror[39m]: uncaughtException: Cannot read properties of undefined (reading 'send')
TypeError: Cannot read properties of undefined (reading 'send')
    at /home/runner/xd/Events/⚡ Cliente/presencia.js:105:61
[06:28:30 [31merror[39m]: uncaughtException: Cannot read properties of undefined (reading 'send')
TypeError: Cannot read properties of undefined (reading 'send')
    at /home/runner/xd/Events/⚡ Cliente/presencia.js:105:61
[06:33:28 [32minfo[39m]: Iniciando y Conectando a la DB
[06:33:28 [32minfo[39m]: Bot Iniciado con Exito Dia de Registro Sun Oct 01 2023 06:33:28
[06:33:30 [31merror[39m]: uncaughtException: Cannot read properties of undefined (reading 'send')
TypeError: Cannot read properties of undefined (reading 'send')
    at /home/runner/xd/Events/⚡ Cliente/presencia.js:105:61
[06:33:30 [31merror[39m]: uncaughtException: Cannot read properties of undefined (reading 'send')
TypeError: Cannot read properties of undefined (reading 'send')
    at /home/runner/xd/Events/⚡ Cliente/presencia.js:105:61
[06:33:49 [32minfo[39m]: Iniciando y Conectando a la DB
[06:33:49 [32minfo[39m]: Bot Iniciado con Exito Dia de Registro Sun Oct 01 2023 06:33:49
[06:33:51 [31merror[39m]: uncaughtException: Cannot read properties of undefined (reading 'send')
TypeError: Cannot read properties of undefined (reading 'send')
    at /home/runner/xd/Events/⚡ Cliente/presencia.js:105:61
[06:33:51 [31merror[39m]: uncaughtException: Cannot read properties of undefined (reading 'send')
TypeError: Cannot read properties of undefined (reading 'send')
    at /home/runner/xd/Events/⚡ Cliente/presencia.js:105:61
[06:39:10 [32minfo[39m]: Iniciando y Conectando a la DB
[06:39:10 [32minfo[39m]: Bot Iniciado con Exito Dia de Registro Sun Oct 01 2023 06:39:10
[06:39:12 [31merror[39m]: uncaughtException: Cannot read properties of undefined (reading 'send')
TypeError: Cannot read properties of undefined (reading 'send')
    at /home/runner/xd/Events/⚡ Cliente/presencia.js:105:61
[06:39:12 [31merror[39m]: uncaughtException: Cannot read properties of undefined (reading 'send')
TypeError: Cannot read properties of undefined (reading 'send')
    at /home/runner/xd/Events/⚡ Cliente/presencia.js:105:61
[06:44:30 [32minfo[39m]: Iniciando y Conectando a la DB
[06:44:30 [32minfo[39m]: Bot Iniciado con Exito Dia de Registro Sun Oct 01 2023 06:44:30
[06:44:32 [31merror[39m]: uncaughtException: Cannot read properties of undefined (reading 'send')
TypeError: Cannot read properties of undefined (reading 'send')
    at /home/runner/xd/Events/⚡ Cliente/presencia.js:105:61
[06:44:32 [31merror[39m]: uncaughtException: Cannot read properties of undefined (reading 'send')
TypeError: Cannot read properties of undefined (reading 'send')
    at /home/runner/xd/Events/⚡ Cliente/presencia.js:105:61
[06:54:53 [32minfo[39m]: Iniciando y Conectando a la DB
[06:54:53 [32minfo[39m]: Bot Iniciado con Exito Dia de Registro Sun Oct 01 2023 06:54:53
[06:54:56 [31merror[39m]: uncaughtException: Cannot read properties of undefined (reading 'send')
TypeError: Cannot read properties of undefined (reading 'send')
    at /home/runner/xd/Events/⚡ Cliente/presencia.js:105:61
[06:54:56 [31merror[39m]: uncaughtException: Cannot read properties of undefined (reading 'send')
TypeError: Cannot read properties of undefined (reading 'send')
    at /home/runner/xd/Events/⚡ Cliente/presencia.js:105:61
[07:00:10 [32minfo[39m]: Iniciando y Conectando a la DB
[07:00:10 [32minfo[39m]: Bot Iniciado con Exito Dia de Registro Sun Oct 01 2023 07:00:10
[07:00:12 [31merror[39m]: uncaughtException: Cannot read properties of undefined (reading 'send')
TypeError: Cannot read properties of undefined (reading 'send')
    at /home/runner/xd/Events/⚡ Cliente/presencia.js:105:61
[07:00:12 [31merror[39m]: uncaughtException: Cannot read properties of undefined (reading 'send')
TypeError: Cannot read properties of undefined (reading 'send')
    at /home/runner/xd/Events/⚡ Cliente/presencia.js:105:61
[07:00:32 [32minfo[39m]: Iniciando y Conectando a la DB
[07:00:32 [32minfo[39m]: Bot Iniciado con Exito Dia de Registro Sun Oct 01 2023 07:00:32
[07:00:33 [31merror[39m]: uncaughtException: Cannot read properties of undefined (reading 'send')
TypeError: Cannot read properties of undefined (reading 'send')
    at /home/runner/xd/Events/⚡ Cliente/presencia.js:105:61
[07:00:33 [31merror[39m]: uncaughtException: Cannot read properties of undefined (reading 'send')
TypeError: Cannot read properties of undefined (reading 'send')
    at /home/runner/xd/Events/⚡ Cliente/presencia.js:105:61
[07:05:57 [32minfo[39m]: Iniciando y Conectando a la DB
[07:05:57 [32minfo[39m]: Bot Iniciado con Exito Dia de Registro Sun Oct 01 2023 07:05:57
[07:05:58 [31merror[39m]: uncaughtException: Cannot read properties of undefined (reading 'send')
TypeError: Cannot read properties of undefined (reading 'send')
    at /home/runner/xd/Events/⚡ Cliente/presencia.js:105:61
[07:05:58 [31merror[39m]: uncaughtException: Cannot read properties of undefined (reading 'send')
TypeError: Cannot read properties of undefined (reading 'send')
    at /home/runner/xd/Events/⚡ Cliente/presencia.js:105:61
[11:32:15 [32minfo[39m]: Iniciando y Conectando a la DB
[11:32:15 [32minfo[39m]: Bot Iniciado con Exito Dia de Registro Sun Oct 01 2023 11:32:15
[11:32:17 [31merror[39m]: uncaughtException: Cannot read properties of undefined (reading 'send')
TypeError: Cannot read properties of undefined (reading 'send')
    at /home/runner/xd/Events/⚡ Cliente/presencia.js:105:61
[11:32:17 [31merror[39m]: uncaughtException: Cannot read properties of undefined (reading 'send')
TypeError: Cannot read properties of undefined (reading 'send')
    at /home/runner/xd/Events/⚡ Cliente/presencia.js:105:61
[11:53:58 [32minfo[39m]: Iniciando y Conectando a la DB
[11:53:58 [32minfo[39m]: Bot Iniciado con Exito Dia de Registro Sun Oct 01 2023 11:53:58
[11:54:00 [31merror[39m]: uncaughtException: Cannot read properties of undefined (reading 'send')
TypeError: Cannot read properties of undefined (reading 'send')
    at /home/runner/xd/Events/⚡ Cliente/presencia.js:105:61
[11:54:00 [31merror[39m]: uncaughtException: Cannot read properties of undefined (reading 'send')
TypeError: Cannot read properties of undefined (reading 'send')
    at /home/runner/xd/Events/⚡ Cliente/presencia.js:105:61
[12:09:38 [32minfo[39m]: Iniciando y Conectando a la DB
[12:09:38 [32minfo[39m]: Bot Iniciado con Exito Dia de Registro Sun Oct 01 2023 12:09:38
[12:09:40 [31merror[39m]: uncaughtException: Cannot read properties of undefined (reading 'send')
TypeError: Cannot read properties of undefined (reading 'send')
    at /home/runner/xd/Events/⚡ Cliente/presencia.js:105:61
[12:09:40 [31merror[39m]: uncaughtException: Cannot read properties of undefined (reading 'send')
TypeError: Cannot read properties of undefined (reading 'send')
    at /home/runner/xd/Events/⚡ Cliente/presencia.js:105:61
[12:09:59 [32minfo[39m]: Iniciando y Conectando a la DB
[12:09:59 [32minfo[39m]: Bot Iniciado con Exito Dia de Registro Sun Oct 01 2023 12:09:59
[12:10:01 [31merror[39m]: uncaughtException: Cannot read properties of undefined (reading 'send')
TypeError: Cannot read properties of undefined (reading 'send')
    at /home/runner/xd/Events/⚡ Cliente/presencia.js:105:61
[12:10:01 [31merror[39m]: uncaughtException: Cannot read properties of undefined (reading 'send')
TypeError: Cannot read properties of undefined (reading 'send')
    at /home/runner/xd/Events/⚡ Cliente/presencia.js:105:61
[12:20:19 [32minfo[39m]: Iniciando y Conectando a la DB
[12:20:19 [32minfo[39m]: Bot Iniciado con Exito Dia de Registro Sun Oct 01 2023 12:20:19
[12:20:21 [31merror[39m]: uncaughtException: Cannot read properties of undefined (reading 'send')
TypeError: Cannot read properties of undefined (reading 'send')
    at /home/runner/xd/Events/⚡ Cliente/presencia.js:105:61
[12:20:21 [31merror[39m]: uncaughtException: Cannot read properties of undefined (reading 'send')
TypeError: Cannot read properties of undefined (reading 'send')
    at /home/runner/xd/Events/⚡ Cliente/presencia.js:105:61
[13:41:00 [32minfo[39m]: Iniciando y Conectando a la DB
[13:41:00 [32minfo[39m]: Bot Iniciado con Exito Dia de Registro Sun Oct 01 2023 13:41:00
[13:41:02 [31merror[39m]: uncaughtException: Cannot read properties of undefined (reading 'send')
TypeError: Cannot read properties of undefined (reading 'send')
    at /home/runner/xd/Events/⚡ Cliente/presencia.js:105:61
[13:41:02 [31merror[39m]: uncaughtException: Cannot read properties of undefined (reading 'send')
TypeError: Cannot read properties of undefined (reading 'send')
    at /home/runner/xd/Events/⚡ Cliente/presencia.js:105:61
[13:45:39 [32minfo[39m]: Iniciando y Conectando a la DB
[13:45:39 [32minfo[39m]: Bot Iniciado con Exito Dia de Registro Sun Oct 01 2023 13:45:39
[13:45:41 [31merror[39m]: uncaughtException: Cannot read properties of undefined (reading 'send')
TypeError: Cannot read properties of undefined (reading 'send')
    at /home/runner/xd/Events/⚡ Cliente/presencia.js:105:61
[13:45:41 [31merror[39m]: uncaughtException: Cannot read properties of undefined (reading 'send')
TypeError: Cannot read properties of undefined (reading 'send')
    at /home/runner/xd/Events/⚡ Cliente/presencia.js:105:61
[13:46:00 [32minfo[39m]: Iniciando y Conectando a la DB
[13:46:00 [32minfo[39m]: Bot Iniciado con Exito Dia de Registro Sun Oct 01 2023 13:46:00
[13:46:01 [31merror[39m]: uncaughtException: Cannot read properties of undefined (reading 'send')
TypeError: Cannot read properties of undefined (reading 'send')
    at /home/runner/xd/Events/⚡ Cliente/presencia.js:105:61
[13:46:01 [31merror[39m]: uncaughtException: Cannot read properties of undefined (reading 'send')
TypeError: Cannot read properties of undefined (reading 'send')
    at /home/runner/xd/Events/⚡ Cliente/presencia.js:105:61
[13:50:59 [32minfo[39m]: Iniciando y Conectando a la DB
[13:50:59 [32minfo[39m]: Bot Iniciado con Exito Dia de Registro Sun Oct 01 2023 13:50:59
[13:51:01 [31merror[39m]: uncaughtException: Cannot read properties of undefined (reading 'send')
TypeError: Cannot read properties of undefined (reading 'send')
    at /home/runner/xd/Events/⚡ Cliente/presencia.js:105:61
[13:51:01 [31merror[39m]: uncaughtException: Cannot read properties of undefined (reading 'send')
TypeError: Cannot read properties of undefined (reading 'send')
    at /home/runner/xd/Events/⚡ Cliente/presencia.js:105:61
[13:51:20 [32minfo[39m]: Iniciando y Conectando a la DB
[13:51:20 [32minfo[39m]: Bot Iniciado con Exito Dia de Registro Sun Oct 01 2023 13:51:20
[13:51:22 [31merror[39m]: uncaughtException: Cannot read properties of undefined (reading 'send')
TypeError: Cannot read properties of undefined (reading 'send')
    at /home/runner/xd/Events/⚡ Cliente/presencia.js:105:61
[13:51:22 [31merror[39m]: uncaughtException: Cannot read properties of undefined (reading 'send')
TypeError: Cannot read properties of undefined (reading 'send')
    at /home/runner/xd/Events/⚡ Cliente/presencia.js:105:61
[14:01:39 [32minfo[39m]: Iniciando y Conectando a la DB
[14:01:39 [32minfo[39m]: Bot Iniciado con Exito Dia de Registro Sun Oct 01 2023 14:01:39
[14:01:41 [31merror[39m]: uncaughtException: Cannot read properties of undefined (reading 'send')
TypeError: Cannot read properties of undefined (reading 'send')
    at /home/runner/xd/Events/⚡ Cliente/presencia.js:105:61
[14:01:41 [31merror[39m]: uncaughtException: Cannot read properties of undefined (reading 'send')
TypeError: Cannot read properties of undefined (reading 'send')
    at /home/runner/xd/Events/⚡ Cliente/presencia.js:105:61
[14:02:00 [32minfo[39m]: Iniciando y Conectando a la DB
[14:02:00 [32minfo[39m]: Bot Iniciado con Exito Dia de Registro Sun Oct 01 2023 14:02:00
[14:02:01 [31merror[39m]: uncaughtException: Cannot read properties of undefined (reading 'send')
TypeError: Cannot read properties of undefined (reading 'send')
    at /home/runner/xd/Events/⚡ Cliente/presencia.js:105:61
[14:02:01 [31merror[39m]: uncaughtException: Cannot read properties of undefined (reading 'send')
TypeError: Cannot read properties of undefined (reading 'send')
    at /home/runner/xd/Events/⚡ Cliente/presencia.js:105:61
[14:07:45 [32minfo[39m]: Iniciando y Conectando a la DB
[14:07:45 [32minfo[39m]: Bot Iniciado con Exito Dia de Registro Sun Oct 01 2023 14:07:45
[14:07:47 [31merror[39m]: uncaughtException: Cannot read properties of undefined (reading 'send')
TypeError: Cannot read properties of undefined (reading 'send')
    at /home/runner/xd/Events/⚡ Cliente/presencia.js:105:61
[14:07:47 [31merror[39m]: uncaughtException: Cannot read properties of undefined (reading 'send')
TypeError: Cannot read properties of undefined (reading 'send')
    at /home/runner/xd/Events/⚡ Cliente/presencia.js:105:61
[14:12:20 [32minfo[39m]: Iniciando y Conectando a la DB
[14:12:20 [32minfo[39m]: Bot Iniciado con Exito Dia de Registro Sun Oct 01 2023 14:12:20
[14:12:22 [31merror[39m]: uncaughtException: Cannot read properties of undefined (reading 'send')
TypeError: Cannot read properties of undefined (reading 'send')
    at /home/runner/xd/Events/⚡ Cliente/presencia.js:105:61
[14:12:22 [31merror[39m]: uncaughtException: Cannot read properties of undefined (reading 'send')
TypeError: Cannot read properties of undefined (reading 'send')
    at /home/runner/xd/Events/⚡ Cliente/presencia.js:105:61
[14:12:41 [32minfo[39m]: Iniciando y Conectando a la DB
[14:12:41 [32minfo[39m]: Bot Iniciado con Exito Dia de Registro Sun Oct 01 2023 14:12:41
[14:12:42 [31merror[39m]: uncaughtException: Cannot read properties of undefined (reading 'send')
TypeError: Cannot read properties of undefined (reading 'send')
    at /home/runner/xd/Events/⚡ Cliente/presencia.js:105:61
[14:12:42 [31merror[39m]: uncaughtException: Cannot read properties of undefined (reading 'send')
TypeError: Cannot read properties of undefined (reading 'send')
    at /home/runner/xd/Events/⚡ Cliente/presencia.js:105:61
[14:17:41 [32minfo[39m]: Iniciando y Conectando a la DB
[14:17:41 [32minfo[39m]: Bot Iniciado con Exito Dia de Registro Sun Oct 01 2023 14:17:41
[14:17:42 [31merror[39m]: uncaughtException: Cannot read properties of undefined (reading 'send')
TypeError: Cannot read properties of undefined (reading 'send')
    at /home/runner/xd/Events/⚡ Cliente/presencia.js:105:61
[14:17:42 [31merror[39m]: uncaughtException: Cannot read properties of undefined (reading 'send')
TypeError: Cannot read properties of undefined (reading 'send')
    at /home/runner/xd/Events/⚡ Cliente/presencia.js:105:61
[14:18:01 [32minfo[39m]: Iniciando y Conectando a la DB
[14:18:01 [32minfo[39m]: Bot Iniciado con Exito Dia de Registro Sun Oct 01 2023 14:18:01
[14:18:03 [31merror[39m]: uncaughtException: Cannot read properties of undefined (reading 'send')
TypeError: Cannot read properties of undefined (reading 'send')
    at /home/runner/xd/Events/⚡ Cliente/presencia.js:105:61
[14:18:03 [31merror[39m]: uncaughtException: Cannot read properties of undefined (reading 'send')
TypeError: Cannot read properties of undefined (reading 'send')
    at /home/runner/xd/Events/⚡ Cliente/presencia.js:105:61
[14:23:02 [32minfo[39m]: Iniciando y Conectando a la DB
[14:23:02 [32minfo[39m]: Bot Iniciado con Exito Dia de Registro Sun Oct 01 2023 14:23:02
[14:23:04 [31merror[39m]: uncaughtException: Cannot read properties of undefined (reading 'send')
TypeError: Cannot read properties of undefined (reading 'send')
    at /home/runner/xd/Events/⚡ Cliente/presencia.js:105:61
[14:23:04 [31merror[39m]: uncaughtException: Cannot read properties of undefined (reading 'send')
TypeError: Cannot read properties of undefined (reading 'send')
    at /home/runner/xd/Events/⚡ Cliente/presencia.js:105:61
[14:28:22 [32minfo[39m]: Iniciando y Conectando a la DB
[14:28:22 [32minfo[39m]: Bot Iniciado con Exito Dia de Registro Sun Oct 01 2023 14:28:22
[14:28:24 [31merror[39m]: uncaughtException: Cannot read properties of undefined (reading 'send')
TypeError: Cannot read properties of undefined (reading 'send')
    at /home/runner/xd/Events/⚡ Cliente/presencia.js:105:61
[14:28:24 [31merror[39m]: uncaughtException: Cannot read properties of undefined (reading 'send')
TypeError: Cannot read properties of undefined (reading 'send')
    at /home/runner/xd/Events/⚡ Cliente/presencia.js:105:61
[14:33:43 [32minfo[39m]: Iniciando y Conectando a la DB
[14:33:43 [32minfo[39m]: Bot Iniciado con Exito Dia de Registro Sun Oct 01 2023 14:33:43
[14:33:44 [31merror[39m]: uncaughtException: Cannot read properties of undefined (reading 'send')
TypeError: Cannot read properties of undefined (reading 'send')
    at /home/runner/xd/Events/⚡ Cliente/presencia.js:105:61
[14:33:44 [31merror[39m]: uncaughtException: Cannot read properties of undefined (reading 'send')
TypeError: Cannot read properties of undefined (reading 'send')
    at /home/runner/xd/Events/⚡ Cliente/presencia.js:105:61
[14:34:04 [32minfo[39m]: Iniciando y Conectando a la DB
[14:34:04 [32minfo[39m]: Bot Iniciado con Exito Dia de Registro Sun Oct 01 2023 14:34:04
[14:34:05 [31merror[39m]: uncaughtException: Cannot read properties of undefined (reading 'send')
TypeError: Cannot read properties of undefined (reading 'send')
    at /home/runner/xd/Events/⚡ Cliente/presencia.js:105:61
[14:34:05 [31merror[39m]: uncaughtException: Cannot read properties of undefined (reading 'send')
TypeError: Cannot read properties of undefined (reading 'send')
    at /home/runner/xd/Events/⚡ Cliente/presencia.js:105:61
[14:39:02 [32minfo[39m]: Iniciando y Conectando a la DB
[14:39:02 [32minfo[39m]: Bot Iniciado con Exito Dia de Registro Sun Oct 01 2023 14:39:02
[14:39:04 [31merror[39m]: uncaughtException: Cannot read properties of undefined (reading 'send')
TypeError: Cannot read properties of undefined (reading 'send')
    at /home/runner/xd/Events/⚡ Cliente/presencia.js:105:61
[14:39:04 [31merror[39m]: uncaughtException: Cannot read properties of undefined (reading 'send')
TypeError: Cannot read properties of undefined (reading 'send')
    at /home/runner/xd/Events/⚡ Cliente/presencia.js:105:61
[14:39:24 [32minfo[39m]: Iniciando y Conectando a la DB
[14:39:24 [32minfo[39m]: Bot Iniciado con Exito Dia de Registro Sun Oct 01 2023 14:39:24
[14:39:26 [31merror[39m]: uncaughtException: Cannot read properties of undefined (reading 'send')
TypeError: Cannot read properties of undefined (reading 'send')
    at /home/runner/xd/Events/⚡ Cliente/presencia.js:105:61
[14:39:26 [31merror[39m]: uncaughtException: Cannot read properties of undefined (reading 'send')
TypeError: Cannot read properties of undefined (reading 'send')
    at /home/runner/xd/Events/⚡ Cliente/presencia.js:105:61
[15:32:03 [32minfo[39m]: Iniciando y Conectando a la DB
[15:32:04 [32minfo[39m]: Bot Iniciado con Exito Dia de Registro Sun Oct 01 2023 15:32:04
[15:32:05 [31merror[39m]: uncaughtException: Cannot read properties of undefined (reading 'send')
TypeError: Cannot read properties of undefined (reading 'send')
    at /home/runner/xd/Events/⚡ Cliente/presencia.js:105:61
[15:32:05 [31merror[39m]: uncaughtException: Cannot read properties of undefined (reading 'send')
TypeError: Cannot read properties of undefined (reading 'send')
    at /home/runner/xd/Events/⚡ Cliente/presencia.js:105:61
[15:37:25 [32minfo[39m]: Iniciando y Conectando a la DB
[15:37:25 [32minfo[39m]: Bot Iniciado con Exito Dia de Registro Sun Oct 01 2023 15:37:25
[15:37:26 [31merror[39m]: uncaughtException: Cannot read properties of undefined (reading 'send')
TypeError: Cannot read properties of undefined (reading 'send')
    at /home/runner/xd/Events/⚡ Cliente/presencia.js:105:61
[15:37:26 [31merror[39m]: uncaughtException: Cannot read properties of undefined (reading 'send')
TypeError: Cannot read properties of undefined (reading 'send')
    at /home/runner/xd/Events/⚡ Cliente/presencia.js:105:61
[15:37:46 [32minfo[39m]: Iniciando y Conectando a la DB
[15:37:46 [32minfo[39m]: Bot Iniciado con Exito Dia de Registro Sun Oct 01 2023 15:37:46
[15:37:48 [31merror[39m]: uncaughtException: Cannot read properties of undefined (reading 'send')
TypeError: Cannot read properties of undefined (reading 'send')
    at /home/runner/xd/Events/⚡ Cliente/presencia.js:105:61
[15:37:48 [31merror[39m]: uncaughtException: Cannot read properties of undefined (reading 'send')
TypeError: Cannot read properties of undefined (reading 'send')
    at /home/runner/xd/Events/⚡ Cliente/presencia.js:105:61
[15:42:46 [32minfo[39m]: Iniciando y Conectando a la DB
[15:42:46 [32minfo[39m]: Bot Iniciado con Exito Dia de Registro Sun Oct 01 2023 15:42:46
[15:42:47 [31merror[39m]: uncaughtException: Cannot read properties of undefined (reading 'send')
TypeError: Cannot read properties of undefined (reading 'send')
    at /home/runner/xd/Events/⚡ Cliente/presencia.js:105:61
[15:42:47 [31merror[39m]: uncaughtException: Cannot read properties of undefined (reading 'send')
TypeError: Cannot read properties of undefined (reading 'send')
    at /home/runner/xd/Events/⚡ Cliente/presencia.js:105:61
[15:48:06 [32minfo[39m]: Iniciando y Conectando a la DB
[15:48:06 [32minfo[39m]: Bot Iniciado con Exito Dia de Registro Sun Oct 01 2023 15:48:06
[15:48:07 [31merror[39m]: uncaughtException: Cannot read properties of undefined (reading 'send')
TypeError: Cannot read properties of undefined (reading 'send')
    at /home/runner/xd/Events/⚡ Cliente/presencia.js:105:61
[15:48:07 [31merror[39m]: uncaughtException: Cannot read properties of undefined (reading 'send')
TypeError: Cannot read properties of undefined (reading 'send')
    at /home/runner/xd/Events/⚡ Cliente/presencia.js:105:61
[15:48:27 [32minfo[39m]: Iniciando y Conectando a la DB
[15:48:27 [32minfo[39m]: Bot Iniciado con Exito Dia de Registro Sun Oct 01 2023 15:48:27
[15:48:28 [31merror[39m]: uncaughtException: Cannot read properties of undefined (reading 'send')
TypeError: Cannot read properties of undefined (reading 'send')
    at /home/runner/xd/Events/⚡ Cliente/presencia.js:105:61
[15:48:28 [31merror[39m]: uncaughtException: Cannot read properties of undefined (reading 'send')
TypeError: Cannot read properties of undefined (reading 'send')
    at /home/runner/xd/Events/⚡ Cliente/presencia.js:105:61
[15:53:25 [32minfo[39m]: Iniciando y Conectando a la DB
[15:53:25 [32minfo[39m]: Bot Iniciado con Exito Dia de Registro Sun Oct 01 2023 15:53:25
[15:53:27 [31merror[39m]: uncaughtException: Cannot read properties of undefined (reading 'send')
TypeError: Cannot read properties of undefined (reading 'send')
    at /home/runner/xd/Events/⚡ Cliente/presencia.js:105:61
[15:53:27 [31merror[39m]: uncaughtException: Cannot read properties of undefined (reading 'send')
TypeError: Cannot read properties of undefined (reading 'send')
    at /home/runner/xd/Events/⚡ Cliente/presencia.js:105:61
[15:53:47 [32minfo[39m]: Iniciando y Conectando a la DB
[15:53:47 [32minfo[39m]: Bot Iniciado con Exito Dia de Registro Sun Oct 01 2023 15:53:47
[15:53:48 [31merror[39m]: uncaughtException: Cannot read properties of undefined (reading 'send')
TypeError: Cannot read properties of undefined (reading 'send')
    at /home/runner/xd/Events/⚡ Cliente/presencia.js:105:61
[15:53:48 [31merror[39m]: uncaughtException: Cannot read properties of undefined (reading 'send')
TypeError: Cannot read properties of undefined (reading 'send')
    at /home/runner/xd/Events/⚡ Cliente/presencia.js:105:61
[16:04:06 [32minfo[39m]: Iniciando y Conectando a la DB
[16:04:06 [32minfo[39m]: Bot Iniciado con Exito Dia de Registro Sun Oct 01 2023 16:04:06
[16:04:07 [31merror[39m]: uncaughtException: Cannot read properties of undefined (reading 'send')
TypeError: Cannot read properties of undefined (reading 'send')
    at /home/runner/xd/Events/⚡ Cliente/presencia.js:105:61
[16:04:07 [31merror[39m]: uncaughtException: Cannot read properties of undefined (reading 'send')
TypeError: Cannot read properties of undefined (reading 'send')
    at /home/runner/xd/Events/⚡ Cliente/presencia.js:105:61
[16:04:27 [32minfo[39m]: Iniciando y Conectando a la DB
[16:04:27 [32minfo[39m]: Bot Iniciado con Exito Dia de Registro Sun Oct 01 2023 16:04:27
[16:04:29 [31merror[39m]: uncaughtException: Cannot read properties of undefined (reading 'send')
TypeError: Cannot read properties of undefined (reading 'send')
    at /home/runner/xd/Events/⚡ Cliente/presencia.js:105:61
[16:04:29 [31merror[39m]: uncaughtException: Cannot read properties of undefined (reading 'send')
TypeError: Cannot read properties of undefined (reading 'send')
    at /home/runner/xd/Events/⚡ Cliente/presencia.js:105:61
[16:09:26 [32minfo[39m]: Iniciando y Conectando a la DB
[16:09:26 [32minfo[39m]: Bot Iniciado con Exito Dia de Registro Sun Oct 01 2023 16:09:26
[16:09:28 [31merror[39m]: uncaughtException: Cannot read properties of undefined (reading 'send')
TypeError: Cannot read properties of undefined (reading 'send')
    at /home/runner/xd/Events/⚡ Cliente/presencia.js:105:61
[16:09:28 [31merror[39m]: uncaughtException: Cannot read properties of undefined (reading 'send')
TypeError: Cannot read properties of undefined (reading 'send')
    at /home/runner/xd/Events/⚡ Cliente/presencia.js:105:61
[16:14:47 [32minfo[39m]: Iniciando y Conectando a la DB
[16:14:47 [32minfo[39m]: Bot Iniciado con Exito Dia de Registro Sun Oct 01 2023 16:14:47
[16:14:48 [31merror[39m]: uncaughtException: Cannot read properties of undefined (reading 'send')
TypeError: Cannot read properties of undefined (reading 'send')
    at /home/runner/xd/Events/⚡ Cliente/presencia.js:105:61
[16:14:48 [31merror[39m]: uncaughtException: Cannot read properties of undefined (reading 'send')
TypeError: Cannot read properties of undefined (reading 'send')
    at /home/runner/xd/Events/⚡ Cliente/presencia.js:105:61
[16:15:08 [32minfo[39m]: Iniciando y Conectando a la DB
[16:15:08 [32minfo[39m]: Bot Iniciado con Exito Dia de Registro Sun Oct 01 2023 16:15:08
[16:15:09 [31merror[39m]: uncaughtException: Cannot read properties of undefined (reading 'send')
TypeError: Cannot read properties of undefined (reading 'send')
    at /home/runner/xd/Events/⚡ Cliente/presencia.js:105:61
[16:15:09 [31merror[39m]: uncaughtException: Cannot read properties of undefined (reading 'send')
TypeError: Cannot read properties of undefined (reading 'send')
    at /home/runner/xd/Events/⚡ Cliente/presencia.js:105:61
[16:20:28 [32minfo[39m]: Iniciando y Conectando a la DB
[16:20:28 [32minfo[39m]: Bot Iniciado con Exito Dia de Registro Sun Oct 01 2023 16:20:28
[16:20:29 [31merror[39m]: uncaughtException: Cannot read properties of undefined (reading 'send')
TypeError: Cannot read properties of undefined (reading 'send')
    at /home/runner/xd/Events/⚡ Cliente/presencia.js:105:61
[16:20:29 [31merror[39m]: uncaughtException: Cannot read properties of undefined (reading 'send')
TypeError: Cannot read properties of undefined (reading 'send')
    at /home/runner/xd/Events/⚡ Cliente/presencia.js:105:61
[16:25:26 [32minfo[39m]: Iniciando y Conectando a la DB
[16:25:26 [32minfo[39m]: Bot Iniciado con Exito Dia de Registro Sun Oct 01 2023 16:25:26
[16:25:28 [31merror[39m]: uncaughtException: Cannot read properties of undefined (reading 'send')
TypeError: Cannot read properties of undefined (reading 'send')
    at /home/runner/xd/Events/⚡ Cliente/presencia.js:105:61
[16:25:28 [31merror[39m]: uncaughtException: Cannot read properties of undefined (reading 'send')
TypeError: Cannot read properties of undefined (reading 'send')
    at /home/runner/xd/Events/⚡ Cliente/presencia.js:105:61
[16:52:57 [32minfo[39m]: Iniciando y Conectando a la DB
[16:52:57 [32minfo[39m]: Bot Iniciado con Exito Dia de Registro Sun Oct 01 2023 16:52:57
[16:52:59 [31merror[39m]: uncaughtException: Cannot read properties of undefined (reading 'send')
TypeError: Cannot read properties of undefined (reading 'send')
    at /home/runner/xd/Events/⚡ Cliente/presencia.js:105:61
[16:52:59 [31merror[39m]: uncaughtException: Cannot read properties of undefined (reading 'send')
TypeError: Cannot read properties of undefined (reading 'send')
    at /home/runner/xd/Events/⚡ Cliente/presencia.js:105:61
[16:57:55 [32minfo[39m]: Iniciando y Conectando a la DB
[16:57:55 [32minfo[39m]: Bot Iniciado con Exito Dia de Registro Sun Oct 01 2023 16:57:55
[16:57:57 [31merror[39m]: uncaughtException: Cannot read properties of undefined (reading 'send')
TypeError: Cannot read properties of undefined (reading 'send')
    at /home/runner/xd/Events/⚡ Cliente/presencia.js:105:61
[16:57:57 [31merror[39m]: uncaughtException: Cannot read properties of undefined (reading 'send')
TypeError: Cannot read properties of undefined (reading 'send')
    at /home/runner/xd/Events/⚡ Cliente/presencia.js:105:61
[16:58:17 [32minfo[39m]: Iniciando y Conectando a la DB
[16:58:17 [32minfo[39m]: Bot Iniciado con Exito Dia de Registro Sun Oct 01 2023 16:58:17
[16:58:18 [31merror[39m]: uncaughtException: Cannot read properties of undefined (reading 'send')
TypeError: Cannot read properties of undefined (reading 'send')
    at /home/runner/xd/Events/⚡ Cliente/presencia.js:105:61
[16:58:18 [31merror[39m]: uncaughtException: Cannot read properties of undefined (reading 'send')
TypeError: Cannot read properties of undefined (reading 'send')
    at /home/runner/xd/Events/⚡ Cliente/presencia.js:105:61
[17:03:17 [32minfo[39m]: Iniciando y Conectando a la DB
[17:03:17 [32minfo[39m]: Bot Iniciado con Exito Dia de Registro Sun Oct 01 2023 17:03:17
[17:03:19 [31merror[39m]: uncaughtException: Cannot read properties of undefined (reading 'send')
TypeError: Cannot read properties of undefined (reading 'send')
    at /home/runner/xd/Events/⚡ Cliente/presencia.js:105:61
[17:03:19 [31merror[39m]: uncaughtException: Cannot read properties of undefined (reading 'send')
TypeError: Cannot read properties of undefined (reading 'send')
    at /home/runner/xd/Events/⚡ Cliente/presencia.js:105:61
[17:03:37 [32minfo[39m]: Iniciando y Conectando a la DB
[17:03:37 [32minfo[39m]: Bot Iniciado con Exito Dia de Registro Sun Oct 01 2023 17:03:37
[17:03:39 [31merror[39m]: uncaughtException: Cannot read properties of undefined (reading 'send')
TypeError: Cannot read properties of undefined (reading 'send')
    at /home/runner/xd/Events/⚡ Cliente/presencia.js:105:61
[17:03:39 [31merror[39m]: uncaughtException: Cannot read properties of undefined (reading 'send')
TypeError: Cannot read properties of undefined (reading 'send')
    at /home/runner/xd/Events/⚡ Cliente/presencia.js:105:61
[17:13:58 [32minfo[39m]: Iniciando y Conectando a la DB
[17:13:58 [32minfo[39m]: Bot Iniciado con Exito Dia de Registro Sun Oct 01 2023 17:13:58
[17:14:00 [31merror[39m]: uncaughtException: Cannot read properties of undefined (reading 'send')
TypeError: Cannot read properties of undefined (reading 'send')
    at /home/runner/xd/Events/⚡ Cliente/presencia.js:105:61
[17:14:00 [31merror[39m]: uncaughtException: Cannot read properties of undefined (reading 'send')
TypeError: Cannot read properties of undefined (reading 'send')
    at /home/runner/xd/Events/⚡ Cliente/presencia.js:105:61
[17:14:20 [32minfo[39m]: Iniciando y Conectando a la DB
[17:14:20 [32minfo[39m]: Bot Iniciado con Exito Dia de Registro Sun Oct 01 2023 17:14:20
[17:14:21 [31merror[39m]: uncaughtException: Cannot read properties of undefined (reading 'send')
TypeError: Cannot read properties of undefined (reading 'send')
    at /home/runner/xd/Events/⚡ Cliente/presencia.js:105:61
[17:14:21 [31merror[39m]: uncaughtException: Cannot read properties of undefined (reading 'send')
TypeError: Cannot read properties of undefined (reading 'send')
    at /home/runner/xd/Events/⚡ Cliente/presencia.js:105:61
[17:24:39 [32minfo[39m]: Iniciando y Conectando a la DB
[17:24:39 [32minfo[39m]: Bot Iniciado con Exito Dia de Registro Sun Oct 01 2023 17:24:39
[17:24:40 [31merror[39m]: uncaughtException: Cannot read properties of undefined (reading 'send')
TypeError: Cannot read properties of undefined (reading 'send')
    at /home/runner/xd/Events/⚡ Cliente/presencia.js:105:61
[17:24:40 [31merror[39m]: uncaughtException: Cannot read properties of undefined (reading 'send')
TypeError: Cannot read properties of undefined (reading 'send')
    at /home/runner/xd/Events/⚡ Cliente/presencia.js:105:61
[17:24:59 [32minfo[39m]: Iniciando y Conectando a la DB
[17:24:59 [32minfo[39m]: Bot Iniciado con Exito Dia de Registro Sun Oct 01 2023 17:24:59
[17:25:01 [31merror[39m]: uncaughtException: Cannot read properties of undefined (reading 'send')
TypeError: Cannot read properties of undefined (reading 'send')
    at /home/runner/xd/Events/⚡ Cliente/presencia.js:105:61
[17:25:01 [31merror[39m]: uncaughtException: Cannot read properties of undefined (reading 'send')
TypeError: Cannot read properties of undefined (reading 'send')
    at /home/runner/xd/Events/⚡ Cliente/presencia.js:105:61
[17:29:59 [32minfo[39m]: Iniciando y Conectando a la DB
[17:29:59 [32minfo[39m]: Bot Iniciado con Exito Dia de Registro Sun Oct 01 2023 17:29:59
[17:30:01 [31merror[39m]: uncaughtException: Cannot read properties of undefined (reading 'send')
TypeError: Cannot read properties of undefined (reading 'send')
    at /home/runner/xd/Events/⚡ Cliente/presencia.js:105:61
[17:30:01 [31merror[39m]: uncaughtException: Cannot read properties of undefined (reading 'send')
TypeError: Cannot read properties of undefined (reading 'send')
    at /home/runner/xd/Events/⚡ Cliente/presencia.js:105:61
[17:30:22 [32minfo[39m]: Iniciando y Conectando a la DB
[17:30:22 [32minfo[39m]: Bot Iniciado con Exito Dia de Registro Sun Oct 01 2023 17:30:22
[17:30:23 [31merror[39m]: uncaughtException: Cannot read properties of undefined (reading 'send')
TypeError: Cannot read properties of undefined (reading 'send')
    at /home/runner/xd/Events/⚡ Cliente/presencia.js:105:61
[17:30:23 [31merror[39m]: uncaughtException: Cannot read properties of undefined (reading 'send')
TypeError: Cannot read properties of undefined (reading 'send')
    at /home/runner/xd/Events/⚡ Cliente/presencia.js:105:61
[17:46:00 [32minfo[39m]: Iniciando y Conectando a la DB
[17:46:00 [32minfo[39m]: Bot Iniciado con Exito Dia de Registro Sun Oct 01 2023 17:46:00
[17:46:02 [31merror[39m]: uncaughtException: Cannot read properties of undefined (reading 'send')
TypeError: Cannot read properties of undefined (reading 'send')
    at /home/runner/xd/Events/⚡ Cliente/presencia.js:105:61
[17:46:02 [31merror[39m]: uncaughtException: Cannot read properties of undefined (reading 'send')
TypeError: Cannot read properties of undefined (reading 'send')
    at /home/runner/xd/Events/⚡ Cliente/presencia.js:105:61
[18:07:52 [32minfo[39m]: Iniciando y Conectando a la DB
[18:07:52 [32minfo[39m]: Bot Iniciado con Exito Dia de Registro Sun Oct 01 2023 18:07:52
[18:07:54 [31merror[39m]: uncaughtException: Cannot read properties of undefined (reading 'send')
TypeError: Cannot read properties of undefined (reading 'send')
    at /home/runner/xd/Events/⚡ Cliente/presencia.js:105:61
[18:07:54 [31merror[39m]: uncaughtException: Cannot read properties of undefined (reading 'send')
TypeError: Cannot read properties of undefined (reading 'send')
    at /home/runner/xd/Events/⚡ Cliente/presencia.js:105:61
[18:29:04 [32minfo[39m]: Iniciando y Conectando a la DB
[18:29:04 [32minfo[39m]: Bot Iniciado con Exito Dia de Registro Sun Oct 01 2023 18:29:04
[18:29:05 [31merror[39m]: uncaughtException: Cannot read properties of undefined (reading 'send')
TypeError: Cannot read properties of undefined (reading 'send')
    at /home/runner/xd/Events/⚡ Cliente/presencia.js:105:61
[18:29:05 [31merror[39m]: uncaughtException: Cannot read properties of undefined (reading 'send')
TypeError: Cannot read properties of undefined (reading 'send')
    at /home/runner/xd/Events/⚡ Cliente/presencia.js:105:61
[18:39:23 [32minfo[39m]: Iniciando y Conectando a la DB
[18:39:23 [32minfo[39m]: Bot Iniciado con Exito Dia de Registro Sun Oct 01 2023 18:39:23
[18:39:25 [31merror[39m]: uncaughtException: Cannot read properties of undefined (reading 'send')
TypeError: Cannot read properties of undefined (reading 'send')
    at /home/runner/xd/Events/⚡ Cliente/presencia.js:105:61
[18:39:25 [31merror[39m]: uncaughtException: Cannot read properties of undefined (reading 'send')
TypeError: Cannot read properties of undefined (reading 'send')
    at /home/runner/xd/Events/⚡ Cliente/presencia.js:105:61
[18:39:45 [32minfo[39m]: Iniciando y Conectando a la DB
[18:39:45 [32minfo[39m]: Bot Iniciado con Exito Dia de Registro Sun Oct 01 2023 18:39:45
[18:39:46 [31merror[39m]: uncaughtException: Cannot read properties of undefined (reading 'send')
TypeError: Cannot read properties of undefined (reading 'send')
    at /home/runner/xd/Events/⚡ Cliente/presencia.js:105:61
[18:39:46 [31merror[39m]: uncaughtException: Cannot read properties of undefined (reading 'send')
TypeError: Cannot read properties of undefined (reading 'send')
    at /home/runner/xd/Events/⚡ Cliente/presencia.js:105:61
[18:50:28 [32minfo[39m]: Iniciando y Conectando a la DB
[18:50:28 [32minfo[39m]: Bot Iniciado con Exito Dia de Registro Sun Oct 01 2023 18:50:28
[18:50:29 [31merror[39m]: uncaughtException: Cannot read properties of undefined (reading 'send')
TypeError: Cannot read properties of undefined (reading 'send')
    at /home/runner/xd/Events/⚡ Cliente/presencia.js:105:61
[18:50:29 [31merror[39m]: uncaughtException: Cannot read properties of undefined (reading 'send')
TypeError: Cannot read properties of undefined (reading 'send')
    at /home/runner/xd/Events/⚡ Cliente/presencia.js:105:61
[18:55:44 [32minfo[39m]: Iniciando y Conectando a la DB
[18:55:44 [32minfo[39m]: Bot Iniciado con Exito Dia de Registro Sun Oct 01 2023 18:55:44
[18:55:45 [31merror[39m]: uncaughtException: Cannot read properties of undefined (reading 'send')
TypeError: Cannot read properties of undefined (reading 'send')
    at /home/runner/xd/Events/⚡ Cliente/presencia.js:105:61
[18:55:45 [31merror[39m]: uncaughtException: Cannot read properties of undefined (reading 'send')
TypeError: Cannot read properties of undefined (reading 'send')
    at /home/runner/xd/Events/⚡ Cliente/presencia.js:105:61
[19:06:04 [32minfo[39m]: Iniciando y Conectando a la DB
[19:06:04 [32minfo[39m]: Bot Iniciado con Exito Dia de Registro Sun Oct 01 2023 19:06:04
[19:06:06 [31merror[39m]: uncaughtException: Cannot read properties of undefined (reading 'send')
TypeError: Cannot read properties of undefined (reading 'send')
    at /home/runner/xd/Events/⚡ Cliente/presencia.js:105:61
[19:06:06 [31merror[39m]: uncaughtException: Cannot read properties of undefined (reading 'send')
TypeError: Cannot read properties of undefined (reading 'send')
    at /home/runner/xd/Events/⚡ Cliente/presencia.js:105:61
[20:20:56 [32minfo[39m]: Iniciando y Conectando a la DB
[20:20:56 [32minfo[39m]: Bot Iniciado con Exito Dia de Registro Sun Oct 01 2023 20:20:56
[20:20:58 [31merror[39m]: uncaughtException: Cannot read properties of undefined (reading 'send')
TypeError: Cannot read properties of undefined (reading 'send')
    at /home/runner/xd/Events/⚡ Cliente/presencia.js:105:61
[20:20:58 [31merror[39m]: uncaughtException: Cannot read properties of undefined (reading 'send')
TypeError: Cannot read properties of undefined (reading 'send')
    at /home/runner/xd/Events/⚡ Cliente/presencia.js:105:61
[20:25:49 [32minfo[39m]: Iniciando y Conectando a la DB
[20:25:49 [32minfo[39m]: Bot Iniciado con Exito Dia de Registro Sun Oct 01 2023 20:25:49
[20:25:51 [31merror[39m]: uncaughtException: Cannot read properties of undefined (reading 'send')
TypeError: Cannot read properties of undefined (reading 'send')
    at /home/runner/xd/Events/⚡ Cliente/presencia.js:105:61
[20:25:51 [31merror[39m]: uncaughtException: Cannot read properties of undefined (reading 'send')
TypeError: Cannot read properties of undefined (reading 'send')
    at /home/runner/xd/Events/⚡ Cliente/presencia.js:105:61
[20:31:05 [32minfo[39m]: Iniciando y Conectando a la DB
[20:31:05 [32minfo[39m]: Bot Iniciado con Exito Dia de Registro Sun Oct 01 2023 20:31:05
[20:31:06 [31merror[39m]: uncaughtException: Cannot read properties of undefined (reading 'send')
TypeError: Cannot read properties of undefined (reading 'send')
    at /home/runner/xd/Events/⚡ Cliente/presencia.js:105:61
[20:31:06 [31merror[39m]: uncaughtException: Cannot read properties of undefined (reading 'send')
TypeError: Cannot read properties of undefined (reading 'send')
    at /home/runner/xd/Events/⚡ Cliente/presencia.js:105:61
[20:31:25 [32minfo[39m]: Iniciando y Conectando a la DB
[20:31:25 [32minfo[39m]: Bot Iniciado con Exito Dia de Registro Sun Oct 01 2023 20:31:25
[20:31:27 [31merror[39m]: uncaughtException: Cannot read properties of undefined (reading 'send')
TypeError: Cannot read properties of undefined (reading 'send')
    at /home/runner/xd/Events/⚡ Cliente/presencia.js:105:61
[20:31:27 [31merror[39m]: uncaughtException: Cannot read properties of undefined (reading 'send')
TypeError: Cannot read properties of undefined (reading 'send')
    at /home/runner/xd/Events/⚡ Cliente/presencia.js:105:61
[20:36:25 [32minfo[39m]: Iniciando y Conectando a la DB
[20:36:25 [32minfo[39m]: Bot Iniciado con Exito Dia de Registro Sun Oct 01 2023 20:36:25
[20:36:27 [31merror[39m]: uncaughtException: Cannot read properties of undefined (reading 'send')
TypeError: Cannot read properties of undefined (reading 'send')
    at /home/runner/xd/Events/⚡ Cliente/presencia.js:105:61
[20:36:27 [31merror[39m]: uncaughtException: Cannot read properties of undefined (reading 'send')
TypeError: Cannot read properties of undefined (reading 'send')
    at /home/runner/xd/Events/⚡ Cliente/presencia.js:105:61
[20:36:46 [32minfo[39m]: Iniciando y Conectando a la DB
[20:36:46 [32minfo[39m]: Bot Iniciado con Exito Dia de Registro Sun Oct 01 2023 20:36:46
[20:36:48 [31merror[39m]: uncaughtException: Cannot read properties of undefined (reading 'send')
TypeError: Cannot read properties of undefined (reading 'send')
    at /home/runner/xd/Events/⚡ Cliente/presencia.js:105:61
[20:36:48 [31merror[39m]: uncaughtException: Cannot read properties of undefined (reading 'send')
TypeError: Cannot read properties of undefined (reading 'send')
    at /home/runner/xd/Events/⚡ Cliente/presencia.js:105:61
[20:41:45 [32minfo[39m]: Iniciando y Conectando a la DB
[20:41:45 [32minfo[39m]: Bot Iniciado con Exito Dia de Registro Sun Oct 01 2023 20:41:45
[20:41:47 [31merror[39m]: uncaughtException: Cannot read properties of undefined (reading 'send')
TypeError: Cannot read properties of undefined (reading 'send')
    at /home/runner/xd/Events/⚡ Cliente/presencia.js:105:61
[20:41:47 [31merror[39m]: uncaughtException: Cannot read properties of undefined (reading 'send')
TypeError: Cannot read properties of undefined (reading 'send')
    at /home/runner/xd/Events/⚡ Cliente/presencia.js:105:61
[20:47:07 [32minfo[39m]: Iniciando y Conectando a la DB
[20:47:07 [32minfo[39m]: Bot Iniciado con Exito Dia de Registro Sun Oct 01 2023 20:47:07
[20:47:08 [31merror[39m]: uncaughtException: Cannot read properties of undefined (reading 'send')
TypeError: Cannot read properties of undefined (reading 'send')
    at /home/runner/xd/Events/⚡ Cliente/presencia.js:105:61
[20:47:08 [31merror[39m]: uncaughtException: Cannot read properties of undefined (reading 'send')
TypeError: Cannot read properties of undefined (reading 'send')
    at /home/runner/xd/Events/⚡ Cliente/presencia.js:105:61
[20:47:28 [32minfo[39m]: Iniciando y Conectando a la DB
[20:47:28 [32minfo[39m]: Bot Iniciado con Exito Dia de Registro Sun Oct 01 2023 20:47:28
[20:47:29 [31merror[39m]: uncaughtException: Cannot read properties of undefined (reading 'send')
TypeError: Cannot read properties of undefined (reading 'send')
    at /home/runner/xd/Events/⚡ Cliente/presencia.js:105:61
[20:47:29 [31merror[39m]: uncaughtException: Cannot read properties of undefined (reading 'send')
TypeError: Cannot read properties of undefined (reading 'send')
    at /home/runner/xd/Events/⚡ Cliente/presencia.js:105:61
[20:52:47 [32minfo[39m]: Iniciando y Conectando a la DB
[20:52:47 [32minfo[39m]: Bot Iniciado con Exito Dia de Registro Sun Oct 01 2023 20:52:47
[20:52:49 [31merror[39m]: uncaughtException: Cannot read properties of undefined (reading 'send')
TypeError: Cannot read properties of undefined (reading 'send')
    at /home/runner/xd/Events/⚡ Cliente/presencia.js:105:61
[20:52:49 [31merror[39m]: uncaughtException: Cannot read properties of undefined (reading 'send')
TypeError: Cannot read properties of undefined (reading 'send')
    at /home/runner/xd/Events/⚡ Cliente/presencia.js:105:61
[20:57:47 [32minfo[39m]: Iniciando y Conectando a la DB
[20:57:47 [32minfo[39m]: Bot Iniciado con Exito Dia de Registro Sun Oct 01 2023 20:57:47
[20:57:48 [31merror[39m]: uncaughtException: Cannot read properties of undefined (reading 'send')
TypeError: Cannot read properties of undefined (reading 'send')
    at /home/runner/xd/Events/⚡ Cliente/presencia.js:105:61
[20:57:48 [31merror[39m]: uncaughtException: Cannot read properties of undefined (reading 'send')
TypeError: Cannot read properties of undefined (reading 'send')
    at /home/runner/xd/Events/⚡ Cliente/presencia.js:105:61
[21:03:08 [32minfo[39m]: Iniciando y Conectando a la DB
[21:03:08 [32minfo[39m]: Bot Iniciado con Exito Dia de Registro Sun Oct 01 2023 21:03:08
[21:03:10 [31merror[39m]: uncaughtException: Cannot read properties of undefined (reading 'send')
TypeError: Cannot read properties of undefined (reading 'send')
    at /home/runner/xd/Events/⚡ Cliente/presencia.js:105:61
[21:03:10 [31merror[39m]: uncaughtException: Cannot read properties of undefined (reading 'send')
TypeError: Cannot read properties of undefined (reading 'send')
    at /home/runner/xd/Events/⚡ Cliente/presencia.js:105:61
[21:03:28 [32minfo[39m]: Iniciando y Conectando a la DB
[21:03:28 [32minfo[39m]: Bot Iniciado con Exito Dia de Registro Sun Oct 01 2023 21:03:28
[21:03:30 [31merror[39m]: uncaughtException: Cannot read properties of undefined (reading 'send')
TypeError: Cannot read properties of undefined (reading 'send')
    at /home/runner/xd/Events/⚡ Cliente/presencia.js:105:61
[21:03:30 [31merror[39m]: uncaughtException: Cannot read properties of undefined (reading 'send')
TypeError: Cannot read properties of undefined (reading 'send')
    at /home/runner/xd/Events/⚡ Cliente/presencia.js:105:61
[21:08:28 [32minfo[39m]: Iniciando y Conectando a la DB
[21:08:28 [32minfo[39m]: Bot Iniciado con Exito Dia de Registro Sun Oct 01 2023 21:08:28
[21:08:30 [31merror[39m]: uncaughtException: Cannot read properties of undefined (reading 'send')
TypeError: Cannot read properties of undefined (reading 'send')
    at /home/runner/xd/Events/⚡ Cliente/presencia.js:105:61
[21:08:30 [31merror[39m]: uncaughtException: Cannot read properties of undefined (reading 'send')
TypeError: Cannot read properties of undefined (reading 'send')
    at /home/runner/xd/Events/⚡ Cliente/presencia.js:105:61
[21:08:49 [32minfo[39m]: Iniciando y Conectando a la DB
[21:08:49 [32minfo[39m]: Bot Iniciado con Exito Dia de Registro Sun Oct 01 2023 21:08:49
[21:08:50 [31merror[39m]: uncaughtException: Cannot read properties of undefined (reading 'send')
TypeError: Cannot read properties of undefined (reading 'send')
    at /home/runner/xd/Events/⚡ Cliente/presencia.js:105:61
[21:08:50 [31merror[39m]: uncaughtException: Cannot read properties of undefined (reading 'send')
TypeError: Cannot read properties of undefined (reading 'send')
    at /home/runner/xd/Events/⚡ Cliente/presencia.js:105:61
[21:13:49 [32minfo[39m]: Iniciando y Conectando a la DB
[21:13:49 [32minfo[39m]: Bot Iniciado con Exito Dia de Registro Sun Oct 01 2023 21:13:49
[21:13:51 [31merror[39m]: uncaughtException: Cannot read properties of undefined (reading 'send')
TypeError: Cannot read properties of undefined (reading 'send')
    at /home/runner/xd/Events/⚡ Cliente/presencia.js:105:61
[21:13:51 [31merror[39m]: uncaughtException: Cannot read properties of undefined (reading 'send')
TypeError: Cannot read properties of undefined (reading 'send')
    at /home/runner/xd/Events/⚡ Cliente/presencia.js:105:61
[21:19:10 [32minfo[39m]: Iniciando y Conectando a la DB
[21:19:10 [32minfo[39m]: Bot Iniciado con Exito Dia de Registro Sun Oct 01 2023 21:19:10
[21:19:11 [31merror[39m]: uncaughtException: Cannot read properties of undefined (reading 'send')
TypeError: Cannot read properties of undefined (reading 'send')
    at /home/runner/xd/Events/⚡ Cliente/presencia.js:105:61
[21:19:11 [31merror[39m]: uncaughtException: Cannot read properties of undefined (reading 'send')
TypeError: Cannot read properties of undefined (reading 'send')
    at /home/runner/xd/Events/⚡ Cliente/presencia.js:105:61
[21:19:31 [32minfo[39m]: Iniciando y Conectando a la DB
[21:19:31 [32minfo[39m]: Bot Iniciado con Exito Dia de Registro Sun Oct 01 2023 21:19:31
[21:19:32 [31merror[39m]: uncaughtException: Cannot read properties of undefined (reading 'send')
TypeError: Cannot read properties of undefined (reading 'send')
    at /home/runner/xd/Events/⚡ Cliente/presencia.js:105:61
[21:19:32 [31merror[39m]: uncaughtException: Cannot read properties of undefined (reading 'send')
TypeError: Cannot read properties of undefined (reading 'send')
    at /home/runner/xd/Events/⚡ Cliente/presencia.js:105:61
[22:55:10 [32minfo[39m]: Iniciando y Conectando a la DB
[22:55:10 [32minfo[39m]: Bot Iniciado con Exito Dia de Registro Sun Oct 01 2023 22:55:10
[22:55:12 [31merror[39m]: uncaughtException: Cannot read properties of undefined (reading 'send')
TypeError: Cannot read properties of undefined (reading 'send')
    at /home/runner/xd/Events/⚡ Cliente/presencia.js:105:61
[22:55:12 [31merror[39m]: uncaughtException: Cannot read properties of undefined (reading 'send')
TypeError: Cannot read properties of undefined (reading 'send')
    at /home/runner/xd/Events/⚡ Cliente/presencia.js:105:61
[22:55:31 [32minfo[39m]: Iniciando y Conectando a la DB
[22:55:31 [32minfo[39m]: Bot Iniciado con Exito Dia de Registro Sun Oct 01 2023 22:55:31
[22:55:33 [31merror[39m]: uncaughtException: Cannot read properties of undefined (reading 'send')
TypeError: Cannot read properties of undefined (reading 'send')
    at /home/runner/xd/Events/⚡ Cliente/presencia.js:105:61
[22:55:33 [31merror[39m]: uncaughtException: Cannot read properties of undefined (reading 'send')
TypeError: Cannot read properties of undefined (reading 'send')
    at /home/runner/xd/Events/⚡ Cliente/presencia.js:105:61
[23:00:31 [32minfo[39m]: Iniciando y Conectando a la DB
[23:00:31 [32minfo[39m]: Bot Iniciado con Exito Dia de Registro Sun Oct 01 2023 23:00:31
[23:00:32 [31merror[39m]: uncaughtException: Cannot read properties of undefined (reading 'send')
TypeError: Cannot read properties of undefined (reading 'send')
    at /home/runner/xd/Events/⚡ Cliente/presencia.js:105:61
[23:00:32 [31merror[39m]: uncaughtException: Cannot read properties of undefined (reading 'send')
TypeError: Cannot read properties of undefined (reading 'send')
    at /home/runner/xd/Events/⚡ Cliente/presencia.js:105:61
[23:00:52 [32minfo[39m]: Iniciando y Conectando a la DB
[23:00:52 [32minfo[39m]: Bot Iniciado con Exito Dia de Registro Sun Oct 01 2023 23:00:52
[23:00:53 [31merror[39m]: uncaughtException: Cannot read properties of undefined (reading 'send')
TypeError: Cannot read properties of undefined (reading 'send')
    at /home/runner/xd/Events/⚡ Cliente/presencia.js:105:61
[23:00:53 [31merror[39m]: uncaughtException: Cannot read properties of undefined (reading 'send')
TypeError: Cannot read properties of undefined (reading 'send')
    at /home/runner/xd/Events/⚡ Cliente/presencia.js:105:61
[23:05:51 [32minfo[39m]: Iniciando y Conectando a la DB
[23:05:51 [32minfo[39m]: Bot Iniciado con Exito Dia de Registro Sun Oct 01 2023 23:05:51
[23:05:53 [31merror[39m]: uncaughtException: Cannot read properties of undefined (reading 'send')
TypeError: Cannot read properties of undefined (reading 'send')
    at /home/runner/xd/Events/⚡ Cliente/presencia.js:105:61
[23:05:53 [31merror[39m]: uncaughtException: Cannot read properties of undefined (reading 'send')
TypeError: Cannot read properties of undefined (reading 'send')
    at /home/runner/xd/Events/⚡ Cliente/presencia.js:105:61
[23:06:12 [32minfo[39m]: Iniciando y Conectando a la DB
[23:06:12 [32minfo[39m]: Bot Iniciado con Exito Dia de Registro Sun Oct 01 2023 23:06:12
[23:06:14 [31merror[39m]: uncaughtException: Cannot read properties of undefined (reading 'send')
TypeError: Cannot read properties of undefined (reading 'send')
    at /home/runner/xd/Events/⚡ Cliente/presencia.js:105:61
[23:06:14 [31merror[39m]: uncaughtException: Cannot read properties of undefined (reading 'send')
TypeError: Cannot read properties of undefined (reading 'send')
    at /home/runner/xd/Events/⚡ Cliente/presencia.js:105:61
[23:11:13 [32minfo[39m]: Iniciando y Conectando a la DB
[23:11:13 [32minfo[39m]: Bot Iniciado con Exito Dia de Registro Sun Oct 01 2023 23:11:13
[23:11:14 [31merror[39m]: uncaughtException: Cannot read properties of undefined (reading 'send')
TypeError: Cannot read properties of undefined (reading 'send')
    at /home/runner/xd/Events/⚡ Cliente/presencia.js:105:61
[23:11:14 [31merror[39m]: uncaughtException: Cannot read properties of undefined (reading 'send')
TypeError: Cannot read properties of undefined (reading 'send')
    at /home/runner/xd/Events/⚡ Cliente/presencia.js:105:61
[23:11:33 [32minfo[39m]: Iniciando y Conectando a la DB
[23:11:33 [32minfo[39m]: Bot Iniciado con Exito Dia de Registro Sun Oct 01 2023 23:11:33
[23:11:34 [31merror[39m]: uncaughtException: Cannot read properties of undefined (reading 'send')
TypeError: Cannot read properties of undefined (reading 'send')
    at /home/runner/xd/Events/⚡ Cliente/presencia.js:105:61
[23:11:34 [31merror[39m]: uncaughtException: Cannot read properties of undefined (reading 'send')
TypeError: Cannot read properties of undefined (reading 'send')
    at /home/runner/xd/Events/⚡ Cliente/presencia.js:105:61
[23:16:33 [32minfo[39m]: Iniciando y Conectando a la DB
[23:16:33 [32minfo[39m]: Bot Iniciado con Exito Dia de Registro Sun Oct 01 2023 23:16:33
[23:16:34 [31merror[39m]: uncaughtException: Cannot read properties of undefined (reading 'send')
TypeError: Cannot read properties of undefined (reading 'send')
    at /home/runner/xd/Events/⚡ Cliente/presencia.js:105:61
[23:16:34 [31merror[39m]: uncaughtException: Cannot read properties of undefined (reading 'send')
TypeError: Cannot read properties of undefined (reading 'send')
    at /home/runner/xd/Events/⚡ Cliente/presencia.js:105:61
[23:16:55 [32minfo[39m]: Iniciando y Conectando a la DB
[23:16:55 [32minfo[39m]: Bot Iniciado con Exito Dia de Registro Sun Oct 01 2023 23:16:55
[23:16:56 [31merror[39m]: uncaughtException: Cannot read properties of undefined (reading 'send')
TypeError: Cannot read properties of undefined (reading 'send')
    at /home/runner/xd/Events/⚡ Cliente/presencia.js:105:61
[23:16:56 [31merror[39m]: uncaughtException: Cannot read properties of undefined (reading 'send')
TypeError: Cannot read properties of undefined (reading 'send')
    at /home/runner/xd/Events/⚡ Cliente/presencia.js:105:61
[23:21:55 [32minfo[39m]: Iniciando y Conectando a la DB
[23:21:55 [32minfo[39m]: Bot Iniciado con Exito Dia de Registro Sun Oct 01 2023 23:21:55
[23:21:56 [31merror[39m]: uncaughtException: Cannot read properties of undefined (reading 'send')
TypeError: Cannot read properties of undefined (reading 'send')
    at /home/runner/xd/Events/⚡ Cliente/presencia.js:105:61
[23:21:56 [31merror[39m]: uncaughtException: Cannot read properties of undefined (reading 'send')
TypeError: Cannot read properties of undefined (reading 'send')
    at /home/runner/xd/Events/⚡ Cliente/presencia.js:105:61
[23:22:17 [32minfo[39m]: Iniciando y Conectando a la DB
[23:22:17 [32minfo[39m]: Bot Iniciado con Exito Dia de Registro Sun Oct 01 2023 23:22:17
[23:22:18 [31merror[39m]: uncaughtException: Cannot read properties of undefined (reading 'send')
TypeError: Cannot read properties of undefined (reading 'send')
    at /home/runner/xd/Events/⚡ Cliente/presencia.js:105:61
[23:22:18 [31merror[39m]: uncaughtException: Cannot read properties of undefined (reading 'send')
TypeError: Cannot read properties of undefined (reading 'send')
    at /home/runner/xd/Events/⚡ Cliente/presencia.js:105:61
[23:27:14 [32minfo[39m]: Iniciando y Conectando a la DB
[23:27:14 [32minfo[39m]: Bot Iniciado con Exito Dia de Registro Sun Oct 01 2023 23:27:14
[23:27:16 [31merror[39m]: uncaughtException: Cannot read properties of undefined (reading 'send')
TypeError: Cannot read properties of undefined (reading 'send')
    at /home/runner/xd/Events/⚡ Cliente/presencia.js:105:61
[23:27:16 [31merror[39m]: uncaughtException: Cannot read properties of undefined (reading 'send')
TypeError: Cannot read properties of undefined (reading 'send')
    at /home/runner/xd/Events/⚡ Cliente/presencia.js:105:61
[23:27:35 [32minfo[39m]: Iniciando y Conectando a la DB
[23:27:35 [32minfo[39m]: Bot Iniciado con Exito Dia de Registro Sun Oct 01 2023 23:27:35
[23:27:36 [31merror[39m]: uncaughtException: Cannot read properties of undefined (reading 'send')
TypeError: Cannot read properties of undefined (reading 'send')
    at /home/runner/xd/Events/⚡ Cliente/presencia.js:105:61
[23:27:36 [31merror[39m]: uncaughtException: Cannot read properties of undefined (reading 'send')
TypeError: Cannot read properties of undefined (reading 'send')
    at /home/runner/xd/Events/⚡ Cliente/presencia.js:105:61
[23:32:35 [32minfo[39m]: Iniciando y Conectando a la DB
[23:32:35 [32minfo[39m]: Bot Iniciado con Exito Dia de Registro Sun Oct 01 2023 23:32:35
[23:32:37 [31merror[39m]: uncaughtException: Cannot read properties of undefined (reading 'send')
TypeError: Cannot read properties of undefined (reading 'send')
    at /home/runner/xd/Events/⚡ Cliente/presencia.js:105:61
[23:32:37 [31merror[39m]: uncaughtException: Cannot read properties of undefined (reading 'send')
TypeError: Cannot read properties of undefined (reading 'send')
    at /home/runner/xd/Events/⚡ Cliente/presencia.js:105:61
[23:32:57 [32minfo[39m]: Iniciando y Conectando a la DB
[23:32:57 [32minfo[39m]: Bot Iniciado con Exito Dia de Registro Sun Oct 01 2023 23:32:57
[23:32:58 [31merror[39m]: uncaughtException: Cannot read properties of undefined (reading 'send')
TypeError: Cannot read properties of undefined (reading 'send')
    at /home/runner/xd/Events/⚡ Cliente/presencia.js:105:61
[23:32:58 [31merror[39m]: uncaughtException: Cannot read properties of undefined (reading 'send')
TypeError: Cannot read properties of undefined (reading 'send')
    at /home/runner/xd/Events/⚡ Cliente/presencia.js:105:61
[23:37:56 [32minfo[39m]: Iniciando y Conectando a la DB
[23:37:56 [32minfo[39m]: Bot Iniciado con Exito Dia de Registro Sun Oct 01 2023 23:37:56
[23:37:58 [31merror[39m]: uncaughtException: Cannot read properties of undefined (reading 'send')
TypeError: Cannot read properties of undefined (reading 'send')
    at /home/runner/xd/Events/⚡ Cliente/presencia.js:105:61
[23:37:58 [31merror[39m]: uncaughtException: Cannot read properties of undefined (reading 'send')
TypeError: Cannot read properties of undefined (reading 'send')
    at /home/runner/xd/Events/⚡ Cliente/presencia.js:105:61
[23:38:17 [32minfo[39m]: Iniciando y Conectando a la DB
[23:38:17 [32minfo[39m]: Bot Iniciado con Exito Dia de Registro Sun Oct 01 2023 23:38:17
[23:38:18 [31merror[39m]: uncaughtException: Cannot read properties of undefined (reading 'send')
TypeError: Cannot read properties of undefined (reading 'send')
    at /home/runner/xd/Events/⚡ Cliente/presencia.js:105:61
[23:38:18 [31merror[39m]: uncaughtException: Cannot read properties of undefined (reading 'send')
TypeError: Cannot read properties of undefined (reading 'send')
    at /home/runner/xd/Events/⚡ Cliente/presencia.js:105:61
[23:43:16 [32minfo[39m]: Iniciando y Conectando a la DB
[23:43:16 [32minfo[39m]: Bot Iniciado con Exito Dia de Registro Sun Oct 01 2023 23:43:16
[23:43:17 [31merror[39m]: uncaughtException: Cannot read properties of undefined (reading 'send')
TypeError: Cannot read properties of undefined (reading 'send')
    at /home/runner/xd/Events/⚡ Cliente/presencia.js:105:61
[23:43:17 [31merror[39m]: uncaughtException: Cannot read properties of undefined (reading 'send')
TypeError: Cannot read properties of undefined (reading 'send')
    at /home/runner/xd/Events/⚡ Cliente/presencia.js:105:61
[23:48:37 [32minfo[39m]: Iniciando y Conectando a la DB
[23:48:37 [32minfo[39m]: Bot Iniciado con Exito Dia de Registro Sun Oct 01 2023 23:48:37
[23:48:38 [31merror[39m]: uncaughtException: Cannot read properties of undefined (reading 'send')
TypeError: Cannot read properties of undefined (reading 'send')
    at /home/runner/xd/Events/⚡ Cliente/presencia.js:105:61
[23:48:38 [31merror[39m]: uncaughtException: Cannot read properties of undefined (reading 'send')
TypeError: Cannot read properties of undefined (reading 'send')
    at /home/runner/xd/Events/⚡ Cliente/presencia.js:105:61
[23:48:57 [32minfo[39m]: Iniciando y Conectando a la DB
[23:48:57 [32minfo[39m]: Bot Iniciado con Exito Dia de Registro Sun Oct 01 2023 23:48:57
[23:48:58 [31merror[39m]: uncaughtException: Cannot read properties of undefined (reading 'send')
TypeError: Cannot read properties of undefined (reading 'send')
    at /home/runner/xd/Events/⚡ Cliente/presencia.js:105:61
[23:48:58 [31merror[39m]: uncaughtException: Cannot read properties of undefined (reading 'send')
TypeError: Cannot read properties of undefined (reading 'send')
    at /home/runner/xd/Events/⚡ Cliente/presencia.js:105:61
