[00:04:14 [32minfo[39m]: Iniciando y Conectando a la DB
[00:04:14 [32minfo[39m]: Bot Iniciado con Exito Dia de Registro Mon Sep 18 2023 00:04:14
[00:04:16 [31merror[39m]: uncaughtException: Cannot read properties of undefined (reading 'send')
TypeError: Cannot read properties of undefined (reading 'send')
    at /home/runner/xd/Events/⚡ Cliente/presencia.js:105:61
[00:04:16 [31merror[39m]: uncaughtException: Cannot read properties of undefined (reading 'send')
TypeError: Cannot read properties of undefined (reading 'send')
    at /home/runner/xd/Events/⚡ Cliente/presencia.js:105:61
[00:09:27 [32minfo[39m]: Iniciando y Conectando a la DB
[00:09:27 [32minfo[39m]: Bot Iniciado con Exito Dia de Registro Mon Sep 18 2023 00:09:27
[00:09:28 [31merror[39m]: uncaughtException: Cannot read properties of undefined (reading 'send')
TypeError: Cannot read properties of undefined (reading 'send')
    at /home/runner/xd/Events/⚡ Cliente/presencia.js:105:61
[00:09:28 [31merror[39m]: uncaughtException: Cannot read properties of undefined (reading 'send')
TypeError: Cannot read properties of undefined (reading 'send')
    at /home/runner/xd/Events/⚡ Cliente/presencia.js:105:61
[00:14:24 [32minfo[39m]: Iniciando y Conectando a la DB
[00:14:24 [32minfo[39m]: Bot Iniciado con Exito Dia de Registro Mon Sep 18 2023 00:14:24
[00:14:25 [31merror[39m]: uncaughtException: Cannot read properties of undefined (reading 'send')
TypeError: Cannot read properties of undefined (reading 'send')
    at /home/runner/xd/Events/⚡ Cliente/presencia.js:105:61
[00:14:25 [31merror[39m]: uncaughtException: Cannot read properties of undefined (reading 'send')
TypeError: Cannot read properties of undefined (reading 'send')
    at /home/runner/xd/Events/⚡ Cliente/presencia.js:105:61
[00:19:14 [32minfo[39m]: Iniciando y Conectando a la DB
[00:19:14 [32minfo[39m]: Bot Iniciado con Exito Dia de Registro Mon Sep 18 2023 00:19:14
[00:19:16 [31merror[39m]: uncaughtException: Cannot read properties of undefined (reading 'send')
TypeError: Cannot read properties of undefined (reading 'send')
    at /home/runner/xd/Events/⚡ Cliente/presencia.js:105:61
[00:19:16 [31merror[39m]: uncaughtException: Cannot read properties of undefined (reading 'send')
TypeError: Cannot read properties of undefined (reading 'send')
    at /home/runner/xd/Events/⚡ Cliente/presencia.js:105:61
[00:24:14 [32minfo[39m]: Iniciando y Conectando a la DB
[00:24:14 [32minfo[39m]: Bot Iniciado con Exito Dia de Registro Mon Sep 18 2023 00:24:14
[00:24:16 [31merror[39m]: uncaughtException: Cannot read properties of undefined (reading 'send')
TypeError: Cannot read properties of undefined (reading 'send')
    at /home/runner/xd/Events/⚡ Cliente/presencia.js:105:61
[00:24:16 [31merror[39m]: uncaughtException: Cannot read properties of undefined (reading 'send')
TypeError: Cannot read properties of undefined (reading 'send')
    at /home/runner/xd/Events/⚡ Cliente/presencia.js:105:61
[00:29:15 [32minfo[39m]: Iniciando y Conectando a la DB
[00:29:15 [32minfo[39m]: Bot Iniciado con Exito Dia de Registro Mon Sep 18 2023 00:29:15
[00:29:17 [31merror[39m]: uncaughtException: Cannot read properties of undefined (reading 'send')
TypeError: Cannot read properties of undefined (reading 'send')
    at /home/runner/xd/Events/⚡ Cliente/presencia.js:105:61
[00:29:17 [31merror[39m]: uncaughtException: Cannot read properties of undefined (reading 'send')
TypeError: Cannot read properties of undefined (reading 'send')
    at /home/runner/xd/Events/⚡ Cliente/presencia.js:105:61
[00:34:24 [32minfo[39m]: Iniciando y Conectando a la DB
[00:34:24 [32minfo[39m]: Bot Iniciado con Exito Dia de Registro Mon Sep 18 2023 00:34:24
[00:34:26 [31merror[39m]: uncaughtException: Cannot read properties of undefined (reading 'send')
TypeError: Cannot read properties of undefined (reading 'send')
    at /home/runner/xd/Events/⚡ Cliente/presencia.js:105:61
[00:34:26 [31merror[39m]: uncaughtException: Cannot read properties of undefined (reading 'send')
TypeError: Cannot read properties of undefined (reading 'send')
    at /home/runner/xd/Events/⚡ Cliente/presencia.js:105:61
[00:44:24 [32minfo[39m]: Iniciando y Conectando a la DB
[00:44:24 [32minfo[39m]: Bot Iniciado con Exito Dia de Registro Mon Sep 18 2023 00:44:24
[00:44:26 [31merror[39m]: uncaughtException: Cannot read properties of undefined (reading 'send')
TypeError: Cannot read properties of undefined (reading 'send')
    at /home/runner/xd/Events/⚡ Cliente/presencia.js:105:61
[00:44:26 [31merror[39m]: uncaughtException: Cannot read properties of undefined (reading 'send')
TypeError: Cannot read properties of undefined (reading 'send')
    at /home/runner/xd/Events/⚡ Cliente/presencia.js:105:61
[00:54:14 [32minfo[39m]: Iniciando y Conectando a la DB
[00:54:14 [32minfo[39m]: Bot Iniciado con Exito Dia de Registro Mon Sep 18 2023 00:54:14
[00:54:16 [31merror[39m]: uncaughtException: Cannot read properties of undefined (reading 'send')
TypeError: Cannot read properties of undefined (reading 'send')
    at /home/runner/xd/Events/⚡ Cliente/presencia.js:105:61
[00:54:16 [31merror[39m]: uncaughtException: Cannot read properties of undefined (reading 'send')
TypeError: Cannot read properties of undefined (reading 'send')
    at /home/runner/xd/Events/⚡ Cliente/presencia.js:105:61
[00:59:13 [32minfo[39m]: Iniciando y Conectando a la DB
[00:59:13 [32minfo[39m]: Bot Iniciado con Exito Dia de Registro Mon Sep 18 2023 00:59:13
[00:59:15 [31merror[39m]: uncaughtException: Cannot read properties of undefined (reading 'send')
TypeError: Cannot read properties of undefined (reading 'send')
    at /home/runner/xd/Events/⚡ Cliente/presencia.js:105:61
[00:59:15 [31merror[39m]: uncaughtException: Cannot read properties of undefined (reading 'send')
TypeError: Cannot read properties of undefined (reading 'send')
    at /home/runner/xd/Events/⚡ Cliente/presencia.js:105:61
[01:04:24 [32minfo[39m]: Iniciando y Conectando a la DB
[01:04:24 [32minfo[39m]: Bot Iniciado con Exito Dia de Registro Mon Sep 18 2023 01:04:24
[01:04:26 [31merror[39m]: uncaughtException: Cannot read properties of undefined (reading 'send')
TypeError: Cannot read properties of undefined (reading 'send')
    at /home/runner/xd/Events/⚡ Cliente/presencia.js:105:61
[01:04:26 [31merror[39m]: uncaughtException: Cannot read properties of undefined (reading 'send')
TypeError: Cannot read properties of undefined (reading 'send')
    at /home/runner/xd/Events/⚡ Cliente/presencia.js:105:61
[01:14:24 [32minfo[39m]: Iniciando y Conectando a la DB
[01:14:24 [32minfo[39m]: Bot Iniciado con Exito Dia de Registro Mon Sep 18 2023 01:14:24
[01:14:26 [31merror[39m]: uncaughtException: Cannot read properties of undefined (reading 'send')
TypeError: Cannot read properties of undefined (reading 'send')
    at /home/runner/xd/Events/⚡ Cliente/presencia.js:105:61
[01:14:26 [31merror[39m]: uncaughtException: Cannot read properties of undefined (reading 'send')
TypeError: Cannot read properties of undefined (reading 'send')
    at /home/runner/xd/Events/⚡ Cliente/presencia.js:105:61
[01:19:14 [32minfo[39m]: Iniciando y Conectando a la DB
[01:19:14 [32minfo[39m]: Bot Iniciado con Exito Dia de Registro Mon Sep 18 2023 01:19:14
[01:19:15 [31merror[39m]: uncaughtException: Cannot read properties of undefined (reading 'send')
TypeError: Cannot read properties of undefined (reading 'send')
    at /home/runner/xd/Events/⚡ Cliente/presencia.js:105:61
[01:19:15 [31merror[39m]: uncaughtException: Cannot read properties of undefined (reading 'send')
TypeError: Cannot read properties of undefined (reading 'send')
    at /home/runner/xd/Events/⚡ Cliente/presencia.js:105:61
[01:24:14 [32minfo[39m]: Iniciando y Conectando a la DB
[01:24:14 [32minfo[39m]: Bot Iniciado con Exito Dia de Registro Mon Sep 18 2023 01:24:14
[01:24:15 [31merror[39m]: uncaughtException: Cannot read properties of undefined (reading 'send')
TypeError: Cannot read properties of undefined (reading 'send')
    at /home/runner/xd/Events/⚡ Cliente/presencia.js:105:61
[01:24:15 [31merror[39m]: uncaughtException: Cannot read properties of undefined (reading 'send')
TypeError: Cannot read properties of undefined (reading 'send')
    at /home/runner/xd/Events/⚡ Cliente/presencia.js:105:61
[01:29:24 [32minfo[39m]: Iniciando y Conectando a la DB
[01:29:24 [32minfo[39m]: Bot Iniciado con Exito Dia de Registro Mon Sep 18 2023 01:29:24
[01:29:26 [31merror[39m]: uncaughtException: Cannot read properties of undefined (reading 'send')
TypeError: Cannot read properties of undefined (reading 'send')
    at /home/runner/xd/Events/⚡ Cliente/presencia.js:105:61
[01:29:26 [31merror[39m]: uncaughtException: Cannot read properties of undefined (reading 'send')
TypeError: Cannot read properties of undefined (reading 'send')
    at /home/runner/xd/Events/⚡ Cliente/presencia.js:105:61
[03:47:56 [32minfo[39m]: Iniciando y Conectando a la DB
[03:47:56 [32minfo[39m]: Bot Iniciado con Exito Dia de Registro Mon Sep 18 2023 03:47:56
[03:47:57 [31merror[39m]: uncaughtException: Cannot read properties of undefined (reading 'send')
TypeError: Cannot read properties of undefined (reading 'send')
    at /home/runner/xd/Events/⚡ Cliente/presencia.js:105:61
[03:47:57 [31merror[39m]: uncaughtException: Cannot read properties of undefined (reading 'send')
TypeError: Cannot read properties of undefined (reading 'send')
    at /home/runner/xd/Events/⚡ Cliente/presencia.js:105:61
[03:52:59 [32minfo[39m]: Iniciando y Conectando a la DB
[03:52:59 [32minfo[39m]: Bot Iniciado con Exito Dia de Registro Mon Sep 18 2023 03:52:59
[03:53:02 [31merror[39m]: uncaughtException: Cannot read properties of undefined (reading 'send')
TypeError: Cannot read properties of undefined (reading 'send')
    at /home/runner/xd/Events/⚡ Cliente/presencia.js:105:61
[03:53:02 [31merror[39m]: uncaughtException: Cannot read properties of undefined (reading 'send')
TypeError: Cannot read properties of undefined (reading 'send')
    at /home/runner/xd/Events/⚡ Cliente/presencia.js:105:61
[03:57:56 [32minfo[39m]: Iniciando y Conectando a la DB
[03:57:56 [32minfo[39m]: Bot Iniciado con Exito Dia de Registro Mon Sep 18 2023 03:57:56
[03:57:57 [31merror[39m]: uncaughtException: Cannot read properties of undefined (reading 'send')
TypeError: Cannot read properties of undefined (reading 'send')
    at /home/runner/xd/Events/⚡ Cliente/presencia.js:105:61
[03:57:57 [31merror[39m]: uncaughtException: Cannot read properties of undefined (reading 'send')
TypeError: Cannot read properties of undefined (reading 'send')
    at /home/runner/xd/Events/⚡ Cliente/presencia.js:105:61
[04:08:06 [32minfo[39m]: Iniciando y Conectando a la DB
[04:08:06 [32minfo[39m]: Bot Iniciado con Exito Dia de Registro Mon Sep 18 2023 04:08:06
[04:08:08 [31merror[39m]: uncaughtException: Cannot read properties of undefined (reading 'send')
TypeError: Cannot read properties of undefined (reading 'send')
    at /home/runner/xd/Events/⚡ Cliente/presencia.js:105:61
[04:08:08 [31merror[39m]: uncaughtException: Cannot read properties of undefined (reading 'send')
TypeError: Cannot read properties of undefined (reading 'send')
    at /home/runner/xd/Events/⚡ Cliente/presencia.js:105:61
[04:13:33 [32minfo[39m]: Iniciando y Conectando a la DB
[04:13:33 [32minfo[39m]: Bot Iniciado con Exito Dia de Registro Mon Sep 18 2023 04:13:33
[04:13:34 [31merror[39m]: uncaughtException: Cannot read properties of undefined (reading 'send')
TypeError: Cannot read properties of undefined (reading 'send')
    at /home/runner/xd/Events/⚡ Cliente/presencia.js:105:61
[04:13:34 [31merror[39m]: uncaughtException: Cannot read properties of undefined (reading 'send')
TypeError: Cannot read properties of undefined (reading 'send')
    at /home/runner/xd/Events/⚡ Cliente/presencia.js:105:61
[04:29:06 [32minfo[39m]: Iniciando y Conectando a la DB
[04:29:06 [32minfo[39m]: Bot Iniciado con Exito Dia de Registro Mon Sep 18 2023 04:29:06
[04:29:08 [31merror[39m]: uncaughtException: Cannot read properties of undefined (reading 'send')
TypeError: Cannot read properties of undefined (reading 'send')
    at /home/runner/xd/Events/⚡ Cliente/presencia.js:105:61
[04:29:08 [31merror[39m]: uncaughtException: Cannot read properties of undefined (reading 'send')
TypeError: Cannot read properties of undefined (reading 'send')
    at /home/runner/xd/Events/⚡ Cliente/presencia.js:105:61
[04:33:57 [32minfo[39m]: Iniciando y Conectando a la DB
[04:33:57 [32minfo[39m]: Bot Iniciado con Exito Dia de Registro Mon Sep 18 2023 04:33:57
[04:33:59 [31merror[39m]: uncaughtException: Cannot read properties of undefined (reading 'send')
TypeError: Cannot read properties of undefined (reading 'send')
    at /home/runner/xd/Events/⚡ Cliente/presencia.js:105:61
[04:33:59 [31merror[39m]: uncaughtException: Cannot read properties of undefined (reading 'send')
TypeError: Cannot read properties of undefined (reading 'send')
    at /home/runner/xd/Events/⚡ Cliente/presencia.js:105:61
[04:39:07 [32minfo[39m]: Iniciando y Conectando a la DB
[04:39:07 [32minfo[39m]: Bot Iniciado con Exito Dia de Registro Mon Sep 18 2023 04:39:07
[04:39:09 [31merror[39m]: uncaughtException: Cannot read properties of undefined (reading 'send')
TypeError: Cannot read properties of undefined (reading 'send')
    at /home/runner/xd/Events/⚡ Cliente/presencia.js:105:61
[04:39:09 [31merror[39m]: uncaughtException: Cannot read properties of undefined (reading 'send')
TypeError: Cannot read properties of undefined (reading 'send')
    at /home/runner/xd/Events/⚡ Cliente/presencia.js:105:61
[04:43:53 [32minfo[39m]: Iniciando y Conectando a la DB
[04:43:53 [32minfo[39m]: Bot Iniciado con Exito Dia de Registro Mon Sep 18 2023 04:43:53
[04:43:55 [31merror[39m]: uncaughtException: Cannot read properties of undefined (reading 'send')
TypeError: Cannot read properties of undefined (reading 'send')
    at /home/runner/xd/Events/⚡ Cliente/presencia.js:105:61
[04:43:55 [31merror[39m]: uncaughtException: Cannot read properties of undefined (reading 'send')
TypeError: Cannot read properties of undefined (reading 'send')
    at /home/runner/xd/Events/⚡ Cliente/presencia.js:105:61
[04:49:09 [32minfo[39m]: Iniciando y Conectando a la DB
[04:49:09 [32minfo[39m]: Bot Iniciado con Exito Dia de Registro Mon Sep 18 2023 04:49:09
[04:49:11 [31merror[39m]: uncaughtException: Cannot read properties of undefined (reading 'send')
TypeError: Cannot read properties of undefined (reading 'send')
    at /home/runner/xd/Events/⚡ Cliente/presencia.js:105:61
[04:49:11 [31merror[39m]: uncaughtException: Cannot read properties of undefined (reading 'send')
TypeError: Cannot read properties of undefined (reading 'send')
    at /home/runner/xd/Events/⚡ Cliente/presencia.js:105:61
[04:54:09 [32minfo[39m]: Iniciando y Conectando a la DB
[04:54:09 [32minfo[39m]: Bot Iniciado con Exito Dia de Registro Mon Sep 18 2023 04:54:09
[04:54:11 [31merror[39m]: uncaughtException: Cannot read properties of undefined (reading 'send')
TypeError: Cannot read properties of undefined (reading 'send')
    at /home/runner/xd/Events/⚡ Cliente/presencia.js:105:61
[04:54:11 [31merror[39m]: uncaughtException: Cannot read properties of undefined (reading 'send')
TypeError: Cannot read properties of undefined (reading 'send')
    at /home/runner/xd/Events/⚡ Cliente/presencia.js:105:61
[05:04:07 [32minfo[39m]: Iniciando y Conectando a la DB
[05:04:07 [32minfo[39m]: Bot Iniciado con Exito Dia de Registro Mon Sep 18 2023 05:04:07
[05:04:09 [31merror[39m]: uncaughtException: Cannot read properties of undefined (reading 'send')
TypeError: Cannot read properties of undefined (reading 'send')
    at /home/runner/xd/Events/⚡ Cliente/presencia.js:105:61
[05:04:09 [31merror[39m]: uncaughtException: Cannot read properties of undefined (reading 'send')
TypeError: Cannot read properties of undefined (reading 'send')
    at /home/runner/xd/Events/⚡ Cliente/presencia.js:105:61
[05:08:55 [32minfo[39m]: Iniciando y Conectando a la DB
[05:08:55 [32minfo[39m]: Bot Iniciado con Exito Dia de Registro Mon Sep 18 2023 05:08:55
[05:08:57 [31merror[39m]: uncaughtException: Cannot read properties of undefined (reading 'send')
TypeError: Cannot read properties of undefined (reading 'send')
    at /home/runner/xd/Events/⚡ Cliente/presencia.js:105:61
[05:08:57 [31merror[39m]: uncaughtException: Cannot read properties of undefined (reading 'send')
TypeError: Cannot read properties of undefined (reading 'send')
    at /home/runner/xd/Events/⚡ Cliente/presencia.js:105:61
[05:19:07 [32minfo[39m]: Iniciando y Conectando a la DB
[05:19:07 [32minfo[39m]: Bot Iniciado con Exito Dia de Registro Mon Sep 18 2023 05:19:07
[05:19:09 [31merror[39m]: uncaughtException: Cannot read properties of undefined (reading 'send')
TypeError: Cannot read properties of undefined (reading 'send')
    at /home/runner/xd/Events/⚡ Cliente/presencia.js:105:61
[05:19:09 [31merror[39m]: uncaughtException: Cannot read properties of undefined (reading 'send')
TypeError: Cannot read properties of undefined (reading 'send')
    at /home/runner/xd/Events/⚡ Cliente/presencia.js:105:61
[05:34:37 [32minfo[39m]: Iniciando y Conectando a la DB
[05:34:37 [32minfo[39m]: Bot Iniciado con Exito Dia de Registro Mon Sep 18 2023 05:34:37
[05:34:39 [31merror[39m]: uncaughtException: Cannot read properties of undefined (reading 'send')
TypeError: Cannot read properties of undefined (reading 'send')
    at /home/runner/xd/Events/⚡ Cliente/presencia.js:105:61
[05:34:39 [31merror[39m]: uncaughtException: Cannot read properties of undefined (reading 'send')
TypeError: Cannot read properties of undefined (reading 'send')
    at /home/runner/xd/Events/⚡ Cliente/presencia.js:105:61
[05:39:40 [32minfo[39m]: Iniciando y Conectando a la DB
[05:39:40 [32minfo[39m]: Bot Iniciado con Exito Dia de Registro Mon Sep 18 2023 05:39:40
[05:39:42 [31merror[39m]: uncaughtException: Cannot read properties of undefined (reading 'send')
TypeError: Cannot read properties of undefined (reading 'send')
    at /home/runner/xd/Events/⚡ Cliente/presencia.js:105:61
[05:39:42 [31merror[39m]: uncaughtException: Cannot read properties of undefined (reading 'send')
TypeError: Cannot read properties of undefined (reading 'send')
    at /home/runner/xd/Events/⚡ Cliente/presencia.js:105:61
[05:49:40 [32minfo[39m]: Iniciando y Conectando a la DB
[05:49:40 [32minfo[39m]: Bot Iniciado con Exito Dia de Registro Mon Sep 18 2023 05:49:40
[05:49:42 [31merror[39m]: uncaughtException: Cannot read properties of undefined (reading 'send')
TypeError: Cannot read properties of undefined (reading 'send')
    at /home/runner/xd/Events/⚡ Cliente/presencia.js:105:61
[05:49:42 [31merror[39m]: uncaughtException: Cannot read properties of undefined (reading 'send')
TypeError: Cannot read properties of undefined (reading 'send')
    at /home/runner/xd/Events/⚡ Cliente/presencia.js:105:61
[05:59:38 [32minfo[39m]: Iniciando y Conectando a la DB
[05:59:38 [32minfo[39m]: Bot Iniciado con Exito Dia de Registro Mon Sep 18 2023 05:59:38
[05:59:40 [31merror[39m]: uncaughtException: Cannot read properties of undefined (reading 'send')
TypeError: Cannot read properties of undefined (reading 'send')
    at /home/runner/xd/Events/⚡ Cliente/presencia.js:105:61
[05:59:40 [31merror[39m]: uncaughtException: Cannot read properties of undefined (reading 'send')
TypeError: Cannot read properties of undefined (reading 'send')
    at /home/runner/xd/Events/⚡ Cliente/presencia.js:105:61
[06:09:28 [32minfo[39m]: Iniciando y Conectando a la DB
[06:09:28 [32minfo[39m]: Bot Iniciado con Exito Dia de Registro Mon Sep 18 2023 06:09:28
[06:09:29 [31merror[39m]: uncaughtException: Cannot read properties of undefined (reading 'send')
TypeError: Cannot read properties of undefined (reading 'send')
    at /home/runner/xd/Events/⚡ Cliente/presencia.js:105:61
[06:09:29 [31merror[39m]: uncaughtException: Cannot read properties of undefined (reading 'send')
TypeError: Cannot read properties of undefined (reading 'send')
    at /home/runner/xd/Events/⚡ Cliente/presencia.js:105:61
[06:14:37 [32minfo[39m]: Iniciando y Conectando a la DB
[06:14:37 [32minfo[39m]: Bot Iniciado con Exito Dia de Registro Mon Sep 18 2023 06:14:37
[06:14:39 [31merror[39m]: uncaughtException: Cannot read properties of undefined (reading 'send')
TypeError: Cannot read properties of undefined (reading 'send')
    at /home/runner/xd/Events/⚡ Cliente/presencia.js:105:61
[06:14:39 [31merror[39m]: uncaughtException: Cannot read properties of undefined (reading 'send')
TypeError: Cannot read properties of undefined (reading 'send')
    at /home/runner/xd/Events/⚡ Cliente/presencia.js:105:61
[06:24:27 [32minfo[39m]: Iniciando y Conectando a la DB
[06:24:27 [32minfo[39m]: Bot Iniciado con Exito Dia de Registro Mon Sep 18 2023 06:24:27
[06:24:29 [31merror[39m]: uncaughtException: Cannot read properties of undefined (reading 'send')
TypeError: Cannot read properties of undefined (reading 'send')
    at /home/runner/xd/Events/⚡ Cliente/presencia.js:105:61
[06:24:29 [31merror[39m]: uncaughtException: Cannot read properties of undefined (reading 'send')
TypeError: Cannot read properties of undefined (reading 'send')
    at /home/runner/xd/Events/⚡ Cliente/presencia.js:105:61
[06:29:27 [32minfo[39m]: Iniciando y Conectando a la DB
[06:29:27 [32minfo[39m]: Bot Iniciado con Exito Dia de Registro Mon Sep 18 2023 06:29:27
[06:29:28 [31merror[39m]: uncaughtException: Cannot read properties of undefined (reading 'send')
TypeError: Cannot read properties of undefined (reading 'send')
    at /home/runner/xd/Events/⚡ Cliente/presencia.js:105:61
[06:29:28 [31merror[39m]: uncaughtException: Cannot read properties of undefined (reading 'send')
TypeError: Cannot read properties of undefined (reading 'send')
    at /home/runner/xd/Events/⚡ Cliente/presencia.js:105:61
[06:39:38 [32minfo[39m]: Iniciando y Conectando a la DB
[06:39:38 [32minfo[39m]: Bot Iniciado con Exito Dia de Registro Mon Sep 18 2023 06:39:38
[06:39:39 [31merror[39m]: uncaughtException: Cannot read properties of undefined (reading 'send')
TypeError: Cannot read properties of undefined (reading 'send')
    at /home/runner/xd/Events/⚡ Cliente/presencia.js:105:61
[06:39:39 [31merror[39m]: uncaughtException: Cannot read properties of undefined (reading 'send')
TypeError: Cannot read properties of undefined (reading 'send')
    at /home/runner/xd/Events/⚡ Cliente/presencia.js:105:61
[06:44:37 [32minfo[39m]: Iniciando y Conectando a la DB
[06:44:37 [32minfo[39m]: Bot Iniciado con Exito Dia de Registro Mon Sep 18 2023 06:44:37
[06:44:39 [31merror[39m]: uncaughtException: Cannot read properties of undefined (reading 'send')
TypeError: Cannot read properties of undefined (reading 'send')
    at /home/runner/xd/Events/⚡ Cliente/presencia.js:105:61
[06:44:39 [31merror[39m]: uncaughtException: Cannot read properties of undefined (reading 'send')
TypeError: Cannot read properties of undefined (reading 'send')
    at /home/runner/xd/Events/⚡ Cliente/presencia.js:105:61
[06:49:43 [32minfo[39m]: Iniciando y Conectando a la DB
[06:49:43 [32minfo[39m]: Bot Iniciado con Exito Dia de Registro Mon Sep 18 2023 06:49:43
[06:49:46 [31merror[39m]: uncaughtException: Cannot read properties of undefined (reading 'send')
TypeError: Cannot read properties of undefined (reading 'send')
    at /home/runner/xd/Events/⚡ Cliente/presencia.js:105:61
[06:49:46 [31merror[39m]: uncaughtException: Cannot read properties of undefined (reading 'send')
TypeError: Cannot read properties of undefined (reading 'send')
    at /home/runner/xd/Events/⚡ Cliente/presencia.js:105:61
[06:54:36 [32minfo[39m]: Iniciando y Conectando a la DB
[06:54:36 [32minfo[39m]: Bot Iniciado con Exito Dia de Registro Mon Sep 18 2023 06:54:36
[06:54:38 [31merror[39m]: uncaughtException: Cannot read properties of undefined (reading 'send')
TypeError: Cannot read properties of undefined (reading 'send')
    at /home/runner/xd/Events/⚡ Cliente/presencia.js:105:61
[06:54:38 [31merror[39m]: uncaughtException: Cannot read properties of undefined (reading 'send')
TypeError: Cannot read properties of undefined (reading 'send')
    at /home/runner/xd/Events/⚡ Cliente/presencia.js:105:61
[06:59:37 [32minfo[39m]: Iniciando y Conectando a la DB
[06:59:37 [32minfo[39m]: Bot Iniciado con Exito Dia de Registro Mon Sep 18 2023 06:59:37
[06:59:39 [31merror[39m]: uncaughtException: Cannot read properties of undefined (reading 'send')
TypeError: Cannot read properties of undefined (reading 'send')
    at /home/runner/xd/Events/⚡ Cliente/presencia.js:105:61
[06:59:39 [31merror[39m]: uncaughtException: Cannot read properties of undefined (reading 'send')
TypeError: Cannot read properties of undefined (reading 'send')
    at /home/runner/xd/Events/⚡ Cliente/presencia.js:105:61
[07:04:31 [32minfo[39m]: Iniciando y Conectando a la DB
[07:04:31 [32minfo[39m]: Bot Iniciado con Exito Dia de Registro Mon Sep 18 2023 07:04:31
[07:04:33 [31merror[39m]: uncaughtException: Cannot read properties of undefined (reading 'send')
TypeError: Cannot read properties of undefined (reading 'send')
    at /home/runner/xd/Events/⚡ Cliente/presencia.js:105:61
[07:04:33 [31merror[39m]: uncaughtException: Cannot read properties of undefined (reading 'send')
TypeError: Cannot read properties of undefined (reading 'send')
    at /home/runner/xd/Events/⚡ Cliente/presencia.js:105:61
[07:19:37 [32minfo[39m]: Iniciando y Conectando a la DB
[07:19:37 [32minfo[39m]: Bot Iniciado con Exito Dia de Registro Mon Sep 18 2023 07:19:37
[07:19:38 [31merror[39m]: uncaughtException: Cannot read properties of undefined (reading 'send')
TypeError: Cannot read properties of undefined (reading 'send')
    at /home/runner/xd/Events/⚡ Cliente/presencia.js:105:61
[07:19:38 [31merror[39m]: uncaughtException: Cannot read properties of undefined (reading 'send')
TypeError: Cannot read properties of undefined (reading 'send')
    at /home/runner/xd/Events/⚡ Cliente/presencia.js:105:61
[07:24:27 [32minfo[39m]: Iniciando y Conectando a la DB
[07:24:27 [32minfo[39m]: Bot Iniciado con Exito Dia de Registro Mon Sep 18 2023 07:24:27
[07:24:29 [31merror[39m]: uncaughtException: Cannot read properties of undefined (reading 'send')
TypeError: Cannot read properties of undefined (reading 'send')
    at /home/runner/xd/Events/⚡ Cliente/presencia.js:105:61
[07:24:29 [31merror[39m]: uncaughtException: Cannot read properties of undefined (reading 'send')
TypeError: Cannot read properties of undefined (reading 'send')
    at /home/runner/xd/Events/⚡ Cliente/presencia.js:105:61
[07:29:40 [32minfo[39m]: Iniciando y Conectando a la DB
[07:29:40 [32minfo[39m]: Bot Iniciado con Exito Dia de Registro Mon Sep 18 2023 07:29:40
[07:29:42 [31merror[39m]: uncaughtException: Cannot read properties of undefined (reading 'send')
TypeError: Cannot read properties of undefined (reading 'send')
    at /home/runner/xd/Events/⚡ Cliente/presencia.js:105:61
[07:29:42 [31merror[39m]: uncaughtException: Cannot read properties of undefined (reading 'send')
TypeError: Cannot read properties of undefined (reading 'send')
    at /home/runner/xd/Events/⚡ Cliente/presencia.js:105:61
[07:34:27 [32minfo[39m]: Iniciando y Conectando a la DB
[07:34:27 [32minfo[39m]: Bot Iniciado con Exito Dia de Registro Mon Sep 18 2023 07:34:27
[07:34:29 [31merror[39m]: uncaughtException: Cannot read properties of undefined (reading 'send')
TypeError: Cannot read properties of undefined (reading 'send')
    at /home/runner/xd/Events/⚡ Cliente/presencia.js:105:61
[07:34:29 [31merror[39m]: uncaughtException: Cannot read properties of undefined (reading 'send')
TypeError: Cannot read properties of undefined (reading 'send')
    at /home/runner/xd/Events/⚡ Cliente/presencia.js:105:61
[07:39:27 [32minfo[39m]: Iniciando y Conectando a la DB
[07:39:27 [32minfo[39m]: Bot Iniciado con Exito Dia de Registro Mon Sep 18 2023 07:39:27
[07:39:29 [31merror[39m]: uncaughtException: Cannot read properties of undefined (reading 'send')
TypeError: Cannot read properties of undefined (reading 'send')
    at /home/runner/xd/Events/⚡ Cliente/presencia.js:105:61
[07:39:29 [31merror[39m]: uncaughtException: Cannot read properties of undefined (reading 'send')
TypeError: Cannot read properties of undefined (reading 'send')
    at /home/runner/xd/Events/⚡ Cliente/presencia.js:105:61
[07:44:37 [32minfo[39m]: Iniciando y Conectando a la DB
[07:44:37 [32minfo[39m]: Bot Iniciado con Exito Dia de Registro Mon Sep 18 2023 07:44:37
[07:44:39 [31merror[39m]: uncaughtException: Cannot read properties of undefined (reading 'send')
TypeError: Cannot read properties of undefined (reading 'send')
    at /home/runner/xd/Events/⚡ Cliente/presencia.js:105:61
[07:44:39 [31merror[39m]: uncaughtException: Cannot read properties of undefined (reading 'send')
TypeError: Cannot read properties of undefined (reading 'send')
    at /home/runner/xd/Events/⚡ Cliente/presencia.js:105:61
[07:49:26 [32minfo[39m]: Iniciando y Conectando a la DB
[07:49:26 [32minfo[39m]: Bot Iniciado con Exito Dia de Registro Mon Sep 18 2023 07:49:26
[07:49:28 [31merror[39m]: uncaughtException: Cannot read properties of undefined (reading 'send')
TypeError: Cannot read properties of undefined (reading 'send')
    at /home/runner/xd/Events/⚡ Cliente/presencia.js:105:61
[07:49:28 [31merror[39m]: uncaughtException: Cannot read properties of undefined (reading 'send')
TypeError: Cannot read properties of undefined (reading 'send')
    at /home/runner/xd/Events/⚡ Cliente/presencia.js:105:61
[07:54:38 [32minfo[39m]: Iniciando y Conectando a la DB
[07:54:38 [32minfo[39m]: Bot Iniciado con Exito Dia de Registro Mon Sep 18 2023 07:54:38
[07:54:40 [31merror[39m]: uncaughtException: Cannot read properties of undefined (reading 'send')
TypeError: Cannot read properties of undefined (reading 'send')
    at /home/runner/xd/Events/⚡ Cliente/presencia.js:105:61
[07:54:40 [31merror[39m]: uncaughtException: Cannot read properties of undefined (reading 'send')
TypeError: Cannot read properties of undefined (reading 'send')
    at /home/runner/xd/Events/⚡ Cliente/presencia.js:105:61
[07:59:26 [32minfo[39m]: Iniciando y Conectando a la DB
[07:59:26 [32minfo[39m]: Bot Iniciado con Exito Dia de Registro Mon Sep 18 2023 07:59:26
[07:59:28 [31merror[39m]: uncaughtException: Cannot read properties of undefined (reading 'send')
TypeError: Cannot read properties of undefined (reading 'send')
    at /home/runner/xd/Events/⚡ Cliente/presencia.js:105:61
[07:59:28 [31merror[39m]: uncaughtException: Cannot read properties of undefined (reading 'send')
TypeError: Cannot read properties of undefined (reading 'send')
    at /home/runner/xd/Events/⚡ Cliente/presencia.js:105:61
[08:09:28 [32minfo[39m]: Iniciando y Conectando a la DB
[08:09:28 [32minfo[39m]: Bot Iniciado con Exito Dia de Registro Mon Sep 18 2023 08:09:28
[08:09:30 [31merror[39m]: uncaughtException: Cannot read properties of undefined (reading 'send')
TypeError: Cannot read properties of undefined (reading 'send')
    at /home/runner/xd/Events/⚡ Cliente/presencia.js:105:61
[08:09:30 [31merror[39m]: uncaughtException: Cannot read properties of undefined (reading 'send')
TypeError: Cannot read properties of undefined (reading 'send')
    at /home/runner/xd/Events/⚡ Cliente/presencia.js:105:61
[08:14:37 [32minfo[39m]: Iniciando y Conectando a la DB
[08:14:37 [32minfo[39m]: Bot Iniciado con Exito Dia de Registro Mon Sep 18 2023 08:14:37
[08:14:38 [31merror[39m]: uncaughtException: Cannot read properties of undefined (reading 'send')
TypeError: Cannot read properties of undefined (reading 'send')
    at /home/runner/xd/Events/⚡ Cliente/presencia.js:105:61
[08:14:38 [31merror[39m]: uncaughtException: Cannot read properties of undefined (reading 'send')
TypeError: Cannot read properties of undefined (reading 'send')
    at /home/runner/xd/Events/⚡ Cliente/presencia.js:105:61
[08:20:26 [32minfo[39m]: Iniciando y Conectando a la DB
[08:20:26 [32minfo[39m]: Bot Iniciado con Exito Dia de Registro Mon Sep 18 2023 08:20:26
[08:20:28 [31merror[39m]: uncaughtException: Cannot read properties of undefined (reading 'send')
TypeError: Cannot read properties of undefined (reading 'send')
    at /home/runner/xd/Events/⚡ Cliente/presencia.js:105:61
[08:20:28 [31merror[39m]: uncaughtException: Cannot read properties of undefined (reading 'send')
TypeError: Cannot read properties of undefined (reading 'send')
    at /home/runner/xd/Events/⚡ Cliente/presencia.js:105:61
[08:25:28 [32minfo[39m]: Iniciando y Conectando a la DB
[08:25:28 [32minfo[39m]: Bot Iniciado con Exito Dia de Registro Mon Sep 18 2023 08:25:28
[08:25:30 [31merror[39m]: uncaughtException: Cannot read properties of undefined (reading 'send')
TypeError: Cannot read properties of undefined (reading 'send')
    at /home/runner/xd/Events/⚡ Cliente/presencia.js:105:61
[08:25:30 [31merror[39m]: uncaughtException: Cannot read properties of undefined (reading 'send')
TypeError: Cannot read properties of undefined (reading 'send')
    at /home/runner/xd/Events/⚡ Cliente/presencia.js:105:61
[08:30:21 [32minfo[39m]: Iniciando y Conectando a la DB
[08:30:21 [32minfo[39m]: Bot Iniciado con Exito Dia de Registro Mon Sep 18 2023 08:30:21
[08:30:23 [31merror[39m]: uncaughtException: Cannot read properties of undefined (reading 'send')
TypeError: Cannot read properties of undefined (reading 'send')
    at /home/runner/xd/Events/⚡ Cliente/presencia.js:105:61
[08:30:23 [31merror[39m]: uncaughtException: Cannot read properties of undefined (reading 'send')
TypeError: Cannot read properties of undefined (reading 'send')
    at /home/runner/xd/Events/⚡ Cliente/presencia.js:105:61
[08:42:40 [32minfo[39m]: Iniciando y Conectando a la DB
[08:42:40 [32minfo[39m]: Bot Iniciado con Exito Dia de Registro Mon Sep 18 2023 08:42:40
[08:42:42 [31merror[39m]: uncaughtException: Cannot read properties of undefined (reading 'send')
TypeError: Cannot read properties of undefined (reading 'send')
    at /home/runner/xd/Events/⚡ Cliente/presencia.js:105:61
[08:42:42 [31merror[39m]: uncaughtException: Cannot read properties of undefined (reading 'send')
TypeError: Cannot read properties of undefined (reading 'send')
    at /home/runner/xd/Events/⚡ Cliente/presencia.js:105:61
[08:47:51 [32minfo[39m]: Iniciando y Conectando a la DB
[08:47:51 [32minfo[39m]: Bot Iniciado con Exito Dia de Registro Mon Sep 18 2023 08:47:51
[08:47:54 [31merror[39m]: uncaughtException: Cannot read properties of undefined (reading 'send')
TypeError: Cannot read properties of undefined (reading 'send')
    at /home/runner/xd/Events/⚡ Cliente/presencia.js:105:61
[08:47:54 [31merror[39m]: uncaughtException: Cannot read properties of undefined (reading 'send')
TypeError: Cannot read properties of undefined (reading 'send')
    at /home/runner/xd/Events/⚡ Cliente/presencia.js:105:61
[08:52:41 [32minfo[39m]: Iniciando y Conectando a la DB
[08:52:41 [32minfo[39m]: Bot Iniciado con Exito Dia de Registro Mon Sep 18 2023 08:52:41
[08:52:43 [31merror[39m]: uncaughtException: Cannot read properties of undefined (reading 'send')
TypeError: Cannot read properties of undefined (reading 'send')
    at /home/runner/xd/Events/⚡ Cliente/presencia.js:105:61
[08:52:43 [31merror[39m]: uncaughtException: Cannot read properties of undefined (reading 'send')
TypeError: Cannot read properties of undefined (reading 'send')
    at /home/runner/xd/Events/⚡ Cliente/presencia.js:105:61
[09:07:51 [32minfo[39m]: Iniciando y Conectando a la DB
[09:07:51 [32minfo[39m]: Bot Iniciado con Exito Dia de Registro Mon Sep 18 2023 09:07:51
[09:07:53 [31merror[39m]: uncaughtException: Cannot read properties of undefined (reading 'send')
TypeError: Cannot read properties of undefined (reading 'send')
    at /home/runner/xd/Events/⚡ Cliente/presencia.js:105:61
[09:07:53 [31merror[39m]: uncaughtException: Cannot read properties of undefined (reading 'send')
TypeError: Cannot read properties of undefined (reading 'send')
    at /home/runner/xd/Events/⚡ Cliente/presencia.js:105:61
[09:13:13 [32minfo[39m]: Iniciando y Conectando a la DB
[09:13:13 [32minfo[39m]: Bot Iniciado con Exito Dia de Registro Mon Sep 18 2023 09:13:13
[09:13:15 [31merror[39m]: uncaughtException: Cannot read properties of undefined (reading 'send')
TypeError: Cannot read properties of undefined (reading 'send')
    at /home/runner/xd/Events/⚡ Cliente/presencia.js:105:61
[09:13:15 [31merror[39m]: uncaughtException: Cannot read properties of undefined (reading 'send')
TypeError: Cannot read properties of undefined (reading 'send')
    at /home/runner/xd/Events/⚡ Cliente/presencia.js:105:61
[09:18:23 [32minfo[39m]: Iniciando y Conectando a la DB
[09:18:23 [32minfo[39m]: Bot Iniciado con Exito Dia de Registro Mon Sep 18 2023 09:18:23
[09:18:25 [31merror[39m]: uncaughtException: Cannot read properties of undefined (reading 'send')
TypeError: Cannot read properties of undefined (reading 'send')
    at /home/runner/xd/Events/⚡ Cliente/presencia.js:105:61
[09:18:25 [31merror[39m]: uncaughtException: Cannot read properties of undefined (reading 'send')
TypeError: Cannot read properties of undefined (reading 'send')
    at /home/runner/xd/Events/⚡ Cliente/presencia.js:105:61
[09:23:23 [32minfo[39m]: Iniciando y Conectando a la DB
[09:23:23 [32minfo[39m]: Bot Iniciado con Exito Dia de Registro Mon Sep 18 2023 09:23:23
[09:23:24 [31merror[39m]: uncaughtException: Cannot read properties of undefined (reading 'send')
TypeError: Cannot read properties of undefined (reading 'send')
    at /home/runner/xd/Events/⚡ Cliente/presencia.js:105:61
[09:23:24 [31merror[39m]: uncaughtException: Cannot read properties of undefined (reading 'send')
TypeError: Cannot read properties of undefined (reading 'send')
    at /home/runner/xd/Events/⚡ Cliente/presencia.js:105:61
[09:28:35 [32minfo[39m]: Iniciando y Conectando a la DB
[09:28:35 [32minfo[39m]: Bot Iniciado con Exito Dia de Registro Mon Sep 18 2023 09:28:35
[09:28:38 [31merror[39m]: uncaughtException: Cannot read properties of undefined (reading 'send')
TypeError: Cannot read properties of undefined (reading 'send')
    at /home/runner/xd/Events/⚡ Cliente/presencia.js:105:61
[09:28:38 [31merror[39m]: uncaughtException: Cannot read properties of undefined (reading 'send')
TypeError: Cannot read properties of undefined (reading 'send')
    at /home/runner/xd/Events/⚡ Cliente/presencia.js:105:61
[09:29:36 [32minfo[39m]: Iniciando y Conectando a la DB
[09:29:36 [32minfo[39m]: Bot Iniciado con Exito Dia de Registro Mon Sep 18 2023 09:29:36
[09:29:41 [31merror[39m]: unhandledRejection: other side closed
SocketError: other side closed
    at TLSSocket.onSocketEnd (/home/runner/xd/node_modules/undici/lib/client.js:995:22)
    at TLSSocket.emit (node:events:525:35)
    at TLSSocket.emit (node:domain:489:12)
    at endReadableNT (node:internal/streams/readable:1359:12)
[09:29:41 [31merror[39m]: unhandledRejection: other side closed
SocketError: other side closed
    at TLSSocket.onSocketEnd (/home/runner/xd/node_modules/undici/lib/client.js:995:22)
    at TLSSocket.emit (node:events:525:35)
    at TLSSocket.emit (node:domain:489:12)
    at endReadableNT (node:internal/streams/readable:1359:12)
[09:29:42 [31merror[39m]: unhandledRejection: Unknown Webhook
DiscordAPIError[10015]: Unknown Webhook
    at handleErrors (/home/runner/xd/node_modules/@discordjs/rest/dist/index.js:687:13)
    at process.processTicksAndRejections (node:internal/process/task_queues:95:5)
    at async SequentialHandler.runRequest (/home/runner/xd/node_modules/@discordjs/rest/dist/index.js:1072:23)
    at async SequentialHandler.queueRequest (/home/runner/xd/node_modules/@discordjs/rest/dist/index.js:913:14)
    at async _REST.request (/home/runner/xd/node_modules/@discordjs/rest/dist/index.js:1218:22)
[09:35:27 [32minfo[39m]: Iniciando y Conectando a la DB
[09:35:28 [32minfo[39m]: Bot Iniciado con Exito Dia de Registro Mon Sep 18 2023 09:35:28
[09:35:29 [31merror[39m]: uncaughtException: Cannot read properties of undefined (reading 'send')
TypeError: Cannot read properties of undefined (reading 'send')
    at /home/runner/xd/Events/⚡ Cliente/presencia.js:105:61
[09:35:29 [31merror[39m]: uncaughtException: Cannot read properties of undefined (reading 'send')
TypeError: Cannot read properties of undefined (reading 'send')
    at /home/runner/xd/Events/⚡ Cliente/presencia.js:105:61
[09:40:31 [32minfo[39m]: Iniciando y Conectando a la DB
[09:40:31 [32minfo[39m]: Bot Iniciado con Exito Dia de Registro Mon Sep 18 2023 09:40:31
[09:40:33 [31merror[39m]: uncaughtException: Cannot read properties of undefined (reading 'send')
TypeError: Cannot read properties of undefined (reading 'send')
    at /home/runner/xd/Events/⚡ Cliente/presencia.js:105:61
[09:40:33 [31merror[39m]: uncaughtException: Cannot read properties of undefined (reading 'send')
TypeError: Cannot read properties of undefined (reading 'send')
    at /home/runner/xd/Events/⚡ Cliente/presencia.js:105:61
[09:45:29 [32minfo[39m]: Iniciando y Conectando a la DB
[09:45:29 [32minfo[39m]: Bot Iniciado con Exito Dia de Registro Mon Sep 18 2023 09:45:29
[09:45:32 [31merror[39m]: uncaughtException: Cannot read properties of undefined (reading 'send')
TypeError: Cannot read properties of undefined (reading 'send')
    at /home/runner/xd/Events/⚡ Cliente/presencia.js:105:61
[09:45:32 [31merror[39m]: uncaughtException: Cannot read properties of undefined (reading 'send')
TypeError: Cannot read properties of undefined (reading 'send')
    at /home/runner/xd/Events/⚡ Cliente/presencia.js:105:61
[09:50:30 [32minfo[39m]: Iniciando y Conectando a la DB
[09:50:30 [32minfo[39m]: Bot Iniciado con Exito Dia de Registro Mon Sep 18 2023 09:50:30
[09:50:32 [31merror[39m]: uncaughtException: Cannot read properties of undefined (reading 'send')
TypeError: Cannot read properties of undefined (reading 'send')
    at /home/runner/xd/Events/⚡ Cliente/presencia.js:105:61
[09:50:32 [31merror[39m]: uncaughtException: Cannot read properties of undefined (reading 'send')
TypeError: Cannot read properties of undefined (reading 'send')
    at /home/runner/xd/Events/⚡ Cliente/presencia.js:105:61
[09:55:38 [32minfo[39m]: Iniciando y Conectando a la DB
[09:55:38 [32minfo[39m]: Bot Iniciado con Exito Dia de Registro Mon Sep 18 2023 09:55:38
[09:55:40 [31merror[39m]: uncaughtException: Cannot read properties of undefined (reading 'send')
TypeError: Cannot read properties of undefined (reading 'send')
    at /home/runner/xd/Events/⚡ Cliente/presencia.js:105:61
[09:55:40 [31merror[39m]: uncaughtException: Cannot read properties of undefined (reading 'send')
TypeError: Cannot read properties of undefined (reading 'send')
    at /home/runner/xd/Events/⚡ Cliente/presencia.js:105:61
[10:01:19 [32minfo[39m]: Iniciando y Conectando a la DB
[10:01:19 [32minfo[39m]: Bot Iniciado con Exito Dia de Registro Mon Sep 18 2023 10:01:19
[10:01:20 [31merror[39m]: uncaughtException: Cannot read properties of undefined (reading 'send')
TypeError: Cannot read properties of undefined (reading 'send')
    at /home/runner/xd/Events/⚡ Cliente/presencia.js:105:61
[10:01:20 [31merror[39m]: uncaughtException: Cannot read properties of undefined (reading 'send')
TypeError: Cannot read properties of undefined (reading 'send')
    at /home/runner/xd/Events/⚡ Cliente/presencia.js:105:61
[10:06:15 [32minfo[39m]: Iniciando y Conectando a la DB
[10:06:15 [32minfo[39m]: Bot Iniciado con Exito Dia de Registro Mon Sep 18 2023 10:06:15
[10:06:17 [31merror[39m]: uncaughtException: Cannot read properties of undefined (reading 'send')
TypeError: Cannot read properties of undefined (reading 'send')
    at /home/runner/xd/Events/⚡ Cliente/presencia.js:105:61
[10:06:17 [31merror[39m]: uncaughtException: Cannot read properties of undefined (reading 'send')
TypeError: Cannot read properties of undefined (reading 'send')
    at /home/runner/xd/Events/⚡ Cliente/presencia.js:105:61
[10:11:26 [32minfo[39m]: Iniciando y Conectando a la DB
[10:11:26 [32minfo[39m]: Bot Iniciado con Exito Dia de Registro Mon Sep 18 2023 10:11:26
[10:11:27 [31merror[39m]: uncaughtException: Cannot read properties of undefined (reading 'send')
TypeError: Cannot read properties of undefined (reading 'send')
    at /home/runner/xd/Events/⚡ Cliente/presencia.js:105:61
[10:11:27 [31merror[39m]: uncaughtException: Cannot read properties of undefined (reading 'send')
TypeError: Cannot read properties of undefined (reading 'send')
    at /home/runner/xd/Events/⚡ Cliente/presencia.js:105:61
[10:17:10 [32minfo[39m]: Iniciando y Conectando a la DB
[10:17:10 [32minfo[39m]: Bot Iniciado con Exito Dia de Registro Mon Sep 18 2023 10:17:10
[10:17:13 [31merror[39m]: uncaughtException: Cannot read properties of undefined (reading 'send')
TypeError: Cannot read properties of undefined (reading 'send')
    at /home/runner/xd/Events/⚡ Cliente/presencia.js:105:61
[10:17:13 [31merror[39m]: uncaughtException: Cannot read properties of undefined (reading 'send')
TypeError: Cannot read properties of undefined (reading 'send')
    at /home/runner/xd/Events/⚡ Cliente/presencia.js:105:61
[11:37:19 [32minfo[39m]: Iniciando y Conectando a la DB
[11:37:19 [32minfo[39m]: Bot Iniciado con Exito Dia de Registro Mon Sep 18 2023 11:37:19
[11:37:22 [31merror[39m]: uncaughtException: Cannot read properties of undefined (reading 'send')
TypeError: Cannot read properties of undefined (reading 'send')
    at /home/runner/xd/Events/⚡ Cliente/presencia.js:105:61
[11:37:22 [31merror[39m]: uncaughtException: Cannot read properties of undefined (reading 'send')
TypeError: Cannot read properties of undefined (reading 'send')
    at /home/runner/xd/Events/⚡ Cliente/presencia.js:105:61
[11:37:39 [32minfo[39m]: Iniciando y Conectando a la DB
[11:37:39 [32minfo[39m]: Bot Iniciado con Exito Dia de Registro Mon Sep 18 2023 11:37:39
[11:37:40 [31merror[39m]: uncaughtException: Cannot read properties of undefined (reading 'send')
TypeError: Cannot read properties of undefined (reading 'send')
    at /home/runner/xd/Events/⚡ Cliente/presencia.js:105:61
[11:37:40 [31merror[39m]: uncaughtException: Cannot read properties of undefined (reading 'send')
TypeError: Cannot read properties of undefined (reading 'send')
    at /home/runner/xd/Events/⚡ Cliente/presencia.js:105:61
[12:46:42 [32minfo[39m]: Iniciando y Conectando a la DB
[12:46:42 [32minfo[39m]: Bot Iniciado con Exito Dia de Registro Mon Sep 18 2023 12:46:42
[12:46:44 [31merror[39m]: uncaughtException: Cannot read properties of undefined (reading 'send')
TypeError: Cannot read properties of undefined (reading 'send')
    at /home/runner/xd/Events/⚡ Cliente/presencia.js:105:61
[12:46:44 [31merror[39m]: uncaughtException: Cannot read properties of undefined (reading 'send')
TypeError: Cannot read properties of undefined (reading 'send')
    at /home/runner/xd/Events/⚡ Cliente/presencia.js:105:61
[12:51:32 [32minfo[39m]: Iniciando y Conectando a la DB
[12:51:32 [32minfo[39m]: Bot Iniciado con Exito Dia de Registro Mon Sep 18 2023 12:51:32
[12:51:33 [31merror[39m]: uncaughtException: Cannot read properties of undefined (reading 'send')
TypeError: Cannot read properties of undefined (reading 'send')
    at /home/runner/xd/Events/⚡ Cliente/presencia.js:105:61
[12:51:33 [31merror[39m]: uncaughtException: Cannot read properties of undefined (reading 'send')
TypeError: Cannot read properties of undefined (reading 'send')
    at /home/runner/xd/Events/⚡ Cliente/presencia.js:105:61
[12:56:34 [32minfo[39m]: Iniciando y Conectando a la DB
[12:56:34 [32minfo[39m]: Bot Iniciado con Exito Dia de Registro Mon Sep 18 2023 12:56:34
[12:56:36 [31merror[39m]: uncaughtException: Cannot read properties of undefined (reading 'send')
TypeError: Cannot read properties of undefined (reading 'send')
    at /home/runner/xd/Events/⚡ Cliente/presencia.js:105:61
[12:56:36 [31merror[39m]: uncaughtException: Cannot read properties of undefined (reading 'send')
TypeError: Cannot read properties of undefined (reading 'send')
    at /home/runner/xd/Events/⚡ Cliente/presencia.js:105:61
[13:02:04 [32minfo[39m]: Iniciando y Conectando a la DB
[13:02:04 [32minfo[39m]: Bot Iniciado con Exito Dia de Registro Mon Sep 18 2023 13:02:04
[13:02:08 [31merror[39m]: uncaughtException: Cannot read properties of undefined (reading 'send')
TypeError: Cannot read properties of undefined (reading 'send')
    at /home/runner/xd/Events/⚡ Cliente/presencia.js:105:61
[13:02:08 [31merror[39m]: uncaughtException: Cannot read properties of undefined (reading 'send')
TypeError: Cannot read properties of undefined (reading 'send')
    at /home/runner/xd/Events/⚡ Cliente/presencia.js:105:61
[13:02:25 [32minfo[39m]: Iniciando y Conectando a la DB
[13:02:25 [32minfo[39m]: Bot Iniciado con Exito Dia de Registro Mon Sep 18 2023 13:02:25
[13:02:26 [31merror[39m]: uncaughtException: Cannot read properties of undefined (reading 'send')
TypeError: Cannot read properties of undefined (reading 'send')
    at /home/runner/xd/Events/⚡ Cliente/presencia.js:105:61
[13:02:26 [31merror[39m]: uncaughtException: Cannot read properties of undefined (reading 'send')
TypeError: Cannot read properties of undefined (reading 'send')
    at /home/runner/xd/Events/⚡ Cliente/presencia.js:105:61
[13:07:22 [32minfo[39m]: Iniciando y Conectando a la DB
[13:07:22 [32minfo[39m]: Bot Iniciado con Exito Dia de Registro Mon Sep 18 2023 13:07:22
[13:07:24 [31merror[39m]: uncaughtException: Cannot read properties of undefined (reading 'send')
TypeError: Cannot read properties of undefined (reading 'send')
    at /home/runner/xd/Events/⚡ Cliente/presencia.js:105:61
[13:07:24 [31merror[39m]: uncaughtException: Cannot read properties of undefined (reading 'send')
TypeError: Cannot read properties of undefined (reading 'send')
    at /home/runner/xd/Events/⚡ Cliente/presencia.js:105:61
[13:13:08 [32minfo[39m]: Iniciando y Conectando a la DB
[13:13:08 [32minfo[39m]: Bot Iniciado con Exito Dia de Registro Mon Sep 18 2023 13:13:08
[13:13:09 [31merror[39m]: uncaughtException: Cannot read properties of undefined (reading 'send')
TypeError: Cannot read properties of undefined (reading 'send')
    at /home/runner/xd/Events/⚡ Cliente/presencia.js:105:61
[13:13:09 [31merror[39m]: uncaughtException: Cannot read properties of undefined (reading 'send')
TypeError: Cannot read properties of undefined (reading 'send')
    at /home/runner/xd/Events/⚡ Cliente/presencia.js:105:61
[13:18:07 [32minfo[39m]: Iniciando y Conectando a la DB
[13:18:07 [32minfo[39m]: Bot Iniciado con Exito Dia de Registro Mon Sep 18 2023 13:18:07
[13:18:08 [31merror[39m]: uncaughtException: Cannot read properties of undefined (reading 'send')
TypeError: Cannot read properties of undefined (reading 'send')
    at /home/runner/xd/Events/⚡ Cliente/presencia.js:105:61
[13:18:08 [31merror[39m]: uncaughtException: Cannot read properties of undefined (reading 'send')
TypeError: Cannot read properties of undefined (reading 'send')
    at /home/runner/xd/Events/⚡ Cliente/presencia.js:105:61
[13:22:57 [32minfo[39m]: Iniciando y Conectando a la DB
[13:22:57 [32minfo[39m]: Bot Iniciado con Exito Dia de Registro Mon Sep 18 2023 13:22:57
[13:22:59 [31merror[39m]: uncaughtException: Cannot read properties of undefined (reading 'send')
TypeError: Cannot read properties of undefined (reading 'send')
    at /home/runner/xd/Events/⚡ Cliente/presencia.js:105:61
[13:22:59 [31merror[39m]: uncaughtException: Cannot read properties of undefined (reading 'send')
TypeError: Cannot read properties of undefined (reading 'send')
    at /home/runner/xd/Events/⚡ Cliente/presencia.js:105:61
[13:28:06 [32minfo[39m]: Iniciando y Conectando a la DB
[13:28:06 [32minfo[39m]: Bot Iniciado con Exito Dia de Registro Mon Sep 18 2023 13:28:06
[13:28:08 [31merror[39m]: uncaughtException: Cannot read properties of undefined (reading 'send')
TypeError: Cannot read properties of undefined (reading 'send')
    at /home/runner/xd/Events/⚡ Cliente/presencia.js:105:61
[13:28:08 [31merror[39m]: uncaughtException: Cannot read properties of undefined (reading 'send')
TypeError: Cannot read properties of undefined (reading 'send')
    at /home/runner/xd/Events/⚡ Cliente/presencia.js:105:61
[13:33:15 [32minfo[39m]: Iniciando y Conectando a la DB
[13:33:15 [32minfo[39m]: Bot Iniciado con Exito Dia de Registro Mon Sep 18 2023 13:33:15
[13:33:18 [31merror[39m]: uncaughtException: Cannot read properties of undefined (reading 'send')
TypeError: Cannot read properties of undefined (reading 'send')
    at /home/runner/xd/Events/⚡ Cliente/presencia.js:105:61
[13:33:18 [31merror[39m]: uncaughtException: Cannot read properties of undefined (reading 'send')
TypeError: Cannot read properties of undefined (reading 'send')
    at /home/runner/xd/Events/⚡ Cliente/presencia.js:105:61
[13:37:57 [32minfo[39m]: Iniciando y Conectando a la DB
[13:37:57 [32minfo[39m]: Bot Iniciado con Exito Dia de Registro Mon Sep 18 2023 13:37:57
[13:37:58 [31merror[39m]: uncaughtException: Cannot read properties of undefined (reading 'send')
TypeError: Cannot read properties of undefined (reading 'send')
    at /home/runner/xd/Events/⚡ Cliente/presencia.js:105:61
[13:37:58 [31merror[39m]: uncaughtException: Cannot read properties of undefined (reading 'send')
TypeError: Cannot read properties of undefined (reading 'send')
    at /home/runner/xd/Events/⚡ Cliente/presencia.js:105:61
[13:42:57 [32minfo[39m]: Iniciando y Conectando a la DB
[13:42:57 [32minfo[39m]: Bot Iniciado con Exito Dia de Registro Mon Sep 18 2023 13:42:57
[13:42:58 [31merror[39m]: uncaughtException: Cannot read properties of undefined (reading 'send')
TypeError: Cannot read properties of undefined (reading 'send')
    at /home/runner/xd/Events/⚡ Cliente/presencia.js:105:61
[13:42:58 [31merror[39m]: uncaughtException: Cannot read properties of undefined (reading 'send')
TypeError: Cannot read properties of undefined (reading 'send')
    at /home/runner/xd/Events/⚡ Cliente/presencia.js:105:61
[13:47:57 [32minfo[39m]: Iniciando y Conectando a la DB
[13:47:57 [32minfo[39m]: Bot Iniciado con Exito Dia de Registro Mon Sep 18 2023 13:47:57
[13:47:59 [31merror[39m]: uncaughtException: Cannot read properties of undefined (reading 'send')
TypeError: Cannot read properties of undefined (reading 'send')
    at /home/runner/xd/Events/⚡ Cliente/presencia.js:105:61
[13:47:59 [31merror[39m]: uncaughtException: Cannot read properties of undefined (reading 'send')
TypeError: Cannot read properties of undefined (reading 'send')
    at /home/runner/xd/Events/⚡ Cliente/presencia.js:105:61
[13:52:58 [32minfo[39m]: Iniciando y Conectando a la DB
[13:52:58 [32minfo[39m]: Bot Iniciado con Exito Dia de Registro Mon Sep 18 2023 13:52:58
[13:53:00 [31merror[39m]: uncaughtException: Cannot read properties of undefined (reading 'send')
TypeError: Cannot read properties of undefined (reading 'send')
    at /home/runner/xd/Events/⚡ Cliente/presencia.js:105:61
[13:53:00 [31merror[39m]: uncaughtException: Cannot read properties of undefined (reading 'send')
TypeError: Cannot read properties of undefined (reading 'send')
    at /home/runner/xd/Events/⚡ Cliente/presencia.js:105:61
[13:58:57 [32minfo[39m]: Iniciando y Conectando a la DB
[13:58:57 [32minfo[39m]: Bot Iniciado con Exito Dia de Registro Mon Sep 18 2023 13:58:57
[13:58:59 [31merror[39m]: uncaughtException: Cannot read properties of undefined (reading 'send')
TypeError: Cannot read properties of undefined (reading 'send')
    at /home/runner/xd/Events/⚡ Cliente/presencia.js:105:61
[13:58:59 [31merror[39m]: uncaughtException: Cannot read properties of undefined (reading 'send')
TypeError: Cannot read properties of undefined (reading 'send')
    at /home/runner/xd/Events/⚡ Cliente/presencia.js:105:61
[14:03:46 [32minfo[39m]: Iniciando y Conectando a la DB
[14:03:46 [32minfo[39m]: Bot Iniciado con Exito Dia de Registro Mon Sep 18 2023 14:03:46
[14:03:47 [31merror[39m]: uncaughtException: Cannot read properties of undefined (reading 'send')
TypeError: Cannot read properties of undefined (reading 'send')
    at /home/runner/xd/Events/⚡ Cliente/presencia.js:105:61
[14:03:47 [31merror[39m]: uncaughtException: Cannot read properties of undefined (reading 'send')
TypeError: Cannot read properties of undefined (reading 'send')
    at /home/runner/xd/Events/⚡ Cliente/presencia.js:105:61
[14:08:47 [32minfo[39m]: Iniciando y Conectando a la DB
[14:08:47 [32minfo[39m]: Bot Iniciado con Exito Dia de Registro Mon Sep 18 2023 14:08:47
[14:08:48 [31merror[39m]: uncaughtException: Cannot read properties of undefined (reading 'send')
TypeError: Cannot read properties of undefined (reading 'send')
    at /home/runner/xd/Events/⚡ Cliente/presencia.js:105:61
[14:08:48 [31merror[39m]: uncaughtException: Cannot read properties of undefined (reading 'send')
TypeError: Cannot read properties of undefined (reading 'send')
    at /home/runner/xd/Events/⚡ Cliente/presencia.js:105:61
[14:18:46 [32minfo[39m]: Iniciando y Conectando a la DB
[14:18:46 [32minfo[39m]: Bot Iniciado con Exito Dia de Registro Mon Sep 18 2023 14:18:46
[14:18:47 [31merror[39m]: uncaughtException: Cannot read properties of undefined (reading 'send')
TypeError: Cannot read properties of undefined (reading 'send')
    at /home/runner/xd/Events/⚡ Cliente/presencia.js:105:61
[14:18:47 [31merror[39m]: uncaughtException: Cannot read properties of undefined (reading 'send')
TypeError: Cannot read properties of undefined (reading 'send')
    at /home/runner/xd/Events/⚡ Cliente/presencia.js:105:61
[14:23:46 [32minfo[39m]: Iniciando y Conectando a la DB
[14:23:46 [32minfo[39m]: Bot Iniciado con Exito Dia de Registro Mon Sep 18 2023 14:23:46
[14:23:47 [31merror[39m]: uncaughtException: Cannot read properties of undefined (reading 'send')
TypeError: Cannot read properties of undefined (reading 'send')
    at /home/runner/xd/Events/⚡ Cliente/presencia.js:105:61
[14:23:47 [31merror[39m]: uncaughtException: Cannot read properties of undefined (reading 'send')
TypeError: Cannot read properties of undefined (reading 'send')
    at /home/runner/xd/Events/⚡ Cliente/presencia.js:105:61
[14:28:36 [32minfo[39m]: Iniciando y Conectando a la DB
[14:28:36 [32minfo[39m]: Bot Iniciado con Exito Dia de Registro Mon Sep 18 2023 14:28:36
[14:28:37 [31merror[39m]: uncaughtException: Cannot read properties of undefined (reading 'send')
TypeError: Cannot read properties of undefined (reading 'send')
    at /home/runner/xd/Events/⚡ Cliente/presencia.js:105:61
[14:28:37 [31merror[39m]: uncaughtException: Cannot read properties of undefined (reading 'send')
TypeError: Cannot read properties of undefined (reading 'send')
    at /home/runner/xd/Events/⚡ Cliente/presencia.js:105:61
[14:33:37 [32minfo[39m]: Iniciando y Conectando a la DB
[14:33:37 [32minfo[39m]: Bot Iniciado con Exito Dia de Registro Mon Sep 18 2023 14:33:37
[14:33:39 [31merror[39m]: uncaughtException: Cannot read properties of undefined (reading 'send')
TypeError: Cannot read properties of undefined (reading 'send')
    at /home/runner/xd/Events/⚡ Cliente/presencia.js:105:61
[14:33:39 [31merror[39m]: uncaughtException: Cannot read properties of undefined (reading 'send')
TypeError: Cannot read properties of undefined (reading 'send')
    at /home/runner/xd/Events/⚡ Cliente/presencia.js:105:61
[17:44:38 [32minfo[39m]: Iniciando y Conectando a la DB
[17:44:38 [32minfo[39m]: Bot Iniciado con Exito Dia de Registro Mon Sep 18 2023 17:44:38
[17:44:40 [31merror[39m]: uncaughtException: Cannot read properties of undefined (reading 'send')
TypeError: Cannot read properties of undefined (reading 'send')
    at /home/runner/xd/Events/⚡ Cliente/presencia.js:105:61
[17:44:40 [31merror[39m]: uncaughtException: Cannot read properties of undefined (reading 'send')
TypeError: Cannot read properties of undefined (reading 'send')
    at /home/runner/xd/Events/⚡ Cliente/presencia.js:105:61
[17:49:37 [32minfo[39m]: Iniciando y Conectando a la DB
[17:49:37 [32minfo[39m]: Bot Iniciado con Exito Dia de Registro Mon Sep 18 2023 17:49:37
[17:49:38 [31merror[39m]: uncaughtException: Cannot read properties of undefined (reading 'send')
TypeError: Cannot read properties of undefined (reading 'send')
    at /home/runner/xd/Events/⚡ Cliente/presencia.js:105:61
[17:49:38 [31merror[39m]: uncaughtException: Cannot read properties of undefined (reading 'send')
TypeError: Cannot read properties of undefined (reading 'send')
    at /home/runner/xd/Events/⚡ Cliente/presencia.js:105:61
[17:59:47 [32minfo[39m]: Iniciando y Conectando a la DB
[17:59:47 [32minfo[39m]: Bot Iniciado con Exito Dia de Registro Mon Sep 18 2023 17:59:47
[17:59:48 [31merror[39m]: uncaughtException: Cannot read properties of undefined (reading 'send')
TypeError: Cannot read properties of undefined (reading 'send')
    at /home/runner/xd/Events/⚡ Cliente/presencia.js:105:61
[17:59:48 [31merror[39m]: uncaughtException: Cannot read properties of undefined (reading 'send')
TypeError: Cannot read properties of undefined (reading 'send')
    at /home/runner/xd/Events/⚡ Cliente/presencia.js:105:61
[18:04:40 [32minfo[39m]: Iniciando y Conectando a la DB
[18:04:40 [32minfo[39m]: Bot Iniciado con Exito Dia de Registro Mon Sep 18 2023 18:04:40
[18:04:43 [31merror[39m]: uncaughtException: Cannot read properties of undefined (reading 'send')
TypeError: Cannot read properties of undefined (reading 'send')
    at /home/runner/xd/Events/⚡ Cliente/presencia.js:105:61
[18:04:43 [31merror[39m]: uncaughtException: Cannot read properties of undefined (reading 'send')
TypeError: Cannot read properties of undefined (reading 'send')
    at /home/runner/xd/Events/⚡ Cliente/presencia.js:105:61
[18:09:48 [32minfo[39m]: Iniciando y Conectando a la DB
[18:09:48 [32minfo[39m]: Bot Iniciado con Exito Dia de Registro Mon Sep 18 2023 18:09:48
[18:09:49 [31merror[39m]: uncaughtException: Cannot read properties of undefined (reading 'send')
TypeError: Cannot read properties of undefined (reading 'send')
    at /home/runner/xd/Events/⚡ Cliente/presencia.js:105:61
[18:09:49 [31merror[39m]: uncaughtException: Cannot read properties of undefined (reading 'send')
TypeError: Cannot read properties of undefined (reading 'send')
    at /home/runner/xd/Events/⚡ Cliente/presencia.js:105:61
[18:14:47 [32minfo[39m]: Iniciando y Conectando a la DB
[18:14:47 [32minfo[39m]: Bot Iniciado con Exito Dia de Registro Mon Sep 18 2023 18:14:47
[18:14:49 [31merror[39m]: uncaughtException: Cannot read properties of undefined (reading 'send')
TypeError: Cannot read properties of undefined (reading 'send')
    at /home/runner/xd/Events/⚡ Cliente/presencia.js:105:61
[18:14:49 [31merror[39m]: uncaughtException: Cannot read properties of undefined (reading 'send')
TypeError: Cannot read properties of undefined (reading 'send')
    at /home/runner/xd/Events/⚡ Cliente/presencia.js:105:61
[18:19:36 [32minfo[39m]: Iniciando y Conectando a la DB
[18:19:36 [32minfo[39m]: Bot Iniciado con Exito Dia de Registro Mon Sep 18 2023 18:19:36
[18:19:38 [31merror[39m]: uncaughtException: Cannot read properties of undefined (reading 'send')
TypeError: Cannot read properties of undefined (reading 'send')
    at /home/runner/xd/Events/⚡ Cliente/presencia.js:105:61
[18:19:38 [31merror[39m]: uncaughtException: Cannot read properties of undefined (reading 'send')
TypeError: Cannot read properties of undefined (reading 'send')
    at /home/runner/xd/Events/⚡ Cliente/presencia.js:105:61
[18:24:44 [32minfo[39m]: Iniciando y Conectando a la DB
[18:24:44 [32minfo[39m]: Bot Iniciado con Exito Dia de Registro Mon Sep 18 2023 18:24:44
[18:24:50 [31merror[39m]: uncaughtException: Cannot read properties of undefined (reading 'send')
TypeError: Cannot read properties of undefined (reading 'send')
    at /home/runner/xd/Events/⚡ Cliente/presencia.js:105:61
[18:24:50 [31merror[39m]: uncaughtException: Cannot read properties of undefined (reading 'send')
TypeError: Cannot read properties of undefined (reading 'send')
    at /home/runner/xd/Events/⚡ Cliente/presencia.js:105:61
[18:30:31 [32minfo[39m]: Iniciando y Conectando a la DB
[18:30:31 [32minfo[39m]: Bot Iniciado con Exito Dia de Registro Mon Sep 18 2023 18:30:31
[18:30:33 [31merror[39m]: uncaughtException: Cannot read properties of undefined (reading 'send')
TypeError: Cannot read properties of undefined (reading 'send')
    at /home/runner/xd/Events/⚡ Cliente/presencia.js:105:61
[18:30:33 [31merror[39m]: uncaughtException: Cannot read properties of undefined (reading 'send')
TypeError: Cannot read properties of undefined (reading 'send')
    at /home/runner/xd/Events/⚡ Cliente/presencia.js:105:61
[18:35:19 [32minfo[39m]: Iniciando y Conectando a la DB
[18:35:19 [32minfo[39m]: Bot Iniciado con Exito Dia de Registro Mon Sep 18 2023 18:35:19
[18:35:21 [31merror[39m]: uncaughtException: Cannot read properties of undefined (reading 'send')
TypeError: Cannot read properties of undefined (reading 'send')
    at /home/runner/xd/Events/⚡ Cliente/presencia.js:105:61
[18:35:21 [31merror[39m]: uncaughtException: Cannot read properties of undefined (reading 'send')
TypeError: Cannot read properties of undefined (reading 'send')
    at /home/runner/xd/Events/⚡ Cliente/presencia.js:105:61
[18:40:24 [32minfo[39m]: Iniciando y Conectando a la DB
[18:40:24 [32minfo[39m]: Bot Iniciado con Exito Dia de Registro Mon Sep 18 2023 18:40:24
[18:40:26 [31merror[39m]: uncaughtException: Cannot read properties of undefined (reading 'send')
TypeError: Cannot read properties of undefined (reading 'send')
    at /home/runner/xd/Events/⚡ Cliente/presencia.js:105:61
[18:40:26 [31merror[39m]: uncaughtException: Cannot read properties of undefined (reading 'send')
TypeError: Cannot read properties of undefined (reading 'send')
    at /home/runner/xd/Events/⚡ Cliente/presencia.js:105:61
[18:50:20 [32minfo[39m]: Iniciando y Conectando a la DB
[18:50:20 [32minfo[39m]: Bot Iniciado con Exito Dia de Registro Mon Sep 18 2023 18:50:20
[18:50:22 [31merror[39m]: uncaughtException: Cannot read properties of undefined (reading 'send')
TypeError: Cannot read properties of undefined (reading 'send')
    at /home/runner/xd/Events/⚡ Cliente/presencia.js:105:61
[18:50:22 [31merror[39m]: uncaughtException: Cannot read properties of undefined (reading 'send')
TypeError: Cannot read properties of undefined (reading 'send')
    at /home/runner/xd/Events/⚡ Cliente/presencia.js:105:61
[18:55:20 [32minfo[39m]: Iniciando y Conectando a la DB
[18:55:20 [32minfo[39m]: Bot Iniciado con Exito Dia de Registro Mon Sep 18 2023 18:55:20
[18:55:21 [31merror[39m]: uncaughtException: Cannot read properties of undefined (reading 'send')
TypeError: Cannot read properties of undefined (reading 'send')
    at /home/runner/xd/Events/⚡ Cliente/presencia.js:105:61
[18:55:21 [31merror[39m]: uncaughtException: Cannot read properties of undefined (reading 'send')
TypeError: Cannot read properties of undefined (reading 'send')
    at /home/runner/xd/Events/⚡ Cliente/presencia.js:105:61
[19:00:21 [32minfo[39m]: Iniciando y Conectando a la DB
[19:00:21 [32minfo[39m]: Bot Iniciado con Exito Dia de Registro Mon Sep 18 2023 19:00:21
[19:00:23 [31merror[39m]: uncaughtException: Cannot read properties of undefined (reading 'send')
TypeError: Cannot read properties of undefined (reading 'send')
    at /home/runner/xd/Events/⚡ Cliente/presencia.js:105:61
[19:00:23 [31merror[39m]: uncaughtException: Cannot read properties of undefined (reading 'send')
TypeError: Cannot read properties of undefined (reading 'send')
    at /home/runner/xd/Events/⚡ Cliente/presencia.js:105:61
[19:10:24 [32minfo[39m]: Iniciando y Conectando a la DB
[19:10:24 [32minfo[39m]: Bot Iniciado con Exito Dia de Registro Mon Sep 18 2023 19:10:24
[19:10:25 [31merror[39m]: uncaughtException: Cannot read properties of undefined (reading 'send')
TypeError: Cannot read properties of undefined (reading 'send')
    at /home/runner/xd/Events/⚡ Cliente/presencia.js:105:61
[19:10:25 [31merror[39m]: uncaughtException: Cannot read properties of undefined (reading 'send')
TypeError: Cannot read properties of undefined (reading 'send')
    at /home/runner/xd/Events/⚡ Cliente/presencia.js:105:61
[19:15:21 [32minfo[39m]: Iniciando y Conectando a la DB
[19:15:21 [32minfo[39m]: Bot Iniciado con Exito Dia de Registro Mon Sep 18 2023 19:15:21
[19:15:22 [31merror[39m]: uncaughtException: Cannot read properties of undefined (reading 'send')
TypeError: Cannot read properties of undefined (reading 'send')
    at /home/runner/xd/Events/⚡ Cliente/presencia.js:105:61
[19:15:22 [31merror[39m]: uncaughtException: Cannot read properties of undefined (reading 'send')
TypeError: Cannot read properties of undefined (reading 'send')
    at /home/runner/xd/Events/⚡ Cliente/presencia.js:105:61
[19:20:43 [32minfo[39m]: Iniciando y Conectando a la DB
[19:20:43 [32minfo[39m]: Bot Iniciado con Exito Dia de Registro Mon Sep 18 2023 19:20:43
[19:20:48 [31merror[39m]: uncaughtException: Cannot read properties of undefined (reading 'send')
TypeError: Cannot read properties of undefined (reading 'send')
    at /home/runner/xd/Events/⚡ Cliente/presencia.js:105:61
[19:20:48 [31merror[39m]: uncaughtException: Cannot read properties of undefined (reading 'send')
TypeError: Cannot read properties of undefined (reading 'send')
    at /home/runner/xd/Events/⚡ Cliente/presencia.js:105:61
[19:26:11 [32minfo[39m]: Iniciando y Conectando a la DB
[19:26:11 [32minfo[39m]: Bot Iniciado con Exito Dia de Registro Mon Sep 18 2023 19:26:11
[19:26:12 [31merror[39m]: uncaughtException: Cannot read properties of undefined (reading 'send')
TypeError: Cannot read properties of undefined (reading 'send')
    at /home/runner/xd/Events/⚡ Cliente/presencia.js:105:61
[19:26:12 [31merror[39m]: uncaughtException: Cannot read properties of undefined (reading 'send')
TypeError: Cannot read properties of undefined (reading 'send')
    at /home/runner/xd/Events/⚡ Cliente/presencia.js:105:61
[19:31:11 [32minfo[39m]: Iniciando y Conectando a la DB
[19:31:11 [32minfo[39m]: Bot Iniciado con Exito Dia de Registro Mon Sep 18 2023 19:31:11
[19:31:12 [31merror[39m]: uncaughtException: Cannot read properties of undefined (reading 'send')
TypeError: Cannot read properties of undefined (reading 'send')
    at /home/runner/xd/Events/⚡ Cliente/presencia.js:105:61
[19:31:12 [31merror[39m]: uncaughtException: Cannot read properties of undefined (reading 'send')
TypeError: Cannot read properties of undefined (reading 'send')
    at /home/runner/xd/Events/⚡ Cliente/presencia.js:105:61
[19:36:10 [32minfo[39m]: Iniciando y Conectando a la DB
[19:36:10 [32minfo[39m]: Bot Iniciado con Exito Dia de Registro Mon Sep 18 2023 19:36:10
[19:36:12 [31merror[39m]: uncaughtException: Cannot read properties of undefined (reading 'send')
TypeError: Cannot read properties of undefined (reading 'send')
    at /home/runner/xd/Events/⚡ Cliente/presencia.js:105:61
[19:36:12 [31merror[39m]: uncaughtException: Cannot read properties of undefined (reading 'send')
TypeError: Cannot read properties of undefined (reading 'send')
    at /home/runner/xd/Events/⚡ Cliente/presencia.js:105:61
[20:07:30 [32minfo[39m]: Iniciando y Conectando a la DB
[20:07:30 [32minfo[39m]: Bot Iniciado con Exito Dia de Registro Mon Sep 18 2023 20:07:30
[20:07:31 [31merror[39m]: uncaughtException: Cannot read properties of undefined (reading 'send')
TypeError: Cannot read properties of undefined (reading 'send')
    at /home/runner/xd/Events/⚡ Cliente/presencia.js:105:61
[20:07:31 [31merror[39m]: uncaughtException: Cannot read properties of undefined (reading 'send')
TypeError: Cannot read properties of undefined (reading 'send')
    at /home/runner/xd/Events/⚡ Cliente/presencia.js:105:61
[20:12:33 [32minfo[39m]: Iniciando y Conectando a la DB
[20:12:33 [32minfo[39m]: Bot Iniciado con Exito Dia de Registro Mon Sep 18 2023 20:12:33
[20:12:35 [31merror[39m]: uncaughtException: Cannot read properties of undefined (reading 'send')
TypeError: Cannot read properties of undefined (reading 'send')
    at /home/runner/xd/Events/⚡ Cliente/presencia.js:105:61
[20:12:35 [31merror[39m]: uncaughtException: Cannot read properties of undefined (reading 'send')
TypeError: Cannot read properties of undefined (reading 'send')
    at /home/runner/xd/Events/⚡ Cliente/presencia.js:105:61
[20:17:32 [32minfo[39m]: Iniciando y Conectando a la DB
[20:17:32 [32minfo[39m]: Bot Iniciado con Exito Dia de Registro Mon Sep 18 2023 20:17:32
[20:17:33 [31merror[39m]: uncaughtException: Cannot read properties of undefined (reading 'send')
TypeError: Cannot read properties of undefined (reading 'send')
    at /home/runner/xd/Events/⚡ Cliente/presencia.js:105:61
[20:17:33 [31merror[39m]: uncaughtException: Cannot read properties of undefined (reading 'send')
TypeError: Cannot read properties of undefined (reading 'send')
    at /home/runner/xd/Events/⚡ Cliente/presencia.js:105:61
[20:22:30 [32minfo[39m]: Iniciando y Conectando a la DB
[20:22:30 [32minfo[39m]: Bot Iniciado con Exito Dia de Registro Mon Sep 18 2023 20:22:30
[20:22:32 [31merror[39m]: uncaughtException: Cannot read properties of undefined (reading 'send')
TypeError: Cannot read properties of undefined (reading 'send')
    at /home/runner/xd/Events/⚡ Cliente/presencia.js:105:61
[20:22:32 [31merror[39m]: uncaughtException: Cannot read properties of undefined (reading 'send')
TypeError: Cannot read properties of undefined (reading 'send')
    at /home/runner/xd/Events/⚡ Cliente/presencia.js:105:61
[20:27:31 [32minfo[39m]: Iniciando y Conectando a la DB
[20:27:31 [32minfo[39m]: Bot Iniciado con Exito Dia de Registro Mon Sep 18 2023 20:27:31
[20:27:32 [31merror[39m]: uncaughtException: Cannot read properties of undefined (reading 'send')
TypeError: Cannot read properties of undefined (reading 'send')
    at /home/runner/xd/Events/⚡ Cliente/presencia.js:105:61
[20:27:32 [31merror[39m]: uncaughtException: Cannot read properties of undefined (reading 'send')
TypeError: Cannot read properties of undefined (reading 'send')
    at /home/runner/xd/Events/⚡ Cliente/presencia.js:105:61
[20:33:05 [32minfo[39m]: Iniciando y Conectando a la DB
[20:33:05 [32minfo[39m]: Bot Iniciado con Exito Dia de Registro Mon Sep 18 2023 20:33:05
[20:33:08 [31merror[39m]: uncaughtException: Cannot read properties of undefined (reading 'send')
TypeError: Cannot read properties of undefined (reading 'send')
    at /home/runner/xd/Events/⚡ Cliente/presencia.js:105:61
[20:33:08 [31merror[39m]: uncaughtException: Cannot read properties of undefined (reading 'send')
TypeError: Cannot read properties of undefined (reading 'send')
    at /home/runner/xd/Events/⚡ Cliente/presencia.js:105:61
[20:38:04 [32minfo[39m]: Iniciando y Conectando a la DB
[20:38:04 [32minfo[39m]: Bot Iniciado con Exito Dia de Registro Mon Sep 18 2023 20:38:04
[20:38:06 [31merror[39m]: uncaughtException: Cannot read properties of undefined (reading 'send')
TypeError: Cannot read properties of undefined (reading 'send')
    at /home/runner/xd/Events/⚡ Cliente/presencia.js:105:61
[20:38:06 [31merror[39m]: uncaughtException: Cannot read properties of undefined (reading 'send')
TypeError: Cannot read properties of undefined (reading 'send')
    at /home/runner/xd/Events/⚡ Cliente/presencia.js:105:61
[20:43:04 [32minfo[39m]: Iniciando y Conectando a la DB
[20:43:04 [32minfo[39m]: Bot Iniciado con Exito Dia de Registro Mon Sep 18 2023 20:43:04
[20:43:06 [31merror[39m]: uncaughtException: Cannot read properties of undefined (reading 'send')
TypeError: Cannot read properties of undefined (reading 'send')
    at /home/runner/xd/Events/⚡ Cliente/presencia.js:105:61
[20:43:06 [31merror[39m]: uncaughtException: Cannot read properties of undefined (reading 'send')
TypeError: Cannot read properties of undefined (reading 'send')
    at /home/runner/xd/Events/⚡ Cliente/presencia.js:105:61
[20:48:13 [32minfo[39m]: Iniciando y Conectando a la DB
[20:48:13 [32minfo[39m]: Bot Iniciado con Exito Dia de Registro Mon Sep 18 2023 20:48:13
[20:48:15 [31merror[39m]: uncaughtException: Cannot read properties of undefined (reading 'send')
TypeError: Cannot read properties of undefined (reading 'send')
    at /home/runner/xd/Events/⚡ Cliente/presencia.js:105:61
[20:48:15 [31merror[39m]: uncaughtException: Cannot read properties of undefined (reading 'send')
TypeError: Cannot read properties of undefined (reading 'send')
    at /home/runner/xd/Events/⚡ Cliente/presencia.js:105:61
[20:58:05 [32minfo[39m]: Iniciando y Conectando a la DB
[20:58:05 [32minfo[39m]: Bot Iniciado con Exito Dia de Registro Mon Sep 18 2023 20:58:05
[20:58:07 [31merror[39m]: uncaughtException: Cannot read properties of undefined (reading 'send')
TypeError: Cannot read properties of undefined (reading 'send')
    at /home/runner/xd/Events/⚡ Cliente/presencia.js:105:61
[20:58:07 [31merror[39m]: uncaughtException: Cannot read properties of undefined (reading 'send')
TypeError: Cannot read properties of undefined (reading 'send')
    at /home/runner/xd/Events/⚡ Cliente/presencia.js:105:61
[21:03:13 [32minfo[39m]: Iniciando y Conectando a la DB
[21:03:13 [32minfo[39m]: Bot Iniciado con Exito Dia de Registro Mon Sep 18 2023 21:03:13
[21:03:15 [31merror[39m]: uncaughtException: Cannot read properties of undefined (reading 'send')
TypeError: Cannot read properties of undefined (reading 'send')
    at /home/runner/xd/Events/⚡ Cliente/presencia.js:105:61
[21:03:15 [31merror[39m]: uncaughtException: Cannot read properties of undefined (reading 'send')
TypeError: Cannot read properties of undefined (reading 'send')
    at /home/runner/xd/Events/⚡ Cliente/presencia.js:105:61
[21:08:14 [32minfo[39m]: Iniciando y Conectando a la DB
[21:08:14 [32minfo[39m]: Bot Iniciado con Exito Dia de Registro Mon Sep 18 2023 21:08:14
[21:08:15 [31merror[39m]: uncaughtException: Cannot read properties of undefined (reading 'send')
TypeError: Cannot read properties of undefined (reading 'send')
    at /home/runner/xd/Events/⚡ Cliente/presencia.js:105:61
[21:08:15 [31merror[39m]: uncaughtException: Cannot read properties of undefined (reading 'send')
TypeError: Cannot read properties of undefined (reading 'send')
    at /home/runner/xd/Events/⚡ Cliente/presencia.js:105:61
[21:13:07 [32minfo[39m]: Iniciando y Conectando a la DB
[21:13:07 [32minfo[39m]: Bot Iniciado con Exito Dia de Registro Mon Sep 18 2023 21:13:07
[21:13:08 [31merror[39m]: uncaughtException: Cannot read properties of undefined (reading 'send')
TypeError: Cannot read properties of undefined (reading 'send')
    at /home/runner/xd/Events/⚡ Cliente/presencia.js:105:61
[21:13:08 [31merror[39m]: uncaughtException: Cannot read properties of undefined (reading 'send')
TypeError: Cannot read properties of undefined (reading 'send')
    at /home/runner/xd/Events/⚡ Cliente/presencia.js:105:61
[21:23:05 [32minfo[39m]: Iniciando y Conectando a la DB
[21:23:05 [32minfo[39m]: Bot Iniciado con Exito Dia de Registro Mon Sep 18 2023 21:23:05
[21:23:06 [31merror[39m]: uncaughtException: Cannot read properties of undefined (reading 'send')
TypeError: Cannot read properties of undefined (reading 'send')
    at /home/runner/xd/Events/⚡ Cliente/presencia.js:105:61
[21:23:06 [31merror[39m]: uncaughtException: Cannot read properties of undefined (reading 'send')
TypeError: Cannot read properties of undefined (reading 'send')
    at /home/runner/xd/Events/⚡ Cliente/presencia.js:105:61
[21:28:06 [32minfo[39m]: Iniciando y Conectando a la DB
[21:28:06 [32minfo[39m]: Bot Iniciado con Exito Dia de Registro Mon Sep 18 2023 21:28:06
[21:28:08 [31merror[39m]: uncaughtException: Cannot read properties of undefined (reading 'send')
TypeError: Cannot read properties of undefined (reading 'send')
    at /home/runner/xd/Events/⚡ Cliente/presencia.js:105:61
[21:28:08 [31merror[39m]: uncaughtException: Cannot read properties of undefined (reading 'send')
TypeError: Cannot read properties of undefined (reading 'send')
    at /home/runner/xd/Events/⚡ Cliente/presencia.js:105:61
[21:33:57 [32minfo[39m]: Iniciando y Conectando a la DB
[21:33:57 [32minfo[39m]: Bot Iniciado con Exito Dia de Registro Mon Sep 18 2023 21:33:57
[21:34:02 [31merror[39m]: unhandledRejection: other side closed
SocketError: other side closed
    at TLSSocket.onSocketEnd (/home/runner/xd/node_modules/undici/lib/client.js:995:22)
    at TLSSocket.emit (node:events:525:35)
    at TLSSocket.emit (node:domain:489:12)
    at endReadableNT (node:internal/streams/readable:1359:12)
[21:34:02 [31merror[39m]: unhandledRejection: other side closed
SocketError: other side closed
    at TLSSocket.onSocketEnd (/home/runner/xd/node_modules/undici/lib/client.js:995:22)
    at TLSSocket.emit (node:events:525:35)
    at TLSSocket.emit (node:domain:489:12)
    at endReadableNT (node:internal/streams/readable:1359:12)
[21:34:03 [31merror[39m]: unhandledRejection: Unknown Webhook
DiscordAPIError[10015]: Unknown Webhook
    at handleErrors (/home/runner/xd/node_modules/@discordjs/rest/dist/index.js:687:13)
    at process.processTicksAndRejections (node:internal/process/task_queues:95:5)
    at async SequentialHandler.runRequest (/home/runner/xd/node_modules/@discordjs/rest/dist/index.js:1072:23)
    at async SequentialHandler.queueRequest (/home/runner/xd/node_modules/@discordjs/rest/dist/index.js:913:14)
    at async _REST.request (/home/runner/xd/node_modules/@discordjs/rest/dist/index.js:1218:22)
[21:38:54 [32minfo[39m]: Iniciando y Conectando a la DB
[21:38:54 [32minfo[39m]: Bot Iniciado con Exito Dia de Registro Mon Sep 18 2023 21:38:54
[21:38:56 [31merror[39m]: uncaughtException: Cannot read properties of undefined (reading 'send')
TypeError: Cannot read properties of undefined (reading 'send')
    at /home/runner/xd/Events/⚡ Cliente/presencia.js:105:61
[21:38:56 [31merror[39m]: uncaughtException: Cannot read properties of undefined (reading 'send')
TypeError: Cannot read properties of undefined (reading 'send')
    at /home/runner/xd/Events/⚡ Cliente/presencia.js:105:61
[21:49:26 [32minfo[39m]: Iniciando y Conectando a la DB
[21:49:26 [32minfo[39m]: Bot Iniciado con Exito Dia de Registro Mon Sep 18 2023 21:49:26
[21:49:28 [31merror[39m]: uncaughtException: Cannot read properties of undefined (reading 'send')
TypeError: Cannot read properties of undefined (reading 'send')
    at /home/runner/xd/Events/⚡ Cliente/presencia.js:105:61
[21:49:28 [31merror[39m]: uncaughtException: Cannot read properties of undefined (reading 'send')
TypeError: Cannot read properties of undefined (reading 'send')
    at /home/runner/xd/Events/⚡ Cliente/presencia.js:105:61
[21:54:27 [32minfo[39m]: Iniciando y Conectando a la DB
[21:54:27 [32minfo[39m]: Bot Iniciado con Exito Dia de Registro Mon Sep 18 2023 21:54:27
[21:54:29 [31merror[39m]: uncaughtException: Cannot read properties of undefined (reading 'send')
TypeError: Cannot read properties of undefined (reading 'send')
    at /home/runner/xd/Events/⚡ Cliente/presencia.js:105:61
[21:54:29 [31merror[39m]: uncaughtException: Cannot read properties of undefined (reading 'send')
TypeError: Cannot read properties of undefined (reading 'send')
    at /home/runner/xd/Events/⚡ Cliente/presencia.js:105:61
[21:59:26 [32minfo[39m]: Iniciando y Conectando a la DB
[21:59:26 [32minfo[39m]: Bot Iniciado con Exito Dia de Registro Mon Sep 18 2023 21:59:26
[21:59:27 [31merror[39m]: uncaughtException: Cannot read properties of undefined (reading 'send')
TypeError: Cannot read properties of undefined (reading 'send')
    at /home/runner/xd/Events/⚡ Cliente/presencia.js:105:61
[21:59:27 [31merror[39m]: uncaughtException: Cannot read properties of undefined (reading 'send')
TypeError: Cannot read properties of undefined (reading 'send')
    at /home/runner/xd/Events/⚡ Cliente/presencia.js:105:61
[22:14:27 [32minfo[39m]: Iniciando y Conectando a la DB
[22:14:27 [32minfo[39m]: Bot Iniciado con Exito Dia de Registro Mon Sep 18 2023 22:14:27
[22:14:29 [31merror[39m]: uncaughtException: Cannot read properties of undefined (reading 'send')
TypeError: Cannot read properties of undefined (reading 'send')
    at /home/runner/xd/Events/⚡ Cliente/presencia.js:105:61
[22:14:29 [31merror[39m]: uncaughtException: Cannot read properties of undefined (reading 'send')
TypeError: Cannot read properties of undefined (reading 'send')
    at /home/runner/xd/Events/⚡ Cliente/presencia.js:105:61
[22:25:39 [32minfo[39m]: Iniciando y Conectando a la DB
[22:25:39 [32minfo[39m]: Bot Iniciado con Exito Dia de Registro Mon Sep 18 2023 22:25:39
[22:25:41 [31merror[39m]: uncaughtException: Cannot read properties of undefined (reading 'send')
TypeError: Cannot read properties of undefined (reading 'send')
    at /home/runner/xd/Events/⚡ Cliente/presencia.js:105:61
[22:25:41 [31merror[39m]: uncaughtException: Cannot read properties of undefined (reading 'send')
TypeError: Cannot read properties of undefined (reading 'send')
    at /home/runner/xd/Events/⚡ Cliente/presencia.js:105:61
[22:31:32 [32minfo[39m]: Iniciando y Conectando a la DB
[22:31:32 [32minfo[39m]: Bot Iniciado con Exito Dia de Registro Mon Sep 18 2023 22:31:32
[22:31:34 [31merror[39m]: uncaughtException: Cannot read properties of undefined (reading 'send')
TypeError: Cannot read properties of undefined (reading 'send')
    at /home/runner/xd/Events/⚡ Cliente/presencia.js:105:61
[22:31:34 [31merror[39m]: uncaughtException: Cannot read properties of undefined (reading 'send')
TypeError: Cannot read properties of undefined (reading 'send')
    at /home/runner/xd/Events/⚡ Cliente/presencia.js:105:61
[22:36:40 [32minfo[39m]: Iniciando y Conectando a la DB
[22:36:40 [32minfo[39m]: Bot Iniciado con Exito Dia de Registro Mon Sep 18 2023 22:36:40
[22:36:42 [31merror[39m]: uncaughtException: Cannot read properties of undefined (reading 'send')
TypeError: Cannot read properties of undefined (reading 'send')
    at /home/runner/xd/Events/⚡ Cliente/presencia.js:105:61
[22:36:42 [31merror[39m]: uncaughtException: Cannot read properties of undefined (reading 'send')
TypeError: Cannot read properties of undefined (reading 'send')
    at /home/runner/xd/Events/⚡ Cliente/presencia.js:105:61
[22:41:32 [32minfo[39m]: Iniciando y Conectando a la DB
[22:41:32 [32minfo[39m]: Bot Iniciado con Exito Dia de Registro Mon Sep 18 2023 22:41:32
[22:41:33 [31merror[39m]: uncaughtException: Cannot read properties of undefined (reading 'send')
TypeError: Cannot read properties of undefined (reading 'send')
    at /home/runner/xd/Events/⚡ Cliente/presencia.js:105:61
[22:41:33 [31merror[39m]: uncaughtException: Cannot read properties of undefined (reading 'send')
TypeError: Cannot read properties of undefined (reading 'send')
    at /home/runner/xd/Events/⚡ Cliente/presencia.js:105:61
[22:46:31 [32minfo[39m]: Iniciando y Conectando a la DB
[22:46:31 [32minfo[39m]: Bot Iniciado con Exito Dia de Registro Mon Sep 18 2023 22:46:31
[22:46:32 [31merror[39m]: uncaughtException: Cannot read properties of undefined (reading 'send')
TypeError: Cannot read properties of undefined (reading 'send')
    at /home/runner/xd/Events/⚡ Cliente/presencia.js:105:61
[22:46:32 [31merror[39m]: uncaughtException: Cannot read properties of undefined (reading 'send')
TypeError: Cannot read properties of undefined (reading 'send')
    at /home/runner/xd/Events/⚡ Cliente/presencia.js:105:61
[22:51:32 [32minfo[39m]: Iniciando y Conectando a la DB
[22:51:32 [32minfo[39m]: Bot Iniciado con Exito Dia de Registro Mon Sep 18 2023 22:51:32
[22:51:33 [31merror[39m]: uncaughtException: Cannot read properties of undefined (reading 'send')
TypeError: Cannot read properties of undefined (reading 'send')
    at /home/runner/xd/Events/⚡ Cliente/presencia.js:105:61
[22:51:33 [31merror[39m]: uncaughtException: Cannot read properties of undefined (reading 'send')
TypeError: Cannot read properties of undefined (reading 'send')
    at /home/runner/xd/Events/⚡ Cliente/presencia.js:105:61
[22:56:31 [32minfo[39m]: Iniciando y Conectando a la DB
[22:56:31 [32minfo[39m]: Bot Iniciado con Exito Dia de Registro Mon Sep 18 2023 22:56:31
[22:56:33 [31merror[39m]: uncaughtException: Cannot read properties of undefined (reading 'send')
TypeError: Cannot read properties of undefined (reading 'send')
    at /home/runner/xd/Events/⚡ Cliente/presencia.js:105:61
[22:56:33 [31merror[39m]: uncaughtException: Cannot read properties of undefined (reading 'send')
TypeError: Cannot read properties of undefined (reading 'send')
    at /home/runner/xd/Events/⚡ Cliente/presencia.js:105:61
[23:01:32 [32minfo[39m]: Iniciando y Conectando a la DB
[23:01:32 [32minfo[39m]: Bot Iniciado con Exito Dia de Registro Mon Sep 18 2023 23:01:32
[23:01:34 [31merror[39m]: uncaughtException: Cannot read properties of undefined (reading 'send')
TypeError: Cannot read properties of undefined (reading 'send')
    at /home/runner/xd/Events/⚡ Cliente/presencia.js:105:61
[23:01:34 [31merror[39m]: uncaughtException: Cannot read properties of undefined (reading 'send')
TypeError: Cannot read properties of undefined (reading 'send')
    at /home/runner/xd/Events/⚡ Cliente/presencia.js:105:61
