[02:48:50 [32minfo[39m]: Iniciando y Conectando a la DB
[02:48:50 [32minfo[39m]: Bot Iniciado con Exito Dia de Registro Tue Nov 07 2023 02:48:50
[02:48:51 [31merror[39m]: uncaughtException: Cannot read properties of undefined (reading 'send')
TypeError: Cannot read properties of undefined (reading 'send')
    at /home/runner/xd/Events/⚡ Cliente/presencia.js:105:51
[02:48:51 [31merror[39m]: uncaughtException: Cannot read properties of undefined (reading 'send')
TypeError: Cannot read properties of undefined (reading 'send')
    at /home/runner/xd/Events/⚡ Cliente/presencia.js:105:51
[06:38:08 [32minfo[39m]: Iniciando y Conectando a la DB
[06:38:08 [32minfo[39m]: Bot Iniciado con Exito Dia de Registro Tue Nov 07 2023 06:38:08
[06:38:09 [31merror[39m]: uncaughtException: Cannot read properties of undefined (reading 'send')
TypeError: Cannot read properties of undefined (reading 'send')
    at /home/runner/xd/Events/⚡ Cliente/presencia.js:105:51
[06:38:09 [31merror[39m]: uncaughtException: Cannot read properties of undefined (reading 'send')
TypeError: Cannot read properties of undefined (reading 'send')
    at /home/runner/xd/Events/⚡ Cliente/presencia.js:105:51
[07:42:33 [32minfo[39m]: Iniciando y Conectando a la DB
[07:42:33 [32minfo[39m]: Bot Iniciado con Exito Dia de Registro Tue Nov 07 2023 07:42:33
[07:42:35 [31merror[39m]: uncaughtException: Cannot read properties of undefined (reading 'send')
TypeError: Cannot read properties of undefined (reading 'send')
    at /home/runner/xd/Events/⚡ Cliente/presencia.js:105:51
[07:42:35 [31merror[39m]: uncaughtException: Cannot read properties of undefined (reading 'send')
TypeError: Cannot read properties of undefined (reading 'send')
    at /home/runner/xd/Events/⚡ Cliente/presencia.js:105:51
[13:18:57 [32minfo[39m]: Iniciando y Conectando a la DB
[13:18:57 [32minfo[39m]: Bot Iniciado con Exito Dia de Registro Tue Nov 07 2023 13:18:57
[13:18:58 [31merror[39m]: uncaughtException: Cannot read properties of undefined (reading 'send')
TypeError: Cannot read properties of undefined (reading 'send')
    at /home/runner/xd/Events/⚡ Cliente/presencia.js:105:51
[13:18:58 [31merror[39m]: uncaughtException: Cannot read properties of undefined (reading 'send')
TypeError: Cannot read properties of undefined (reading 'send')
    at /home/runner/xd/Events/⚡ Cliente/presencia.js:105:51
[15:48:28 [32minfo[39m]: Iniciando y Conectando a la DB
[15:48:28 [32minfo[39m]: Bot Iniciado con Exito Dia de Registro Tue Nov 07 2023 15:48:28
[15:48:30 [31merror[39m]: uncaughtException: Cannot read properties of undefined (reading 'send')
TypeError: Cannot read properties of undefined (reading 'send')
    at /home/runner/xd/Events/⚡ Cliente/presencia.js:105:51
[15:48:30 [31merror[39m]: uncaughtException: Cannot read properties of undefined (reading 'send')
TypeError: Cannot read properties of undefined (reading 'send')
    at /home/runner/xd/Events/⚡ Cliente/presencia.js:105:51
