[01:42:32 [32minfo[39m]: Iniciando y Conectando a la DB
[01:42:32 [32minfo[39m]: Bot Iniciado con Exito Dia de Registro Wed Aug 30 2023 01:42:32
[02:00:37 [31merror[39m]: (intermediate value).setStyle is not a function
[02:00:37 [31merror[39m]: unhandledRejection: Unknown Webhook
DiscordAPIError[10015]: Unknown Webhook
    at handleErrors (/home/runner/xd/node_modules/@discordjs/rest/dist/index.js:687:13)
    at process.processTicksAndRejections (node:internal/process/task_queues:95:5)
    at async SequentialHandler.runRequest (/home/runner/xd/node_modules/@discordjs/rest/dist/index.js:1072:23)
    at async SequentialHandler.queueRequest (/home/runner/xd/node_modules/@discordjs/rest/dist/index.js:913:14)
    at async _REST.request (/home/runner/xd/node_modules/@discordjs/rest/dist/index.js:1218:22)
[02:00:37 [31merror[39m]: unhandledRejection: Unknown Webhook
DiscordAPIError[10015]: Unknown Webhook
    at handleErrors (/home/runner/xd/node_modules/@discordjs/rest/dist/index.js:687:13)
    at process.processTicksAndRejections (node:internal/process/task_queues:95:5)
    at async SequentialHandler.runRequest (/home/runner/xd/node_modules/@discordjs/rest/dist/index.js:1072:23)
    at async SequentialHandler.queueRequest (/home/runner/xd/node_modules/@discordjs/rest/dist/index.js:913:14)
    at async _REST.request (/home/runner/xd/node_modules/@discordjs/rest/dist/index.js:1218:22)
[02:00:37 [31merror[39m]: unhandledRejection: Unknown Webhook
DiscordAPIError[10015]: Unknown Webhook
    at handleErrors (/home/runner/xd/node_modules/@discordjs/rest/dist/index.js:687:13)
    at process.processTicksAndRejections (node:internal/process/task_queues:95:5)
    at async SequentialHandler.runRequest (/home/runner/xd/node_modules/@discordjs/rest/dist/index.js:1072:23)
    at async SequentialHandler.queueRequest (/home/runner/xd/node_modules/@discordjs/rest/dist/index.js:913:14)
    at async _REST.request (/home/runner/xd/node_modules/@discordjs/rest/dist/index.js:1218:22)
[02:02:59 [32minfo[39m]: Iniciando y Conectando a la DB
[02:02:59 [32minfo[39m]: Bot Iniciado con Exito Dia de Registro Wed Aug 30 2023 02:02:59
[02:59:26 [32minfo[39m]: Iniciando y Conectando a la DB
[02:59:26 [32minfo[39m]: Bot Iniciado con Exito Dia de Registro Wed Aug 30 2023 02:59:26
[10:34:56 [32minfo[39m]: Iniciando y Conectando a la DB
[10:34:56 [32minfo[39m]: Bot Iniciado con Exito Dia de Registro Wed Aug 30 2023 10:34:56
[12:59:45 [32minfo[39m]: Iniciando y Conectando a la DB
[12:59:45 [32minfo[39m]: Bot Iniciado con Exito Dia de Registro Wed Aug 30 2023 12:59:45
[13:05:30 [31merror[39m]: (intermediate value).setStyle is not a function
[13:05:30 [31merror[39m]: unhandledRejection: Unknown Webhook
DiscordAPIError[10015]: Unknown Webhook
    at handleErrors (/home/runner/xd/node_modules/@discordjs/rest/dist/index.js:687:13)
    at process.processTicksAndRejections (node:internal/process/task_queues:95:5)
    at async SequentialHandler.runRequest (/home/runner/xd/node_modules/@discordjs/rest/dist/index.js:1072:23)
    at async SequentialHandler.queueRequest (/home/runner/xd/node_modules/@discordjs/rest/dist/index.js:913:14)
    at async _REST.request (/home/runner/xd/node_modules/@discordjs/rest/dist/index.js:1218:22)
[13:05:30 [31merror[39m]: unhandledRejection: Unknown Webhook
DiscordAPIError[10015]: Unknown Webhook
    at handleErrors (/home/runner/xd/node_modules/@discordjs/rest/dist/index.js:687:13)
    at process.processTicksAndRejections (node:internal/process/task_queues:95:5)
    at async SequentialHandler.runRequest (/home/runner/xd/node_modules/@discordjs/rest/dist/index.js:1072:23)
    at async SequentialHandler.queueRequest (/home/runner/xd/node_modules/@discordjs/rest/dist/index.js:913:14)
    at async _REST.request (/home/runner/xd/node_modules/@discordjs/rest/dist/index.js:1218:22)
[13:05:30 [31merror[39m]: unhandledRejection: Unknown Webhook
DiscordAPIError[10015]: Unknown Webhook
    at handleErrors (/home/runner/xd/node_modules/@discordjs/rest/dist/index.js:687:13)
    at process.processTicksAndRejections (node:internal/process/task_queues:95:5)
    at async SequentialHandler.runRequest (/home/runner/xd/node_modules/@discordjs/rest/dist/index.js:1072:23)
    at async SequentialHandler.queueRequest (/home/runner/xd/node_modules/@discordjs/rest/dist/index.js:913:14)
    at async _REST.request (/home/runner/xd/node_modules/@discordjs/rest/dist/index.js:1218:22)
[13:08:15 [32minfo[39m]: Iniciando y Conectando a la DB
[13:08:15 [32minfo[39m]: Bot Iniciado con Exito Dia de Registro Wed Aug 30 2023 13:08:15
[13:28:43 [32minfo[39m]: Iniciando y Conectando a la DB
[13:28:43 [32minfo[39m]: Bot Iniciado con Exito Dia de Registro Wed Aug 30 2023 13:28:43
[14:12:01 [32minfo[39m]: Iniciando y Conectando a la DB
[14:12:01 [32minfo[39m]: Bot Iniciado con Exito Dia de Registro Wed Aug 30 2023 14:12:01
[16:07:59 [32minfo[39m]: Iniciando y Conectando a la DB
[16:07:59 [32minfo[39m]: Bot Iniciado con Exito Dia de Registro Wed Aug 30 2023 16:07:59
