[17:32:54 [32minfo[39m]: Iniciando y Conectando a la DB
[17:32:54 [32minfo[39m]: Bot Iniciado con Exito Dia de Registro Fri Jan 05 2024 17:32:54
[17:32:54 [31merror[39m]: unhandledRejection: SE is not defined
ReferenceError: SE is not defined
    at /home/runner/xd/Commands/🌍 Publicos/info.js:38:21
    at MixedClass.addSubcommand (/home/runner/xd/node_modules/@discordjs/builders/dist/index.js:2337:50)
    at Object.<anonymous> (/home/runner/xd/Commands/🌍 Publicos/info.js:34:6)
    at Module._compile (node:internal/modules/cjs/loader:1159:14)
    at Module._extensions..js (node:internal/modules/cjs/loader:1213:10)
    at Module.load (node:internal/modules/cjs/loader:1037:32)
    at Module._load (node:internal/modules/cjs/loader:878:12)
    at Module.require (node:internal/modules/cjs/loader:1061:19)
    at require (node:internal/modules/cjs/helpers:103:18)
    at /home/runner/xd/Handlers/Commands.js:14:25
[17:32:54 [31merror[39m]: unhandledRejection: SE is not defined
ReferenceError: SE is not defined
    at /home/runner/xd/Commands/🌍 Publicos/info.js:38:21
    at MixedClass.addSubcommand (/home/runner/xd/node_modules/@discordjs/builders/dist/index.js:2337:50)
    at Object.<anonymous> (/home/runner/xd/Commands/🌍 Publicos/info.js:34:6)
    at Module._compile (node:internal/modules/cjs/loader:1159:14)
    at Module._extensions..js (node:internal/modules/cjs/loader:1213:10)
    at Module.load (node:internal/modules/cjs/loader:1037:32)
    at Module._load (node:internal/modules/cjs/loader:878:12)
    at Module.require (node:internal/modules/cjs/loader:1061:19)
    at require (node:internal/modules/cjs/helpers:103:18)
    at /home/runner/xd/Handlers/Commands.js:14:25
[17:33:34 [32minfo[39m]: Iniciando y Conectando a la DB
[17:33:34 [32minfo[39m]: Bot Iniciado con Exito Dia de Registro Fri Jan 05 2024 17:33:34
[17:33:34 [31merror[39m]: unhandledRejection: SE is not defined
ReferenceError: SE is not defined
    at /home/runner/xd/Commands/🌍 Publicos/info.js:38:21
    at MixedClass.addSubcommand (/home/runner/xd/node_modules/@discordjs/builders/dist/index.js:2337:50)
    at Object.<anonymous> (/home/runner/xd/Commands/🌍 Publicos/info.js:34:6)
    at Module._compile (node:internal/modules/cjs/loader:1159:14)
    at Module._extensions..js (node:internal/modules/cjs/loader:1213:10)
    at Module.load (node:internal/modules/cjs/loader:1037:32)
    at Module._load (node:internal/modules/cjs/loader:878:12)
    at Module.require (node:internal/modules/cjs/loader:1061:19)
    at require (node:internal/modules/cjs/helpers:103:18)
    at /home/runner/xd/Handlers/Commands.js:14:25
[17:33:34 [31merror[39m]: unhandledRejection: SE is not defined
ReferenceError: SE is not defined
    at /home/runner/xd/Commands/🌍 Publicos/info.js:38:21
    at MixedClass.addSubcommand (/home/runner/xd/node_modules/@discordjs/builders/dist/index.js:2337:50)
    at Object.<anonymous> (/home/runner/xd/Commands/🌍 Publicos/info.js:34:6)
    at Module._compile (node:internal/modules/cjs/loader:1159:14)
    at Module._extensions..js (node:internal/modules/cjs/loader:1213:10)
    at Module.load (node:internal/modules/cjs/loader:1037:32)
    at Module._load (node:internal/modules/cjs/loader:878:12)
    at Module.require (node:internal/modules/cjs/loader:1061:19)
    at require (node:internal/modules/cjs/helpers:103:18)
    at /home/runner/xd/Handlers/Commands.js:14:25
[17:35:13 [32minfo[39m]: Iniciando y Conectando a la DB
[17:35:13 [32minfo[39m]: Bot Iniciado con Exito Dia de Registro Fri Jan 05 2024 17:35:13
[17:41:20 [31merror[39m]: prefix is not defined
[17:41:41 [31merror[39m]: prefix is not defined
[18:12:48 [31merror[39m]: prefix is not defined
[18:12:59 [31merror[39m]: prefix is not defined
[18:13:08 [31merror[39m]: prefix is not defined
[18:13:14 [31merror[39m]: prefix is not defined
[18:13:27 [31merror[39m]: prefix is not defined
[18:13:37 [31merror[39m]: prefix is not defined
[18:13:40 [31merror[39m]: prefix is not defined
[18:14:21 [31merror[39m]: prefix is not defined
[18:14:30 [31merror[39m]: prefix is not defined
[18:14:37 [31merror[39m]: prefix is not defined
[18:14:47 [31merror[39m]: prefix is not defined
[18:58:07 [32minfo[39m]: Iniciando y Conectando a la DB
[18:58:07 [32minfo[39m]: Bot Iniciado con Exito Dia de Registro Fri Jan 05 2024 18:58:07
[18:58:07 [31merror[39m]: unhandledRejection: command.data.toJSON is not a function
TypeError: command.data.toJSON is not a function
    at /home/runner/xd/Handlers/Commands.js:18:41
    at Array.forEach (<anonymous>)
    at loadCommands (/home/runner/xd/Handlers/Commands.js:13:11)
[18:58:07 [31merror[39m]: unhandledRejection: command.data.toJSON is not a function
TypeError: command.data.toJSON is not a function
    at /home/runner/xd/Handlers/Commands.js:18:41
    at Array.forEach (<anonymous>)
    at loadCommands (/home/runner/xd/Handlers/Commands.js:13:11)
[18:59:51 [32minfo[39m]: Iniciando y Conectando a la DB
[18:59:51 [32minfo[39m]: Bot Iniciado con Exito Dia de Registro Fri Jan 05 2024 18:59:51
[19:00:16 [32minfo[39m]: Iniciando y Conectando a la DB
[19:00:16 [32minfo[39m]: Bot Iniciado con Exito Dia de Registro Fri Jan 05 2024 19:00:16
[19:00:49 [31merror[39m]: unhandledRejection: MessageEmbed is not a constructor
TypeError: MessageEmbed is not a constructor
    at Object.execute (/home/runner/xd/Commands/🌍 Publicos/welcome.js:21:30)
    at Object.execute (/home/runner/xd/Events/🥶 Controles/interaccion.js:130:25)
    at process.processTicksAndRejections (node:internal/process/task_queues:95:5)
[19:00:49 [31merror[39m]: unhandledRejection: MessageEmbed is not a constructor
TypeError: MessageEmbed is not a constructor
    at Object.execute (/home/runner/xd/Commands/🌍 Publicos/welcome.js:21:30)
    at Object.execute (/home/runner/xd/Events/🥶 Controles/interaccion.js:130:25)
    at process.processTicksAndRejections (node:internal/process/task_queues:95:5)
[19:00:53 [31merror[39m]: Unknown interaction
[19:01:36 [32minfo[39m]: Iniciando y Conectando a la DB
[19:01:36 [32minfo[39m]: Bot Iniciado con Exito Dia de Registro Fri Jan 05 2024 19:01:36
[19:01:41 [31merror[39m]: unhandledRejection: Cannot read properties of null (reading 'user')
TypeError: Cannot read properties of null (reading 'user')
    at Object.execute (/home/runner/xd/Commands/🌍 Publicos/welcome.js:23:45)
    at Object.execute (/home/runner/xd/Events/🥶 Controles/interaccion.js:130:25)
    at process.processTicksAndRejections (node:internal/process/task_queues:95:5)
[19:01:41 [31merror[39m]: unhandledRejection: Cannot read properties of null (reading 'user')
TypeError: Cannot read properties of null (reading 'user')
    at Object.execute (/home/runner/xd/Commands/🌍 Publicos/welcome.js:23:45)
    at Object.execute (/home/runner/xd/Events/🥶 Controles/interaccion.js:130:25)
    at process.processTicksAndRejections (node:internal/process/task_queues:95:5)
[19:02:26 [32minfo[39m]: Iniciando y Conectando a la DB
[19:02:26 [32minfo[39m]: Bot Iniciado con Exito Dia de Registro Fri Jan 05 2024 19:02:26
[19:02:35 [31merror[39m]: unhandledRejection: Cannot read properties of null (reading 'user')
TypeError: Cannot read properties of null (reading 'user')
    at Object.execute (/home/runner/xd/Commands/🌍 Publicos/welcome.js:24:45)
    at Object.execute (/home/runner/xd/Events/🥶 Controles/interaccion.js:130:25)
    at process.processTicksAndRejections (node:internal/process/task_queues:95:5)
[19:02:35 [31merror[39m]: unhandledRejection: Cannot read properties of null (reading 'user')
TypeError: Cannot read properties of null (reading 'user')
    at Object.execute (/home/runner/xd/Commands/🌍 Publicos/welcome.js:24:45)
    at Object.execute (/home/runner/xd/Events/🥶 Controles/interaccion.js:130:25)
    at process.processTicksAndRejections (node:internal/process/task_queues:95:5)
[19:13:41 [32minfo[39m]: Iniciando y Conectando a la DB
[19:13:41 [32minfo[39m]: Bot Iniciado con Exito Dia de Registro Fri Jan 05 2024 19:13:41
[19:14:29 [31merror[39m]: EmbedBuilder is not defined
[19:14:29 [31merror[39m]: autorolschema.findOne is not a function
[19:14:29 [31merror[39m]: autorolschema.findOne is not a function
[19:14:55 [31merror[39m]: prefix is not defined
[19:14:55 [31merror[39m]: prefix is not defined
[19:16:33 [32minfo[39m]: Iniciando y Conectando a la DB
[19:16:33 [32minfo[39m]: Bot Iniciado con Exito Dia de Registro Fri Jan 05 2024 19:16:33
[19:16:49 [31merror[39m]: autorolschema.findOne is not a function
[19:16:49 [31merror[39m]: (intermediate value).setColor(...).setTitle(...).setDescription(...).setThumbnail(...).addField is not a function
[19:16:49 [31merror[39m]: autorolschema.findOne is not a function
[19:21:28 [31merror[39m]: autorolschema.findOne is not a function
[19:21:29 [32minfo[39m]: Iniciando y Conectando a la DB
[19:21:29 [32minfo[39m]: Bot Iniciado con Exito Dia de Registro Fri Jan 05 2024 19:21:29
[19:22:03 [31merror[39m]: autorolschema.findOne is not a function
[19:22:03 [31merror[39m]: MessageEmbed is not defined
[19:22:03 [31merror[39m]: autorolschema.findOne is not a function
[19:24:57 [32minfo[39m]: Iniciando y Conectando a la DB
[19:24:57 [32minfo[39m]: Bot Iniciado con Exito Dia de Registro Fri Jan 05 2024 19:24:57
[19:24:59 [31merror[39m]: prefix is not defined
[19:26:04 [31merror[39m]: (intermediate value).setColor(...).setTitle(...).setDescription(...).setThumbnail(...).addField is not a function
[19:26:04 [31merror[39m]: autorolschema.findOne is not a function
[19:26:42 [31merror[39m]: prefix is not defined
[19:33:39 [32minfo[39m]: Iniciando y Conectando a la DB
[19:33:39 [32minfo[39m]: Bot Iniciado con Exito Dia de Registro Fri Jan 05 2024 19:33:39
[19:34:57 [31merror[39m]: (intermediate value).setColor(...).setTitle(...).setDescription(...).setThumbnail(...).addField is not a function
[19:34:57 [31merror[39m]: autorolschema.findOne is not a function
[19:36:04 [31merror[39m]: (intermediate value).setColor(...).setTitle(...).setDescription(...).setThumbnail(...).addField is not a function
[19:36:04 [31merror[39m]: autorolschema.findOne is not a function
[19:37:31 [32minfo[39m]: Iniciando y Conectando a la DB
[19:37:31 [32minfo[39m]: Bot Iniciado con Exito Dia de Registro Fri Jan 05 2024 19:37:31
[19:38:50 [31merror[39m]: autorolschema.findOne is not a function
[19:39:27 [31merror[39m]: prefix is not defined
[19:41:00 [31merror[39m]: prefix is not defined
[19:41:07 [31merror[39m]: prefix is not defined
[19:44:42 [32minfo[39m]: Iniciando y Conectando a la DB
[19:44:42 [32minfo[39m]: Bot Iniciado con Exito Dia de Registro Fri Jan 05 2024 19:44:42
[19:59:00 [32minfo[39m]: Iniciando y Conectando a la DB
[19:59:00 [32minfo[39m]: Bot Iniciado con Exito Dia de Registro Fri Jan 05 2024 19:59:00
[20:00:23 [32minfo[39m]: Iniciando y Conectando a la DB
[20:00:23 [32minfo[39m]: Bot Iniciado con Exito Dia de Registro Fri Jan 05 2024 20:00:23
[20:01:46 [32minfo[39m]: Iniciando y Conectando a la DB
[20:01:46 [32minfo[39m]: Bot Iniciado con Exito Dia de Registro Fri Jan 05 2024 20:01:46
[20:03:41 [32minfo[39m]: Iniciando y Conectando a la DB
[20:03:41 [32minfo[39m]: Bot Iniciado con Exito Dia de Registro Fri Jan 05 2024 20:03:41
[20:04:16 [31merror[39m]: Interaction has already been acknowledged.
[20:04:39 [31merror[39m]: Interaction has already been acknowledged.
[20:05:57 [31merror[39m]: Interaction has already been acknowledged.
[20:06:30 [31merror[39m]: Interaction has already been acknowledged.
[20:08:43 [32minfo[39m]: Iniciando y Conectando a la DB
[20:08:43 [32minfo[39m]: Bot Iniciado con Exito Dia de Registro Fri Jan 05 2024 20:08:43
[20:08:50 [31merror[39m]: Interaction has already been acknowledged.
[20:10:35 [32minfo[39m]: Iniciando y Conectando a la DB
[20:10:35 [32minfo[39m]: Bot Iniciado con Exito Dia de Registro Fri Jan 05 2024 20:10:35
[20:10:46 [31merror[39m]: prefix is not defined
[20:10:46 [31merror[39m]: prefix is not defined
[20:11:07 [31merror[39m]: prefix is not defined
[20:11:07 [31merror[39m]: prefix is not defined
[20:11:34 [31merror[39m]: prefix is not defined
[20:11:34 [31merror[39m]: prefix is not defined
[22:00:43 [32minfo[39m]: Iniciando y Conectando a la DB
[22:00:43 [32minfo[39m]: Bot Iniciado con Exito Dia de Registro Fri Jan 05 2024 22:00:43
[22:01:18 [31merror[39m]: prefix is not defined
[22:01:26 [31merror[39m]: prefix is not defined
[22:02:08 [31merror[39m]: prefix is not defined
[22:02:13 [31merror[39m]: unhandledRejection: The reply to this interaction has already been sent or deferred.
Error [InteractionAlreadyReplied]: The reply to this interaction has already been sent or deferred.
    at ChatInputCommandInteraction.reply (/home/runner/xd/node_modules/discord.js/src/structures/interfaces/InteractionResponses.js:102:46)
    at Object.execute (/home/runner/xd/Commands/🌍 Publicos/automod.js:725:25)
    at process.processTicksAndRejections (node:internal/process/task_queues:95:5)
[22:02:13 [31merror[39m]: unhandledRejection: The reply to this interaction has already been sent or deferred.
Error [InteractionAlreadyReplied]: The reply to this interaction has already been sent or deferred.
    at ChatInputCommandInteraction.reply (/home/runner/xd/node_modules/discord.js/src/structures/interfaces/InteractionResponses.js:102:46)
    at Object.execute (/home/runner/xd/Commands/🌍 Publicos/automod.js:725:25)
    at process.processTicksAndRejections (node:internal/process/task_queues:95:5)
[22:17:38 [32minfo[39m]: Iniciando y Conectando a la DB
[22:17:38 [32minfo[39m]: Bot Iniciado con Exito Dia de Registro Fri Jan 05 2024 22:17:38
[22:30:26 [32minfo[39m]: Iniciando y Conectando a la DB
[22:30:26 [32minfo[39m]: Bot Iniciado con Exito Dia de Registro Fri Jan 05 2024 22:30:26
[22:31:31 [32minfo[39m]: Iniciando y Conectando a la DB
[22:31:31 [32minfo[39m]: Bot Iniciado con Exito Dia de Registro Fri Jan 05 2024 22:31:31
[22:43:37 [32minfo[39m]: Iniciando y Conectando a la DB
[22:43:37 [32minfo[39m]: Bot Iniciado con Exito Dia de Registro Fri Jan 05 2024 22:43:37
[22:54:05 [32minfo[39m]: Iniciando y Conectando a la DB
[22:54:05 [32minfo[39m]: Bot Iniciado con Exito Dia de Registro Fri Jan 05 2024 22:54:05
[22:57:43 [32minfo[39m]: Iniciando y Conectando a la DB
[22:57:43 [32minfo[39m]: Bot Iniciado con Exito Dia de Registro Fri Jan 05 2024 22:57:43
[23:02:25 [32minfo[39m]: Iniciando y Conectando a la DB
[23:02:25 [32minfo[39m]: Bot Iniciado con Exito Dia de Registro Fri Jan 05 2024 23:02:25
[23:03:33 [31merror[39m]: prefix is not defined
[23:11:41 [31merror[39m]: prefix is not defined
[23:12:40 [31merror[39m]: prefix is not defined
[23:17:27 [31merror[39m]: prefix is not defined
[23:17:39 [31merror[39m]: prefix is not defined
[23:18:00 [31merror[39m]: prefix is not defined
[23:20:33 [31merror[39m]: prefix is not defined
[23:23:31 [31merror[39m]: prefix is not defined
[23:23:47 [31merror[39m]: prefix is not defined
