[00:05:55 [32minfo[39m]: Iniciando y Conectando a la DB
[00:05:55 [32minfo[39m]: Bot Iniciado con Exito Dia de Registro Sun Nov 26 2023 00:05:55
[00:08:41 [32minfo[39m]: Iniciando y Conectando a la DB
[00:08:41 [32minfo[39m]: Bot Iniciado con Exito Dia de Registro Sun Nov 26 2023 00:08:41
[00:09:38 [31merror[39m]: (intermediate value).setStyle is not a function
[00:16:39 [31merror[39m]: (intermediate value).setStyle is not a function
[00:31:20 [31merror[39m]: Invalid bitfield flag or number: ViewAuditLogs.
[00:31:24 [31merror[39m]: Invalid bitfield flag or number: ViewAuditLogs.
[00:31:25 [31merror[39m]: Invalid bitfield flag or number: ViewAuditLogs.
[00:31:25 [31merror[39m]: Invalid bitfield flag or number: ViewAuditLogs.
[00:31:25 [31merror[39m]: Invalid bitfield flag or number: ViewAuditLogs.
[00:31:25 [31merror[39m]: Invalid bitfield flag or number: ViewAuditLogs.
[00:31:26 [31merror[39m]: Invalid bitfield flag or number: ViewAuditLogs.
[00:31:31 [31merror[39m]: Invalid bitfield flag or number: ViewAuditLogs.
[00:31:31 [31merror[39m]: Invalid bitfield flag or number: ViewAuditLogs.
[00:31:31 [31merror[39m]: Invalid bitfield flag or number: ViewAuditLogs.
[00:31:32 [31merror[39m]: Invalid bitfield flag or number: ViewAuditLogs.
[00:31:32 [31merror[39m]: Invalid bitfield flag or number: ViewAuditLogs.
[00:31:33 [31merror[39m]: Invalid bitfield flag or number: ViewAuditLogs.
[00:31:37 [31merror[39m]: Invalid bitfield flag or number: ViewAuditLogs.
[00:31:38 [31merror[39m]: Invalid bitfield flag or number: ViewAuditLogs.
[00:31:38 [31merror[39m]: Invalid bitfield flag or number: ViewAuditLogs.
[00:31:38 [31merror[39m]: Invalid bitfield flag or number: ViewAuditLogs.
[00:31:39 [31merror[39m]: Invalid bitfield flag or number: ViewAuditLogs.
[00:31:39 [31merror[39m]: Invalid bitfield flag or number: ViewAuditLogs.
[00:31:43 [31merror[39m]: Invalid bitfield flag or number: ViewAuditLogs.
[00:31:44 [31merror[39m]: Invalid bitfield flag or number: ViewAuditLogs.
[00:31:44 [31merror[39m]: Invalid bitfield flag or number: ViewAuditLogs.
[00:31:44 [31merror[39m]: Invalid bitfield flag or number: ViewAuditLogs.
[00:31:44 [31merror[39m]: Invalid bitfield flag or number: ViewAuditLogs.
[00:31:45 [31merror[39m]: Invalid bitfield flag or number: ViewAuditLogs.
[00:31:45 [31merror[39m]: Invalid bitfield flag or number: ViewAuditLogs.
[00:31:45 [31merror[39m]: Invalid bitfield flag or number: ViewAuditLogs.
[00:31:45 [31merror[39m]: Invalid bitfield flag or number: ViewAuditLogs.
[00:31:46 [31merror[39m]: Invalid bitfield flag or number: ViewAuditLogs.
[00:31:46 [31merror[39m]: Invalid bitfield flag or number: ViewAuditLogs.
[00:31:46 [31merror[39m]: Invalid bitfield flag or number: ViewAuditLogs.
[00:31:46 [31merror[39m]: Invalid bitfield flag or number: ViewAuditLogs.
[00:31:46 [31merror[39m]: Invalid bitfield flag or number: ViewAuditLogs.
[00:31:47 [31merror[39m]: Invalid bitfield flag or number: ViewAuditLogs.
[00:31:49 [31merror[39m]: Invalid bitfield flag or number: ViewAuditLogs.
[00:31:51 [31merror[39m]: Invalid bitfield flag or number: ViewAuditLogs.
[00:31:51 [31merror[39m]: Invalid bitfield flag or number: ViewAuditLogs.
[00:31:51 [31merror[39m]: Invalid bitfield flag or number: ViewAuditLogs.
[00:31:51 [31merror[39m]: Invalid bitfield flag or number: ViewAuditLogs.
[00:31:51 [31merror[39m]: Invalid bitfield flag or number: ViewAuditLogs.
[00:31:52 [31merror[39m]: Invalid bitfield flag or number: ViewAuditLogs.
[00:31:52 [31merror[39m]: Invalid bitfield flag or number: ViewAuditLogs.
[00:31:52 [31merror[39m]: Invalid bitfield flag or number: ViewAuditLogs.
[00:31:52 [31merror[39m]: Invalid bitfield flag or number: ViewAuditLogs.
[00:31:53 [31merror[39m]: Invalid bitfield flag or number: ViewAuditLogs.
[00:31:53 [31merror[39m]: Invalid bitfield flag or number: ViewAuditLogs.
[00:31:53 [31merror[39m]: Invalid bitfield flag or number: ViewAuditLogs.
[00:31:53 [31merror[39m]: Invalid bitfield flag or number: ViewAuditLogs.
[00:31:54 [31merror[39m]: Invalid bitfield flag or number: ViewAuditLogs.
[00:31:54 [31merror[39m]: Invalid bitfield flag or number: ViewAuditLogs.
[00:31:54 [31merror[39m]: Invalid bitfield flag or number: ViewAuditLogs.
[00:31:54 [31merror[39m]: Invalid bitfield flag or number: ViewAuditLogs.
[00:31:55 [31merror[39m]: Invalid bitfield flag or number: ViewAuditLogs.
[00:31:55 [31merror[39m]: Invalid bitfield flag or number: ViewAuditLogs.
[00:31:55 [31merror[39m]: Invalid bitfield flag or number: ViewAuditLogs.
[00:31:55 [31merror[39m]: Invalid bitfield flag or number: ViewAuditLogs.
[00:31:56 [31merror[39m]: Invalid bitfield flag or number: ViewAuditLogs.
[00:31:56 [31merror[39m]: Invalid bitfield flag or number: ViewAuditLogs.
[00:31:56 [31merror[39m]: Invalid bitfield flag or number: ViewAuditLogs.
[00:31:56 [31merror[39m]: Invalid bitfield flag or number: ViewAuditLogs.
[00:31:57 [31merror[39m]: Invalid bitfield flag or number: ViewAuditLogs.
[00:31:57 [31merror[39m]: Invalid bitfield flag or number: ViewAuditLogs.
[00:31:57 [31merror[39m]: Invalid bitfield flag or number: ViewAuditLogs.
[00:31:57 [31merror[39m]: Invalid bitfield flag or number: ViewAuditLogs.
[00:31:57 [31merror[39m]: Invalid bitfield flag or number: ViewAuditLogs.
[00:31:58 [31merror[39m]: Invalid bitfield flag or number: ViewAuditLogs.
[00:31:58 [31merror[39m]: Invalid bitfield flag or number: ViewAuditLogs.
[00:31:58 [31merror[39m]: Invalid bitfield flag or number: ViewAuditLogs.
[00:31:58 [31merror[39m]: Invalid bitfield flag or number: ViewAuditLogs.
[00:31:59 [31merror[39m]: Invalid bitfield flag or number: ViewAuditLogs.
[00:31:59 [31merror[39m]: Invalid bitfield flag or number: ViewAuditLogs.
[00:31:59 [31merror[39m]: Invalid bitfield flag or number: ViewAuditLogs.
[00:31:59 [31merror[39m]: Invalid bitfield flag or number: ViewAuditLogs.
[00:31:59 [31merror[39m]: Invalid bitfield flag or number: ViewAuditLogs.
[00:32:00 [31merror[39m]: Invalid bitfield flag or number: ViewAuditLogs.
[00:32:00 [31merror[39m]: Invalid bitfield flag or number: ViewAuditLogs.
[00:32:00 [31merror[39m]: Invalid bitfield flag or number: ViewAuditLogs.
[00:32:00 [31merror[39m]: Invalid bitfield flag or number: ViewAuditLogs.
[00:32:01 [31merror[39m]: Invalid bitfield flag or number: ViewAuditLogs.
[00:32:01 [31merror[39m]: Invalid bitfield flag or number: ViewAuditLogs.
[00:32:01 [31merror[39m]: Invalid bitfield flag or number: ViewAuditLogs.
[00:32:01 [31merror[39m]: Invalid bitfield flag or number: ViewAuditLogs.
[00:32:02 [31merror[39m]: Invalid bitfield flag or number: ViewAuditLogs.
[00:32:02 [31merror[39m]: Invalid bitfield flag or number: ViewAuditLogs.
[00:32:02 [31merror[39m]: Invalid bitfield flag or number: ViewAuditLogs.
[00:32:02 [31merror[39m]: Invalid bitfield flag or number: ViewAuditLogs.
[00:32:03 [31merror[39m]: Invalid bitfield flag or number: ViewAuditLogs.
[00:32:03 [31merror[39m]: Invalid bitfield flag or number: ViewAuditLogs.
[00:32:03 [31merror[39m]: Invalid bitfield flag or number: ViewAuditLogs.
[00:32:03 [31merror[39m]: Invalid bitfield flag or number: ViewAuditLogs.
[00:32:04 [31merror[39m]: Invalid bitfield flag or number: ViewAuditLogs.
[00:32:04 [31merror[39m]: Invalid bitfield flag or number: ViewAuditLogs.
[00:32:04 [31merror[39m]: Invalid bitfield flag or number: ViewAuditLogs.
[00:32:04 [31merror[39m]: Invalid bitfield flag or number: ViewAuditLogs.
[00:32:05 [31merror[39m]: Invalid bitfield flag or number: ViewAuditLogs.
[00:32:05 [31merror[39m]: Invalid bitfield flag or number: ViewAuditLogs.
[00:32:05 [31merror[39m]: Invalid bitfield flag or number: ViewAuditLogs.
[00:32:06 [31merror[39m]: Invalid bitfield flag or number: ViewAuditLogs.
[00:32:07 [31merror[39m]: Invalid bitfield flag or number: ViewAuditLogs.
[00:32:07 [31merror[39m]: Invalid bitfield flag or number: ViewAuditLogs.
[00:32:07 [31merror[39m]: Invalid bitfield flag or number: ViewAuditLogs.
[00:32:07 [31merror[39m]: Invalid bitfield flag or number: ViewAuditLogs.
[00:32:08 [31merror[39m]: Invalid bitfield flag or number: ViewAuditLogs.
[00:32:09 [31merror[39m]: Invalid bitfield flag or number: ViewAuditLogs.
[00:32:09 [31merror[39m]: Invalid bitfield flag or number: ViewAuditLogs.
[00:32:09 [31merror[39m]: Invalid bitfield flag or number: ViewAuditLogs.
[00:32:10 [31merror[39m]: Invalid bitfield flag or number: ViewAuditLogs.
[00:32:10 [31merror[39m]: Invalid bitfield flag or number: ViewAuditLogs.
[00:32:10 [31merror[39m]: Invalid bitfield flag or number: ViewAuditLogs.
[00:32:10 [31merror[39m]: Invalid bitfield flag or number: ViewAuditLogs.
[00:32:10 [31merror[39m]: Invalid bitfield flag or number: ViewAuditLogs.
[00:32:11 [31merror[39m]: Invalid bitfield flag or number: ViewAuditLogs.
[00:32:11 [31merror[39m]: Invalid bitfield flag or number: ViewAuditLogs.
[00:32:11 [31merror[39m]: Invalid bitfield flag or number: ViewAuditLogs.
[00:32:11 [31merror[39m]: Invalid bitfield flag or number: ViewAuditLogs.
[00:32:12 [31merror[39m]: Invalid bitfield flag or number: ViewAuditLogs.
[00:32:12 [31merror[39m]: Invalid bitfield flag or number: ViewAuditLogs.
[00:32:12 [31merror[39m]: Invalid bitfield flag or number: ViewAuditLogs.
[00:32:13 [31merror[39m]: Invalid bitfield flag or number: ViewAuditLogs.
[00:32:13 [31merror[39m]: Invalid bitfield flag or number: ViewAuditLogs.
[00:32:13 [31merror[39m]: Invalid bitfield flag or number: ViewAuditLogs.
[00:32:14 [31merror[39m]: Invalid bitfield flag or number: ViewAuditLogs.
[00:32:14 [31merror[39m]: Invalid bitfield flag or number: ViewAuditLogs.
[00:32:14 [31merror[39m]: Invalid bitfield flag or number: ViewAuditLogs.
[00:32:14 [31merror[39m]: Invalid bitfield flag or number: ViewAuditLogs.
[00:32:15 [31merror[39m]: Invalid bitfield flag or number: ViewAuditLogs.
[00:32:15 [31merror[39m]: Invalid bitfield flag or number: ViewAuditLogs.
[00:32:15 [31merror[39m]: Invalid bitfield flag or number: ViewAuditLogs.
[00:32:15 [31merror[39m]: Invalid bitfield flag or number: ViewAuditLogs.
[00:32:16 [31merror[39m]: Invalid bitfield flag or number: ViewAuditLogs.
[00:32:16 [31merror[39m]: Invalid bitfield flag or number: ViewAuditLogs.
[00:32:16 [31merror[39m]: Invalid bitfield flag or number: ViewAuditLogs.
[00:32:17 [31merror[39m]: Invalid bitfield flag or number: ViewAuditLogs.
[00:32:17 [31merror[39m]: Invalid bitfield flag or number: ViewAuditLogs.
[00:32:18 [31merror[39m]: Invalid bitfield flag or number: ViewAuditLogs.
[00:32:18 [31merror[39m]: Invalid bitfield flag or number: ViewAuditLogs.
[00:32:18 [31merror[39m]: Invalid bitfield flag or number: ViewAuditLogs.
[00:32:18 [31merror[39m]: Invalid bitfield flag or number: ViewAuditLogs.
[00:32:18 [31merror[39m]: Invalid bitfield flag or number: ViewAuditLogs.
[00:32:19 [31merror[39m]: Invalid bitfield flag or number: ViewAuditLogs.
[00:32:19 [31merror[39m]: Invalid bitfield flag or number: ViewAuditLogs.
[00:32:19 [31merror[39m]: Invalid bitfield flag or number: ViewAuditLogs.
[00:32:20 [31merror[39m]: Invalid bitfield flag or number: ViewAuditLogs.
[00:32:20 [31merror[39m]: Invalid bitfield flag or number: ViewAuditLogs.
[00:32:20 [31merror[39m]: Invalid bitfield flag or number: ViewAuditLogs.
[00:32:20 [31merror[39m]: Invalid bitfield flag or number: ViewAuditLogs.
[00:32:21 [31merror[39m]: Invalid bitfield flag or number: ViewAuditLogs.
[00:32:50 [31merror[39m]: unhandledRejection: Unknown Webhook
DiscordAPIError[10015]: Unknown Webhook
    at handleErrors (/home/runner/xd/node_modules/@discordjs/rest/dist/index.js:687:13)
    at process.processTicksAndRejections (node:internal/process/task_queues:95:5)
    at async SequentialHandler.runRequest (/home/runner/xd/node_modules/@discordjs/rest/dist/index.js:1072:23)
    at async SequentialHandler.queueRequest (/home/runner/xd/node_modules/@discordjs/rest/dist/index.js:913:14)
    at async _REST.request (/home/runner/xd/node_modules/@discordjs/rest/dist/index.js:1218:22)
    at async WebhookClient.send (/home/runner/xd/node_modules/discord.js/src/structures/Webhook.js:222:15)
[00:32:50 [31merror[39m]: unhandledRejection: Unknown Webhook
DiscordAPIError[10015]: Unknown Webhook
    at handleErrors (/home/runner/xd/node_modules/@discordjs/rest/dist/index.js:687:13)
    at process.processTicksAndRejections (node:internal/process/task_queues:95:5)
    at async SequentialHandler.runRequest (/home/runner/xd/node_modules/@discordjs/rest/dist/index.js:1072:23)
    at async SequentialHandler.queueRequest (/home/runner/xd/node_modules/@discordjs/rest/dist/index.js:913:14)
    at async _REST.request (/home/runner/xd/node_modules/@discordjs/rest/dist/index.js:1218:22)
    at async WebhookClient.send (/home/runner/xd/node_modules/discord.js/src/structures/Webhook.js:222:15)
