[00:43:45 [32minfo[39m]: Iniciando y Conectando a la DB
[00:43:45 [32minfo[39m]: Bot Iniciado con Exito Dia de Registro Sun Sep 10 2023 00:43:45
[05:21:49 [32minfo[39m]: Iniciando y Conectando a la DB
[05:21:49 [32minfo[39m]: Bot Iniciado con Exito Dia de Registro Sun Sep 10 2023 05:21:49
[09:39:01 [32minfo[39m]: Iniciando y Conectando a la DB
[09:39:01 [32minfo[39m]: Bot Iniciado con Exito Dia de Registro Sun Sep 10 2023 09:39:01
[17:26:15 [31merror[39m]: (intermediate value).setStyle is not a function
[17:26:15 [31merror[39m]: unhandledRejection: Unknown Webhook
DiscordAPIError[10015]: Unknown Webhook
    at handleErrors (/home/runner/xd/node_modules/@discordjs/rest/dist/index.js:687:13)
    at process.processTicksAndRejections (node:internal/process/task_queues:95:5)
    at async SequentialHandler.runRequest (/home/runner/xd/node_modules/@discordjs/rest/dist/index.js:1072:23)
    at async SequentialHandler.queueRequest (/home/runner/xd/node_modules/@discordjs/rest/dist/index.js:913:14)
    at async _REST.request (/home/runner/xd/node_modules/@discordjs/rest/dist/index.js:1218:22)
[17:26:15 [31merror[39m]: unhandledRejection: Unknown Webhook
DiscordAPIError[10015]: Unknown Webhook
    at handleErrors (/home/runner/xd/node_modules/@discordjs/rest/dist/index.js:687:13)
    at process.processTicksAndRejections (node:internal/process/task_queues:95:5)
    at async SequentialHandler.runRequest (/home/runner/xd/node_modules/@discordjs/rest/dist/index.js:1072:23)
    at async SequentialHandler.queueRequest (/home/runner/xd/node_modules/@discordjs/rest/dist/index.js:913:14)
    at async _REST.request (/home/runner/xd/node_modules/@discordjs/rest/dist/index.js:1218:22)
[17:26:15 [31merror[39m]: unhandledRejection: Unknown Webhook
DiscordAPIError[10015]: Unknown Webhook
    at handleErrors (/home/runner/xd/node_modules/@discordjs/rest/dist/index.js:687:13)
    at process.processTicksAndRejections (node:internal/process/task_queues:95:5)
    at async SequentialHandler.runRequest (/home/runner/xd/node_modules/@discordjs/rest/dist/index.js:1072:23)
    at async SequentialHandler.queueRequest (/home/runner/xd/node_modules/@discordjs/rest/dist/index.js:913:14)
    at async _REST.request (/home/runner/xd/node_modules/@discordjs/rest/dist/index.js:1218:22)
[17:30:00 [32minfo[39m]: Iniciando y Conectando a la DB
[17:30:00 [32minfo[39m]: Bot Iniciado con Exito Dia de Registro Sun Sep 10 2023 17:30:00
[22:42:06 [32minfo[39m]: Iniciando y Conectando a la DB
[22:42:06 [32minfo[39m]: Bot Iniciado con Exito Dia de Registro Sun Sep 10 2023 22:42:06
