[03:20:40 [32minfo[39m]: Iniciando y Conectando a la DB
[03:20:40 [32minfo[39m]: Bot Iniciado con Exito Dia de Registro Sat Nov 11 2023 03:20:40
[03:20:41 [31merror[39m]: uncaughtException: Cannot read properties of undefined (reading 'send')
TypeError: Cannot read properties of undefined (reading 'send')
    at /home/runner/xd/Events/⚡ Cliente/presencia.js:105:51
[03:20:41 [31merror[39m]: uncaughtException: Cannot read properties of undefined (reading 'send')
TypeError: Cannot read properties of undefined (reading 'send')
    at /home/runner/xd/Events/⚡ Cliente/presencia.js:105:51
[03:52:41 [32minfo[39m]: Iniciando y Conectando a la DB
[03:52:41 [32minfo[39m]: Bot Iniciado con Exito Dia de Registro Sat Nov 11 2023 03:52:41
[03:52:43 [31merror[39m]: uncaughtException: Cannot read properties of undefined (reading 'send')
TypeError: Cannot read properties of undefined (reading 'send')
    at /home/runner/xd/Events/⚡ Cliente/presencia.js:105:51
[03:52:43 [31merror[39m]: uncaughtException: Cannot read properties of undefined (reading 'send')
TypeError: Cannot read properties of undefined (reading 'send')
    at /home/runner/xd/Events/⚡ Cliente/presencia.js:105:51
[10:22:28 [32minfo[39m]: Iniciando y Conectando a la DB
[10:22:28 [32minfo[39m]: Bot Iniciado con Exito Dia de Registro Sat Nov 11 2023 10:22:28
[10:22:30 [31merror[39m]: uncaughtException: Cannot read properties of undefined (reading 'send')
TypeError: Cannot read properties of undefined (reading 'send')
    at /home/runner/xd/Events/⚡ Cliente/presencia.js:105:51
[10:22:30 [31merror[39m]: uncaughtException: Cannot read properties of undefined (reading 'send')
TypeError: Cannot read properties of undefined (reading 'send')
    at /home/runner/xd/Events/⚡ Cliente/presencia.js:105:51
[16:37:15 [32minfo[39m]: Iniciando y Conectando a la DB
[16:37:15 [32minfo[39m]: Bot Iniciado con Exito Dia de Registro Sat Nov 11 2023 16:37:15
[16:37:16 [31merror[39m]: uncaughtException: Cannot read properties of undefined (reading 'send')
TypeError: Cannot read properties of undefined (reading 'send')
    at /home/runner/xd/Events/⚡ Cliente/presencia.js:105:51
[16:37:16 [31merror[39m]: uncaughtException: Cannot read properties of undefined (reading 'send')
TypeError: Cannot read properties of undefined (reading 'send')
    at /home/runner/xd/Events/⚡ Cliente/presencia.js:105:51
[20:58:45 [32minfo[39m]: Iniciando y Conectando a la DB
[20:58:45 [32minfo[39m]: Bot Iniciado con Exito Dia de Registro Sat Nov 11 2023 20:58:45
[20:58:47 [31merror[39m]: uncaughtException: Cannot read properties of undefined (reading 'send')
TypeError: Cannot read properties of undefined (reading 'send')
    at /home/runner/xd/Events/⚡ Cliente/presencia.js:105:51
[20:58:47 [31merror[39m]: uncaughtException: Cannot read properties of undefined (reading 'send')
TypeError: Cannot read properties of undefined (reading 'send')
    at /home/runner/xd/Events/⚡ Cliente/presencia.js:105:51
