[00:00:47 [32minfo[39m]: Iniciando y Conectando a la DB
[00:00:47 [32minfo[39m]: Bot Iniciado con Exito Dia de Registro Thu Sep 14 2023 00:00:47
[00:00:50 [31merror[39m]: uncaughtException: Cannot read properties of undefined (reading 'send')
TypeError: Cannot read properties of undefined (reading 'send')
    at /home/runner/xd/Events/⚡ Cliente/presencia.js:105:61
[00:00:50 [31merror[39m]: uncaughtException: Cannot read properties of undefined (reading 'send')
TypeError: Cannot read properties of undefined (reading 'send')
    at /home/runner/xd/Events/⚡ Cliente/presencia.js:105:61
[00:06:00 [32minfo[39m]: Iniciando y Conectando a la DB
[00:06:00 [32minfo[39m]: Bot Iniciado con Exito Dia de Registro Thu Sep 14 2023 00:06:00
[00:06:01 [31merror[39m]: uncaughtException: Cannot read properties of undefined (reading 'send')
TypeError: Cannot read properties of undefined (reading 'send')
    at /home/runner/xd/Events/⚡ Cliente/presencia.js:105:61
[00:06:01 [31merror[39m]: uncaughtException: Cannot read properties of undefined (reading 'send')
TypeError: Cannot read properties of undefined (reading 'send')
    at /home/runner/xd/Events/⚡ Cliente/presencia.js:105:61
[00:06:46 [32minfo[39m]: Iniciando y Conectando a la DB
[00:06:46 [32minfo[39m]: Bot Iniciado con Exito Dia de Registro Thu Sep 14 2023 00:06:46
[00:06:48 [31merror[39m]: uncaughtException: Cannot read properties of undefined (reading 'send')
TypeError: Cannot read properties of undefined (reading 'send')
    at /home/runner/xd/Events/⚡ Cliente/presencia.js:105:61
[00:06:48 [31merror[39m]: uncaughtException: Cannot read properties of undefined (reading 'send')
TypeError: Cannot read properties of undefined (reading 'send')
    at /home/runner/xd/Events/⚡ Cliente/presencia.js:105:61
[00:11:26 [32minfo[39m]: Iniciando y Conectando a la DB
[00:11:26 [32minfo[39m]: Bot Iniciado con Exito Dia de Registro Thu Sep 14 2023 00:11:26
[00:11:27 [31merror[39m]: uncaughtException: Cannot read properties of undefined (reading 'send')
TypeError: Cannot read properties of undefined (reading 'send')
    at /home/runner/xd/Events/⚡ Cliente/presencia.js:105:61
[00:11:27 [31merror[39m]: uncaughtException: Cannot read properties of undefined (reading 'send')
TypeError: Cannot read properties of undefined (reading 'send')
    at /home/runner/xd/Events/⚡ Cliente/presencia.js:105:61
[00:16:38 [32minfo[39m]: Iniciando y Conectando a la DB
[00:16:38 [32minfo[39m]: Bot Iniciado con Exito Dia de Registro Thu Sep 14 2023 00:16:38
[00:16:40 [31merror[39m]: uncaughtException: Cannot read properties of undefined (reading 'send')
TypeError: Cannot read properties of undefined (reading 'send')
    at /home/runner/xd/Events/⚡ Cliente/presencia.js:105:61
[00:16:40 [31merror[39m]: uncaughtException: Cannot read properties of undefined (reading 'send')
TypeError: Cannot read properties of undefined (reading 'send')
    at /home/runner/xd/Events/⚡ Cliente/presencia.js:105:61
[00:21:37 [32minfo[39m]: Iniciando y Conectando a la DB
[00:21:37 [32minfo[39m]: Bot Iniciado con Exito Dia de Registro Thu Sep 14 2023 00:21:37
[00:21:38 [31merror[39m]: uncaughtException: Cannot read properties of undefined (reading 'send')
TypeError: Cannot read properties of undefined (reading 'send')
    at /home/runner/xd/Events/⚡ Cliente/presencia.js:105:61
[00:21:38 [31merror[39m]: uncaughtException: Cannot read properties of undefined (reading 'send')
TypeError: Cannot read properties of undefined (reading 'send')
    at /home/runner/xd/Events/⚡ Cliente/presencia.js:105:61
[00:31:26 [32minfo[39m]: Iniciando y Conectando a la DB
[00:31:26 [32minfo[39m]: Bot Iniciado con Exito Dia de Registro Thu Sep 14 2023 00:31:26
[00:31:28 [31merror[39m]: uncaughtException: Cannot read properties of undefined (reading 'send')
TypeError: Cannot read properties of undefined (reading 'send')
    at /home/runner/xd/Events/⚡ Cliente/presencia.js:105:61
[00:31:28 [31merror[39m]: uncaughtException: Cannot read properties of undefined (reading 'send')
TypeError: Cannot read properties of undefined (reading 'send')
    at /home/runner/xd/Events/⚡ Cliente/presencia.js:105:61
[00:36:37 [32minfo[39m]: Iniciando y Conectando a la DB
[00:36:37 [32minfo[39m]: Bot Iniciado con Exito Dia de Registro Thu Sep 14 2023 00:36:37
[00:36:38 [31merror[39m]: uncaughtException: Cannot read properties of undefined (reading 'send')
TypeError: Cannot read properties of undefined (reading 'send')
    at /home/runner/xd/Events/⚡ Cliente/presencia.js:105:61
[00:36:38 [31merror[39m]: uncaughtException: Cannot read properties of undefined (reading 'send')
TypeError: Cannot read properties of undefined (reading 'send')
    at /home/runner/xd/Events/⚡ Cliente/presencia.js:105:61
[04:19:44 [32minfo[39m]: Iniciando y Conectando a la DB
[04:19:44 [32minfo[39m]: Bot Iniciado con Exito Dia de Registro Thu Sep 14 2023 04:19:44
[04:19:45 [31merror[39m]: uncaughtException: Cannot read properties of undefined (reading 'send')
TypeError: Cannot read properties of undefined (reading 'send')
    at /home/runner/xd/Events/⚡ Cliente/presencia.js:105:61
[04:19:45 [31merror[39m]: uncaughtException: Cannot read properties of undefined (reading 'send')
TypeError: Cannot read properties of undefined (reading 'send')
    at /home/runner/xd/Events/⚡ Cliente/presencia.js:105:61
[04:24:40 [32minfo[39m]: Iniciando y Conectando a la DB
[04:24:40 [32minfo[39m]: Bot Iniciado con Exito Dia de Registro Thu Sep 14 2023 04:24:40
[04:24:41 [31merror[39m]: uncaughtException: Cannot read properties of undefined (reading 'send')
TypeError: Cannot read properties of undefined (reading 'send')
    at /home/runner/xd/Events/⚡ Cliente/presencia.js:105:61
[04:24:41 [31merror[39m]: uncaughtException: Cannot read properties of undefined (reading 'send')
TypeError: Cannot read properties of undefined (reading 'send')
    at /home/runner/xd/Events/⚡ Cliente/presencia.js:105:61
[04:29:29 [32minfo[39m]: Iniciando y Conectando a la DB
[04:29:29 [32minfo[39m]: Bot Iniciado con Exito Dia de Registro Thu Sep 14 2023 04:29:29
[04:29:30 [31merror[39m]: uncaughtException: Cannot read properties of undefined (reading 'send')
TypeError: Cannot read properties of undefined (reading 'send')
    at /home/runner/xd/Events/⚡ Cliente/presencia.js:105:61
[04:29:30 [31merror[39m]: uncaughtException: Cannot read properties of undefined (reading 'send')
TypeError: Cannot read properties of undefined (reading 'send')
    at /home/runner/xd/Events/⚡ Cliente/presencia.js:105:61
[04:39:38 [32minfo[39m]: Iniciando y Conectando a la DB
[04:39:38 [32minfo[39m]: Bot Iniciado con Exito Dia de Registro Thu Sep 14 2023 04:39:38
[04:39:40 [31merror[39m]: uncaughtException: Cannot read properties of undefined (reading 'send')
TypeError: Cannot read properties of undefined (reading 'send')
    at /home/runner/xd/Events/⚡ Cliente/presencia.js:105:61
[04:39:40 [31merror[39m]: uncaughtException: Cannot read properties of undefined (reading 'send')
TypeError: Cannot read properties of undefined (reading 'send')
    at /home/runner/xd/Events/⚡ Cliente/presencia.js:105:61
[04:49:40 [32minfo[39m]: Iniciando y Conectando a la DB
[04:49:40 [32minfo[39m]: Bot Iniciado con Exito Dia de Registro Thu Sep 14 2023 04:49:40
[04:49:42 [31merror[39m]: uncaughtException: Cannot read properties of undefined (reading 'send')
TypeError: Cannot read properties of undefined (reading 'send')
    at /home/runner/xd/Events/⚡ Cliente/presencia.js:105:61
[04:49:42 [31merror[39m]: uncaughtException: Cannot read properties of undefined (reading 'send')
TypeError: Cannot read properties of undefined (reading 'send')
    at /home/runner/xd/Events/⚡ Cliente/presencia.js:105:61
[04:59:38 [32minfo[39m]: Iniciando y Conectando a la DB
[04:59:38 [32minfo[39m]: Bot Iniciado con Exito Dia de Registro Thu Sep 14 2023 04:59:38
[04:59:40 [31merror[39m]: uncaughtException: Cannot read properties of undefined (reading 'send')
TypeError: Cannot read properties of undefined (reading 'send')
    at /home/runner/xd/Events/⚡ Cliente/presencia.js:105:61
[04:59:40 [31merror[39m]: uncaughtException: Cannot read properties of undefined (reading 'send')
TypeError: Cannot read properties of undefined (reading 'send')
    at /home/runner/xd/Events/⚡ Cliente/presencia.js:105:61
[05:04:34 [32minfo[39m]: Iniciando y Conectando a la DB
[05:04:34 [32minfo[39m]: Bot Iniciado con Exito Dia de Registro Thu Sep 14 2023 05:04:34
[05:04:35 [31merror[39m]: uncaughtException: Cannot read properties of undefined (reading 'send')
TypeError: Cannot read properties of undefined (reading 'send')
    at /home/runner/xd/Events/⚡ Cliente/presencia.js:105:61
[05:04:35 [31merror[39m]: uncaughtException: Cannot read properties of undefined (reading 'send')
TypeError: Cannot read properties of undefined (reading 'send')
    at /home/runner/xd/Events/⚡ Cliente/presencia.js:105:61
[05:09:29 [32minfo[39m]: Iniciando y Conectando a la DB
[05:09:29 [32minfo[39m]: Bot Iniciado con Exito Dia de Registro Thu Sep 14 2023 05:09:29
[05:09:31 [31merror[39m]: uncaughtException: Cannot read properties of undefined (reading 'send')
TypeError: Cannot read properties of undefined (reading 'send')
    at /home/runner/xd/Events/⚡ Cliente/presencia.js:105:61
[05:09:31 [31merror[39m]: uncaughtException: Cannot read properties of undefined (reading 'send')
TypeError: Cannot read properties of undefined (reading 'send')
    at /home/runner/xd/Events/⚡ Cliente/presencia.js:105:61
[05:14:39 [32minfo[39m]: Iniciando y Conectando a la DB
[05:14:39 [32minfo[39m]: Bot Iniciado con Exito Dia de Registro Thu Sep 14 2023 05:14:39
[05:14:41 [31merror[39m]: uncaughtException: Cannot read properties of undefined (reading 'send')
TypeError: Cannot read properties of undefined (reading 'send')
    at /home/runner/xd/Events/⚡ Cliente/presencia.js:105:61
[05:14:41 [31merror[39m]: uncaughtException: Cannot read properties of undefined (reading 'send')
TypeError: Cannot read properties of undefined (reading 'send')
    at /home/runner/xd/Events/⚡ Cliente/presencia.js:105:61
[05:19:31 [32minfo[39m]: Iniciando y Conectando a la DB
[05:19:31 [32minfo[39m]: Bot Iniciado con Exito Dia de Registro Thu Sep 14 2023 05:19:31
[05:19:33 [31merror[39m]: uncaughtException: Cannot read properties of undefined (reading 'send')
TypeError: Cannot read properties of undefined (reading 'send')
    at /home/runner/xd/Events/⚡ Cliente/presencia.js:105:61
[05:19:33 [31merror[39m]: uncaughtException: Cannot read properties of undefined (reading 'send')
TypeError: Cannot read properties of undefined (reading 'send')
    at /home/runner/xd/Events/⚡ Cliente/presencia.js:105:61
[05:29:48 [32minfo[39m]: Iniciando y Conectando a la DB
[05:29:48 [32minfo[39m]: Bot Iniciado con Exito Dia de Registro Thu Sep 14 2023 05:29:48
[05:29:50 [31merror[39m]: uncaughtException: Cannot read properties of undefined (reading 'send')
TypeError: Cannot read properties of undefined (reading 'send')
    at /home/runner/xd/Events/⚡ Cliente/presencia.js:105:61
[05:29:50 [31merror[39m]: uncaughtException: Cannot read properties of undefined (reading 'send')
TypeError: Cannot read properties of undefined (reading 'send')
    at /home/runner/xd/Events/⚡ Cliente/presencia.js:105:61
[05:34:53 [32minfo[39m]: Iniciando y Conectando a la DB
[05:34:53 [32minfo[39m]: Bot Iniciado con Exito Dia de Registro Thu Sep 14 2023 05:34:53
[05:34:55 [31merror[39m]: uncaughtException: Cannot read properties of undefined (reading 'send')
TypeError: Cannot read properties of undefined (reading 'send')
    at /home/runner/xd/Events/⚡ Cliente/presencia.js:105:61
[05:34:55 [31merror[39m]: uncaughtException: Cannot read properties of undefined (reading 'send')
TypeError: Cannot read properties of undefined (reading 'send')
    at /home/runner/xd/Events/⚡ Cliente/presencia.js:105:61
[05:35:33 [32minfo[39m]: Iniciando y Conectando a la DB
[05:35:33 [32minfo[39m]: Bot Iniciado con Exito Dia de Registro Thu Sep 14 2023 05:35:33
[05:35:34 [31merror[39m]: uncaughtException: Cannot read properties of undefined (reading 'send')
TypeError: Cannot read properties of undefined (reading 'send')
    at /home/runner/xd/Events/⚡ Cliente/presencia.js:105:61
[05:35:34 [31merror[39m]: uncaughtException: Cannot read properties of undefined (reading 'send')
TypeError: Cannot read properties of undefined (reading 'send')
    at /home/runner/xd/Events/⚡ Cliente/presencia.js:105:61
[05:40:29 [32minfo[39m]: Iniciando y Conectando a la DB
[05:40:29 [32minfo[39m]: Bot Iniciado con Exito Dia de Registro Thu Sep 14 2023 05:40:29
[05:40:31 [31merror[39m]: uncaughtException: Cannot read properties of undefined (reading 'send')
TypeError: Cannot read properties of undefined (reading 'send')
    at /home/runner/xd/Events/⚡ Cliente/presencia.js:105:61
[05:40:31 [31merror[39m]: uncaughtException: Cannot read properties of undefined (reading 'send')
TypeError: Cannot read properties of undefined (reading 'send')
    at /home/runner/xd/Events/⚡ Cliente/presencia.js:105:61
[05:45:33 [32minfo[39m]: Iniciando y Conectando a la DB
[05:45:33 [32minfo[39m]: Bot Iniciado con Exito Dia de Registro Thu Sep 14 2023 05:45:33
[05:45:35 [31merror[39m]: uncaughtException: Cannot read properties of undefined (reading 'send')
TypeError: Cannot read properties of undefined (reading 'send')
    at /home/runner/xd/Events/⚡ Cliente/presencia.js:105:61
[05:45:35 [31merror[39m]: uncaughtException: Cannot read properties of undefined (reading 'send')
TypeError: Cannot read properties of undefined (reading 'send')
    at /home/runner/xd/Events/⚡ Cliente/presencia.js:105:61
[05:50:33 [32minfo[39m]: Iniciando y Conectando a la DB
[05:50:33 [32minfo[39m]: Bot Iniciado con Exito Dia de Registro Thu Sep 14 2023 05:50:33
[05:50:34 [31merror[39m]: uncaughtException: Cannot read properties of undefined (reading 'send')
TypeError: Cannot read properties of undefined (reading 'send')
    at /home/runner/xd/Events/⚡ Cliente/presencia.js:105:61
[05:50:34 [31merror[39m]: uncaughtException: Cannot read properties of undefined (reading 'send')
TypeError: Cannot read properties of undefined (reading 'send')
    at /home/runner/xd/Events/⚡ Cliente/presencia.js:105:61
[06:00:29 [32minfo[39m]: Iniciando y Conectando a la DB
[06:00:29 [32minfo[39m]: Bot Iniciado con Exito Dia de Registro Thu Sep 14 2023 06:00:29
[06:00:30 [31merror[39m]: uncaughtException: Cannot read properties of undefined (reading 'send')
TypeError: Cannot read properties of undefined (reading 'send')
    at /home/runner/xd/Events/⚡ Cliente/presencia.js:105:61
[06:00:30 [31merror[39m]: uncaughtException: Cannot read properties of undefined (reading 'send')
TypeError: Cannot read properties of undefined (reading 'send')
    at /home/runner/xd/Events/⚡ Cliente/presencia.js:105:61
[06:05:30 [32minfo[39m]: Iniciando y Conectando a la DB
[06:05:30 [32minfo[39m]: Bot Iniciado con Exito Dia de Registro Thu Sep 14 2023 06:05:30
[06:05:31 [31merror[39m]: uncaughtException: Cannot read properties of undefined (reading 'send')
TypeError: Cannot read properties of undefined (reading 'send')
    at /home/runner/xd/Events/⚡ Cliente/presencia.js:105:61
[06:05:31 [31merror[39m]: uncaughtException: Cannot read properties of undefined (reading 'send')
TypeError: Cannot read properties of undefined (reading 'send')
    at /home/runner/xd/Events/⚡ Cliente/presencia.js:105:61
[06:10:19 [32minfo[39m]: Iniciando y Conectando a la DB
[06:10:19 [32minfo[39m]: Bot Iniciado con Exito Dia de Registro Thu Sep 14 2023 06:10:19
[06:10:21 [31merror[39m]: uncaughtException: Cannot read properties of undefined (reading 'send')
TypeError: Cannot read properties of undefined (reading 'send')
    at /home/runner/xd/Events/⚡ Cliente/presencia.js:105:61
[06:10:21 [31merror[39m]: uncaughtException: Cannot read properties of undefined (reading 'send')
TypeError: Cannot read properties of undefined (reading 'send')
    at /home/runner/xd/Events/⚡ Cliente/presencia.js:105:61
[06:15:29 [32minfo[39m]: Iniciando y Conectando a la DB
[06:15:29 [32minfo[39m]: Bot Iniciado con Exito Dia de Registro Thu Sep 14 2023 06:15:29
[06:15:30 [31merror[39m]: uncaughtException: Cannot read properties of undefined (reading 'send')
TypeError: Cannot read properties of undefined (reading 'send')
    at /home/runner/xd/Events/⚡ Cliente/presencia.js:105:61
[06:15:30 [31merror[39m]: uncaughtException: Cannot read properties of undefined (reading 'send')
TypeError: Cannot read properties of undefined (reading 'send')
    at /home/runner/xd/Events/⚡ Cliente/presencia.js:105:61
[06:20:20 [32minfo[39m]: Iniciando y Conectando a la DB
[06:20:20 [32minfo[39m]: Bot Iniciado con Exito Dia de Registro Thu Sep 14 2023 06:20:20
[06:20:21 [31merror[39m]: uncaughtException: Cannot read properties of undefined (reading 'send')
TypeError: Cannot read properties of undefined (reading 'send')
    at /home/runner/xd/Events/⚡ Cliente/presencia.js:105:61
[06:20:21 [31merror[39m]: uncaughtException: Cannot read properties of undefined (reading 'send')
TypeError: Cannot read properties of undefined (reading 'send')
    at /home/runner/xd/Events/⚡ Cliente/presencia.js:105:61
[06:25:29 [32minfo[39m]: Iniciando y Conectando a la DB
[06:25:29 [32minfo[39m]: Bot Iniciado con Exito Dia de Registro Thu Sep 14 2023 06:25:29
[06:25:31 [31merror[39m]: uncaughtException: Cannot read properties of undefined (reading 'send')
TypeError: Cannot read properties of undefined (reading 'send')
    at /home/runner/xd/Events/⚡ Cliente/presencia.js:105:61
[06:25:31 [31merror[39m]: uncaughtException: Cannot read properties of undefined (reading 'send')
TypeError: Cannot read properties of undefined (reading 'send')
    at /home/runner/xd/Events/⚡ Cliente/presencia.js:105:61
[06:30:19 [32minfo[39m]: Iniciando y Conectando a la DB
[06:30:19 [32minfo[39m]: Bot Iniciado con Exito Dia de Registro Thu Sep 14 2023 06:30:19
[06:30:20 [31merror[39m]: uncaughtException: Cannot read properties of undefined (reading 'send')
TypeError: Cannot read properties of undefined (reading 'send')
    at /home/runner/xd/Events/⚡ Cliente/presencia.js:105:61
[06:30:20 [31merror[39m]: uncaughtException: Cannot read properties of undefined (reading 'send')
TypeError: Cannot read properties of undefined (reading 'send')
    at /home/runner/xd/Events/⚡ Cliente/presencia.js:105:61
[06:35:19 [32minfo[39m]: Iniciando y Conectando a la DB
[06:35:19 [32minfo[39m]: Bot Iniciado con Exito Dia de Registro Thu Sep 14 2023 06:35:19
[06:35:21 [31merror[39m]: uncaughtException: Cannot read properties of undefined (reading 'send')
TypeError: Cannot read properties of undefined (reading 'send')
    at /home/runner/xd/Events/⚡ Cliente/presencia.js:105:61
[06:35:21 [31merror[39m]: uncaughtException: Cannot read properties of undefined (reading 'send')
TypeError: Cannot read properties of undefined (reading 'send')
    at /home/runner/xd/Events/⚡ Cliente/presencia.js:105:61
[06:40:29 [32minfo[39m]: Iniciando y Conectando a la DB
[06:40:29 [32minfo[39m]: Bot Iniciado con Exito Dia de Registro Thu Sep 14 2023 06:40:29
[06:40:30 [31merror[39m]: uncaughtException: Cannot read properties of undefined (reading 'send')
TypeError: Cannot read properties of undefined (reading 'send')
    at /home/runner/xd/Events/⚡ Cliente/presencia.js:105:61
[06:40:30 [31merror[39m]: uncaughtException: Cannot read properties of undefined (reading 'send')
TypeError: Cannot read properties of undefined (reading 'send')
    at /home/runner/xd/Events/⚡ Cliente/presencia.js:105:61
[06:45:19 [32minfo[39m]: Iniciando y Conectando a la DB
[06:45:19 [32minfo[39m]: Bot Iniciado con Exito Dia de Registro Thu Sep 14 2023 06:45:19
[06:45:20 [31merror[39m]: uncaughtException: Cannot read properties of undefined (reading 'send')
TypeError: Cannot read properties of undefined (reading 'send')
    at /home/runner/xd/Events/⚡ Cliente/presencia.js:105:61
[06:45:20 [31merror[39m]: uncaughtException: Cannot read properties of undefined (reading 'send')
TypeError: Cannot read properties of undefined (reading 'send')
    at /home/runner/xd/Events/⚡ Cliente/presencia.js:105:61
[07:01:39 [32minfo[39m]: Iniciando y Conectando a la DB
[07:01:39 [32minfo[39m]: Bot Iniciado con Exito Dia de Registro Thu Sep 14 2023 07:01:39
[07:01:41 [31merror[39m]: uncaughtException: Cannot read properties of undefined (reading 'send')
TypeError: Cannot read properties of undefined (reading 'send')
    at /home/runner/xd/Events/⚡ Cliente/presencia.js:105:61
[07:01:41 [31merror[39m]: uncaughtException: Cannot read properties of undefined (reading 'send')
TypeError: Cannot read properties of undefined (reading 'send')
    at /home/runner/xd/Events/⚡ Cliente/presencia.js:105:61
[07:02:07 [32minfo[39m]: Iniciando y Conectando a la DB
[07:02:07 [32minfo[39m]: Bot Iniciado con Exito Dia de Registro Thu Sep 14 2023 07:02:07
[07:02:08 [31merror[39m]: uncaughtException: Cannot read properties of undefined (reading 'send')
TypeError: Cannot read properties of undefined (reading 'send')
    at /home/runner/xd/Events/⚡ Cliente/presencia.js:105:61
[07:02:08 [31merror[39m]: uncaughtException: Cannot read properties of undefined (reading 'send')
TypeError: Cannot read properties of undefined (reading 'send')
    at /home/runner/xd/Events/⚡ Cliente/presencia.js:105:61
[07:06:58 [32minfo[39m]: Iniciando y Conectando a la DB
[07:06:58 [32minfo[39m]: Bot Iniciado con Exito Dia de Registro Thu Sep 14 2023 07:06:58
[07:06:59 [31merror[39m]: uncaughtException: Cannot read properties of undefined (reading 'send')
TypeError: Cannot read properties of undefined (reading 'send')
    at /home/runner/xd/Events/⚡ Cliente/presencia.js:105:61
[07:06:59 [31merror[39m]: uncaughtException: Cannot read properties of undefined (reading 'send')
TypeError: Cannot read properties of undefined (reading 'send')
    at /home/runner/xd/Events/⚡ Cliente/presencia.js:105:61
[07:12:06 [32minfo[39m]: Iniciando y Conectando a la DB
[07:12:06 [32minfo[39m]: Bot Iniciado con Exito Dia de Registro Thu Sep 14 2023 07:12:06
[07:12:08 [31merror[39m]: uncaughtException: Cannot read properties of undefined (reading 'send')
TypeError: Cannot read properties of undefined (reading 'send')
    at /home/runner/xd/Events/⚡ Cliente/presencia.js:105:61
[07:12:08 [31merror[39m]: uncaughtException: Cannot read properties of undefined (reading 'send')
TypeError: Cannot read properties of undefined (reading 'send')
    at /home/runner/xd/Events/⚡ Cliente/presencia.js:105:61
[07:17:06 [32minfo[39m]: Iniciando y Conectando a la DB
[07:17:06 [32minfo[39m]: Bot Iniciado con Exito Dia de Registro Thu Sep 14 2023 07:17:06
[07:17:08 [31merror[39m]: uncaughtException: Cannot read properties of undefined (reading 'send')
TypeError: Cannot read properties of undefined (reading 'send')
    at /home/runner/xd/Events/⚡ Cliente/presencia.js:105:61
[07:17:08 [31merror[39m]: uncaughtException: Cannot read properties of undefined (reading 'send')
TypeError: Cannot read properties of undefined (reading 'send')
    at /home/runner/xd/Events/⚡ Cliente/presencia.js:105:61
[07:21:56 [32minfo[39m]: Iniciando y Conectando a la DB
[07:21:56 [32minfo[39m]: Bot Iniciado con Exito Dia de Registro Thu Sep 14 2023 07:21:56
[07:21:58 [31merror[39m]: uncaughtException: Cannot read properties of undefined (reading 'send')
TypeError: Cannot read properties of undefined (reading 'send')
    at /home/runner/xd/Events/⚡ Cliente/presencia.js:105:61
[07:21:58 [31merror[39m]: uncaughtException: Cannot read properties of undefined (reading 'send')
TypeError: Cannot read properties of undefined (reading 'send')
    at /home/runner/xd/Events/⚡ Cliente/presencia.js:105:61
[07:26:56 [32minfo[39m]: Iniciando y Conectando a la DB
[07:26:56 [32minfo[39m]: Bot Iniciado con Exito Dia de Registro Thu Sep 14 2023 07:26:56
[07:26:57 [31merror[39m]: uncaughtException: Cannot read properties of undefined (reading 'send')
TypeError: Cannot read properties of undefined (reading 'send')
    at /home/runner/xd/Events/⚡ Cliente/presencia.js:105:61
[07:26:57 [31merror[39m]: uncaughtException: Cannot read properties of undefined (reading 'send')
TypeError: Cannot read properties of undefined (reading 'send')
    at /home/runner/xd/Events/⚡ Cliente/presencia.js:105:61
[07:31:57 [32minfo[39m]: Iniciando y Conectando a la DB
[07:31:57 [32minfo[39m]: Bot Iniciado con Exito Dia de Registro Thu Sep 14 2023 07:31:57
[07:31:58 [31merror[39m]: uncaughtException: Cannot read properties of undefined (reading 'send')
TypeError: Cannot read properties of undefined (reading 'send')
    at /home/runner/xd/Events/⚡ Cliente/presencia.js:105:61
[07:31:58 [31merror[39m]: uncaughtException: Cannot read properties of undefined (reading 'send')
TypeError: Cannot read properties of undefined (reading 'send')
    at /home/runner/xd/Events/⚡ Cliente/presencia.js:105:61
[07:37:14 [32minfo[39m]: Iniciando y Conectando a la DB
[07:37:14 [32minfo[39m]: Bot Iniciado con Exito Dia de Registro Thu Sep 14 2023 07:37:14
[07:37:18 [31merror[39m]: uncaughtException: Cannot read properties of undefined (reading 'send')
TypeError: Cannot read properties of undefined (reading 'send')
    at /home/runner/xd/Events/⚡ Cliente/presencia.js:105:61
[07:37:18 [31merror[39m]: uncaughtException: Cannot read properties of undefined (reading 'send')
TypeError: Cannot read properties of undefined (reading 'send')
    at /home/runner/xd/Events/⚡ Cliente/presencia.js:105:61
[07:42:09 [32minfo[39m]: Iniciando y Conectando a la DB
[07:42:09 [32minfo[39m]: Bot Iniciado con Exito Dia de Registro Thu Sep 14 2023 07:42:09
[07:42:10 [31merror[39m]: uncaughtException: Cannot read properties of undefined (reading 'send')
TypeError: Cannot read properties of undefined (reading 'send')
    at /home/runner/xd/Events/⚡ Cliente/presencia.js:105:61
[07:42:10 [31merror[39m]: uncaughtException: Cannot read properties of undefined (reading 'send')
TypeError: Cannot read properties of undefined (reading 'send')
    at /home/runner/xd/Events/⚡ Cliente/presencia.js:105:61
[07:47:07 [32minfo[39m]: Iniciando y Conectando a la DB
[07:47:07 [32minfo[39m]: Bot Iniciado con Exito Dia de Registro Thu Sep 14 2023 07:47:07
[07:47:09 [31merror[39m]: uncaughtException: Cannot read properties of undefined (reading 'send')
TypeError: Cannot read properties of undefined (reading 'send')
    at /home/runner/xd/Events/⚡ Cliente/presencia.js:105:61
[07:47:09 [31merror[39m]: uncaughtException: Cannot read properties of undefined (reading 'send')
TypeError: Cannot read properties of undefined (reading 'send')
    at /home/runner/xd/Events/⚡ Cliente/presencia.js:105:61
[07:51:57 [32minfo[39m]: Iniciando y Conectando a la DB
[07:51:57 [32minfo[39m]: Bot Iniciado con Exito Dia de Registro Thu Sep 14 2023 07:51:57
[07:51:59 [31merror[39m]: uncaughtException: Cannot read properties of undefined (reading 'send')
TypeError: Cannot read properties of undefined (reading 'send')
    at /home/runner/xd/Events/⚡ Cliente/presencia.js:105:61
[07:51:59 [31merror[39m]: uncaughtException: Cannot read properties of undefined (reading 'send')
TypeError: Cannot read properties of undefined (reading 'send')
    at /home/runner/xd/Events/⚡ Cliente/presencia.js:105:61
[07:57:20 [32minfo[39m]: Iniciando y Conectando a la DB
[07:57:20 [32minfo[39m]: Bot Iniciado con Exito Dia de Registro Thu Sep 14 2023 07:57:20
[07:57:23 [31merror[39m]: uncaughtException: Cannot read properties of undefined (reading 'send')
TypeError: Cannot read properties of undefined (reading 'send')
    at /home/runner/xd/Events/⚡ Cliente/presencia.js:105:61
[07:57:23 [31merror[39m]: uncaughtException: Cannot read properties of undefined (reading 'send')
TypeError: Cannot read properties of undefined (reading 'send')
    at /home/runner/xd/Events/⚡ Cliente/presencia.js:105:61
[08:02:57 [32minfo[39m]: Iniciando y Conectando a la DB
[08:02:57 [32minfo[39m]: Bot Iniciado con Exito Dia de Registro Thu Sep 14 2023 08:02:57
[08:02:58 [31merror[39m]: uncaughtException: Cannot read properties of undefined (reading 'send')
TypeError: Cannot read properties of undefined (reading 'send')
    at /home/runner/xd/Events/⚡ Cliente/presencia.js:105:61
[08:02:58 [31merror[39m]: uncaughtException: Cannot read properties of undefined (reading 'send')
TypeError: Cannot read properties of undefined (reading 'send')
    at /home/runner/xd/Events/⚡ Cliente/presencia.js:105:61
[08:08:07 [32minfo[39m]: Iniciando y Conectando a la DB
[08:08:07 [32minfo[39m]: Bot Iniciado con Exito Dia de Registro Thu Sep 14 2023 08:08:07
[08:08:08 [31merror[39m]: uncaughtException: Cannot read properties of undefined (reading 'send')
TypeError: Cannot read properties of undefined (reading 'send')
    at /home/runner/xd/Events/⚡ Cliente/presencia.js:105:61
[08:08:08 [31merror[39m]: uncaughtException: Cannot read properties of undefined (reading 'send')
TypeError: Cannot read properties of undefined (reading 'send')
    at /home/runner/xd/Events/⚡ Cliente/presencia.js:105:61
[09:22:30 [32minfo[39m]: Iniciando y Conectando a la DB
[09:22:30 [32minfo[39m]: Bot Iniciado con Exito Dia de Registro Thu Sep 14 2023 09:22:30
[09:22:32 [31merror[39m]: uncaughtException: Cannot read properties of undefined (reading 'send')
TypeError: Cannot read properties of undefined (reading 'send')
    at /home/runner/xd/Events/⚡ Cliente/presencia.js:105:61
[09:22:32 [31merror[39m]: uncaughtException: Cannot read properties of undefined (reading 'send')
TypeError: Cannot read properties of undefined (reading 'send')
    at /home/runner/xd/Events/⚡ Cliente/presencia.js:105:61
[09:27:49 [32minfo[39m]: Iniciando y Conectando a la DB
[09:27:49 [32minfo[39m]: Bot Iniciado con Exito Dia de Registro Thu Sep 14 2023 09:27:49
[09:27:51 [31merror[39m]: uncaughtException: Cannot read properties of undefined (reading 'send')
TypeError: Cannot read properties of undefined (reading 'send')
    at /home/runner/xd/Events/⚡ Cliente/presencia.js:105:61
[09:27:51 [31merror[39m]: uncaughtException: Cannot read properties of undefined (reading 'send')
TypeError: Cannot read properties of undefined (reading 'send')
    at /home/runner/xd/Events/⚡ Cliente/presencia.js:105:61
[09:28:20 [32minfo[39m]: Iniciando y Conectando a la DB
[09:28:20 [32minfo[39m]: Bot Iniciado con Exito Dia de Registro Thu Sep 14 2023 09:28:20
[09:28:23 [31merror[39m]: uncaughtException: Cannot read properties of undefined (reading 'send')
TypeError: Cannot read properties of undefined (reading 'send')
    at /home/runner/xd/Events/⚡ Cliente/presencia.js:105:61
[09:28:23 [31merror[39m]: uncaughtException: Cannot read properties of undefined (reading 'send')
TypeError: Cannot read properties of undefined (reading 'send')
    at /home/runner/xd/Events/⚡ Cliente/presencia.js:105:61
[09:33:34 [32minfo[39m]: Iniciando y Conectando a la DB
[09:33:34 [32minfo[39m]: Bot Iniciado con Exito Dia de Registro Thu Sep 14 2023 09:33:34
[09:33:36 [31merror[39m]: uncaughtException: Cannot read properties of undefined (reading 'send')
TypeError: Cannot read properties of undefined (reading 'send')
    at /home/runner/xd/Events/⚡ Cliente/presencia.js:105:61
[09:33:36 [31merror[39m]: uncaughtException: Cannot read properties of undefined (reading 'send')
TypeError: Cannot read properties of undefined (reading 'send')
    at /home/runner/xd/Events/⚡ Cliente/presencia.js:105:61
[09:38:22 [32minfo[39m]: Iniciando y Conectando a la DB
[09:38:22 [32minfo[39m]: Bot Iniciado con Exito Dia de Registro Thu Sep 14 2023 09:38:22
[09:38:23 [31merror[39m]: uncaughtException: Cannot read properties of undefined (reading 'send')
TypeError: Cannot read properties of undefined (reading 'send')
    at /home/runner/xd/Events/⚡ Cliente/presencia.js:105:61
[09:38:23 [31merror[39m]: uncaughtException: Cannot read properties of undefined (reading 'send')
TypeError: Cannot read properties of undefined (reading 'send')
    at /home/runner/xd/Events/⚡ Cliente/presencia.js:105:61
[09:43:59 [32minfo[39m]: Iniciando y Conectando a la DB
[09:43:59 [32minfo[39m]: Bot Iniciado con Exito Dia de Registro Thu Sep 14 2023 09:43:59
[09:44:00 [31merror[39m]: uncaughtException: Cannot read properties of undefined (reading 'send')
TypeError: Cannot read properties of undefined (reading 'send')
    at /home/runner/xd/Events/⚡ Cliente/presencia.js:105:61
[09:44:00 [31merror[39m]: uncaughtException: Cannot read properties of undefined (reading 'send')
TypeError: Cannot read properties of undefined (reading 'send')
    at /home/runner/xd/Events/⚡ Cliente/presencia.js:105:61
[09:49:13 [32minfo[39m]: Iniciando y Conectando a la DB
[09:49:13 [32minfo[39m]: Bot Iniciado con Exito Dia de Registro Thu Sep 14 2023 09:49:13
[09:49:14 [31merror[39m]: uncaughtException: Cannot read properties of undefined (reading 'send')
TypeError: Cannot read properties of undefined (reading 'send')
    at /home/runner/xd/Events/⚡ Cliente/presencia.js:105:61
[09:49:14 [31merror[39m]: uncaughtException: Cannot read properties of undefined (reading 'send')
TypeError: Cannot read properties of undefined (reading 'send')
    at /home/runner/xd/Events/⚡ Cliente/presencia.js:105:61
[09:54:00 [32minfo[39m]: Iniciando y Conectando a la DB
[09:54:00 [32minfo[39m]: Bot Iniciado con Exito Dia de Registro Thu Sep 14 2023 09:54:00
[09:54:02 [31merror[39m]: uncaughtException: Cannot read properties of undefined (reading 'send')
TypeError: Cannot read properties of undefined (reading 'send')
    at /home/runner/xd/Events/⚡ Cliente/presencia.js:105:61
[09:54:02 [31merror[39m]: uncaughtException: Cannot read properties of undefined (reading 'send')
TypeError: Cannot read properties of undefined (reading 'send')
    at /home/runner/xd/Events/⚡ Cliente/presencia.js:105:61
[09:59:39 [32minfo[39m]: Iniciando y Conectando a la DB
[09:59:39 [32minfo[39m]: Bot Iniciado con Exito Dia de Registro Thu Sep 14 2023 09:59:39
[09:59:40 [31merror[39m]: uncaughtException: Cannot read properties of undefined (reading 'send')
TypeError: Cannot read properties of undefined (reading 'send')
    at /home/runner/xd/Events/⚡ Cliente/presencia.js:105:61
[09:59:40 [31merror[39m]: uncaughtException: Cannot read properties of undefined (reading 'send')
TypeError: Cannot read properties of undefined (reading 'send')
    at /home/runner/xd/Events/⚡ Cliente/presencia.js:105:61
[10:04:50 [32minfo[39m]: Iniciando y Conectando a la DB
[10:04:50 [32minfo[39m]: Bot Iniciado con Exito Dia de Registro Thu Sep 14 2023 10:04:50
[10:04:51 [31merror[39m]: uncaughtException: Cannot read properties of undefined (reading 'send')
TypeError: Cannot read properties of undefined (reading 'send')
    at /home/runner/xd/Events/⚡ Cliente/presencia.js:105:61
[10:04:51 [31merror[39m]: uncaughtException: Cannot read properties of undefined (reading 'send')
TypeError: Cannot read properties of undefined (reading 'send')
    at /home/runner/xd/Events/⚡ Cliente/presencia.js:105:61
[10:09:49 [32minfo[39m]: Iniciando y Conectando a la DB
[10:09:49 [32minfo[39m]: Bot Iniciado con Exito Dia de Registro Thu Sep 14 2023 10:09:49
[10:09:51 [31merror[39m]: uncaughtException: Cannot read properties of undefined (reading 'send')
TypeError: Cannot read properties of undefined (reading 'send')
    at /home/runner/xd/Events/⚡ Cliente/presencia.js:105:61
[10:09:51 [31merror[39m]: uncaughtException: Cannot read properties of undefined (reading 'send')
TypeError: Cannot read properties of undefined (reading 'send')
    at /home/runner/xd/Events/⚡ Cliente/presencia.js:105:61
[10:14:40 [32minfo[39m]: Iniciando y Conectando a la DB
[10:14:40 [32minfo[39m]: Bot Iniciado con Exito Dia de Registro Thu Sep 14 2023 10:14:40
[10:14:41 [31merror[39m]: uncaughtException: Cannot read properties of undefined (reading 'send')
TypeError: Cannot read properties of undefined (reading 'send')
    at /home/runner/xd/Events/⚡ Cliente/presencia.js:105:61
[10:14:41 [31merror[39m]: uncaughtException: Cannot read properties of undefined (reading 'send')
TypeError: Cannot read properties of undefined (reading 'send')
    at /home/runner/xd/Events/⚡ Cliente/presencia.js:105:61
[10:24:50 [32minfo[39m]: Iniciando y Conectando a la DB
[10:24:50 [32minfo[39m]: Bot Iniciado con Exito Dia de Registro Thu Sep 14 2023 10:24:50
[10:24:51 [31merror[39m]: uncaughtException: Cannot read properties of undefined (reading 'send')
TypeError: Cannot read properties of undefined (reading 'send')
    at /home/runner/xd/Events/⚡ Cliente/presencia.js:105:61
[10:24:51 [31merror[39m]: uncaughtException: Cannot read properties of undefined (reading 'send')
TypeError: Cannot read properties of undefined (reading 'send')
    at /home/runner/xd/Events/⚡ Cliente/presencia.js:105:61
[10:29:49 [32minfo[39m]: Iniciando y Conectando a la DB
[10:29:49 [32minfo[39m]: Bot Iniciado con Exito Dia de Registro Thu Sep 14 2023 10:29:49
[10:29:50 [31merror[39m]: uncaughtException: Cannot read properties of undefined (reading 'send')
TypeError: Cannot read properties of undefined (reading 'send')
    at /home/runner/xd/Events/⚡ Cliente/presencia.js:105:61
[10:29:50 [31merror[39m]: uncaughtException: Cannot read properties of undefined (reading 'send')
TypeError: Cannot read properties of undefined (reading 'send')
    at /home/runner/xd/Events/⚡ Cliente/presencia.js:105:61
[10:34:49 [32minfo[39m]: Iniciando y Conectando a la DB
[10:34:49 [32minfo[39m]: Bot Iniciado con Exito Dia de Registro Thu Sep 14 2023 10:34:49
[10:34:51 [31merror[39m]: uncaughtException: Cannot read properties of undefined (reading 'send')
TypeError: Cannot read properties of undefined (reading 'send')
    at /home/runner/xd/Events/⚡ Cliente/presencia.js:105:61
[10:34:51 [31merror[39m]: uncaughtException: Cannot read properties of undefined (reading 'send')
TypeError: Cannot read properties of undefined (reading 'send')
    at /home/runner/xd/Events/⚡ Cliente/presencia.js:105:61
[10:39:49 [32minfo[39m]: Iniciando y Conectando a la DB
[10:39:49 [32minfo[39m]: Bot Iniciado con Exito Dia de Registro Thu Sep 14 2023 10:39:49
[10:39:51 [31merror[39m]: uncaughtException: Cannot read properties of undefined (reading 'send')
TypeError: Cannot read properties of undefined (reading 'send')
    at /home/runner/xd/Events/⚡ Cliente/presencia.js:105:61
[10:39:51 [31merror[39m]: uncaughtException: Cannot read properties of undefined (reading 'send')
TypeError: Cannot read properties of undefined (reading 'send')
    at /home/runner/xd/Events/⚡ Cliente/presencia.js:105:61
[10:44:49 [32minfo[39m]: Iniciando y Conectando a la DB
[10:44:49 [32minfo[39m]: Bot Iniciado con Exito Dia de Registro Thu Sep 14 2023 10:44:49
[10:44:50 [31merror[39m]: uncaughtException: Cannot read properties of undefined (reading 'send')
TypeError: Cannot read properties of undefined (reading 'send')
    at /home/runner/xd/Events/⚡ Cliente/presencia.js:105:61
[10:44:50 [31merror[39m]: uncaughtException: Cannot read properties of undefined (reading 'send')
TypeError: Cannot read properties of undefined (reading 'send')
    at /home/runner/xd/Events/⚡ Cliente/presencia.js:105:61
[10:49:49 [32minfo[39m]: Iniciando y Conectando a la DB
[10:49:49 [32minfo[39m]: Bot Iniciado con Exito Dia de Registro Thu Sep 14 2023 10:49:49
[10:49:51 [31merror[39m]: uncaughtException: Cannot read properties of undefined (reading 'send')
TypeError: Cannot read properties of undefined (reading 'send')
    at /home/runner/xd/Events/⚡ Cliente/presencia.js:105:61
[10:49:51 [31merror[39m]: uncaughtException: Cannot read properties of undefined (reading 'send')
TypeError: Cannot read properties of undefined (reading 'send')
    at /home/runner/xd/Events/⚡ Cliente/presencia.js:105:61
[10:54:52 [32minfo[39m]: Iniciando y Conectando a la DB
[10:54:52 [32minfo[39m]: Bot Iniciado con Exito Dia de Registro Thu Sep 14 2023 10:54:52
[10:54:53 [31merror[39m]: uncaughtException: Cannot read properties of undefined (reading 'send')
TypeError: Cannot read properties of undefined (reading 'send')
    at /home/runner/xd/Events/⚡ Cliente/presencia.js:105:61
[10:54:53 [31merror[39m]: uncaughtException: Cannot read properties of undefined (reading 'send')
TypeError: Cannot read properties of undefined (reading 'send')
    at /home/runner/xd/Events/⚡ Cliente/presencia.js:105:61
[12:41:57 [32minfo[39m]: Iniciando y Conectando a la DB
[12:41:57 [32minfo[39m]: Bot Iniciado con Exito Dia de Registro Thu Sep 14 2023 12:41:57
[12:41:59 [31merror[39m]: uncaughtException: Cannot read properties of undefined (reading 'send')
TypeError: Cannot read properties of undefined (reading 'send')
    at /home/runner/xd/Events/⚡ Cliente/presencia.js:105:61
[12:41:59 [31merror[39m]: uncaughtException: Cannot read properties of undefined (reading 'send')
TypeError: Cannot read properties of undefined (reading 'send')
    at /home/runner/xd/Events/⚡ Cliente/presencia.js:105:61
[12:46:57 [32minfo[39m]: Iniciando y Conectando a la DB
[12:46:57 [32minfo[39m]: Bot Iniciado con Exito Dia de Registro Thu Sep 14 2023 12:46:57
[12:46:59 [31merror[39m]: uncaughtException: Cannot read properties of undefined (reading 'send')
TypeError: Cannot read properties of undefined (reading 'send')
    at /home/runner/xd/Events/⚡ Cliente/presencia.js:105:61
[12:46:59 [31merror[39m]: uncaughtException: Cannot read properties of undefined (reading 'send')
TypeError: Cannot read properties of undefined (reading 'send')
    at /home/runner/xd/Events/⚡ Cliente/presencia.js:105:61
[12:51:55 [32minfo[39m]: Iniciando y Conectando a la DB
[12:51:55 [32minfo[39m]: Bot Iniciado con Exito Dia de Registro Thu Sep 14 2023 12:51:55
[12:51:57 [31merror[39m]: uncaughtException: Cannot read properties of undefined (reading 'send')
TypeError: Cannot read properties of undefined (reading 'send')
    at /home/runner/xd/Events/⚡ Cliente/presencia.js:105:61
[12:51:57 [31merror[39m]: uncaughtException: Cannot read properties of undefined (reading 'send')
TypeError: Cannot read properties of undefined (reading 'send')
    at /home/runner/xd/Events/⚡ Cliente/presencia.js:105:61
[12:57:16 [32minfo[39m]: Iniciando y Conectando a la DB
[12:57:16 [32minfo[39m]: Bot Iniciado con Exito Dia de Registro Thu Sep 14 2023 12:57:16
[12:57:17 [31merror[39m]: uncaughtException: Cannot read properties of undefined (reading 'send')
TypeError: Cannot read properties of undefined (reading 'send')
    at /home/runner/xd/Events/⚡ Cliente/presencia.js:105:61
[12:57:17 [31merror[39m]: uncaughtException: Cannot read properties of undefined (reading 'send')
TypeError: Cannot read properties of undefined (reading 'send')
    at /home/runner/xd/Events/⚡ Cliente/presencia.js:105:61
[12:57:45 [32minfo[39m]: Iniciando y Conectando a la DB
[12:57:45 [32minfo[39m]: Bot Iniciado con Exito Dia de Registro Thu Sep 14 2023 12:57:45
[12:57:46 [31merror[39m]: uncaughtException: Cannot read properties of undefined (reading 'send')
TypeError: Cannot read properties of undefined (reading 'send')
    at /home/runner/xd/Events/⚡ Cliente/presencia.js:105:61
[12:57:46 [31merror[39m]: uncaughtException: Cannot read properties of undefined (reading 'send')
TypeError: Cannot read properties of undefined (reading 'send')
    at /home/runner/xd/Events/⚡ Cliente/presencia.js:105:61
[13:02:45 [32minfo[39m]: Iniciando y Conectando a la DB
[13:02:45 [32minfo[39m]: Bot Iniciado con Exito Dia de Registro Thu Sep 14 2023 13:02:45
[13:02:47 [31merror[39m]: uncaughtException: Cannot read properties of undefined (reading 'send')
TypeError: Cannot read properties of undefined (reading 'send')
    at /home/runner/xd/Events/⚡ Cliente/presencia.js:105:61
[13:02:47 [31merror[39m]: uncaughtException: Cannot read properties of undefined (reading 'send')
TypeError: Cannot read properties of undefined (reading 'send')
    at /home/runner/xd/Events/⚡ Cliente/presencia.js:105:61
[13:07:45 [32minfo[39m]: Iniciando y Conectando a la DB
[13:07:45 [32minfo[39m]: Bot Iniciado con Exito Dia de Registro Thu Sep 14 2023 13:07:45
[13:07:47 [31merror[39m]: uncaughtException: Cannot read properties of undefined (reading 'send')
TypeError: Cannot read properties of undefined (reading 'send')
    at /home/runner/xd/Events/⚡ Cliente/presencia.js:105:61
[13:07:47 [31merror[39m]: uncaughtException: Cannot read properties of undefined (reading 'send')
TypeError: Cannot read properties of undefined (reading 'send')
    at /home/runner/xd/Events/⚡ Cliente/presencia.js:105:61
[13:13:23 [32minfo[39m]: Iniciando y Conectando a la DB
[13:13:23 [32minfo[39m]: Bot Iniciado con Exito Dia de Registro Thu Sep 14 2023 13:13:23
[13:13:24 [31merror[39m]: uncaughtException: Cannot read properties of undefined (reading 'send')
TypeError: Cannot read properties of undefined (reading 'send')
    at /home/runner/xd/Events/⚡ Cliente/presencia.js:105:61
[13:13:24 [31merror[39m]: uncaughtException: Cannot read properties of undefined (reading 'send')
TypeError: Cannot read properties of undefined (reading 'send')
    at /home/runner/xd/Events/⚡ Cliente/presencia.js:105:61
[13:18:32 [32minfo[39m]: Iniciando y Conectando a la DB
[13:18:32 [32minfo[39m]: Bot Iniciado con Exito Dia de Registro Thu Sep 14 2023 13:18:32
[13:18:33 [31merror[39m]: uncaughtException: Cannot read properties of undefined (reading 'send')
TypeError: Cannot read properties of undefined (reading 'send')
    at /home/runner/xd/Events/⚡ Cliente/presencia.js:105:61
[13:18:33 [31merror[39m]: uncaughtException: Cannot read properties of undefined (reading 'send')
TypeError: Cannot read properties of undefined (reading 'send')
    at /home/runner/xd/Events/⚡ Cliente/presencia.js:105:61
[13:23:23 [32minfo[39m]: Iniciando y Conectando a la DB
[13:23:23 [32minfo[39m]: Bot Iniciado con Exito Dia de Registro Thu Sep 14 2023 13:23:23
[13:23:24 [31merror[39m]: uncaughtException: Cannot read properties of undefined (reading 'send')
TypeError: Cannot read properties of undefined (reading 'send')
    at /home/runner/xd/Events/⚡ Cliente/presencia.js:105:61
[13:23:24 [31merror[39m]: uncaughtException: Cannot read properties of undefined (reading 'send')
TypeError: Cannot read properties of undefined (reading 'send')
    at /home/runner/xd/Events/⚡ Cliente/presencia.js:105:61
[13:28:22 [32minfo[39m]: Iniciando y Conectando a la DB
[13:28:22 [32minfo[39m]: Bot Iniciado con Exito Dia de Registro Thu Sep 14 2023 13:28:22
[13:28:23 [31merror[39m]: uncaughtException: Cannot read properties of undefined (reading 'send')
TypeError: Cannot read properties of undefined (reading 'send')
    at /home/runner/xd/Events/⚡ Cliente/presencia.js:105:61
[13:28:23 [31merror[39m]: uncaughtException: Cannot read properties of undefined (reading 'send')
TypeError: Cannot read properties of undefined (reading 'send')
    at /home/runner/xd/Events/⚡ Cliente/presencia.js:105:61
[13:33:22 [32minfo[39m]: Iniciando y Conectando a la DB
[13:33:22 [32minfo[39m]: Bot Iniciado con Exito Dia de Registro Thu Sep 14 2023 13:33:22
[13:33:24 [31merror[39m]: uncaughtException: Cannot read properties of undefined (reading 'send')
TypeError: Cannot read properties of undefined (reading 'send')
    at /home/runner/xd/Events/⚡ Cliente/presencia.js:105:61
[13:33:24 [31merror[39m]: uncaughtException: Cannot read properties of undefined (reading 'send')
TypeError: Cannot read properties of undefined (reading 'send')
    at /home/runner/xd/Events/⚡ Cliente/presencia.js:105:61
[13:38:22 [32minfo[39m]: Iniciando y Conectando a la DB
[13:38:22 [32minfo[39m]: Bot Iniciado con Exito Dia de Registro Thu Sep 14 2023 13:38:22
[13:38:24 [31merror[39m]: uncaughtException: Cannot read properties of undefined (reading 'send')
TypeError: Cannot read properties of undefined (reading 'send')
    at /home/runner/xd/Events/⚡ Cliente/presencia.js:105:61
[13:38:24 [31merror[39m]: uncaughtException: Cannot read properties of undefined (reading 'send')
TypeError: Cannot read properties of undefined (reading 'send')
    at /home/runner/xd/Events/⚡ Cliente/presencia.js:105:61
[13:43:22 [32minfo[39m]: Iniciando y Conectando a la DB
[13:43:22 [32minfo[39m]: Bot Iniciado con Exito Dia de Registro Thu Sep 14 2023 13:43:22
[13:43:23 [31merror[39m]: uncaughtException: Cannot read properties of undefined (reading 'send')
TypeError: Cannot read properties of undefined (reading 'send')
    at /home/runner/xd/Events/⚡ Cliente/presencia.js:105:61
[13:43:23 [31merror[39m]: uncaughtException: Cannot read properties of undefined (reading 'send')
TypeError: Cannot read properties of undefined (reading 'send')
    at /home/runner/xd/Events/⚡ Cliente/presencia.js:105:61
[13:48:22 [32minfo[39m]: Iniciando y Conectando a la DB
[13:48:22 [32minfo[39m]: Bot Iniciado con Exito Dia de Registro Thu Sep 14 2023 13:48:22
[13:48:24 [31merror[39m]: uncaughtException: Cannot read properties of undefined (reading 'send')
TypeError: Cannot read properties of undefined (reading 'send')
    at /home/runner/xd/Events/⚡ Cliente/presencia.js:105:61
[13:48:24 [31merror[39m]: uncaughtException: Cannot read properties of undefined (reading 'send')
TypeError: Cannot read properties of undefined (reading 'send')
    at /home/runner/xd/Events/⚡ Cliente/presencia.js:105:61
[13:53:27 [32minfo[39m]: Iniciando y Conectando a la DB
[13:53:27 [32minfo[39m]: Bot Iniciado con Exito Dia de Registro Thu Sep 14 2023 13:53:27
[13:53:28 [31merror[39m]: uncaughtException: Cannot read properties of undefined (reading 'send')
TypeError: Cannot read properties of undefined (reading 'send')
    at /home/runner/xd/Events/⚡ Cliente/presencia.js:105:61
[13:53:28 [31merror[39m]: uncaughtException: Cannot read properties of undefined (reading 'send')
TypeError: Cannot read properties of undefined (reading 'send')
    at /home/runner/xd/Events/⚡ Cliente/presencia.js:105:61
[13:58:55 [32minfo[39m]: Iniciando y Conectando a la DB
[13:58:55 [32minfo[39m]: Bot Iniciado con Exito Dia de Registro Thu Sep 14 2023 13:58:55
[13:58:56 [31merror[39m]: uncaughtException: Cannot read properties of undefined (reading 'send')
TypeError: Cannot read properties of undefined (reading 'send')
    at /home/runner/xd/Events/⚡ Cliente/presencia.js:105:61
[13:58:56 [31merror[39m]: uncaughtException: Cannot read properties of undefined (reading 'send')
TypeError: Cannot read properties of undefined (reading 'send')
    at /home/runner/xd/Events/⚡ Cliente/presencia.js:105:61
[14:04:03 [32minfo[39m]: Iniciando y Conectando a la DB
[14:04:03 [32minfo[39m]: Bot Iniciado con Exito Dia de Registro Thu Sep 14 2023 14:04:03
[14:04:04 [31merror[39m]: uncaughtException: Cannot read properties of undefined (reading 'send')
TypeError: Cannot read properties of undefined (reading 'send')
    at /home/runner/xd/Events/⚡ Cliente/presencia.js:105:61
[14:04:04 [31merror[39m]: uncaughtException: Cannot read properties of undefined (reading 'send')
TypeError: Cannot read properties of undefined (reading 'send')
    at /home/runner/xd/Events/⚡ Cliente/presencia.js:105:61
[14:09:42 [32minfo[39m]: Iniciando y Conectando a la DB
[14:09:42 [32minfo[39m]: Bot Iniciado con Exito Dia de Registro Thu Sep 14 2023 14:09:42
[14:09:44 [31merror[39m]: uncaughtException: Cannot read properties of undefined (reading 'send')
TypeError: Cannot read properties of undefined (reading 'send')
    at /home/runner/xd/Events/⚡ Cliente/presencia.js:105:61
[14:09:44 [31merror[39m]: uncaughtException: Cannot read properties of undefined (reading 'send')
TypeError: Cannot read properties of undefined (reading 'send')
    at /home/runner/xd/Events/⚡ Cliente/presencia.js:105:61
[14:24:44 [32minfo[39m]: Iniciando y Conectando a la DB
[14:24:44 [32minfo[39m]: Bot Iniciado con Exito Dia de Registro Thu Sep 14 2023 14:24:44
[14:24:47 [31merror[39m]: uncaughtException: Cannot read properties of undefined (reading 'send')
TypeError: Cannot read properties of undefined (reading 'send')
    at /home/runner/xd/Events/⚡ Cliente/presencia.js:105:61
[14:24:47 [31merror[39m]: uncaughtException: Cannot read properties of undefined (reading 'send')
TypeError: Cannot read properties of undefined (reading 'send')
    at /home/runner/xd/Events/⚡ Cliente/presencia.js:105:61
[14:25:14 [32minfo[39m]: Iniciando y Conectando a la DB
[14:25:14 [32minfo[39m]: Bot Iniciado con Exito Dia de Registro Thu Sep 14 2023 14:25:14
[14:25:15 [31merror[39m]: uncaughtException: Cannot read properties of undefined (reading 'send')
TypeError: Cannot read properties of undefined (reading 'send')
    at /home/runner/xd/Events/⚡ Cliente/presencia.js:105:61
[14:25:15 [31merror[39m]: uncaughtException: Cannot read properties of undefined (reading 'send')
TypeError: Cannot read properties of undefined (reading 'send')
    at /home/runner/xd/Events/⚡ Cliente/presencia.js:105:61
[14:30:13 [32minfo[39m]: Iniciando y Conectando a la DB
[14:30:13 [32minfo[39m]: Bot Iniciado con Exito Dia de Registro Thu Sep 14 2023 14:30:13
[14:30:15 [31merror[39m]: uncaughtException: Cannot read properties of undefined (reading 'send')
TypeError: Cannot read properties of undefined (reading 'send')
    at /home/runner/xd/Events/⚡ Cliente/presencia.js:105:61
[14:30:15 [31merror[39m]: uncaughtException: Cannot read properties of undefined (reading 'send')
TypeError: Cannot read properties of undefined (reading 'send')
    at /home/runner/xd/Events/⚡ Cliente/presencia.js:105:61
[14:35:14 [32minfo[39m]: Iniciando y Conectando a la DB
[14:35:14 [32minfo[39m]: Bot Iniciado con Exito Dia de Registro Thu Sep 14 2023 14:35:14
[14:35:15 [31merror[39m]: uncaughtException: Cannot read properties of undefined (reading 'send')
TypeError: Cannot read properties of undefined (reading 'send')
    at /home/runner/xd/Events/⚡ Cliente/presencia.js:105:61
[14:35:15 [31merror[39m]: uncaughtException: Cannot read properties of undefined (reading 'send')
TypeError: Cannot read properties of undefined (reading 'send')
    at /home/runner/xd/Events/⚡ Cliente/presencia.js:105:61
[14:40:13 [32minfo[39m]: Iniciando y Conectando a la DB
[14:40:13 [32minfo[39m]: Bot Iniciado con Exito Dia de Registro Thu Sep 14 2023 14:40:13
[14:40:15 [31merror[39m]: uncaughtException: Cannot read properties of undefined (reading 'send')
TypeError: Cannot read properties of undefined (reading 'send')
    at /home/runner/xd/Events/⚡ Cliente/presencia.js:105:61
[14:40:15 [31merror[39m]: uncaughtException: Cannot read properties of undefined (reading 'send')
TypeError: Cannot read properties of undefined (reading 'send')
    at /home/runner/xd/Events/⚡ Cliente/presencia.js:105:61
[14:45:13 [32minfo[39m]: Iniciando y Conectando a la DB
[14:45:13 [32minfo[39m]: Bot Iniciado con Exito Dia de Registro Thu Sep 14 2023 14:45:13
[14:45:14 [31merror[39m]: uncaughtException: Cannot read properties of undefined (reading 'send')
TypeError: Cannot read properties of undefined (reading 'send')
    at /home/runner/xd/Events/⚡ Cliente/presencia.js:105:61
[14:45:14 [31merror[39m]: uncaughtException: Cannot read properties of undefined (reading 'send')
TypeError: Cannot read properties of undefined (reading 'send')
    at /home/runner/xd/Events/⚡ Cliente/presencia.js:105:61
[14:50:13 [32minfo[39m]: Iniciando y Conectando a la DB
[14:50:13 [32minfo[39m]: Bot Iniciado con Exito Dia de Registro Thu Sep 14 2023 14:50:13
[14:50:15 [31merror[39m]: uncaughtException: Cannot read properties of undefined (reading 'send')
TypeError: Cannot read properties of undefined (reading 'send')
    at /home/runner/xd/Events/⚡ Cliente/presencia.js:105:61
[14:50:15 [31merror[39m]: uncaughtException: Cannot read properties of undefined (reading 'send')
TypeError: Cannot read properties of undefined (reading 'send')
    at /home/runner/xd/Events/⚡ Cliente/presencia.js:105:61
[14:55:23 [32minfo[39m]: Iniciando y Conectando a la DB
[14:55:23 [32minfo[39m]: Bot Iniciado con Exito Dia de Registro Thu Sep 14 2023 14:55:23
[14:55:24 [31merror[39m]: uncaughtException: Cannot read properties of undefined (reading 'send')
TypeError: Cannot read properties of undefined (reading 'send')
    at /home/runner/xd/Events/⚡ Cliente/presencia.js:105:61
[14:55:24 [31merror[39m]: uncaughtException: Cannot read properties of undefined (reading 'send')
TypeError: Cannot read properties of undefined (reading 'send')
    at /home/runner/xd/Events/⚡ Cliente/presencia.js:105:61
[15:00:14 [32minfo[39m]: Iniciando y Conectando a la DB
[15:00:14 [32minfo[39m]: Bot Iniciado con Exito Dia de Registro Thu Sep 14 2023 15:00:14
[15:00:15 [31merror[39m]: uncaughtException: Cannot read properties of undefined (reading 'send')
TypeError: Cannot read properties of undefined (reading 'send')
    at /home/runner/xd/Events/⚡ Cliente/presencia.js:105:61
[15:00:15 [31merror[39m]: uncaughtException: Cannot read properties of undefined (reading 'send')
TypeError: Cannot read properties of undefined (reading 'send')
    at /home/runner/xd/Events/⚡ Cliente/presencia.js:105:61
[15:05:13 [32minfo[39m]: Iniciando y Conectando a la DB
[15:05:13 [32minfo[39m]: Bot Iniciado con Exito Dia de Registro Thu Sep 14 2023 15:05:13
[15:05:15 [31merror[39m]: uncaughtException: Cannot read properties of undefined (reading 'send')
TypeError: Cannot read properties of undefined (reading 'send')
    at /home/runner/xd/Events/⚡ Cliente/presencia.js:105:61
[15:05:15 [31merror[39m]: uncaughtException: Cannot read properties of undefined (reading 'send')
TypeError: Cannot read properties of undefined (reading 'send')
    at /home/runner/xd/Events/⚡ Cliente/presencia.js:105:61
[15:10:14 [32minfo[39m]: Iniciando y Conectando a la DB
[15:10:14 [32minfo[39m]: Bot Iniciado con Exito Dia de Registro Thu Sep 14 2023 15:10:14
[15:10:16 [31merror[39m]: uncaughtException: Cannot read properties of undefined (reading 'send')
TypeError: Cannot read properties of undefined (reading 'send')
    at /home/runner/xd/Events/⚡ Cliente/presencia.js:105:61
[15:10:16 [31merror[39m]: uncaughtException: Cannot read properties of undefined (reading 'send')
TypeError: Cannot read properties of undefined (reading 'send')
    at /home/runner/xd/Events/⚡ Cliente/presencia.js:105:61
[15:15:14 [32minfo[39m]: Iniciando y Conectando a la DB
[15:15:14 [32minfo[39m]: Bot Iniciado con Exito Dia de Registro Thu Sep 14 2023 15:15:14
[15:15:15 [31merror[39m]: uncaughtException: Cannot read properties of undefined (reading 'send')
TypeError: Cannot read properties of undefined (reading 'send')
    at /home/runner/xd/Events/⚡ Cliente/presencia.js:105:61
[15:15:15 [31merror[39m]: uncaughtException: Cannot read properties of undefined (reading 'send')
TypeError: Cannot read properties of undefined (reading 'send')
    at /home/runner/xd/Events/⚡ Cliente/presencia.js:105:61
[15:31:01 [32minfo[39m]: Iniciando y Conectando a la DB
[15:31:01 [32minfo[39m]: Bot Iniciado con Exito Dia de Registro Thu Sep 14 2023 15:31:01
[15:31:03 [31merror[39m]: uncaughtException: Cannot read properties of undefined (reading 'send')
TypeError: Cannot read properties of undefined (reading 'send')
    at /home/runner/xd/Events/⚡ Cliente/presencia.js:105:61
[15:31:03 [31merror[39m]: uncaughtException: Cannot read properties of undefined (reading 'send')
TypeError: Cannot read properties of undefined (reading 'send')
    at /home/runner/xd/Events/⚡ Cliente/presencia.js:105:61
[15:35:56 [32minfo[39m]: Iniciando y Conectando a la DB
[15:35:56 [32minfo[39m]: Bot Iniciado con Exito Dia de Registro Thu Sep 14 2023 15:35:56
[15:35:57 [31merror[39m]: uncaughtException: Cannot read properties of undefined (reading 'send')
TypeError: Cannot read properties of undefined (reading 'send')
    at /home/runner/xd/Events/⚡ Cliente/presencia.js:105:61
[15:35:57 [31merror[39m]: uncaughtException: Cannot read properties of undefined (reading 'send')
TypeError: Cannot read properties of undefined (reading 'send')
    at /home/runner/xd/Events/⚡ Cliente/presencia.js:105:61
[15:40:57 [32minfo[39m]: Iniciando y Conectando a la DB
[15:40:57 [32minfo[39m]: Bot Iniciado con Exito Dia de Registro Thu Sep 14 2023 15:40:57
[15:40:59 [31merror[39m]: uncaughtException: Cannot read properties of undefined (reading 'send')
TypeError: Cannot read properties of undefined (reading 'send')
    at /home/runner/xd/Events/⚡ Cliente/presencia.js:105:61
[15:40:59 [31merror[39m]: uncaughtException: Cannot read properties of undefined (reading 'send')
TypeError: Cannot read properties of undefined (reading 'send')
    at /home/runner/xd/Events/⚡ Cliente/presencia.js:105:61
[15:45:56 [32minfo[39m]: Iniciando y Conectando a la DB
[15:45:57 [32minfo[39m]: Bot Iniciado con Exito Dia de Registro Thu Sep 14 2023 15:45:57
[15:45:59 [31merror[39m]: uncaughtException: Cannot read properties of undefined (reading 'send')
TypeError: Cannot read properties of undefined (reading 'send')
    at /home/runner/xd/Events/⚡ Cliente/presencia.js:105:61
[15:45:59 [31merror[39m]: uncaughtException: Cannot read properties of undefined (reading 'send')
TypeError: Cannot read properties of undefined (reading 'send')
    at /home/runner/xd/Events/⚡ Cliente/presencia.js:105:61
[15:50:55 [32minfo[39m]: Iniciando y Conectando a la DB
[15:50:55 [32minfo[39m]: Bot Iniciado con Exito Dia de Registro Thu Sep 14 2023 15:50:55
[15:50:57 [31merror[39m]: uncaughtException: Cannot read properties of undefined (reading 'send')
TypeError: Cannot read properties of undefined (reading 'send')
    at /home/runner/xd/Events/⚡ Cliente/presencia.js:105:61
[15:50:57 [31merror[39m]: uncaughtException: Cannot read properties of undefined (reading 'send')
TypeError: Cannot read properties of undefined (reading 'send')
    at /home/runner/xd/Events/⚡ Cliente/presencia.js:105:61
[16:01:52 [32minfo[39m]: Iniciando y Conectando a la DB
[16:01:52 [32minfo[39m]: Bot Iniciado con Exito Dia de Registro Thu Sep 14 2023 16:01:52
[16:01:54 [31merror[39m]: uncaughtException: Cannot read properties of undefined (reading 'send')
TypeError: Cannot read properties of undefined (reading 'send')
    at /home/runner/xd/Events/⚡ Cliente/presencia.js:105:61
[16:01:54 [31merror[39m]: uncaughtException: Cannot read properties of undefined (reading 'send')
TypeError: Cannot read properties of undefined (reading 'send')
    at /home/runner/xd/Events/⚡ Cliente/presencia.js:105:61
[16:02:20 [32minfo[39m]: Iniciando y Conectando a la DB
[16:02:21 [31merror[39m]: uncaughtException: Cannot read properties of undefined (reading 'send')
TypeError: Cannot read properties of undefined (reading 'send')
    at /home/runner/xd/Events/⚡ Cliente/presencia.js:105:61
[16:02:21 [31merror[39m]: uncaughtException: Cannot read properties of undefined (reading 'send')
TypeError: Cannot read properties of undefined (reading 'send')
    at /home/runner/xd/Events/⚡ Cliente/presencia.js:105:61
[16:54:53 [32minfo[39m]: Iniciando y Conectando a la DB
[16:54:53 [32minfo[39m]: Bot Iniciado con Exito Dia de Registro Thu Sep 14 2023 16:54:53
[16:54:55 [31merror[39m]: uncaughtException: Cannot read properties of undefined (reading 'send')
TypeError: Cannot read properties of undefined (reading 'send')
    at /home/runner/xd/Events/⚡ Cliente/presencia.js:105:61
[16:54:55 [31merror[39m]: uncaughtException: Cannot read properties of undefined (reading 'send')
TypeError: Cannot read properties of undefined (reading 'send')
    at /home/runner/xd/Events/⚡ Cliente/presencia.js:105:61
[16:59:50 [32minfo[39m]: Iniciando y Conectando a la DB
[16:59:50 [32minfo[39m]: Bot Iniciado con Exito Dia de Registro Thu Sep 14 2023 16:59:50
[16:59:51 [31merror[39m]: uncaughtException: Cannot read properties of undefined (reading 'send')
TypeError: Cannot read properties of undefined (reading 'send')
    at /home/runner/xd/Events/⚡ Cliente/presencia.js:105:61
[16:59:51 [31merror[39m]: uncaughtException: Cannot read properties of undefined (reading 'send')
TypeError: Cannot read properties of undefined (reading 'send')
    at /home/runner/xd/Events/⚡ Cliente/presencia.js:105:61
[17:04:54 [32minfo[39m]: Iniciando y Conectando a la DB
[17:04:54 [32minfo[39m]: Bot Iniciado con Exito Dia de Registro Thu Sep 14 2023 17:04:54
[17:04:56 [31merror[39m]: uncaughtException: Cannot read properties of undefined (reading 'send')
TypeError: Cannot read properties of undefined (reading 'send')
    at /home/runner/xd/Events/⚡ Cliente/presencia.js:105:61
[17:04:56 [31merror[39m]: uncaughtException: Cannot read properties of undefined (reading 'send')
TypeError: Cannot read properties of undefined (reading 'send')
    at /home/runner/xd/Events/⚡ Cliente/presencia.js:105:61
[17:19:50 [32minfo[39m]: Iniciando y Conectando a la DB
[17:19:50 [32minfo[39m]: Bot Iniciado con Exito Dia de Registro Thu Sep 14 2023 17:19:50
[17:19:52 [31merror[39m]: uncaughtException: Cannot read properties of undefined (reading 'send')
TypeError: Cannot read properties of undefined (reading 'send')
    at /home/runner/xd/Events/⚡ Cliente/presencia.js:105:61
[17:19:52 [31merror[39m]: uncaughtException: Cannot read properties of undefined (reading 'send')
TypeError: Cannot read properties of undefined (reading 'send')
    at /home/runner/xd/Events/⚡ Cliente/presencia.js:105:61
[17:25:03 [32minfo[39m]: Iniciando y Conectando a la DB
[17:25:03 [32minfo[39m]: Bot Iniciado con Exito Dia de Registro Thu Sep 14 2023 17:25:03
[17:25:04 [31merror[39m]: uncaughtException: Cannot read properties of undefined (reading 'send')
TypeError: Cannot read properties of undefined (reading 'send')
    at /home/runner/xd/Events/⚡ Cliente/presencia.js:105:61
[17:25:04 [31merror[39m]: uncaughtException: Cannot read properties of undefined (reading 'send')
TypeError: Cannot read properties of undefined (reading 'send')
    at /home/runner/xd/Events/⚡ Cliente/presencia.js:105:61
[17:34:49 [32minfo[39m]: Iniciando y Conectando a la DB
[17:34:49 [32minfo[39m]: Bot Iniciado con Exito Dia de Registro Thu Sep 14 2023 17:34:49
[17:34:51 [31merror[39m]: uncaughtException: Cannot read properties of undefined (reading 'send')
TypeError: Cannot read properties of undefined (reading 'send')
    at /home/runner/xd/Events/⚡ Cliente/presencia.js:105:61
[17:34:51 [31merror[39m]: uncaughtException: Cannot read properties of undefined (reading 'send')
TypeError: Cannot read properties of undefined (reading 'send')
    at /home/runner/xd/Events/⚡ Cliente/presencia.js:105:61
[17:40:01 [32minfo[39m]: Iniciando y Conectando a la DB
[17:40:01 [32minfo[39m]: Bot Iniciado con Exito Dia de Registro Thu Sep 14 2023 17:40:01
[17:40:02 [31merror[39m]: uncaughtException: Cannot read properties of undefined (reading 'send')
TypeError: Cannot read properties of undefined (reading 'send')
    at /home/runner/xd/Events/⚡ Cliente/presencia.js:105:61
[17:40:02 [31merror[39m]: uncaughtException: Cannot read properties of undefined (reading 'send')
TypeError: Cannot read properties of undefined (reading 'send')
    at /home/runner/xd/Events/⚡ Cliente/presencia.js:105:61
[17:49:50 [32minfo[39m]: Iniciando y Conectando a la DB
[17:49:50 [32minfo[39m]: Bot Iniciado con Exito Dia de Registro Thu Sep 14 2023 17:49:50
[17:49:51 [31merror[39m]: uncaughtException: Cannot read properties of undefined (reading 'send')
TypeError: Cannot read properties of undefined (reading 'send')
    at /home/runner/xd/Events/⚡ Cliente/presencia.js:105:61
[17:49:51 [31merror[39m]: uncaughtException: Cannot read properties of undefined (reading 'send')
TypeError: Cannot read properties of undefined (reading 'send')
    at /home/runner/xd/Events/⚡ Cliente/presencia.js:105:61
[18:04:51 [32minfo[39m]: Iniciando y Conectando a la DB
[18:04:51 [32minfo[39m]: Bot Iniciado con Exito Dia de Registro Thu Sep 14 2023 18:04:51
[18:04:52 [31merror[39m]: uncaughtException: Cannot read properties of undefined (reading 'send')
TypeError: Cannot read properties of undefined (reading 'send')
    at /home/runner/xd/Events/⚡ Cliente/presencia.js:105:61
[18:04:52 [31merror[39m]: uncaughtException: Cannot read properties of undefined (reading 'send')
TypeError: Cannot read properties of undefined (reading 'send')
    at /home/runner/xd/Events/⚡ Cliente/presencia.js:105:61
[18:15:35 [32minfo[39m]: Iniciando y Conectando a la DB
[18:15:35 [32minfo[39m]: Bot Iniciado con Exito Dia de Registro Thu Sep 14 2023 18:15:35
[18:15:36 [31merror[39m]: uncaughtException: Cannot read properties of undefined (reading 'send')
TypeError: Cannot read properties of undefined (reading 'send')
    at /home/runner/xd/Events/⚡ Cliente/presencia.js:105:61
[18:15:36 [31merror[39m]: uncaughtException: Cannot read properties of undefined (reading 'send')
TypeError: Cannot read properties of undefined (reading 'send')
    at /home/runner/xd/Events/⚡ Cliente/presencia.js:105:61
[18:20:26 [32minfo[39m]: Iniciando y Conectando a la DB
[18:20:26 [32minfo[39m]: Bot Iniciado con Exito Dia de Registro Thu Sep 14 2023 18:20:26
[18:20:28 [31merror[39m]: uncaughtException: Cannot read properties of undefined (reading 'send')
TypeError: Cannot read properties of undefined (reading 'send')
    at /home/runner/xd/Events/⚡ Cliente/presencia.js:105:61
[18:20:28 [31merror[39m]: uncaughtException: Cannot read properties of undefined (reading 'send')
TypeError: Cannot read properties of undefined (reading 'send')
    at /home/runner/xd/Events/⚡ Cliente/presencia.js:105:61
[18:25:33 [32minfo[39m]: Iniciando y Conectando a la DB
[18:25:33 [32minfo[39m]: Bot Iniciado con Exito Dia de Registro Thu Sep 14 2023 18:25:33
[18:25:35 [31merror[39m]: uncaughtException: Cannot read properties of undefined (reading 'send')
TypeError: Cannot read properties of undefined (reading 'send')
    at /home/runner/xd/Events/⚡ Cliente/presencia.js:105:61
[18:25:35 [31merror[39m]: uncaughtException: Cannot read properties of undefined (reading 'send')
TypeError: Cannot read properties of undefined (reading 'send')
    at /home/runner/xd/Events/⚡ Cliente/presencia.js:105:61
[18:30:23 [32minfo[39m]: Iniciando y Conectando a la DB
[18:30:23 [32minfo[39m]: Bot Iniciado con Exito Dia de Registro Thu Sep 14 2023 18:30:23
[18:30:25 [31merror[39m]: uncaughtException: Cannot read properties of undefined (reading 'send')
TypeError: Cannot read properties of undefined (reading 'send')
    at /home/runner/xd/Events/⚡ Cliente/presencia.js:105:61
[18:30:25 [31merror[39m]: uncaughtException: Cannot read properties of undefined (reading 'send')
TypeError: Cannot read properties of undefined (reading 'send')
    at /home/runner/xd/Events/⚡ Cliente/presencia.js:105:61
[18:35:24 [32minfo[39m]: Iniciando y Conectando a la DB
[18:35:24 [32minfo[39m]: Bot Iniciado con Exito Dia de Registro Thu Sep 14 2023 18:35:24
[18:35:26 [31merror[39m]: uncaughtException: Cannot read properties of undefined (reading 'send')
TypeError: Cannot read properties of undefined (reading 'send')
    at /home/runner/xd/Events/⚡ Cliente/presencia.js:105:61
[18:35:26 [31merror[39m]: uncaughtException: Cannot read properties of undefined (reading 'send')
TypeError: Cannot read properties of undefined (reading 'send')
    at /home/runner/xd/Events/⚡ Cliente/presencia.js:105:61
[18:40:34 [32minfo[39m]: Iniciando y Conectando a la DB
[18:40:34 [32minfo[39m]: Bot Iniciado con Exito Dia de Registro Thu Sep 14 2023 18:40:34
[18:40:36 [31merror[39m]: uncaughtException: Cannot read properties of undefined (reading 'send')
TypeError: Cannot read properties of undefined (reading 'send')
    at /home/runner/xd/Events/⚡ Cliente/presencia.js:105:61
[18:40:36 [31merror[39m]: uncaughtException: Cannot read properties of undefined (reading 'send')
TypeError: Cannot read properties of undefined (reading 'send')
    at /home/runner/xd/Events/⚡ Cliente/presencia.js:105:61
[18:45:24 [32minfo[39m]: Iniciando y Conectando a la DB
[18:45:24 [32minfo[39m]: Bot Iniciado con Exito Dia de Registro Thu Sep 14 2023 18:45:24
[18:45:25 [31merror[39m]: uncaughtException: Cannot read properties of undefined (reading 'send')
TypeError: Cannot read properties of undefined (reading 'send')
    at /home/runner/xd/Events/⚡ Cliente/presencia.js:105:61
[18:45:25 [31merror[39m]: uncaughtException: Cannot read properties of undefined (reading 'send')
TypeError: Cannot read properties of undefined (reading 'send')
    at /home/runner/xd/Events/⚡ Cliente/presencia.js:105:61
[19:05:24 [32minfo[39m]: Iniciando y Conectando a la DB
[19:05:24 [32minfo[39m]: Bot Iniciado con Exito Dia de Registro Thu Sep 14 2023 19:05:24
[19:05:26 [31merror[39m]: uncaughtException: Cannot read properties of undefined (reading 'send')
TypeError: Cannot read properties of undefined (reading 'send')
    at /home/runner/xd/Events/⚡ Cliente/presencia.js:105:61
[19:05:26 [31merror[39m]: uncaughtException: Cannot read properties of undefined (reading 'send')
TypeError: Cannot read properties of undefined (reading 'send')
    at /home/runner/xd/Events/⚡ Cliente/presencia.js:105:61
[19:10:37 [32minfo[39m]: Iniciando y Conectando a la DB
[19:10:37 [32minfo[39m]: Bot Iniciado con Exito Dia de Registro Thu Sep 14 2023 19:10:37
[19:10:39 [31merror[39m]: uncaughtException: Cannot read properties of undefined (reading 'send')
TypeError: Cannot read properties of undefined (reading 'send')
    at /home/runner/xd/Events/⚡ Cliente/presencia.js:105:61
[19:10:39 [31merror[39m]: uncaughtException: Cannot read properties of undefined (reading 'send')
TypeError: Cannot read properties of undefined (reading 'send')
    at /home/runner/xd/Events/⚡ Cliente/presencia.js:105:61
[19:20:29 [32minfo[39m]: Iniciando y Conectando a la DB
[19:20:29 [32minfo[39m]: Bot Iniciado con Exito Dia de Registro Thu Sep 14 2023 19:20:29
[19:20:30 [31merror[39m]: uncaughtException: Cannot read properties of undefined (reading 'send')
TypeError: Cannot read properties of undefined (reading 'send')
    at /home/runner/xd/Events/⚡ Cliente/presencia.js:105:61
[19:20:30 [31merror[39m]: uncaughtException: Cannot read properties of undefined (reading 'send')
TypeError: Cannot read properties of undefined (reading 'send')
    at /home/runner/xd/Events/⚡ Cliente/presencia.js:105:61
[19:25:34 [32minfo[39m]: Iniciando y Conectando a la DB
[19:25:34 [32minfo[39m]: Bot Iniciado con Exito Dia de Registro Thu Sep 14 2023 19:25:34
[19:25:37 [31merror[39m]: uncaughtException: Cannot read properties of undefined (reading 'send')
TypeError: Cannot read properties of undefined (reading 'send')
    at /home/runner/xd/Events/⚡ Cliente/presencia.js:105:61
[19:25:37 [31merror[39m]: uncaughtException: Cannot read properties of undefined (reading 'send')
TypeError: Cannot read properties of undefined (reading 'send')
    at /home/runner/xd/Events/⚡ Cliente/presencia.js:105:61
[19:30:38 [32minfo[39m]: Iniciando y Conectando a la DB
[19:30:38 [32minfo[39m]: Bot Iniciado con Exito Dia de Registro Thu Sep 14 2023 19:30:38
[19:30:40 [31merror[39m]: uncaughtException: Cannot read properties of undefined (reading 'send')
TypeError: Cannot read properties of undefined (reading 'send')
    at /home/runner/xd/Events/⚡ Cliente/presencia.js:105:61
[19:30:40 [31merror[39m]: uncaughtException: Cannot read properties of undefined (reading 'send')
TypeError: Cannot read properties of undefined (reading 'send')
    at /home/runner/xd/Events/⚡ Cliente/presencia.js:105:61
[19:35:34 [32minfo[39m]: Iniciando y Conectando a la DB
[19:35:34 [32minfo[39m]: Bot Iniciado con Exito Dia de Registro Thu Sep 14 2023 19:35:34
[19:35:35 [31merror[39m]: uncaughtException: Cannot read properties of undefined (reading 'send')
TypeError: Cannot read properties of undefined (reading 'send')
    at /home/runner/xd/Events/⚡ Cliente/presencia.js:105:61
[19:35:35 [31merror[39m]: uncaughtException: Cannot read properties of undefined (reading 'send')
TypeError: Cannot read properties of undefined (reading 'send')
    at /home/runner/xd/Events/⚡ Cliente/presencia.js:105:61
[19:45:34 [32minfo[39m]: Iniciando y Conectando a la DB
[19:45:34 [32minfo[39m]: Bot Iniciado con Exito Dia de Registro Thu Sep 14 2023 19:45:34
[19:45:35 [31merror[39m]: uncaughtException: Cannot read properties of undefined (reading 'send')
TypeError: Cannot read properties of undefined (reading 'send')
    at /home/runner/xd/Events/⚡ Cliente/presencia.js:105:61
[19:45:35 [31merror[39m]: uncaughtException: Cannot read properties of undefined (reading 'send')
TypeError: Cannot read properties of undefined (reading 'send')
    at /home/runner/xd/Events/⚡ Cliente/presencia.js:105:61
[19:50:25 [32minfo[39m]: Iniciando y Conectando a la DB
[19:50:25 [32minfo[39m]: Bot Iniciado con Exito Dia de Registro Thu Sep 14 2023 19:50:25
[19:50:27 [31merror[39m]: uncaughtException: Cannot read properties of undefined (reading 'send')
TypeError: Cannot read properties of undefined (reading 'send')
    at /home/runner/xd/Events/⚡ Cliente/presencia.js:105:61
[19:50:27 [31merror[39m]: uncaughtException: Cannot read properties of undefined (reading 'send')
TypeError: Cannot read properties of undefined (reading 'send')
    at /home/runner/xd/Events/⚡ Cliente/presencia.js:105:61
[19:55:33 [32minfo[39m]: Iniciando y Conectando a la DB
[19:55:33 [32minfo[39m]: Bot Iniciado con Exito Dia de Registro Thu Sep 14 2023 19:55:33
[19:55:35 [31merror[39m]: uncaughtException: Cannot read properties of undefined (reading 'send')
TypeError: Cannot read properties of undefined (reading 'send')
    at /home/runner/xd/Events/⚡ Cliente/presencia.js:105:61
[19:55:35 [31merror[39m]: uncaughtException: Cannot read properties of undefined (reading 'send')
TypeError: Cannot read properties of undefined (reading 'send')
    at /home/runner/xd/Events/⚡ Cliente/presencia.js:105:61
[20:00:33 [32minfo[39m]: Iniciando y Conectando a la DB
[20:00:33 [32minfo[39m]: Bot Iniciado con Exito Dia de Registro Thu Sep 14 2023 20:00:33
[20:00:36 [31merror[39m]: uncaughtException: Cannot read properties of undefined (reading 'send')
TypeError: Cannot read properties of undefined (reading 'send')
    at /home/runner/xd/Events/⚡ Cliente/presencia.js:105:61
[20:00:36 [31merror[39m]: uncaughtException: Cannot read properties of undefined (reading 'send')
TypeError: Cannot read properties of undefined (reading 'send')
    at /home/runner/xd/Events/⚡ Cliente/presencia.js:105:61
[20:05:37 [32minfo[39m]: Iniciando y Conectando a la DB
[20:05:37 [32minfo[39m]: Bot Iniciado con Exito Dia de Registro Thu Sep 14 2023 20:05:37
[20:05:38 [31merror[39m]: uncaughtException: Cannot read properties of undefined (reading 'send')
TypeError: Cannot read properties of undefined (reading 'send')
    at /home/runner/xd/Events/⚡ Cliente/presencia.js:105:61
[20:05:38 [31merror[39m]: uncaughtException: Cannot read properties of undefined (reading 'send')
TypeError: Cannot read properties of undefined (reading 'send')
    at /home/runner/xd/Events/⚡ Cliente/presencia.js:105:61
[20:10:34 [32minfo[39m]: Iniciando y Conectando a la DB
[20:10:34 [32minfo[39m]: Bot Iniciado con Exito Dia de Registro Thu Sep 14 2023 20:10:34
[20:10:35 [31merror[39m]: uncaughtException: Cannot read properties of undefined (reading 'send')
TypeError: Cannot read properties of undefined (reading 'send')
    at /home/runner/xd/Events/⚡ Cliente/presencia.js:105:61
[20:10:35 [31merror[39m]: uncaughtException: Cannot read properties of undefined (reading 'send')
TypeError: Cannot read properties of undefined (reading 'send')
    at /home/runner/xd/Events/⚡ Cliente/presencia.js:105:61
[20:15:33 [32minfo[39m]: Iniciando y Conectando a la DB
[20:15:33 [32minfo[39m]: Bot Iniciado con Exito Dia de Registro Thu Sep 14 2023 20:15:33
[20:15:36 [31merror[39m]: uncaughtException: Cannot read properties of undefined (reading 'send')
TypeError: Cannot read properties of undefined (reading 'send')
    at /home/runner/xd/Events/⚡ Cliente/presencia.js:105:61
[20:15:36 [31merror[39m]: uncaughtException: Cannot read properties of undefined (reading 'send')
TypeError: Cannot read properties of undefined (reading 'send')
    at /home/runner/xd/Events/⚡ Cliente/presencia.js:105:61
[20:20:35 [32minfo[39m]: Iniciando y Conectando a la DB
[20:20:35 [32minfo[39m]: Bot Iniciado con Exito Dia de Registro Thu Sep 14 2023 20:20:35
[20:20:36 [31merror[39m]: uncaughtException: Cannot read properties of undefined (reading 'send')
TypeError: Cannot read properties of undefined (reading 'send')
    at /home/runner/xd/Events/⚡ Cliente/presencia.js:105:61
[20:20:36 [31merror[39m]: uncaughtException: Cannot read properties of undefined (reading 'send')
TypeError: Cannot read properties of undefined (reading 'send')
    at /home/runner/xd/Events/⚡ Cliente/presencia.js:105:61
[20:25:55 [32minfo[39m]: Iniciando y Conectando a la DB
[20:25:55 [32minfo[39m]: Bot Iniciado con Exito Dia de Registro Thu Sep 14 2023 20:25:55
[20:25:57 [31merror[39m]: uncaughtException: Cannot read properties of undefined (reading 'send')
TypeError: Cannot read properties of undefined (reading 'send')
    at /home/runner/xd/Events/⚡ Cliente/presencia.js:105:61
[20:25:57 [31merror[39m]: uncaughtException: Cannot read properties of undefined (reading 'send')
TypeError: Cannot read properties of undefined (reading 'send')
    at /home/runner/xd/Events/⚡ Cliente/presencia.js:105:61
[20:26:14 [32minfo[39m]: Iniciando y Conectando a la DB
[20:26:14 [32minfo[39m]: Bot Iniciado con Exito Dia de Registro Thu Sep 14 2023 20:26:14
[20:26:15 [31merror[39m]: uncaughtException: Cannot read properties of undefined (reading 'send')
TypeError: Cannot read properties of undefined (reading 'send')
    at /home/runner/xd/Events/⚡ Cliente/presencia.js:105:61
[20:26:15 [31merror[39m]: uncaughtException: Cannot read properties of undefined (reading 'send')
TypeError: Cannot read properties of undefined (reading 'send')
    at /home/runner/xd/Events/⚡ Cliente/presencia.js:105:61
[20:31:13 [32minfo[39m]: Iniciando y Conectando a la DB
[20:31:13 [32minfo[39m]: Bot Iniciado con Exito Dia de Registro Thu Sep 14 2023 20:31:13
[20:31:15 [31merror[39m]: uncaughtException: Cannot read properties of undefined (reading 'send')
TypeError: Cannot read properties of undefined (reading 'send')
    at /home/runner/xd/Events/⚡ Cliente/presencia.js:105:61
[20:31:15 [31merror[39m]: uncaughtException: Cannot read properties of undefined (reading 'send')
TypeError: Cannot read properties of undefined (reading 'send')
    at /home/runner/xd/Events/⚡ Cliente/presencia.js:105:61
[20:36:15 [32minfo[39m]: Iniciando y Conectando a la DB
[20:36:15 [32minfo[39m]: Bot Iniciado con Exito Dia de Registro Thu Sep 14 2023 20:36:15
[20:36:17 [31merror[39m]: uncaughtException: Cannot read properties of undefined (reading 'send')
TypeError: Cannot read properties of undefined (reading 'send')
    at /home/runner/xd/Events/⚡ Cliente/presencia.js:105:61
[20:36:17 [31merror[39m]: uncaughtException: Cannot read properties of undefined (reading 'send')
TypeError: Cannot read properties of undefined (reading 'send')
    at /home/runner/xd/Events/⚡ Cliente/presencia.js:105:61
[20:41:13 [32minfo[39m]: Iniciando y Conectando a la DB
[20:41:13 [32minfo[39m]: Bot Iniciado con Exito Dia de Registro Thu Sep 14 2023 20:41:13
[20:41:15 [31merror[39m]: uncaughtException: Cannot read properties of undefined (reading 'send')
TypeError: Cannot read properties of undefined (reading 'send')
    at /home/runner/xd/Events/⚡ Cliente/presencia.js:105:61
[20:41:15 [31merror[39m]: uncaughtException: Cannot read properties of undefined (reading 'send')
TypeError: Cannot read properties of undefined (reading 'send')
    at /home/runner/xd/Events/⚡ Cliente/presencia.js:105:61
[20:46:23 [32minfo[39m]: Iniciando y Conectando a la DB
[20:46:23 [32minfo[39m]: Bot Iniciado con Exito Dia de Registro Thu Sep 14 2023 20:46:23
[20:46:25 [31merror[39m]: uncaughtException: Cannot read properties of undefined (reading 'send')
TypeError: Cannot read properties of undefined (reading 'send')
    at /home/runner/xd/Events/⚡ Cliente/presencia.js:105:61
[20:46:25 [31merror[39m]: uncaughtException: Cannot read properties of undefined (reading 'send')
TypeError: Cannot read properties of undefined (reading 'send')
    at /home/runner/xd/Events/⚡ Cliente/presencia.js:105:61
[20:51:14 [32minfo[39m]: Iniciando y Conectando a la DB
[20:51:14 [32minfo[39m]: Bot Iniciado con Exito Dia de Registro Thu Sep 14 2023 20:51:14
[20:51:15 [31merror[39m]: uncaughtException: Cannot read properties of undefined (reading 'send')
TypeError: Cannot read properties of undefined (reading 'send')
    at /home/runner/xd/Events/⚡ Cliente/presencia.js:105:61
[20:51:15 [31merror[39m]: uncaughtException: Cannot read properties of undefined (reading 'send')
TypeError: Cannot read properties of undefined (reading 'send')
    at /home/runner/xd/Events/⚡ Cliente/presencia.js:105:61
[20:56:25 [32minfo[39m]: Iniciando y Conectando a la DB
[20:56:25 [32minfo[39m]: Bot Iniciado con Exito Dia de Registro Thu Sep 14 2023 20:56:25
[20:56:27 [31merror[39m]: uncaughtException: Cannot read properties of undefined (reading 'send')
TypeError: Cannot read properties of undefined (reading 'send')
    at /home/runner/xd/Events/⚡ Cliente/presencia.js:105:61
[20:56:27 [31merror[39m]: uncaughtException: Cannot read properties of undefined (reading 'send')
TypeError: Cannot read properties of undefined (reading 'send')
    at /home/runner/xd/Events/⚡ Cliente/presencia.js:105:61
[21:01:14 [32minfo[39m]: Iniciando y Conectando a la DB
[21:01:14 [32minfo[39m]: Bot Iniciado con Exito Dia de Registro Thu Sep 14 2023 21:01:14
[21:01:15 [31merror[39m]: uncaughtException: Cannot read properties of undefined (reading 'send')
TypeError: Cannot read properties of undefined (reading 'send')
    at /home/runner/xd/Events/⚡ Cliente/presencia.js:105:61
[21:01:15 [31merror[39m]: uncaughtException: Cannot read properties of undefined (reading 'send')
TypeError: Cannot read properties of undefined (reading 'send')
    at /home/runner/xd/Events/⚡ Cliente/presencia.js:105:61
[21:06:13 [32minfo[39m]: Iniciando y Conectando a la DB
[21:06:13 [32minfo[39m]: Bot Iniciado con Exito Dia de Registro Thu Sep 14 2023 21:06:13
[21:06:15 [31merror[39m]: uncaughtException: Cannot read properties of undefined (reading 'send')
TypeError: Cannot read properties of undefined (reading 'send')
    at /home/runner/xd/Events/⚡ Cliente/presencia.js:105:61
[21:06:15 [31merror[39m]: uncaughtException: Cannot read properties of undefined (reading 'send')
TypeError: Cannot read properties of undefined (reading 'send')
    at /home/runner/xd/Events/⚡ Cliente/presencia.js:105:61
[21:11:25 [32minfo[39m]: Iniciando y Conectando a la DB
[21:11:25 [32minfo[39m]: Bot Iniciado con Exito Dia de Registro Thu Sep 14 2023 21:11:25
[21:11:27 [31merror[39m]: uncaughtException: Cannot read properties of undefined (reading 'send')
TypeError: Cannot read properties of undefined (reading 'send')
    at /home/runner/xd/Events/⚡ Cliente/presencia.js:105:61
[21:11:27 [31merror[39m]: uncaughtException: Cannot read properties of undefined (reading 'send')
TypeError: Cannot read properties of undefined (reading 'send')
    at /home/runner/xd/Events/⚡ Cliente/presencia.js:105:61
[21:26:12 [32minfo[39m]: Iniciando y Conectando a la DB
[21:26:12 [32minfo[39m]: Bot Iniciado con Exito Dia de Registro Thu Sep 14 2023 21:26:12
[21:26:14 [31merror[39m]: uncaughtException: Cannot read properties of undefined (reading 'send')
TypeError: Cannot read properties of undefined (reading 'send')
    at /home/runner/xd/Events/⚡ Cliente/presencia.js:105:61
[21:26:14 [31merror[39m]: uncaughtException: Cannot read properties of undefined (reading 'send')
TypeError: Cannot read properties of undefined (reading 'send')
    at /home/runner/xd/Events/⚡ Cliente/presencia.js:105:61
[21:37:02 [32minfo[39m]: Iniciando y Conectando a la DB
[21:37:02 [32minfo[39m]: Bot Iniciado con Exito Dia de Registro Thu Sep 14 2023 21:37:02
[21:37:03 [31merror[39m]: uncaughtException: Cannot read properties of undefined (reading 'send')
TypeError: Cannot read properties of undefined (reading 'send')
    at /home/runner/xd/Events/⚡ Cliente/presencia.js:105:61
[21:37:03 [31merror[39m]: uncaughtException: Cannot read properties of undefined (reading 'send')
TypeError: Cannot read properties of undefined (reading 'send')
    at /home/runner/xd/Events/⚡ Cliente/presencia.js:105:61
[22:56:56 [32minfo[39m]: Iniciando y Conectando a la DB
[22:56:56 [32minfo[39m]: Bot Iniciado con Exito Dia de Registro Thu Sep 14 2023 22:56:56
[22:56:58 [31merror[39m]: uncaughtException: Cannot read properties of undefined (reading 'send')
TypeError: Cannot read properties of undefined (reading 'send')
    at /home/runner/xd/Events/⚡ Cliente/presencia.js:105:61
[22:56:58 [31merror[39m]: uncaughtException: Cannot read properties of undefined (reading 'send')
TypeError: Cannot read properties of undefined (reading 'send')
    at /home/runner/xd/Events/⚡ Cliente/presencia.js:105:61
[23:02:22 [32minfo[39m]: Iniciando y Conectando a la DB
[23:02:22 [32minfo[39m]: Bot Iniciado con Exito Dia de Registro Thu Sep 14 2023 23:02:22
[23:02:24 [31merror[39m]: uncaughtException: Cannot read properties of undefined (reading 'send')
TypeError: Cannot read properties of undefined (reading 'send')
    at /home/runner/xd/Events/⚡ Cliente/presencia.js:105:61
[23:02:24 [31merror[39m]: uncaughtException: Cannot read properties of undefined (reading 'send')
TypeError: Cannot read properties of undefined (reading 'send')
    at /home/runner/xd/Events/⚡ Cliente/presencia.js:105:61
[23:07:33 [32minfo[39m]: Iniciando y Conectando a la DB
[23:07:33 [32minfo[39m]: Bot Iniciado con Exito Dia de Registro Thu Sep 14 2023 23:07:33
[23:07:34 [31merror[39m]: uncaughtException: Cannot read properties of undefined (reading 'send')
TypeError: Cannot read properties of undefined (reading 'send')
    at /home/runner/xd/Events/⚡ Cliente/presencia.js:105:61
[23:07:34 [31merror[39m]: uncaughtException: Cannot read properties of undefined (reading 'send')
TypeError: Cannot read properties of undefined (reading 'send')
    at /home/runner/xd/Events/⚡ Cliente/presencia.js:105:61
[23:12:35 [32minfo[39m]: Iniciando y Conectando a la DB
[23:12:35 [32minfo[39m]: Bot Iniciado con Exito Dia de Registro Thu Sep 14 2023 23:12:35
[23:12:37 [31merror[39m]: uncaughtException: Cannot read properties of undefined (reading 'send')
TypeError: Cannot read properties of undefined (reading 'send')
    at /home/runner/xd/Events/⚡ Cliente/presencia.js:105:61
[23:12:37 [31merror[39m]: uncaughtException: Cannot read properties of undefined (reading 'send')
TypeError: Cannot read properties of undefined (reading 'send')
    at /home/runner/xd/Events/⚡ Cliente/presencia.js:105:61
[23:17:21 [32minfo[39m]: Iniciando y Conectando a la DB
[23:17:21 [32minfo[39m]: Bot Iniciado con Exito Dia de Registro Thu Sep 14 2023 23:17:21
[23:17:23 [31merror[39m]: uncaughtException: Cannot read properties of undefined (reading 'send')
TypeError: Cannot read properties of undefined (reading 'send')
    at /home/runner/xd/Events/⚡ Cliente/presencia.js:105:61
[23:17:23 [31merror[39m]: uncaughtException: Cannot read properties of undefined (reading 'send')
TypeError: Cannot read properties of undefined (reading 'send')
    at /home/runner/xd/Events/⚡ Cliente/presencia.js:105:61
[23:27:37 [32minfo[39m]: Iniciando y Conectando a la DB
[23:27:37 [32minfo[39m]: Bot Iniciado con Exito Dia de Registro Thu Sep 14 2023 23:27:37
[23:27:40 [31merror[39m]: uncaughtException: Cannot read properties of undefined (reading 'send')
TypeError: Cannot read properties of undefined (reading 'send')
    at /home/runner/xd/Events/⚡ Cliente/presencia.js:105:61
[23:27:40 [31merror[39m]: uncaughtException: Cannot read properties of undefined (reading 'send')
TypeError: Cannot read properties of undefined (reading 'send')
    at /home/runner/xd/Events/⚡ Cliente/presencia.js:105:61
[23:37:45 [32minfo[39m]: Iniciando y Conectando a la DB
[23:37:45 [32minfo[39m]: Bot Iniciado con Exito Dia de Registro Thu Sep 14 2023 23:37:45
[23:37:49 [31merror[39m]: uncaughtException: Cannot read properties of undefined (reading 'send')
TypeError: Cannot read properties of undefined (reading 'send')
    at /home/runner/xd/Events/⚡ Cliente/presencia.js:105:61
[23:37:49 [31merror[39m]: uncaughtException: Cannot read properties of undefined (reading 'send')
TypeError: Cannot read properties of undefined (reading 'send')
    at /home/runner/xd/Events/⚡ Cliente/presencia.js:105:61
[23:38:24 [32minfo[39m]: Iniciando y Conectando a la DB
[23:38:24 [32minfo[39m]: Bot Iniciado con Exito Dia de Registro Thu Sep 14 2023 23:38:24
[23:38:26 [31merror[39m]: uncaughtException: Cannot read properties of undefined (reading 'send')
TypeError: Cannot read properties of undefined (reading 'send')
    at /home/runner/xd/Events/⚡ Cliente/presencia.js:105:61
[23:38:26 [31merror[39m]: uncaughtException: Cannot read properties of undefined (reading 'send')
TypeError: Cannot read properties of undefined (reading 'send')
    at /home/runner/xd/Events/⚡ Cliente/presencia.js:105:61
[23:43:24 [32minfo[39m]: Iniciando y Conectando a la DB
[23:43:25 [32minfo[39m]: Bot Iniciado con Exito Dia de Registro Thu Sep 14 2023 23:43:25
[23:43:26 [31merror[39m]: uncaughtException: Cannot read properties of undefined (reading 'send')
TypeError: Cannot read properties of undefined (reading 'send')
    at /home/runner/xd/Events/⚡ Cliente/presencia.js:105:61
[23:43:26 [31merror[39m]: uncaughtException: Cannot read properties of undefined (reading 'send')
TypeError: Cannot read properties of undefined (reading 'send')
    at /home/runner/xd/Events/⚡ Cliente/presencia.js:105:61
[23:48:11 [32minfo[39m]: Iniciando y Conectando a la DB
[23:48:11 [32minfo[39m]: Bot Iniciado con Exito Dia de Registro Thu Sep 14 2023 23:48:11
[23:48:12 [31merror[39m]: uncaughtException: Cannot read properties of undefined (reading 'send')
TypeError: Cannot read properties of undefined (reading 'send')
    at /home/runner/xd/Events/⚡ Cliente/presencia.js:105:61
[23:48:12 [31merror[39m]: uncaughtException: Cannot read properties of undefined (reading 'send')
TypeError: Cannot read properties of undefined (reading 'send')
    at /home/runner/xd/Events/⚡ Cliente/presencia.js:105:61
[23:53:30 [32minfo[39m]: Iniciando y Conectando a la DB
[23:53:30 [32minfo[39m]: Bot Iniciado con Exito Dia de Registro Thu Sep 14 2023 23:53:30
[23:53:32 [31merror[39m]: uncaughtException: Cannot read properties of undefined (reading 'send')
TypeError: Cannot read properties of undefined (reading 'send')
    at /home/runner/xd/Events/⚡ Cliente/presencia.js:105:61
[23:53:32 [31merror[39m]: uncaughtException: Cannot read properties of undefined (reading 'send')
TypeError: Cannot read properties of undefined (reading 'send')
    at /home/runner/xd/Events/⚡ Cliente/presencia.js:105:61
[23:58:32 [32minfo[39m]: Iniciando y Conectando a la DB
[23:58:32 [32minfo[39m]: Bot Iniciado con Exito Dia de Registro Thu Sep 14 2023 23:58:32
[23:58:36 [31merror[39m]: uncaughtException: Cannot read properties of undefined (reading 'send')
TypeError: Cannot read properties of undefined (reading 'send')
    at /home/runner/xd/Events/⚡ Cliente/presencia.js:105:61
[23:58:36 [31merror[39m]: uncaughtException: Cannot read properties of undefined (reading 'send')
TypeError: Cannot read properties of undefined (reading 'send')
    at /home/runner/xd/Events/⚡ Cliente/presencia.js:105:61
