[00:52:46 [32minfo[39m]: Iniciando y Conectando a la DB
[00:52:46 [32minfo[39m]: Bot Iniciado con Exito Dia de Registro Tue Sep 05 2023 00:52:46
[00:52:47 [31merror[39m]: uncaughtException: Cannot read properties of undefined (reading 'send')
TypeError: Cannot read properties of undefined (reading 'send')
    at /home/runner/xd/Events/⚡ Cliente/presencia.js:105:61
[00:52:47 [31merror[39m]: uncaughtException: Cannot read properties of undefined (reading 'send')
TypeError: Cannot read properties of undefined (reading 'send')
    at /home/runner/xd/Events/⚡ Cliente/presencia.js:105:61
[00:57:40 [32minfo[39m]: Iniciando y Conectando a la DB
[00:57:40 [32minfo[39m]: Bot Iniciado con Exito Dia de Registro Tue Sep 05 2023 00:57:40
[00:57:41 [31merror[39m]: uncaughtException: Cannot read properties of undefined (reading 'send')
TypeError: Cannot read properties of undefined (reading 'send')
    at /home/runner/xd/Events/⚡ Cliente/presencia.js:105:61
[00:57:41 [31merror[39m]: uncaughtException: Cannot read properties of undefined (reading 'send')
TypeError: Cannot read properties of undefined (reading 'send')
    at /home/runner/xd/Events/⚡ Cliente/presencia.js:105:61
[01:17:40 [32minfo[39m]: Iniciando y Conectando a la DB
[01:17:40 [32minfo[39m]: Bot Iniciado con Exito Dia de Registro Tue Sep 05 2023 01:17:40
[01:17:42 [31merror[39m]: uncaughtException: Cannot read properties of undefined (reading 'send')
TypeError: Cannot read properties of undefined (reading 'send')
    at /home/runner/xd/Events/⚡ Cliente/presencia.js:105:61
[01:17:42 [31merror[39m]: uncaughtException: Cannot read properties of undefined (reading 'send')
TypeError: Cannot read properties of undefined (reading 'send')
    at /home/runner/xd/Events/⚡ Cliente/presencia.js:105:61
[01:22:40 [32minfo[39m]: Iniciando y Conectando a la DB
[01:22:40 [32minfo[39m]: Bot Iniciado con Exito Dia de Registro Tue Sep 05 2023 01:22:40
[01:22:41 [31merror[39m]: uncaughtException: Cannot read properties of undefined (reading 'send')
TypeError: Cannot read properties of undefined (reading 'send')
    at /home/runner/xd/Events/⚡ Cliente/presencia.js:105:61
[01:22:41 [31merror[39m]: uncaughtException: Cannot read properties of undefined (reading 'send')
TypeError: Cannot read properties of undefined (reading 'send')
    at /home/runner/xd/Events/⚡ Cliente/presencia.js:105:61
[04:01:31 [32minfo[39m]: Iniciando y Conectando a la DB
[04:01:31 [32minfo[39m]: Bot Iniciado con Exito Dia de Registro Tue Sep 05 2023 04:01:31
[04:01:32 [31merror[39m]: uncaughtException: Cannot read properties of undefined (reading 'send')
TypeError: Cannot read properties of undefined (reading 'send')
    at /home/runner/xd/Events/⚡ Cliente/presencia.js:105:61
[04:01:32 [31merror[39m]: uncaughtException: Cannot read properties of undefined (reading 'send')
TypeError: Cannot read properties of undefined (reading 'send')
    at /home/runner/xd/Events/⚡ Cliente/presencia.js:105:61
[04:06:51 [32minfo[39m]: Iniciando y Conectando a la DB
[04:06:51 [32minfo[39m]: Bot Iniciado con Exito Dia de Registro Tue Sep 05 2023 04:06:51
[04:06:53 [31merror[39m]: uncaughtException: Cannot read properties of undefined (reading 'send')
TypeError: Cannot read properties of undefined (reading 'send')
    at /home/runner/xd/Events/⚡ Cliente/presencia.js:105:61
[04:06:53 [31merror[39m]: uncaughtException: Cannot read properties of undefined (reading 'send')
TypeError: Cannot read properties of undefined (reading 'send')
    at /home/runner/xd/Events/⚡ Cliente/presencia.js:105:61
[04:11:30 [32minfo[39m]: Iniciando y Conectando a la DB
[04:11:30 [32minfo[39m]: Bot Iniciado con Exito Dia de Registro Tue Sep 05 2023 04:11:30
[04:11:32 [31merror[39m]: uncaughtException: Cannot read properties of undefined (reading 'send')
TypeError: Cannot read properties of undefined (reading 'send')
    at /home/runner/xd/Events/⚡ Cliente/presencia.js:105:61
[04:11:32 [31merror[39m]: uncaughtException: Cannot read properties of undefined (reading 'send')
TypeError: Cannot read properties of undefined (reading 'send')
    at /home/runner/xd/Events/⚡ Cliente/presencia.js:105:61
[04:16:41 [32minfo[39m]: Iniciando y Conectando a la DB
[04:16:41 [32minfo[39m]: Bot Iniciado con Exito Dia de Registro Tue Sep 05 2023 04:16:41
[04:16:43 [31merror[39m]: uncaughtException: Cannot read properties of undefined (reading 'send')
TypeError: Cannot read properties of undefined (reading 'send')
    at /home/runner/xd/Events/⚡ Cliente/presencia.js:105:61
[04:16:43 [31merror[39m]: uncaughtException: Cannot read properties of undefined (reading 'send')
TypeError: Cannot read properties of undefined (reading 'send')
    at /home/runner/xd/Events/⚡ Cliente/presencia.js:105:61
[04:21:31 [32minfo[39m]: Iniciando y Conectando a la DB
[04:21:31 [32minfo[39m]: Bot Iniciado con Exito Dia de Registro Tue Sep 05 2023 04:21:31
[04:21:32 [31merror[39m]: uncaughtException: Cannot read properties of undefined (reading 'send')
TypeError: Cannot read properties of undefined (reading 'send')
    at /home/runner/xd/Events/⚡ Cliente/presencia.js:105:61
[04:21:32 [31merror[39m]: uncaughtException: Cannot read properties of undefined (reading 'send')
TypeError: Cannot read properties of undefined (reading 'send')
    at /home/runner/xd/Events/⚡ Cliente/presencia.js:105:61
[04:26:31 [32minfo[39m]: Iniciando y Conectando a la DB
[04:26:31 [32minfo[39m]: Bot Iniciado con Exito Dia de Registro Tue Sep 05 2023 04:26:31
[04:26:32 [31merror[39m]: uncaughtException: Cannot read properties of undefined (reading 'send')
TypeError: Cannot read properties of undefined (reading 'send')
    at /home/runner/xd/Events/⚡ Cliente/presencia.js:105:61
[04:26:32 [31merror[39m]: uncaughtException: Cannot read properties of undefined (reading 'send')
TypeError: Cannot read properties of undefined (reading 'send')
    at /home/runner/xd/Events/⚡ Cliente/presencia.js:105:61
[04:31:41 [32minfo[39m]: Iniciando y Conectando a la DB
[04:31:41 [32minfo[39m]: Bot Iniciado con Exito Dia de Registro Tue Sep 05 2023 04:31:41
[04:31:43 [31merror[39m]: uncaughtException: Cannot read properties of undefined (reading 'send')
TypeError: Cannot read properties of undefined (reading 'send')
    at /home/runner/xd/Events/⚡ Cliente/presencia.js:105:61
[04:31:43 [31merror[39m]: uncaughtException: Cannot read properties of undefined (reading 'send')
TypeError: Cannot read properties of undefined (reading 'send')
    at /home/runner/xd/Events/⚡ Cliente/presencia.js:105:61
[04:36:41 [32minfo[39m]: Iniciando y Conectando a la DB
[04:36:41 [32minfo[39m]: Bot Iniciado con Exito Dia de Registro Tue Sep 05 2023 04:36:41
[04:36:42 [31merror[39m]: uncaughtException: Cannot read properties of undefined (reading 'send')
TypeError: Cannot read properties of undefined (reading 'send')
    at /home/runner/xd/Events/⚡ Cliente/presencia.js:105:61
[04:36:42 [31merror[39m]: uncaughtException: Cannot read properties of undefined (reading 'send')
TypeError: Cannot read properties of undefined (reading 'send')
    at /home/runner/xd/Events/⚡ Cliente/presencia.js:105:61
[04:41:41 [32minfo[39m]: Iniciando y Conectando a la DB
[04:41:41 [32minfo[39m]: Bot Iniciado con Exito Dia de Registro Tue Sep 05 2023 04:41:41
[04:41:43 [31merror[39m]: uncaughtException: Cannot read properties of undefined (reading 'send')
TypeError: Cannot read properties of undefined (reading 'send')
    at /home/runner/xd/Events/⚡ Cliente/presencia.js:105:61
[04:41:43 [31merror[39m]: uncaughtException: Cannot read properties of undefined (reading 'send')
TypeError: Cannot read properties of undefined (reading 'send')
    at /home/runner/xd/Events/⚡ Cliente/presencia.js:105:61
[04:46:41 [32minfo[39m]: Iniciando y Conectando a la DB
[04:46:41 [32minfo[39m]: Bot Iniciado con Exito Dia de Registro Tue Sep 05 2023 04:46:41
[04:46:43 [31merror[39m]: uncaughtException: Cannot read properties of undefined (reading 'send')
TypeError: Cannot read properties of undefined (reading 'send')
    at /home/runner/xd/Events/⚡ Cliente/presencia.js:105:61
[04:46:43 [31merror[39m]: uncaughtException: Cannot read properties of undefined (reading 'send')
TypeError: Cannot read properties of undefined (reading 'send')
    at /home/runner/xd/Events/⚡ Cliente/presencia.js:105:61
[04:56:41 [32minfo[39m]: Iniciando y Conectando a la DB
[04:56:41 [32minfo[39m]: Bot Iniciado con Exito Dia de Registro Tue Sep 05 2023 04:56:41
[04:56:42 [31merror[39m]: uncaughtException: Cannot read properties of undefined (reading 'send')
TypeError: Cannot read properties of undefined (reading 'send')
    at /home/runner/xd/Events/⚡ Cliente/presencia.js:105:61
[04:56:42 [31merror[39m]: uncaughtException: Cannot read properties of undefined (reading 'send')
TypeError: Cannot read properties of undefined (reading 'send')
    at /home/runner/xd/Events/⚡ Cliente/presencia.js:105:61
[05:01:31 [32minfo[39m]: Iniciando y Conectando a la DB
[05:01:31 [32minfo[39m]: Bot Iniciado con Exito Dia de Registro Tue Sep 05 2023 05:01:31
[05:01:33 [31merror[39m]: uncaughtException: Cannot read properties of undefined (reading 'send')
TypeError: Cannot read properties of undefined (reading 'send')
    at /home/runner/xd/Events/⚡ Cliente/presencia.js:105:61
[05:01:33 [31merror[39m]: uncaughtException: Cannot read properties of undefined (reading 'send')
TypeError: Cannot read properties of undefined (reading 'send')
    at /home/runner/xd/Events/⚡ Cliente/presencia.js:105:61
[05:06:41 [32minfo[39m]: Iniciando y Conectando a la DB
[05:06:41 [32minfo[39m]: Bot Iniciado con Exito Dia de Registro Tue Sep 05 2023 05:06:41
[05:06:43 [31merror[39m]: uncaughtException: Cannot read properties of undefined (reading 'send')
TypeError: Cannot read properties of undefined (reading 'send')
    at /home/runner/xd/Events/⚡ Cliente/presencia.js:105:61
[05:06:43 [31merror[39m]: uncaughtException: Cannot read properties of undefined (reading 'send')
TypeError: Cannot read properties of undefined (reading 'send')
    at /home/runner/xd/Events/⚡ Cliente/presencia.js:105:61
[05:11:41 [32minfo[39m]: Iniciando y Conectando a la DB
[05:11:41 [32minfo[39m]: Bot Iniciado con Exito Dia de Registro Tue Sep 05 2023 05:11:41
[05:11:42 [31merror[39m]: uncaughtException: Cannot read properties of undefined (reading 'send')
TypeError: Cannot read properties of undefined (reading 'send')
    at /home/runner/xd/Events/⚡ Cliente/presencia.js:105:61
[05:11:42 [31merror[39m]: uncaughtException: Cannot read properties of undefined (reading 'send')
TypeError: Cannot read properties of undefined (reading 'send')
    at /home/runner/xd/Events/⚡ Cliente/presencia.js:105:61
[05:16:31 [32minfo[39m]: Iniciando y Conectando a la DB
[05:16:31 [32minfo[39m]: Bot Iniciado con Exito Dia de Registro Tue Sep 05 2023 05:16:31
[05:16:33 [31merror[39m]: uncaughtException: Cannot read properties of undefined (reading 'send')
TypeError: Cannot read properties of undefined (reading 'send')
    at /home/runner/xd/Events/⚡ Cliente/presencia.js:105:61
[05:16:33 [31merror[39m]: uncaughtException: Cannot read properties of undefined (reading 'send')
TypeError: Cannot read properties of undefined (reading 'send')
    at /home/runner/xd/Events/⚡ Cliente/presencia.js:105:61
[05:21:41 [32minfo[39m]: Iniciando y Conectando a la DB
[05:21:41 [32minfo[39m]: Bot Iniciado con Exito Dia de Registro Tue Sep 05 2023 05:21:41
[05:21:42 [31merror[39m]: uncaughtException: Cannot read properties of undefined (reading 'send')
TypeError: Cannot read properties of undefined (reading 'send')
    at /home/runner/xd/Events/⚡ Cliente/presencia.js:105:61
[05:21:42 [31merror[39m]: uncaughtException: Cannot read properties of undefined (reading 'send')
TypeError: Cannot read properties of undefined (reading 'send')
    at /home/runner/xd/Events/⚡ Cliente/presencia.js:105:61
[05:26:41 [32minfo[39m]: Iniciando y Conectando a la DB
[05:26:41 [32minfo[39m]: Bot Iniciado con Exito Dia de Registro Tue Sep 05 2023 05:26:41
[05:26:42 [31merror[39m]: uncaughtException: Cannot read properties of undefined (reading 'send')
TypeError: Cannot read properties of undefined (reading 'send')
    at /home/runner/xd/Events/⚡ Cliente/presencia.js:105:61
[05:26:42 [31merror[39m]: uncaughtException: Cannot read properties of undefined (reading 'send')
TypeError: Cannot read properties of undefined (reading 'send')
    at /home/runner/xd/Events/⚡ Cliente/presencia.js:105:61
[05:31:41 [32minfo[39m]: Iniciando y Conectando a la DB
[05:31:41 [32minfo[39m]: Bot Iniciado con Exito Dia de Registro Tue Sep 05 2023 05:31:41
[05:31:42 [31merror[39m]: uncaughtException: Cannot read properties of undefined (reading 'send')
TypeError: Cannot read properties of undefined (reading 'send')
    at /home/runner/xd/Events/⚡ Cliente/presencia.js:105:61
[05:31:42 [31merror[39m]: uncaughtException: Cannot read properties of undefined (reading 'send')
TypeError: Cannot read properties of undefined (reading 'send')
    at /home/runner/xd/Events/⚡ Cliente/presencia.js:105:61
[05:36:31 [32minfo[39m]: Iniciando y Conectando a la DB
[05:36:31 [32minfo[39m]: Bot Iniciado con Exito Dia de Registro Tue Sep 05 2023 05:36:31
[05:36:33 [31merror[39m]: uncaughtException: Cannot read properties of undefined (reading 'send')
TypeError: Cannot read properties of undefined (reading 'send')
    at /home/runner/xd/Events/⚡ Cliente/presencia.js:105:61
[05:36:33 [31merror[39m]: uncaughtException: Cannot read properties of undefined (reading 'send')
TypeError: Cannot read properties of undefined (reading 'send')
    at /home/runner/xd/Events/⚡ Cliente/presencia.js:105:61
[05:41:41 [32minfo[39m]: Iniciando y Conectando a la DB
[05:41:41 [32minfo[39m]: Bot Iniciado con Exito Dia de Registro Tue Sep 05 2023 05:41:41
[05:41:42 [31merror[39m]: uncaughtException: Cannot read properties of undefined (reading 'send')
TypeError: Cannot read properties of undefined (reading 'send')
    at /home/runner/xd/Events/⚡ Cliente/presencia.js:105:61
[05:41:42 [31merror[39m]: uncaughtException: Cannot read properties of undefined (reading 'send')
TypeError: Cannot read properties of undefined (reading 'send')
    at /home/runner/xd/Events/⚡ Cliente/presencia.js:105:61
[05:46:41 [32minfo[39m]: Iniciando y Conectando a la DB
[05:46:41 [32minfo[39m]: Bot Iniciado con Exito Dia de Registro Tue Sep 05 2023 05:46:41
[05:46:42 [31merror[39m]: uncaughtException: Cannot read properties of undefined (reading 'send')
TypeError: Cannot read properties of undefined (reading 'send')
    at /home/runner/xd/Events/⚡ Cliente/presencia.js:105:61
[05:46:42 [31merror[39m]: uncaughtException: Cannot read properties of undefined (reading 'send')
TypeError: Cannot read properties of undefined (reading 'send')
    at /home/runner/xd/Events/⚡ Cliente/presencia.js:105:61
[05:51:51 [32minfo[39m]: Iniciando y Conectando a la DB
[05:51:51 [32minfo[39m]: Bot Iniciado con Exito Dia de Registro Tue Sep 05 2023 05:51:51
[05:51:52 [31merror[39m]: uncaughtException: Cannot read properties of undefined (reading 'send')
TypeError: Cannot read properties of undefined (reading 'send')
    at /home/runner/xd/Events/⚡ Cliente/presencia.js:105:61
[05:51:52 [31merror[39m]: uncaughtException: Cannot read properties of undefined (reading 'send')
TypeError: Cannot read properties of undefined (reading 'send')
    at /home/runner/xd/Events/⚡ Cliente/presencia.js:105:61
[06:23:30 [32minfo[39m]: Iniciando y Conectando a la DB
[06:23:30 [32minfo[39m]: Bot Iniciado con Exito Dia de Registro Tue Sep 05 2023 06:23:30
[06:23:32 [31merror[39m]: uncaughtException: Cannot read properties of undefined (reading 'send')
TypeError: Cannot read properties of undefined (reading 'send')
    at /home/runner/xd/Events/⚡ Cliente/presencia.js:105:61
[06:23:32 [31merror[39m]: uncaughtException: Cannot read properties of undefined (reading 'send')
TypeError: Cannot read properties of undefined (reading 'send')
    at /home/runner/xd/Events/⚡ Cliente/presencia.js:105:61
[06:28:21 [32minfo[39m]: Iniciando y Conectando a la DB
[06:28:21 [32minfo[39m]: Bot Iniciado con Exito Dia de Registro Tue Sep 05 2023 06:28:21
[06:28:22 [31merror[39m]: uncaughtException: Cannot read properties of undefined (reading 'send')
TypeError: Cannot read properties of undefined (reading 'send')
    at /home/runner/xd/Events/⚡ Cliente/presencia.js:105:61
[06:28:22 [31merror[39m]: uncaughtException: Cannot read properties of undefined (reading 'send')
TypeError: Cannot read properties of undefined (reading 'send')
    at /home/runner/xd/Events/⚡ Cliente/presencia.js:105:61
[06:33:21 [32minfo[39m]: Iniciando y Conectando a la DB
[06:33:21 [32minfo[39m]: Bot Iniciado con Exito Dia de Registro Tue Sep 05 2023 06:33:21
[06:33:22 [31merror[39m]: uncaughtException: Cannot read properties of undefined (reading 'send')
TypeError: Cannot read properties of undefined (reading 'send')
    at /home/runner/xd/Events/⚡ Cliente/presencia.js:105:61
[06:33:22 [31merror[39m]: uncaughtException: Cannot read properties of undefined (reading 'send')
TypeError: Cannot read properties of undefined (reading 'send')
    at /home/runner/xd/Events/⚡ Cliente/presencia.js:105:61
[06:48:20 [32minfo[39m]: Iniciando y Conectando a la DB
[06:48:20 [32minfo[39m]: Bot Iniciado con Exito Dia de Registro Tue Sep 05 2023 06:48:20
[06:48:22 [31merror[39m]: uncaughtException: Cannot read properties of undefined (reading 'send')
TypeError: Cannot read properties of undefined (reading 'send')
    at /home/runner/xd/Events/⚡ Cliente/presencia.js:105:61
[06:48:22 [31merror[39m]: uncaughtException: Cannot read properties of undefined (reading 'send')
TypeError: Cannot read properties of undefined (reading 'send')
    at /home/runner/xd/Events/⚡ Cliente/presencia.js:105:61
[06:53:11 [32minfo[39m]: Iniciando y Conectando a la DB
[06:53:11 [32minfo[39m]: Bot Iniciado con Exito Dia de Registro Tue Sep 05 2023 06:53:11
[06:53:12 [31merror[39m]: uncaughtException: Cannot read properties of undefined (reading 'send')
TypeError: Cannot read properties of undefined (reading 'send')
    at /home/runner/xd/Events/⚡ Cliente/presencia.js:105:61
[06:53:12 [31merror[39m]: uncaughtException: Cannot read properties of undefined (reading 'send')
TypeError: Cannot read properties of undefined (reading 'send')
    at /home/runner/xd/Events/⚡ Cliente/presencia.js:105:61
[07:03:23 [32minfo[39m]: Iniciando y Conectando a la DB
[07:03:23 [32minfo[39m]: Bot Iniciado con Exito Dia de Registro Tue Sep 05 2023 07:03:23
[07:03:24 [31merror[39m]: uncaughtException: Cannot read properties of undefined (reading 'send')
TypeError: Cannot read properties of undefined (reading 'send')
    at /home/runner/xd/Events/⚡ Cliente/presencia.js:105:61
[07:03:24 [31merror[39m]: uncaughtException: Cannot read properties of undefined (reading 'send')
TypeError: Cannot read properties of undefined (reading 'send')
    at /home/runner/xd/Events/⚡ Cliente/presencia.js:105:61
[07:08:20 [32minfo[39m]: Iniciando y Conectando a la DB
[07:08:20 [32minfo[39m]: Bot Iniciado con Exito Dia de Registro Tue Sep 05 2023 07:08:20
[07:08:22 [31merror[39m]: uncaughtException: Cannot read properties of undefined (reading 'send')
TypeError: Cannot read properties of undefined (reading 'send')
    at /home/runner/xd/Events/⚡ Cliente/presencia.js:105:61
[07:08:22 [31merror[39m]: uncaughtException: Cannot read properties of undefined (reading 'send')
TypeError: Cannot read properties of undefined (reading 'send')
    at /home/runner/xd/Events/⚡ Cliente/presencia.js:105:61
[07:13:20 [32minfo[39m]: Iniciando y Conectando a la DB
[07:13:20 [32minfo[39m]: Bot Iniciado con Exito Dia de Registro Tue Sep 05 2023 07:13:20
[07:13:22 [31merror[39m]: uncaughtException: Cannot read properties of undefined (reading 'send')
TypeError: Cannot read properties of undefined (reading 'send')
    at /home/runner/xd/Events/⚡ Cliente/presencia.js:105:61
[07:13:22 [31merror[39m]: uncaughtException: Cannot read properties of undefined (reading 'send')
TypeError: Cannot read properties of undefined (reading 'send')
    at /home/runner/xd/Events/⚡ Cliente/presencia.js:105:61
[07:18:20 [32minfo[39m]: Iniciando y Conectando a la DB
[07:18:20 [32minfo[39m]: Bot Iniciado con Exito Dia de Registro Tue Sep 05 2023 07:18:20
[07:18:22 [31merror[39m]: uncaughtException: Cannot read properties of undefined (reading 'send')
TypeError: Cannot read properties of undefined (reading 'send')
    at /home/runner/xd/Events/⚡ Cliente/presencia.js:105:61
[07:18:22 [31merror[39m]: uncaughtException: Cannot read properties of undefined (reading 'send')
TypeError: Cannot read properties of undefined (reading 'send')
    at /home/runner/xd/Events/⚡ Cliente/presencia.js:105:61
[07:23:10 [32minfo[39m]: Iniciando y Conectando a la DB
[07:23:10 [32minfo[39m]: Bot Iniciado con Exito Dia de Registro Tue Sep 05 2023 07:23:10
[07:23:12 [31merror[39m]: uncaughtException: Cannot read properties of undefined (reading 'send')
TypeError: Cannot read properties of undefined (reading 'send')
    at /home/runner/xd/Events/⚡ Cliente/presencia.js:105:61
[07:23:12 [31merror[39m]: uncaughtException: Cannot read properties of undefined (reading 'send')
TypeError: Cannot read properties of undefined (reading 'send')
    at /home/runner/xd/Events/⚡ Cliente/presencia.js:105:61
[07:28:10 [32minfo[39m]: Iniciando y Conectando a la DB
[07:28:10 [32minfo[39m]: Bot Iniciado con Exito Dia de Registro Tue Sep 05 2023 07:28:10
[07:28:11 [31merror[39m]: uncaughtException: Cannot read properties of undefined (reading 'send')
TypeError: Cannot read properties of undefined (reading 'send')
    at /home/runner/xd/Events/⚡ Cliente/presencia.js:105:61
[07:28:11 [31merror[39m]: uncaughtException: Cannot read properties of undefined (reading 'send')
TypeError: Cannot read properties of undefined (reading 'send')
    at /home/runner/xd/Events/⚡ Cliente/presencia.js:105:61
[07:33:11 [32minfo[39m]: Iniciando y Conectando a la DB
[07:33:11 [32minfo[39m]: Bot Iniciado con Exito Dia de Registro Tue Sep 05 2023 07:33:11
[07:33:12 [31merror[39m]: uncaughtException: Cannot read properties of undefined (reading 'send')
TypeError: Cannot read properties of undefined (reading 'send')
    at /home/runner/xd/Events/⚡ Cliente/presencia.js:105:61
[07:33:12 [31merror[39m]: uncaughtException: Cannot read properties of undefined (reading 'send')
TypeError: Cannot read properties of undefined (reading 'send')
    at /home/runner/xd/Events/⚡ Cliente/presencia.js:105:61
[07:38:20 [32minfo[39m]: Iniciando y Conectando a la DB
[07:38:20 [32minfo[39m]: Bot Iniciado con Exito Dia de Registro Tue Sep 05 2023 07:38:20
[07:38:21 [31merror[39m]: uncaughtException: Cannot read properties of undefined (reading 'send')
TypeError: Cannot read properties of undefined (reading 'send')
    at /home/runner/xd/Events/⚡ Cliente/presencia.js:105:61
[07:38:21 [31merror[39m]: uncaughtException: Cannot read properties of undefined (reading 'send')
TypeError: Cannot read properties of undefined (reading 'send')
    at /home/runner/xd/Events/⚡ Cliente/presencia.js:105:61
[07:44:12 [32minfo[39m]: Iniciando y Conectando a la DB
[07:44:12 [32minfo[39m]: Bot Iniciado con Exito Dia de Registro Tue Sep 05 2023 07:44:12
[07:44:13 [31merror[39m]: uncaughtException: Cannot read properties of undefined (reading 'send')
TypeError: Cannot read properties of undefined (reading 'send')
    at /home/runner/xd/Events/⚡ Cliente/presencia.js:105:61
[07:44:13 [31merror[39m]: uncaughtException: Cannot read properties of undefined (reading 'send')
TypeError: Cannot read properties of undefined (reading 'send')
    at /home/runner/xd/Events/⚡ Cliente/presencia.js:105:61
[07:49:03 [32minfo[39m]: Iniciando y Conectando a la DB
[07:49:03 [32minfo[39m]: Bot Iniciado con Exito Dia de Registro Tue Sep 05 2023 07:49:03
[07:49:04 [31merror[39m]: uncaughtException: Cannot read properties of undefined (reading 'send')
TypeError: Cannot read properties of undefined (reading 'send')
    at /home/runner/xd/Events/⚡ Cliente/presencia.js:105:61
[07:49:04 [31merror[39m]: uncaughtException: Cannot read properties of undefined (reading 'send')
TypeError: Cannot read properties of undefined (reading 'send')
    at /home/runner/xd/Events/⚡ Cliente/presencia.js:105:61
[07:54:14 [32minfo[39m]: Iniciando y Conectando a la DB
[07:54:14 [32minfo[39m]: Bot Iniciado con Exito Dia de Registro Tue Sep 05 2023 07:54:14
[07:54:16 [31merror[39m]: uncaughtException: Cannot read properties of undefined (reading 'send')
TypeError: Cannot read properties of undefined (reading 'send')
    at /home/runner/xd/Events/⚡ Cliente/presencia.js:105:61
[07:54:16 [31merror[39m]: uncaughtException: Cannot read properties of undefined (reading 'send')
TypeError: Cannot read properties of undefined (reading 'send')
    at /home/runner/xd/Events/⚡ Cliente/presencia.js:105:61
[08:09:14 [32minfo[39m]: Iniciando y Conectando a la DB
[08:09:14 [32minfo[39m]: Bot Iniciado con Exito Dia de Registro Tue Sep 05 2023 08:09:14
[08:09:17 [31merror[39m]: uncaughtException: Cannot read properties of undefined (reading 'send')
TypeError: Cannot read properties of undefined (reading 'send')
    at /home/runner/xd/Events/⚡ Cliente/presencia.js:105:61
[08:09:17 [31merror[39m]: uncaughtException: Cannot read properties of undefined (reading 'send')
TypeError: Cannot read properties of undefined (reading 'send')
    at /home/runner/xd/Events/⚡ Cliente/presencia.js:105:61
[08:14:08 [32minfo[39m]: Iniciando y Conectando a la DB
[08:14:08 [32minfo[39m]: Bot Iniciado con Exito Dia de Registro Tue Sep 05 2023 08:14:08
[08:14:10 [31merror[39m]: uncaughtException: Cannot read properties of undefined (reading 'send')
TypeError: Cannot read properties of undefined (reading 'send')
    at /home/runner/xd/Events/⚡ Cliente/presencia.js:105:61
[08:14:10 [31merror[39m]: uncaughtException: Cannot read properties of undefined (reading 'send')
TypeError: Cannot read properties of undefined (reading 'send')
    at /home/runner/xd/Events/⚡ Cliente/presencia.js:105:61
[08:34:01 [32minfo[39m]: Iniciando y Conectando a la DB
[08:34:01 [32minfo[39m]: Bot Iniciado con Exito Dia de Registro Tue Sep 05 2023 08:34:01
[08:34:03 [31merror[39m]: uncaughtException: Cannot read properties of undefined (reading 'send')
TypeError: Cannot read properties of undefined (reading 'send')
    at /home/runner/xd/Events/⚡ Cliente/presencia.js:105:61
[08:34:03 [31merror[39m]: uncaughtException: Cannot read properties of undefined (reading 'send')
TypeError: Cannot read properties of undefined (reading 'send')
    at /home/runner/xd/Events/⚡ Cliente/presencia.js:105:61
[08:39:01 [32minfo[39m]: Iniciando y Conectando a la DB
[08:39:01 [32minfo[39m]: Bot Iniciado con Exito Dia de Registro Tue Sep 05 2023 08:39:01
[08:39:03 [31merror[39m]: uncaughtException: Cannot read properties of undefined (reading 'send')
TypeError: Cannot read properties of undefined (reading 'send')
    at /home/runner/xd/Events/⚡ Cliente/presencia.js:105:61
[08:39:03 [31merror[39m]: uncaughtException: Cannot read properties of undefined (reading 'send')
TypeError: Cannot read properties of undefined (reading 'send')
    at /home/runner/xd/Events/⚡ Cliente/presencia.js:105:61
[09:00:07 [32minfo[39m]: Iniciando y Conectando a la DB
[09:00:07 [32minfo[39m]: Bot Iniciado con Exito Dia de Registro Tue Sep 05 2023 09:00:07
[09:00:08 [31merror[39m]: uncaughtException: Cannot read properties of undefined (reading 'send')
TypeError: Cannot read properties of undefined (reading 'send')
    at /home/runner/xd/Events/⚡ Cliente/presencia.js:105:61
[09:00:08 [31merror[39m]: uncaughtException: Cannot read properties of undefined (reading 'send')
TypeError: Cannot read properties of undefined (reading 'send')
    at /home/runner/xd/Events/⚡ Cliente/presencia.js:105:61
[09:05:01 [32minfo[39m]: Iniciando y Conectando a la DB
[09:05:01 [32minfo[39m]: Bot Iniciado con Exito Dia de Registro Tue Sep 05 2023 09:05:01
[09:05:02 [31merror[39m]: uncaughtException: Cannot read properties of undefined (reading 'send')
TypeError: Cannot read properties of undefined (reading 'send')
    at /home/runner/xd/Events/⚡ Cliente/presencia.js:105:61
[09:05:02 [31merror[39m]: uncaughtException: Cannot read properties of undefined (reading 'send')
TypeError: Cannot read properties of undefined (reading 'send')
    at /home/runner/xd/Events/⚡ Cliente/presencia.js:105:61
[09:15:02 [32minfo[39m]: Iniciando y Conectando a la DB
[09:15:02 [32minfo[39m]: Bot Iniciado con Exito Dia de Registro Tue Sep 05 2023 09:15:02
[09:15:03 [31merror[39m]: uncaughtException: Cannot read properties of undefined (reading 'send')
TypeError: Cannot read properties of undefined (reading 'send')
    at /home/runner/xd/Events/⚡ Cliente/presencia.js:105:61
[09:15:03 [31merror[39m]: uncaughtException: Cannot read properties of undefined (reading 'send')
TypeError: Cannot read properties of undefined (reading 'send')
    at /home/runner/xd/Events/⚡ Cliente/presencia.js:105:61
[09:20:01 [32minfo[39m]: Iniciando y Conectando a la DB
[09:20:01 [32minfo[39m]: Bot Iniciado con Exito Dia de Registro Tue Sep 05 2023 09:20:01
[09:20:02 [31merror[39m]: uncaughtException: Cannot read properties of undefined (reading 'send')
TypeError: Cannot read properties of undefined (reading 'send')
    at /home/runner/xd/Events/⚡ Cliente/presencia.js:105:61
[09:20:02 [31merror[39m]: uncaughtException: Cannot read properties of undefined (reading 'send')
TypeError: Cannot read properties of undefined (reading 'send')
    at /home/runner/xd/Events/⚡ Cliente/presencia.js:105:61
[09:25:11 [32minfo[39m]: Iniciando y Conectando a la DB
[09:25:11 [32minfo[39m]: Bot Iniciado con Exito Dia de Registro Tue Sep 05 2023 09:25:11
[09:25:12 [31merror[39m]: uncaughtException: Cannot read properties of undefined (reading 'send')
TypeError: Cannot read properties of undefined (reading 'send')
    at /home/runner/xd/Events/⚡ Cliente/presencia.js:105:61
[09:25:12 [31merror[39m]: uncaughtException: Cannot read properties of undefined (reading 'send')
TypeError: Cannot read properties of undefined (reading 'send')
    at /home/runner/xd/Events/⚡ Cliente/presencia.js:105:61
[09:40:01 [32minfo[39m]: Iniciando y Conectando a la DB
[09:40:01 [32minfo[39m]: Bot Iniciado con Exito Dia de Registro Tue Sep 05 2023 09:40:01
[09:40:03 [31merror[39m]: uncaughtException: Cannot read properties of undefined (reading 'send')
TypeError: Cannot read properties of undefined (reading 'send')
    at /home/runner/xd/Events/⚡ Cliente/presencia.js:105:61
[09:40:03 [31merror[39m]: uncaughtException: Cannot read properties of undefined (reading 'send')
TypeError: Cannot read properties of undefined (reading 'send')
    at /home/runner/xd/Events/⚡ Cliente/presencia.js:105:61
[09:50:13 [32minfo[39m]: Iniciando y Conectando a la DB
[09:50:13 [32minfo[39m]: Bot Iniciado con Exito Dia de Registro Tue Sep 05 2023 09:50:13
[09:50:15 [31merror[39m]: uncaughtException: Cannot read properties of undefined (reading 'send')
TypeError: Cannot read properties of undefined (reading 'send')
    at /home/runner/xd/Events/⚡ Cliente/presencia.js:105:61
[09:50:15 [31merror[39m]: uncaughtException: Cannot read properties of undefined (reading 'send')
TypeError: Cannot read properties of undefined (reading 'send')
    at /home/runner/xd/Events/⚡ Cliente/presencia.js:105:61
[09:55:37 [32minfo[39m]: Iniciando y Conectando a la DB
[09:55:37 [32minfo[39m]: Bot Iniciado con Exito Dia de Registro Tue Sep 05 2023 09:55:37
[09:55:39 [31merror[39m]: uncaughtException: Cannot read properties of undefined (reading 'send')
TypeError: Cannot read properties of undefined (reading 'send')
    at /home/runner/xd/Events/⚡ Cliente/presencia.js:105:61
[09:55:39 [31merror[39m]: uncaughtException: Cannot read properties of undefined (reading 'send')
TypeError: Cannot read properties of undefined (reading 'send')
    at /home/runner/xd/Events/⚡ Cliente/presencia.js:105:61
[10:00:37 [32minfo[39m]: Iniciando y Conectando a la DB
[10:00:37 [32minfo[39m]: Bot Iniciado con Exito Dia de Registro Tue Sep 05 2023 10:00:37
[10:00:39 [31merror[39m]: uncaughtException: Cannot read properties of undefined (reading 'send')
TypeError: Cannot read properties of undefined (reading 'send')
    at /home/runner/xd/Events/⚡ Cliente/presencia.js:105:61
[10:00:39 [31merror[39m]: uncaughtException: Cannot read properties of undefined (reading 'send')
TypeError: Cannot read properties of undefined (reading 'send')
    at /home/runner/xd/Events/⚡ Cliente/presencia.js:105:61
[10:05:36 [32minfo[39m]: Iniciando y Conectando a la DB
[10:05:36 [32minfo[39m]: Bot Iniciado con Exito Dia de Registro Tue Sep 05 2023 10:05:36
[10:05:37 [31merror[39m]: uncaughtException: Cannot read properties of undefined (reading 'send')
TypeError: Cannot read properties of undefined (reading 'send')
    at /home/runner/xd/Events/⚡ Cliente/presencia.js:105:61
[10:05:37 [31merror[39m]: uncaughtException: Cannot read properties of undefined (reading 'send')
TypeError: Cannot read properties of undefined (reading 'send')
    at /home/runner/xd/Events/⚡ Cliente/presencia.js:105:61
[11:09:33 [32minfo[39m]: Iniciando y Conectando a la DB
[11:09:33 [32minfo[39m]: Bot Iniciado con Exito Dia de Registro Tue Sep 05 2023 11:09:33
[11:09:35 [31merror[39m]: uncaughtException: Cannot read properties of undefined (reading 'send')
TypeError: Cannot read properties of undefined (reading 'send')
    at /home/runner/xd/Events/⚡ Cliente/presencia.js:105:61
[11:09:35 [31merror[39m]: uncaughtException: Cannot read properties of undefined (reading 'send')
TypeError: Cannot read properties of undefined (reading 'send')
    at /home/runner/xd/Events/⚡ Cliente/presencia.js:105:61
[11:15:08 [32minfo[39m]: Iniciando y Conectando a la DB
[11:15:08 [32minfo[39m]: Bot Iniciado con Exito Dia de Registro Tue Sep 05 2023 11:15:08
[11:15:09 [31merror[39m]: uncaughtException: Cannot read properties of undefined (reading 'send')
TypeError: Cannot read properties of undefined (reading 'send')
    at /home/runner/xd/Events/⚡ Cliente/presencia.js:105:61
[11:15:09 [31merror[39m]: uncaughtException: Cannot read properties of undefined (reading 'send')
TypeError: Cannot read properties of undefined (reading 'send')
    at /home/runner/xd/Events/⚡ Cliente/presencia.js:105:61
[11:20:07 [32minfo[39m]: Iniciando y Conectando a la DB
[11:20:07 [32minfo[39m]: Bot Iniciado con Exito Dia de Registro Tue Sep 05 2023 11:20:07
[11:20:08 [31merror[39m]: uncaughtException: Cannot read properties of undefined (reading 'send')
TypeError: Cannot read properties of undefined (reading 'send')
    at /home/runner/xd/Events/⚡ Cliente/presencia.js:105:61
[11:20:08 [31merror[39m]: uncaughtException: Cannot read properties of undefined (reading 'send')
TypeError: Cannot read properties of undefined (reading 'send')
    at /home/runner/xd/Events/⚡ Cliente/presencia.js:105:61
[11:25:07 [32minfo[39m]: Iniciando y Conectando a la DB
[11:25:07 [32minfo[39m]: Bot Iniciado con Exito Dia de Registro Tue Sep 05 2023 11:25:07
[11:25:08 [31merror[39m]: uncaughtException: Cannot read properties of undefined (reading 'send')
TypeError: Cannot read properties of undefined (reading 'send')
    at /home/runner/xd/Events/⚡ Cliente/presencia.js:105:61
[11:25:08 [31merror[39m]: uncaughtException: Cannot read properties of undefined (reading 'send')
TypeError: Cannot read properties of undefined (reading 'send')
    at /home/runner/xd/Events/⚡ Cliente/presencia.js:105:61
[11:30:07 [32minfo[39m]: Iniciando y Conectando a la DB
[11:30:07 [32minfo[39m]: Bot Iniciado con Exito Dia de Registro Tue Sep 05 2023 11:30:07
[11:30:09 [31merror[39m]: uncaughtException: Cannot read properties of undefined (reading 'send')
TypeError: Cannot read properties of undefined (reading 'send')
    at /home/runner/xd/Events/⚡ Cliente/presencia.js:105:61
[11:30:09 [31merror[39m]: uncaughtException: Cannot read properties of undefined (reading 'send')
TypeError: Cannot read properties of undefined (reading 'send')
    at /home/runner/xd/Events/⚡ Cliente/presencia.js:105:61
[11:35:05 [32minfo[39m]: Iniciando y Conectando a la DB
[11:35:05 [32minfo[39m]: Bot Iniciado con Exito Dia de Registro Tue Sep 05 2023 11:35:05
[11:35:07 [31merror[39m]: uncaughtException: Cannot read properties of undefined (reading 'send')
TypeError: Cannot read properties of undefined (reading 'send')
    at /home/runner/xd/Events/⚡ Cliente/presencia.js:105:61
[11:35:07 [31merror[39m]: uncaughtException: Cannot read properties of undefined (reading 'send')
TypeError: Cannot read properties of undefined (reading 'send')
    at /home/runner/xd/Events/⚡ Cliente/presencia.js:105:61
[11:40:07 [32minfo[39m]: Iniciando y Conectando a la DB
[11:40:07 [32minfo[39m]: Bot Iniciado con Exito Dia de Registro Tue Sep 05 2023 11:40:07
[11:40:09 [31merror[39m]: uncaughtException: Cannot read properties of undefined (reading 'send')
TypeError: Cannot read properties of undefined (reading 'send')
    at /home/runner/xd/Events/⚡ Cliente/presencia.js:105:61
[11:40:09 [31merror[39m]: uncaughtException: Cannot read properties of undefined (reading 'send')
TypeError: Cannot read properties of undefined (reading 'send')
    at /home/runner/xd/Events/⚡ Cliente/presencia.js:105:61
[11:44:56 [32minfo[39m]: Iniciando y Conectando a la DB
[11:44:56 [32minfo[39m]: Bot Iniciado con Exito Dia de Registro Tue Sep 05 2023 11:44:56
[11:44:58 [31merror[39m]: uncaughtException: Cannot read properties of undefined (reading 'send')
TypeError: Cannot read properties of undefined (reading 'send')
    at /home/runner/xd/Events/⚡ Cliente/presencia.js:105:61
[11:44:58 [31merror[39m]: uncaughtException: Cannot read properties of undefined (reading 'send')
TypeError: Cannot read properties of undefined (reading 'send')
    at /home/runner/xd/Events/⚡ Cliente/presencia.js:105:61
[11:50:46 [32minfo[39m]: Iniciando y Conectando a la DB
[11:50:46 [32minfo[39m]: Bot Iniciado con Exito Dia de Registro Tue Sep 05 2023 11:50:46
[11:50:48 [31merror[39m]: uncaughtException: Cannot read properties of undefined (reading 'send')
TypeError: Cannot read properties of undefined (reading 'send')
    at /home/runner/xd/Events/⚡ Cliente/presencia.js:105:61
[11:50:48 [31merror[39m]: uncaughtException: Cannot read properties of undefined (reading 'send')
TypeError: Cannot read properties of undefined (reading 'send')
    at /home/runner/xd/Events/⚡ Cliente/presencia.js:105:61
[11:55:55 [32minfo[39m]: Iniciando y Conectando a la DB
[11:55:55 [32minfo[39m]: Bot Iniciado con Exito Dia de Registro Tue Sep 05 2023 11:55:55
[11:55:56 [31merror[39m]: uncaughtException: Cannot read properties of undefined (reading 'send')
TypeError: Cannot read properties of undefined (reading 'send')
    at /home/runner/xd/Events/⚡ Cliente/presencia.js:105:61
[11:55:56 [31merror[39m]: uncaughtException: Cannot read properties of undefined (reading 'send')
TypeError: Cannot read properties of undefined (reading 'send')
    at /home/runner/xd/Events/⚡ Cliente/presencia.js:105:61
[12:00:46 [32minfo[39m]: Iniciando y Conectando a la DB
[12:00:46 [32minfo[39m]: Bot Iniciado con Exito Dia de Registro Tue Sep 05 2023 12:00:46
[12:00:47 [31merror[39m]: uncaughtException: Cannot read properties of undefined (reading 'send')
TypeError: Cannot read properties of undefined (reading 'send')
    at /home/runner/xd/Events/⚡ Cliente/presencia.js:105:61
[12:00:47 [31merror[39m]: uncaughtException: Cannot read properties of undefined (reading 'send')
TypeError: Cannot read properties of undefined (reading 'send')
    at /home/runner/xd/Events/⚡ Cliente/presencia.js:105:61
[13:58:17 [32minfo[39m]: Iniciando y Conectando a la DB
[13:58:17 [32minfo[39m]: Bot Iniciado con Exito Dia de Registro Tue Sep 05 2023 13:58:17
[13:58:18 [31merror[39m]: uncaughtException: Cannot read properties of undefined (reading 'send')
TypeError: Cannot read properties of undefined (reading 'send')
    at /home/runner/xd/Events/⚡ Cliente/presencia.js:105:61
[13:58:18 [31merror[39m]: uncaughtException: Cannot read properties of undefined (reading 'send')
TypeError: Cannot read properties of undefined (reading 'send')
    at /home/runner/xd/Events/⚡ Cliente/presencia.js:105:61
[14:03:16 [32minfo[39m]: Iniciando y Conectando a la DB
[14:03:16 [32minfo[39m]: Bot Iniciado con Exito Dia de Registro Tue Sep 05 2023 14:03:16
[14:03:18 [31merror[39m]: uncaughtException: Cannot read properties of undefined (reading 'send')
TypeError: Cannot read properties of undefined (reading 'send')
    at /home/runner/xd/Events/⚡ Cliente/presencia.js:105:61
[14:03:18 [31merror[39m]: uncaughtException: Cannot read properties of undefined (reading 'send')
TypeError: Cannot read properties of undefined (reading 'send')
    at /home/runner/xd/Events/⚡ Cliente/presencia.js:105:61
[14:18:16 [32minfo[39m]: Iniciando y Conectando a la DB
[14:18:16 [32minfo[39m]: Bot Iniciado con Exito Dia de Registro Tue Sep 05 2023 14:18:16
[14:18:18 [31merror[39m]: uncaughtException: Cannot read properties of undefined (reading 'send')
TypeError: Cannot read properties of undefined (reading 'send')
    at /home/runner/xd/Events/⚡ Cliente/presencia.js:105:61
[14:18:18 [31merror[39m]: uncaughtException: Cannot read properties of undefined (reading 'send')
TypeError: Cannot read properties of undefined (reading 'send')
    at /home/runner/xd/Events/⚡ Cliente/presencia.js:105:61
[14:23:16 [32minfo[39m]: Iniciando y Conectando a la DB
[14:23:16 [32minfo[39m]: Bot Iniciado con Exito Dia de Registro Tue Sep 05 2023 14:23:16
[14:23:17 [31merror[39m]: uncaughtException: Cannot read properties of undefined (reading 'send')
TypeError: Cannot read properties of undefined (reading 'send')
    at /home/runner/xd/Events/⚡ Cliente/presencia.js:105:61
[14:23:17 [31merror[39m]: uncaughtException: Cannot read properties of undefined (reading 'send')
TypeError: Cannot read properties of undefined (reading 'send')
    at /home/runner/xd/Events/⚡ Cliente/presencia.js:105:61
[14:28:16 [32minfo[39m]: Iniciando y Conectando a la DB
[14:28:16 [32minfo[39m]: Bot Iniciado con Exito Dia de Registro Tue Sep 05 2023 14:28:16
[14:28:17 [31merror[39m]: uncaughtException: Cannot read properties of undefined (reading 'send')
TypeError: Cannot read properties of undefined (reading 'send')
    at /home/runner/xd/Events/⚡ Cliente/presencia.js:105:61
[14:28:17 [31merror[39m]: uncaughtException: Cannot read properties of undefined (reading 'send')
TypeError: Cannot read properties of undefined (reading 'send')
    at /home/runner/xd/Events/⚡ Cliente/presencia.js:105:61
[14:33:15 [32minfo[39m]: Iniciando y Conectando a la DB
[14:33:15 [32minfo[39m]: Bot Iniciado con Exito Dia de Registro Tue Sep 05 2023 14:33:15
[14:33:17 [31merror[39m]: uncaughtException: Cannot read properties of undefined (reading 'send')
TypeError: Cannot read properties of undefined (reading 'send')
    at /home/runner/xd/Events/⚡ Cliente/presencia.js:105:61
[14:33:17 [31merror[39m]: uncaughtException: Cannot read properties of undefined (reading 'send')
TypeError: Cannot read properties of undefined (reading 'send')
    at /home/runner/xd/Events/⚡ Cliente/presencia.js:105:61
[14:38:16 [32minfo[39m]: Iniciando y Conectando a la DB
[14:38:16 [32minfo[39m]: Bot Iniciado con Exito Dia de Registro Tue Sep 05 2023 14:38:16
[14:38:17 [31merror[39m]: uncaughtException: Cannot read properties of undefined (reading 'send')
TypeError: Cannot read properties of undefined (reading 'send')
    at /home/runner/xd/Events/⚡ Cliente/presencia.js:105:61
[14:38:17 [31merror[39m]: uncaughtException: Cannot read properties of undefined (reading 'send')
TypeError: Cannot read properties of undefined (reading 'send')
    at /home/runner/xd/Events/⚡ Cliente/presencia.js:105:61
[14:43:36 [32minfo[39m]: Iniciando y Conectando a la DB
[14:43:36 [32minfo[39m]: Bot Iniciado con Exito Dia de Registro Tue Sep 05 2023 14:43:36
[14:43:37 [31merror[39m]: uncaughtException: Cannot read properties of undefined (reading 'send')
TypeError: Cannot read properties of undefined (reading 'send')
    at /home/runner/xd/Events/⚡ Cliente/presencia.js:105:61
[14:43:37 [31merror[39m]: uncaughtException: Cannot read properties of undefined (reading 'send')
TypeError: Cannot read properties of undefined (reading 'send')
    at /home/runner/xd/Events/⚡ Cliente/presencia.js:105:61
[14:48:36 [32minfo[39m]: Iniciando y Conectando a la DB
[14:48:36 [32minfo[39m]: Bot Iniciado con Exito Dia de Registro Tue Sep 05 2023 14:48:36
[14:48:38 [31merror[39m]: uncaughtException: Cannot read properties of undefined (reading 'send')
TypeError: Cannot read properties of undefined (reading 'send')
    at /home/runner/xd/Events/⚡ Cliente/presencia.js:105:61
[14:48:38 [31merror[39m]: uncaughtException: Cannot read properties of undefined (reading 'send')
TypeError: Cannot read properties of undefined (reading 'send')
    at /home/runner/xd/Events/⚡ Cliente/presencia.js:105:61
[14:53:26 [32minfo[39m]: Iniciando y Conectando a la DB
[14:53:26 [32minfo[39m]: Bot Iniciado con Exito Dia de Registro Tue Sep 05 2023 14:53:26
[14:53:28 [31merror[39m]: uncaughtException: Cannot read properties of undefined (reading 'send')
TypeError: Cannot read properties of undefined (reading 'send')
    at /home/runner/xd/Events/⚡ Cliente/presencia.js:105:61
[14:53:28 [31merror[39m]: uncaughtException: Cannot read properties of undefined (reading 'send')
TypeError: Cannot read properties of undefined (reading 'send')
    at /home/runner/xd/Events/⚡ Cliente/presencia.js:105:61
[14:58:26 [32minfo[39m]: Iniciando y Conectando a la DB
[14:58:26 [32minfo[39m]: Bot Iniciado con Exito Dia de Registro Tue Sep 05 2023 14:58:26
[14:58:28 [31merror[39m]: uncaughtException: Cannot read properties of undefined (reading 'send')
TypeError: Cannot read properties of undefined (reading 'send')
    at /home/runner/xd/Events/⚡ Cliente/presencia.js:105:61
[14:58:28 [31merror[39m]: uncaughtException: Cannot read properties of undefined (reading 'send')
TypeError: Cannot read properties of undefined (reading 'send')
    at /home/runner/xd/Events/⚡ Cliente/presencia.js:105:61
[15:03:18 [32minfo[39m]: Iniciando y Conectando a la DB
[15:03:18 [32minfo[39m]: Bot Iniciado con Exito Dia de Registro Tue Sep 05 2023 15:03:18
[15:03:20 [31merror[39m]: uncaughtException: Cannot read properties of undefined (reading 'send')
TypeError: Cannot read properties of undefined (reading 'send')
    at /home/runner/xd/Events/⚡ Cliente/presencia.js:105:61
[15:03:20 [31merror[39m]: uncaughtException: Cannot read properties of undefined (reading 'send')
TypeError: Cannot read properties of undefined (reading 'send')
    at /home/runner/xd/Events/⚡ Cliente/presencia.js:105:61
[15:08:17 [32minfo[39m]: Iniciando y Conectando a la DB
[15:08:17 [32minfo[39m]: Bot Iniciado con Exito Dia de Registro Tue Sep 05 2023 15:08:17
[15:08:19 [31merror[39m]: uncaughtException: Cannot read properties of undefined (reading 'send')
TypeError: Cannot read properties of undefined (reading 'send')
    at /home/runner/xd/Events/⚡ Cliente/presencia.js:105:61
[15:08:19 [31merror[39m]: uncaughtException: Cannot read properties of undefined (reading 'send')
TypeError: Cannot read properties of undefined (reading 'send')
    at /home/runner/xd/Events/⚡ Cliente/presencia.js:105:61
[15:13:26 [32minfo[39m]: Iniciando y Conectando a la DB
[15:13:26 [32minfo[39m]: Bot Iniciado con Exito Dia de Registro Tue Sep 05 2023 15:13:26
[15:13:27 [31merror[39m]: uncaughtException: Cannot read properties of undefined (reading 'send')
TypeError: Cannot read properties of undefined (reading 'send')
    at /home/runner/xd/Events/⚡ Cliente/presencia.js:105:61
[15:13:27 [31merror[39m]: uncaughtException: Cannot read properties of undefined (reading 'send')
TypeError: Cannot read properties of undefined (reading 'send')
    at /home/runner/xd/Events/⚡ Cliente/presencia.js:105:61
[16:38:19 [32minfo[39m]: Iniciando y Conectando a la DB
[16:38:19 [32minfo[39m]: Bot Iniciado con Exito Dia de Registro Tue Sep 05 2023 16:38:19
[16:38:21 [31merror[39m]: uncaughtException: Cannot read properties of undefined (reading 'send')
TypeError: Cannot read properties of undefined (reading 'send')
    at /home/runner/xd/Events/⚡ Cliente/presencia.js:105:61
[16:38:21 [31merror[39m]: uncaughtException: Cannot read properties of undefined (reading 'send')
TypeError: Cannot read properties of undefined (reading 'send')
    at /home/runner/xd/Events/⚡ Cliente/presencia.js:105:61
[16:53:26 [32minfo[39m]: Iniciando y Conectando a la DB
[16:53:26 [32minfo[39m]: Bot Iniciado con Exito Dia de Registro Tue Sep 05 2023 16:53:26
[16:53:27 [31merror[39m]: uncaughtException: Cannot read properties of undefined (reading 'send')
TypeError: Cannot read properties of undefined (reading 'send')
    at /home/runner/xd/Events/⚡ Cliente/presencia.js:105:61
[16:53:27 [31merror[39m]: uncaughtException: Cannot read properties of undefined (reading 'send')
TypeError: Cannot read properties of undefined (reading 'send')
    at /home/runner/xd/Events/⚡ Cliente/presencia.js:105:61
[16:58:26 [32minfo[39m]: Iniciando y Conectando a la DB
[16:58:26 [32minfo[39m]: Bot Iniciado con Exito Dia de Registro Tue Sep 05 2023 16:58:26
[16:58:28 [31merror[39m]: uncaughtException: Cannot read properties of undefined (reading 'send')
TypeError: Cannot read properties of undefined (reading 'send')
    at /home/runner/xd/Events/⚡ Cliente/presencia.js:105:61
[16:58:28 [31merror[39m]: uncaughtException: Cannot read properties of undefined (reading 'send')
TypeError: Cannot read properties of undefined (reading 'send')
    at /home/runner/xd/Events/⚡ Cliente/presencia.js:105:61
[17:03:26 [32minfo[39m]: Iniciando y Conectando a la DB
[17:03:26 [32minfo[39m]: Bot Iniciado con Exito Dia de Registro Tue Sep 05 2023 17:03:26
[17:03:27 [31merror[39m]: uncaughtException: Cannot read properties of undefined (reading 'send')
TypeError: Cannot read properties of undefined (reading 'send')
    at /home/runner/xd/Events/⚡ Cliente/presencia.js:105:61
[17:03:27 [31merror[39m]: uncaughtException: Cannot read properties of undefined (reading 'send')
TypeError: Cannot read properties of undefined (reading 'send')
    at /home/runner/xd/Events/⚡ Cliente/presencia.js:105:61
[17:08:25 [32minfo[39m]: Iniciando y Conectando a la DB
[17:08:25 [32minfo[39m]: Bot Iniciado con Exito Dia de Registro Tue Sep 05 2023 17:08:25
[17:08:27 [31merror[39m]: uncaughtException: Cannot read properties of undefined (reading 'send')
TypeError: Cannot read properties of undefined (reading 'send')
    at /home/runner/xd/Events/⚡ Cliente/presencia.js:105:61
[17:08:27 [31merror[39m]: uncaughtException: Cannot read properties of undefined (reading 'send')
TypeError: Cannot read properties of undefined (reading 'send')
    at /home/runner/xd/Events/⚡ Cliente/presencia.js:105:61
[17:13:25 [32minfo[39m]: Iniciando y Conectando a la DB
[17:13:25 [32minfo[39m]: Bot Iniciado con Exito Dia de Registro Tue Sep 05 2023 17:13:25
[17:13:26 [31merror[39m]: uncaughtException: Cannot read properties of undefined (reading 'send')
TypeError: Cannot read properties of undefined (reading 'send')
    at /home/runner/xd/Events/⚡ Cliente/presencia.js:105:61
[17:13:26 [31merror[39m]: uncaughtException: Cannot read properties of undefined (reading 'send')
TypeError: Cannot read properties of undefined (reading 'send')
    at /home/runner/xd/Events/⚡ Cliente/presencia.js:105:61
[17:18:17 [32minfo[39m]: Iniciando y Conectando a la DB
[17:18:17 [32minfo[39m]: Bot Iniciado con Exito Dia de Registro Tue Sep 05 2023 17:18:17
[17:18:18 [31merror[39m]: uncaughtException: Cannot read properties of undefined (reading 'send')
TypeError: Cannot read properties of undefined (reading 'send')
    at /home/runner/xd/Events/⚡ Cliente/presencia.js:105:61
[17:18:18 [31merror[39m]: uncaughtException: Cannot read properties of undefined (reading 'send')
TypeError: Cannot read properties of undefined (reading 'send')
    at /home/runner/xd/Events/⚡ Cliente/presencia.js:105:61
[17:23:26 [32minfo[39m]: Iniciando y Conectando a la DB
[17:23:26 [32minfo[39m]: Bot Iniciado con Exito Dia de Registro Tue Sep 05 2023 17:23:26
[17:23:27 [31merror[39m]: uncaughtException: Cannot read properties of undefined (reading 'send')
TypeError: Cannot read properties of undefined (reading 'send')
    at /home/runner/xd/Events/⚡ Cliente/presencia.js:105:61
[17:23:27 [31merror[39m]: uncaughtException: Cannot read properties of undefined (reading 'send')
TypeError: Cannot read properties of undefined (reading 'send')
    at /home/runner/xd/Events/⚡ Cliente/presencia.js:105:61
[17:28:25 [32minfo[39m]: Iniciando y Conectando a la DB
[17:28:25 [32minfo[39m]: Bot Iniciado con Exito Dia de Registro Tue Sep 05 2023 17:28:25
[17:28:27 [31merror[39m]: uncaughtException: Cannot read properties of undefined (reading 'send')
TypeError: Cannot read properties of undefined (reading 'send')
    at /home/runner/xd/Events/⚡ Cliente/presencia.js:105:61
[17:28:27 [31merror[39m]: uncaughtException: Cannot read properties of undefined (reading 'send')
TypeError: Cannot read properties of undefined (reading 'send')
    at /home/runner/xd/Events/⚡ Cliente/presencia.js:105:61
[17:33:26 [32minfo[39m]: Iniciando y Conectando a la DB
[17:33:26 [32minfo[39m]: Bot Iniciado con Exito Dia de Registro Tue Sep 05 2023 17:33:26
[17:33:27 [31merror[39m]: uncaughtException: Cannot read properties of undefined (reading 'send')
TypeError: Cannot read properties of undefined (reading 'send')
    at /home/runner/xd/Events/⚡ Cliente/presencia.js:105:61
[17:33:27 [31merror[39m]: uncaughtException: Cannot read properties of undefined (reading 'send')
TypeError: Cannot read properties of undefined (reading 'send')
    at /home/runner/xd/Events/⚡ Cliente/presencia.js:105:61
[17:38:17 [32minfo[39m]: Iniciando y Conectando a la DB
[17:38:17 [32minfo[39m]: Bot Iniciado con Exito Dia de Registro Tue Sep 05 2023 17:38:17
[17:38:18 [31merror[39m]: uncaughtException: Cannot read properties of undefined (reading 'send')
TypeError: Cannot read properties of undefined (reading 'send')
    at /home/runner/xd/Events/⚡ Cliente/presencia.js:105:61
[17:38:18 [31merror[39m]: uncaughtException: Cannot read properties of undefined (reading 'send')
TypeError: Cannot read properties of undefined (reading 'send')
    at /home/runner/xd/Events/⚡ Cliente/presencia.js:105:61
[17:43:26 [32minfo[39m]: Iniciando y Conectando a la DB
[17:43:26 [32minfo[39m]: Bot Iniciado con Exito Dia de Registro Tue Sep 05 2023 17:43:26
[17:43:28 [31merror[39m]: uncaughtException: Cannot read properties of undefined (reading 'send')
TypeError: Cannot read properties of undefined (reading 'send')
    at /home/runner/xd/Events/⚡ Cliente/presencia.js:105:61
[17:43:28 [31merror[39m]: uncaughtException: Cannot read properties of undefined (reading 'send')
TypeError: Cannot read properties of undefined (reading 'send')
    at /home/runner/xd/Events/⚡ Cliente/presencia.js:105:61
[17:48:27 [32minfo[39m]: Iniciando y Conectando a la DB
[17:48:27 [32minfo[39m]: Bot Iniciado con Exito Dia de Registro Tue Sep 05 2023 17:48:27
[17:48:29 [31merror[39m]: uncaughtException: Cannot read properties of undefined (reading 'send')
TypeError: Cannot read properties of undefined (reading 'send')
    at /home/runner/xd/Events/⚡ Cliente/presencia.js:105:61
[17:48:29 [31merror[39m]: uncaughtException: Cannot read properties of undefined (reading 'send')
TypeError: Cannot read properties of undefined (reading 'send')
    at /home/runner/xd/Events/⚡ Cliente/presencia.js:105:61
[17:58:26 [32minfo[39m]: Iniciando y Conectando a la DB
[17:58:26 [32minfo[39m]: Bot Iniciado con Exito Dia de Registro Tue Sep 05 2023 17:58:26
[17:58:28 [31merror[39m]: uncaughtException: Cannot read properties of undefined (reading 'send')
TypeError: Cannot read properties of undefined (reading 'send')
    at /home/runner/xd/Events/⚡ Cliente/presencia.js:105:61
[17:58:28 [31merror[39m]: uncaughtException: Cannot read properties of undefined (reading 'send')
TypeError: Cannot read properties of undefined (reading 'send')
    at /home/runner/xd/Events/⚡ Cliente/presencia.js:105:61
[18:03:26 [32minfo[39m]: Iniciando y Conectando a la DB
[18:03:26 [32minfo[39m]: Bot Iniciado con Exito Dia de Registro Tue Sep 05 2023 18:03:26
[18:03:28 [31merror[39m]: uncaughtException: Cannot read properties of undefined (reading 'send')
TypeError: Cannot read properties of undefined (reading 'send')
    at /home/runner/xd/Events/⚡ Cliente/presencia.js:105:61
[18:03:28 [31merror[39m]: uncaughtException: Cannot read properties of undefined (reading 'send')
TypeError: Cannot read properties of undefined (reading 'send')
    at /home/runner/xd/Events/⚡ Cliente/presencia.js:105:61
[18:08:26 [32minfo[39m]: Iniciando y Conectando a la DB
[18:08:26 [32minfo[39m]: Bot Iniciado con Exito Dia de Registro Tue Sep 05 2023 18:08:26
[18:08:27 [31merror[39m]: uncaughtException: Cannot read properties of undefined (reading 'send')
TypeError: Cannot read properties of undefined (reading 'send')
    at /home/runner/xd/Events/⚡ Cliente/presencia.js:105:61
[18:08:27 [31merror[39m]: uncaughtException: Cannot read properties of undefined (reading 'send')
TypeError: Cannot read properties of undefined (reading 'send')
    at /home/runner/xd/Events/⚡ Cliente/presencia.js:105:61
[18:13:16 [32minfo[39m]: Iniciando y Conectando a la DB
[18:13:16 [32minfo[39m]: Bot Iniciado con Exito Dia de Registro Tue Sep 05 2023 18:13:16
[18:13:17 [31merror[39m]: uncaughtException: Cannot read properties of undefined (reading 'send')
TypeError: Cannot read properties of undefined (reading 'send')
    at /home/runner/xd/Events/⚡ Cliente/presencia.js:105:61
[18:13:17 [31merror[39m]: uncaughtException: Cannot read properties of undefined (reading 'send')
TypeError: Cannot read properties of undefined (reading 'send')
    at /home/runner/xd/Events/⚡ Cliente/presencia.js:105:61
[18:18:27 [32minfo[39m]: Iniciando y Conectando a la DB
[18:18:27 [32minfo[39m]: Bot Iniciado con Exito Dia de Registro Tue Sep 05 2023 18:18:27
[18:18:29 [31merror[39m]: uncaughtException: Cannot read properties of undefined (reading 'send')
TypeError: Cannot read properties of undefined (reading 'send')
    at /home/runner/xd/Events/⚡ Cliente/presencia.js:105:61
[18:18:29 [31merror[39m]: uncaughtException: Cannot read properties of undefined (reading 'send')
TypeError: Cannot read properties of undefined (reading 'send')
    at /home/runner/xd/Events/⚡ Cliente/presencia.js:105:61
[18:23:25 [32minfo[39m]: Iniciando y Conectando a la DB
[18:23:25 [32minfo[39m]: Bot Iniciado con Exito Dia de Registro Tue Sep 05 2023 18:23:25
[18:23:26 [31merror[39m]: uncaughtException: Cannot read properties of undefined (reading 'send')
TypeError: Cannot read properties of undefined (reading 'send')
    at /home/runner/xd/Events/⚡ Cliente/presencia.js:105:61
[18:23:26 [31merror[39m]: uncaughtException: Cannot read properties of undefined (reading 'send')
TypeError: Cannot read properties of undefined (reading 'send')
    at /home/runner/xd/Events/⚡ Cliente/presencia.js:105:61
[18:28:15 [32minfo[39m]: Iniciando y Conectando a la DB
[18:28:15 [32minfo[39m]: Bot Iniciado con Exito Dia de Registro Tue Sep 05 2023 18:28:15
[18:28:17 [31merror[39m]: uncaughtException: Cannot read properties of undefined (reading 'send')
TypeError: Cannot read properties of undefined (reading 'send')
    at /home/runner/xd/Events/⚡ Cliente/presencia.js:105:61
[18:28:17 [31merror[39m]: uncaughtException: Cannot read properties of undefined (reading 'send')
TypeError: Cannot read properties of undefined (reading 'send')
    at /home/runner/xd/Events/⚡ Cliente/presencia.js:105:61
[18:33:28 [32minfo[39m]: Iniciando y Conectando a la DB
[18:33:28 [32minfo[39m]: Bot Iniciado con Exito Dia de Registro Tue Sep 05 2023 18:33:28
[18:33:29 [31merror[39m]: uncaughtException: Cannot read properties of undefined (reading 'send')
TypeError: Cannot read properties of undefined (reading 'send')
    at /home/runner/xd/Events/⚡ Cliente/presencia.js:105:61
[18:33:29 [31merror[39m]: uncaughtException: Cannot read properties of undefined (reading 'send')
TypeError: Cannot read properties of undefined (reading 'send')
    at /home/runner/xd/Events/⚡ Cliente/presencia.js:105:61
[18:48:16 [32minfo[39m]: Iniciando y Conectando a la DB
[18:48:16 [32minfo[39m]: Bot Iniciado con Exito Dia de Registro Tue Sep 05 2023 18:48:16
[18:48:17 [31merror[39m]: uncaughtException: Cannot read properties of undefined (reading 'send')
TypeError: Cannot read properties of undefined (reading 'send')
    at /home/runner/xd/Events/⚡ Cliente/presencia.js:105:61
[18:48:17 [31merror[39m]: uncaughtException: Cannot read properties of undefined (reading 'send')
TypeError: Cannot read properties of undefined (reading 'send')
    at /home/runner/xd/Events/⚡ Cliente/presencia.js:105:61
[18:53:16 [32minfo[39m]: Iniciando y Conectando a la DB
[18:53:16 [32minfo[39m]: Bot Iniciado con Exito Dia de Registro Tue Sep 05 2023 18:53:16
[18:53:17 [31merror[39m]: uncaughtException: Cannot read properties of undefined (reading 'send')
TypeError: Cannot read properties of undefined (reading 'send')
    at /home/runner/xd/Events/⚡ Cliente/presencia.js:105:61
[18:53:17 [31merror[39m]: uncaughtException: Cannot read properties of undefined (reading 'send')
TypeError: Cannot read properties of undefined (reading 'send')
    at /home/runner/xd/Events/⚡ Cliente/presencia.js:105:61
[18:58:25 [32minfo[39m]: Iniciando y Conectando a la DB
[18:58:25 [32minfo[39m]: Bot Iniciado con Exito Dia de Registro Tue Sep 05 2023 18:58:25
[18:58:26 [31merror[39m]: uncaughtException: Cannot read properties of undefined (reading 'send')
TypeError: Cannot read properties of undefined (reading 'send')
    at /home/runner/xd/Events/⚡ Cliente/presencia.js:105:61
[18:58:26 [31merror[39m]: uncaughtException: Cannot read properties of undefined (reading 'send')
TypeError: Cannot read properties of undefined (reading 'send')
    at /home/runner/xd/Events/⚡ Cliente/presencia.js:105:61
[19:08:16 [32minfo[39m]: Iniciando y Conectando a la DB
[19:08:16 [32minfo[39m]: Bot Iniciado con Exito Dia de Registro Tue Sep 05 2023 19:08:16
[19:08:17 [31merror[39m]: uncaughtException: Cannot read properties of undefined (reading 'send')
TypeError: Cannot read properties of undefined (reading 'send')
    at /home/runner/xd/Events/⚡ Cliente/presencia.js:105:61
[19:08:17 [31merror[39m]: uncaughtException: Cannot read properties of undefined (reading 'send')
TypeError: Cannot read properties of undefined (reading 'send')
    at /home/runner/xd/Events/⚡ Cliente/presencia.js:105:61
[19:13:16 [32minfo[39m]: Iniciando y Conectando a la DB
[19:13:16 [32minfo[39m]: Bot Iniciado con Exito Dia de Registro Tue Sep 05 2023 19:13:16
[19:13:17 [31merror[39m]: uncaughtException: Cannot read properties of undefined (reading 'send')
TypeError: Cannot read properties of undefined (reading 'send')
    at /home/runner/xd/Events/⚡ Cliente/presencia.js:105:61
[19:13:17 [31merror[39m]: uncaughtException: Cannot read properties of undefined (reading 'send')
TypeError: Cannot read properties of undefined (reading 'send')
    at /home/runner/xd/Events/⚡ Cliente/presencia.js:105:61
[19:18:16 [32minfo[39m]: Iniciando y Conectando a la DB
[19:18:16 [32minfo[39m]: Bot Iniciado con Exito Dia de Registro Tue Sep 05 2023 19:18:16
[19:18:17 [31merror[39m]: uncaughtException: Cannot read properties of undefined (reading 'send')
TypeError: Cannot read properties of undefined (reading 'send')
    at /home/runner/xd/Events/⚡ Cliente/presencia.js:105:61
[19:18:17 [31merror[39m]: uncaughtException: Cannot read properties of undefined (reading 'send')
TypeError: Cannot read properties of undefined (reading 'send')
    at /home/runner/xd/Events/⚡ Cliente/presencia.js:105:61
[19:23:26 [32minfo[39m]: Iniciando y Conectando a la DB
[19:23:26 [32minfo[39m]: Bot Iniciado con Exito Dia de Registro Tue Sep 05 2023 19:23:26
[19:23:28 [31merror[39m]: uncaughtException: Cannot read properties of undefined (reading 'send')
TypeError: Cannot read properties of undefined (reading 'send')
    at /home/runner/xd/Events/⚡ Cliente/presencia.js:105:61
[19:23:28 [31merror[39m]: uncaughtException: Cannot read properties of undefined (reading 'send')
TypeError: Cannot read properties of undefined (reading 'send')
    at /home/runner/xd/Events/⚡ Cliente/presencia.js:105:61
[19:28:26 [32minfo[39m]: Iniciando y Conectando a la DB
[19:28:26 [32minfo[39m]: Bot Iniciado con Exito Dia de Registro Tue Sep 05 2023 19:28:26
[19:28:28 [31merror[39m]: uncaughtException: Cannot read properties of undefined (reading 'send')
TypeError: Cannot read properties of undefined (reading 'send')
    at /home/runner/xd/Events/⚡ Cliente/presencia.js:105:61
[19:28:28 [31merror[39m]: uncaughtException: Cannot read properties of undefined (reading 'send')
TypeError: Cannot read properties of undefined (reading 'send')
    at /home/runner/xd/Events/⚡ Cliente/presencia.js:105:61
[19:33:26 [32minfo[39m]: Iniciando y Conectando a la DB
[19:33:26 [32minfo[39m]: Bot Iniciado con Exito Dia de Registro Tue Sep 05 2023 19:33:26
[19:33:27 [31merror[39m]: uncaughtException: Cannot read properties of undefined (reading 'send')
TypeError: Cannot read properties of undefined (reading 'send')
    at /home/runner/xd/Events/⚡ Cliente/presencia.js:105:61
[19:33:27 [31merror[39m]: uncaughtException: Cannot read properties of undefined (reading 'send')
TypeError: Cannot read properties of undefined (reading 'send')
    at /home/runner/xd/Events/⚡ Cliente/presencia.js:105:61
[19:38:27 [32minfo[39m]: Iniciando y Conectando a la DB
[19:38:27 [32minfo[39m]: Bot Iniciado con Exito Dia de Registro Tue Sep 05 2023 19:38:27
[19:38:29 [31merror[39m]: uncaughtException: Cannot read properties of undefined (reading 'send')
TypeError: Cannot read properties of undefined (reading 'send')
    at /home/runner/xd/Events/⚡ Cliente/presencia.js:105:61
[19:38:29 [31merror[39m]: uncaughtException: Cannot read properties of undefined (reading 'send')
TypeError: Cannot read properties of undefined (reading 'send')
    at /home/runner/xd/Events/⚡ Cliente/presencia.js:105:61
[19:43:27 [32minfo[39m]: Iniciando y Conectando a la DB
[19:43:27 [32minfo[39m]: Bot Iniciado con Exito Dia de Registro Tue Sep 05 2023 19:43:27
[19:43:28 [31merror[39m]: uncaughtException: Cannot read properties of undefined (reading 'send')
TypeError: Cannot read properties of undefined (reading 'send')
    at /home/runner/xd/Events/⚡ Cliente/presencia.js:105:61
[19:43:28 [31merror[39m]: uncaughtException: Cannot read properties of undefined (reading 'send')
TypeError: Cannot read properties of undefined (reading 'send')
    at /home/runner/xd/Events/⚡ Cliente/presencia.js:105:61
[19:48:26 [32minfo[39m]: Iniciando y Conectando a la DB
[19:48:26 [32minfo[39m]: Bot Iniciado con Exito Dia de Registro Tue Sep 05 2023 19:48:26
[19:48:28 [31merror[39m]: uncaughtException: Cannot read properties of undefined (reading 'send')
TypeError: Cannot read properties of undefined (reading 'send')
    at /home/runner/xd/Events/⚡ Cliente/presencia.js:105:61
[19:48:28 [31merror[39m]: uncaughtException: Cannot read properties of undefined (reading 'send')
TypeError: Cannot read properties of undefined (reading 'send')
    at /home/runner/xd/Events/⚡ Cliente/presencia.js:105:61
[19:53:27 [32minfo[39m]: Iniciando y Conectando a la DB
[19:53:27 [32minfo[39m]: Bot Iniciado con Exito Dia de Registro Tue Sep 05 2023 19:53:27
[19:53:29 [31merror[39m]: uncaughtException: Cannot read properties of undefined (reading 'send')
TypeError: Cannot read properties of undefined (reading 'send')
    at /home/runner/xd/Events/⚡ Cliente/presencia.js:105:61
[19:53:29 [31merror[39m]: uncaughtException: Cannot read properties of undefined (reading 'send')
TypeError: Cannot read properties of undefined (reading 'send')
    at /home/runner/xd/Events/⚡ Cliente/presencia.js:105:61
[20:03:57 [32minfo[39m]: Iniciando y Conectando a la DB
[20:03:57 [32minfo[39m]: Bot Iniciado con Exito Dia de Registro Tue Sep 05 2023 20:03:57
[20:03:59 [31merror[39m]: uncaughtException: Cannot read properties of undefined (reading 'send')
TypeError: Cannot read properties of undefined (reading 'send')
    at /home/runner/xd/Events/⚡ Cliente/presencia.js:105:61
[20:03:59 [31merror[39m]: uncaughtException: Cannot read properties of undefined (reading 'send')
TypeError: Cannot read properties of undefined (reading 'send')
    at /home/runner/xd/Events/⚡ Cliente/presencia.js:105:61
[20:08:47 [32minfo[39m]: Iniciando y Conectando a la DB
[20:08:47 [32minfo[39m]: Bot Iniciado con Exito Dia de Registro Tue Sep 05 2023 20:08:47
[20:08:48 [31merror[39m]: uncaughtException: Cannot read properties of undefined (reading 'send')
TypeError: Cannot read properties of undefined (reading 'send')
    at /home/runner/xd/Events/⚡ Cliente/presencia.js:105:61
[20:08:48 [31merror[39m]: uncaughtException: Cannot read properties of undefined (reading 'send')
TypeError: Cannot read properties of undefined (reading 'send')
    at /home/runner/xd/Events/⚡ Cliente/presencia.js:105:61
[20:13:47 [32minfo[39m]: Iniciando y Conectando a la DB
[20:13:47 [32minfo[39m]: Bot Iniciado con Exito Dia de Registro Tue Sep 05 2023 20:13:47
[20:13:49 [31merror[39m]: uncaughtException: Cannot read properties of undefined (reading 'send')
TypeError: Cannot read properties of undefined (reading 'send')
    at /home/runner/xd/Events/⚡ Cliente/presencia.js:105:61
[20:13:49 [31merror[39m]: uncaughtException: Cannot read properties of undefined (reading 'send')
TypeError: Cannot read properties of undefined (reading 'send')
    at /home/runner/xd/Events/⚡ Cliente/presencia.js:105:61
[20:18:47 [32minfo[39m]: Iniciando y Conectando a la DB
[20:18:47 [32minfo[39m]: Bot Iniciado con Exito Dia de Registro Tue Sep 05 2023 20:18:47
[20:18:48 [31merror[39m]: uncaughtException: Cannot read properties of undefined (reading 'send')
TypeError: Cannot read properties of undefined (reading 'send')
    at /home/runner/xd/Events/⚡ Cliente/presencia.js:105:61
[20:18:48 [31merror[39m]: uncaughtException: Cannot read properties of undefined (reading 'send')
TypeError: Cannot read properties of undefined (reading 'send')
    at /home/runner/xd/Events/⚡ Cliente/presencia.js:105:61
[20:23:57 [32minfo[39m]: Iniciando y Conectando a la DB
[20:23:57 [32minfo[39m]: Bot Iniciado con Exito Dia de Registro Tue Sep 05 2023 20:23:57
[20:23:59 [31merror[39m]: uncaughtException: Cannot read properties of undefined (reading 'send')
TypeError: Cannot read properties of undefined (reading 'send')
    at /home/runner/xd/Events/⚡ Cliente/presencia.js:105:61
[20:23:59 [31merror[39m]: uncaughtException: Cannot read properties of undefined (reading 'send')
TypeError: Cannot read properties of undefined (reading 'send')
    at /home/runner/xd/Events/⚡ Cliente/presencia.js:105:61
[20:33:57 [32minfo[39m]: Iniciando y Conectando a la DB
[20:33:57 [32minfo[39m]: Bot Iniciado con Exito Dia de Registro Tue Sep 05 2023 20:33:57
[20:33:58 [31merror[39m]: uncaughtException: Cannot read properties of undefined (reading 'send')
TypeError: Cannot read properties of undefined (reading 'send')
    at /home/runner/xd/Events/⚡ Cliente/presencia.js:105:61
[20:33:58 [31merror[39m]: uncaughtException: Cannot read properties of undefined (reading 'send')
TypeError: Cannot read properties of undefined (reading 'send')
    at /home/runner/xd/Events/⚡ Cliente/presencia.js:105:61
[20:44:03 [32minfo[39m]: Iniciando y Conectando a la DB
[20:44:03 [32minfo[39m]: Bot Iniciado con Exito Dia de Registro Tue Sep 05 2023 20:44:03
[20:44:04 [31merror[39m]: uncaughtException: Cannot read properties of undefined (reading 'send')
TypeError: Cannot read properties of undefined (reading 'send')
    at /home/runner/xd/Events/⚡ Cliente/presencia.js:105:61
[20:44:04 [31merror[39m]: uncaughtException: Cannot read properties of undefined (reading 'send')
TypeError: Cannot read properties of undefined (reading 'send')
    at /home/runner/xd/Events/⚡ Cliente/presencia.js:105:61
[20:49:06 [32minfo[39m]: Iniciando y Conectando a la DB
[20:49:06 [32minfo[39m]: Bot Iniciado con Exito Dia de Registro Tue Sep 05 2023 20:49:06
[20:49:08 [31merror[39m]: uncaughtException: Cannot read properties of undefined (reading 'send')
TypeError: Cannot read properties of undefined (reading 'send')
    at /home/runner/xd/Events/⚡ Cliente/presencia.js:105:61
[20:49:08 [31merror[39m]: uncaughtException: Cannot read properties of undefined (reading 'send')
TypeError: Cannot read properties of undefined (reading 'send')
    at /home/runner/xd/Events/⚡ Cliente/presencia.js:105:61
[20:58:47 [32minfo[39m]: Iniciando y Conectando a la DB
[20:58:47 [32minfo[39m]: Bot Iniciado con Exito Dia de Registro Tue Sep 05 2023 20:58:47
[20:58:49 [31merror[39m]: uncaughtException: Cannot read properties of undefined (reading 'send')
TypeError: Cannot read properties of undefined (reading 'send')
    at /home/runner/xd/Events/⚡ Cliente/presencia.js:105:61
[20:58:49 [31merror[39m]: uncaughtException: Cannot read properties of undefined (reading 'send')
TypeError: Cannot read properties of undefined (reading 'send')
    at /home/runner/xd/Events/⚡ Cliente/presencia.js:105:61
[21:03:57 [32minfo[39m]: Iniciando y Conectando a la DB
[21:03:57 [32minfo[39m]: Bot Iniciado con Exito Dia de Registro Tue Sep 05 2023 21:03:57
[21:03:58 [31merror[39m]: uncaughtException: Cannot read properties of undefined (reading 'send')
TypeError: Cannot read properties of undefined (reading 'send')
    at /home/runner/xd/Events/⚡ Cliente/presencia.js:105:61
[21:03:58 [31merror[39m]: uncaughtException: Cannot read properties of undefined (reading 'send')
TypeError: Cannot read properties of undefined (reading 'send')
    at /home/runner/xd/Events/⚡ Cliente/presencia.js:105:61
[21:08:47 [32minfo[39m]: Iniciando y Conectando a la DB
[21:08:47 [32minfo[39m]: Bot Iniciado con Exito Dia de Registro Tue Sep 05 2023 21:08:47
[21:08:49 [31merror[39m]: uncaughtException: Cannot read properties of undefined (reading 'send')
TypeError: Cannot read properties of undefined (reading 'send')
    at /home/runner/xd/Events/⚡ Cliente/presencia.js:105:61
[21:08:49 [31merror[39m]: uncaughtException: Cannot read properties of undefined (reading 'send')
TypeError: Cannot read properties of undefined (reading 'send')
    at /home/runner/xd/Events/⚡ Cliente/presencia.js:105:61
[21:13:57 [32minfo[39m]: Iniciando y Conectando a la DB
[21:13:57 [32minfo[39m]: Bot Iniciado con Exito Dia de Registro Tue Sep 05 2023 21:13:57
[21:13:58 [31merror[39m]: uncaughtException: Cannot read properties of undefined (reading 'send')
TypeError: Cannot read properties of undefined (reading 'send')
    at /home/runner/xd/Events/⚡ Cliente/presencia.js:105:61
[21:13:58 [31merror[39m]: uncaughtException: Cannot read properties of undefined (reading 'send')
TypeError: Cannot read properties of undefined (reading 'send')
    at /home/runner/xd/Events/⚡ Cliente/presencia.js:105:61
[21:18:57 [32minfo[39m]: Iniciando y Conectando a la DB
[21:18:57 [32minfo[39m]: Bot Iniciado con Exito Dia de Registro Tue Sep 05 2023 21:18:57
[21:18:59 [31merror[39m]: uncaughtException: Cannot read properties of undefined (reading 'send')
TypeError: Cannot read properties of undefined (reading 'send')
    at /home/runner/xd/Events/⚡ Cliente/presencia.js:105:61
[21:18:59 [31merror[39m]: uncaughtException: Cannot read properties of undefined (reading 'send')
TypeError: Cannot read properties of undefined (reading 'send')
    at /home/runner/xd/Events/⚡ Cliente/presencia.js:105:61
[21:23:47 [32minfo[39m]: Iniciando y Conectando a la DB
[21:23:47 [32minfo[39m]: Bot Iniciado con Exito Dia de Registro Tue Sep 05 2023 21:23:47
[21:23:48 [31merror[39m]: uncaughtException: Cannot read properties of undefined (reading 'send')
TypeError: Cannot read properties of undefined (reading 'send')
    at /home/runner/xd/Events/⚡ Cliente/presencia.js:105:61
[21:23:48 [31merror[39m]: uncaughtException: Cannot read properties of undefined (reading 'send')
TypeError: Cannot read properties of undefined (reading 'send')
    at /home/runner/xd/Events/⚡ Cliente/presencia.js:105:61
[21:28:59 [32minfo[39m]: Iniciando y Conectando a la DB
[21:28:59 [32minfo[39m]: Bot Iniciado con Exito Dia de Registro Tue Sep 05 2023 21:28:59
[21:29:01 [31merror[39m]: uncaughtException: Cannot read properties of undefined (reading 'send')
TypeError: Cannot read properties of undefined (reading 'send')
    at /home/runner/xd/Events/⚡ Cliente/presencia.js:105:61
[21:29:01 [31merror[39m]: uncaughtException: Cannot read properties of undefined (reading 'send')
TypeError: Cannot read properties of undefined (reading 'send')
    at /home/runner/xd/Events/⚡ Cliente/presencia.js:105:61
[21:38:57 [32minfo[39m]: Iniciando y Conectando a la DB
[21:38:57 [32minfo[39m]: Bot Iniciado con Exito Dia de Registro Tue Sep 05 2023 21:38:57
[21:38:58 [31merror[39m]: uncaughtException: Cannot read properties of undefined (reading 'send')
TypeError: Cannot read properties of undefined (reading 'send')
    at /home/runner/xd/Events/⚡ Cliente/presencia.js:105:61
[21:38:58 [31merror[39m]: uncaughtException: Cannot read properties of undefined (reading 'send')
TypeError: Cannot read properties of undefined (reading 'send')
    at /home/runner/xd/Events/⚡ Cliente/presencia.js:105:61
[21:43:58 [32minfo[39m]: Iniciando y Conectando a la DB
[21:43:58 [32minfo[39m]: Bot Iniciado con Exito Dia de Registro Tue Sep 05 2023 21:43:58
[21:43:59 [31merror[39m]: uncaughtException: Cannot read properties of undefined (reading 'send')
TypeError: Cannot read properties of undefined (reading 'send')
    at /home/runner/xd/Events/⚡ Cliente/presencia.js:105:61
[21:43:59 [31merror[39m]: uncaughtException: Cannot read properties of undefined (reading 'send')
TypeError: Cannot read properties of undefined (reading 'send')
    at /home/runner/xd/Events/⚡ Cliente/presencia.js:105:61
[21:48:48 [32minfo[39m]: Iniciando y Conectando a la DB
[21:48:48 [32minfo[39m]: Bot Iniciado con Exito Dia de Registro Tue Sep 05 2023 21:48:48
[21:48:50 [31merror[39m]: uncaughtException: Cannot read properties of undefined (reading 'send')
TypeError: Cannot read properties of undefined (reading 'send')
    at /home/runner/xd/Events/⚡ Cliente/presencia.js:105:61
[21:48:50 [31merror[39m]: uncaughtException: Cannot read properties of undefined (reading 'send')
TypeError: Cannot read properties of undefined (reading 'send')
    at /home/runner/xd/Events/⚡ Cliente/presencia.js:105:61
[21:59:18 [32minfo[39m]: Iniciando y Conectando a la DB
[21:59:18 [32minfo[39m]: Bot Iniciado con Exito Dia de Registro Tue Sep 05 2023 21:59:18
[21:59:19 [31merror[39m]: uncaughtException: Cannot read properties of undefined (reading 'send')
TypeError: Cannot read properties of undefined (reading 'send')
    at /home/runner/xd/Events/⚡ Cliente/presencia.js:105:61
[21:59:19 [31merror[39m]: uncaughtException: Cannot read properties of undefined (reading 'send')
TypeError: Cannot read properties of undefined (reading 'send')
    at /home/runner/xd/Events/⚡ Cliente/presencia.js:105:61
[22:04:18 [32minfo[39m]: Iniciando y Conectando a la DB
[22:04:18 [32minfo[39m]: Bot Iniciado con Exito Dia de Registro Tue Sep 05 2023 22:04:18
[22:04:20 [31merror[39m]: uncaughtException: Cannot read properties of undefined (reading 'send')
TypeError: Cannot read properties of undefined (reading 'send')
    at /home/runner/xd/Events/⚡ Cliente/presencia.js:105:61
[22:04:20 [31merror[39m]: uncaughtException: Cannot read properties of undefined (reading 'send')
TypeError: Cannot read properties of undefined (reading 'send')
    at /home/runner/xd/Events/⚡ Cliente/presencia.js:105:61
[22:14:31 [32minfo[39m]: Iniciando y Conectando a la DB
[22:14:31 [32minfo[39m]: Bot Iniciado con Exito Dia de Registro Tue Sep 05 2023 22:14:31
[22:14:34 [31merror[39m]: uncaughtException: Cannot read properties of undefined (reading 'send')
TypeError: Cannot read properties of undefined (reading 'send')
    at /home/runner/xd/Events/⚡ Cliente/presencia.js:105:61
[22:14:34 [31merror[39m]: uncaughtException: Cannot read properties of undefined (reading 'send')
TypeError: Cannot read properties of undefined (reading 'send')
    at /home/runner/xd/Events/⚡ Cliente/presencia.js:105:61
[22:46:36 [32minfo[39m]: Iniciando y Conectando a la DB
[22:46:36 [32minfo[39m]: Bot Iniciado con Exito Dia de Registro Tue Sep 05 2023 22:46:36
[22:46:38 [31merror[39m]: uncaughtException: Cannot read properties of undefined (reading 'send')
TypeError: Cannot read properties of undefined (reading 'send')
    at /home/runner/xd/Events/⚡ Cliente/presencia.js:105:61
[22:46:38 [31merror[39m]: uncaughtException: Cannot read properties of undefined (reading 'send')
TypeError: Cannot read properties of undefined (reading 'send')
    at /home/runner/xd/Events/⚡ Cliente/presencia.js:105:61
[22:56:33 [32minfo[39m]: Iniciando y Conectando a la DB
[22:56:33 [32minfo[39m]: Bot Iniciado con Exito Dia de Registro Tue Sep 05 2023 22:56:33
[22:56:35 [31merror[39m]: uncaughtException: Cannot read properties of undefined (reading 'send')
TypeError: Cannot read properties of undefined (reading 'send')
    at /home/runner/xd/Events/⚡ Cliente/presencia.js:105:61
[22:56:35 [31merror[39m]: uncaughtException: Cannot read properties of undefined (reading 'send')
TypeError: Cannot read properties of undefined (reading 'send')
    at /home/runner/xd/Events/⚡ Cliente/presencia.js:105:61
[23:06:26 [32minfo[39m]: Iniciando y Conectando a la DB
[23:06:26 [32minfo[39m]: Bot Iniciado con Exito Dia de Registro Tue Sep 05 2023 23:06:26
[23:06:29 [31merror[39m]: uncaughtException: Cannot read properties of undefined (reading 'send')
TypeError: Cannot read properties of undefined (reading 'send')
    at /home/runner/xd/Events/⚡ Cliente/presencia.js:105:61
[23:06:29 [31merror[39m]: uncaughtException: Cannot read properties of undefined (reading 'send')
TypeError: Cannot read properties of undefined (reading 'send')
    at /home/runner/xd/Events/⚡ Cliente/presencia.js:105:61
[23:16:31 [32minfo[39m]: Iniciando y Conectando a la DB
[23:16:31 [32minfo[39m]: Bot Iniciado con Exito Dia de Registro Tue Sep 05 2023 23:16:31
[23:16:33 [31merror[39m]: uncaughtException: Cannot read properties of undefined (reading 'send')
TypeError: Cannot read properties of undefined (reading 'send')
    at /home/runner/xd/Events/⚡ Cliente/presencia.js:105:61
[23:16:33 [31merror[39m]: uncaughtException: Cannot read properties of undefined (reading 'send')
TypeError: Cannot read properties of undefined (reading 'send')
    at /home/runner/xd/Events/⚡ Cliente/presencia.js:105:61
[23:21:32 [32minfo[39m]: Iniciando y Conectando a la DB
[23:21:32 [32minfo[39m]: Bot Iniciado con Exito Dia de Registro Tue Sep 05 2023 23:21:32
[23:21:34 [31merror[39m]: uncaughtException: Cannot read properties of undefined (reading 'send')
TypeError: Cannot read properties of undefined (reading 'send')
    at /home/runner/xd/Events/⚡ Cliente/presencia.js:105:61
[23:21:34 [31merror[39m]: uncaughtException: Cannot read properties of undefined (reading 'send')
TypeError: Cannot read properties of undefined (reading 'send')
    at /home/runner/xd/Events/⚡ Cliente/presencia.js:105:61
[23:26:33 [32minfo[39m]: Iniciando y Conectando a la DB
[23:26:33 [32minfo[39m]: Bot Iniciado con Exito Dia de Registro Tue Sep 05 2023 23:26:33
[23:26:35 [31merror[39m]: uncaughtException: Cannot read properties of undefined (reading 'send')
TypeError: Cannot read properties of undefined (reading 'send')
    at /home/runner/xd/Events/⚡ Cliente/presencia.js:105:61
[23:26:35 [31merror[39m]: uncaughtException: Cannot read properties of undefined (reading 'send')
TypeError: Cannot read properties of undefined (reading 'send')
    at /home/runner/xd/Events/⚡ Cliente/presencia.js:105:61
[23:31:32 [32minfo[39m]: Iniciando y Conectando a la DB
[23:31:32 [32minfo[39m]: Bot Iniciado con Exito Dia de Registro Tue Sep 05 2023 23:31:32
[23:31:34 [31merror[39m]: uncaughtException: Cannot read properties of undefined (reading 'send')
TypeError: Cannot read properties of undefined (reading 'send')
    at /home/runner/xd/Events/⚡ Cliente/presencia.js:105:61
[23:31:34 [31merror[39m]: uncaughtException: Cannot read properties of undefined (reading 'send')
TypeError: Cannot read properties of undefined (reading 'send')
    at /home/runner/xd/Events/⚡ Cliente/presencia.js:105:61
[23:36:32 [32minfo[39m]: Iniciando y Conectando a la DB
[23:36:32 [32minfo[39m]: Bot Iniciado con Exito Dia de Registro Tue Sep 05 2023 23:36:32
[23:36:34 [31merror[39m]: uncaughtException: Cannot read properties of undefined (reading 'send')
TypeError: Cannot read properties of undefined (reading 'send')
    at /home/runner/xd/Events/⚡ Cliente/presencia.js:105:61
[23:36:34 [31merror[39m]: uncaughtException: Cannot read properties of undefined (reading 'send')
TypeError: Cannot read properties of undefined (reading 'send')
    at /home/runner/xd/Events/⚡ Cliente/presencia.js:105:61
[23:41:32 [32minfo[39m]: Iniciando y Conectando a la DB
[23:41:32 [32minfo[39m]: Bot Iniciado con Exito Dia de Registro Tue Sep 05 2023 23:41:32
[23:41:33 [31merror[39m]: uncaughtException: Cannot read properties of undefined (reading 'send')
TypeError: Cannot read properties of undefined (reading 'send')
    at /home/runner/xd/Events/⚡ Cliente/presencia.js:105:61
[23:41:33 [31merror[39m]: uncaughtException: Cannot read properties of undefined (reading 'send')
TypeError: Cannot read properties of undefined (reading 'send')
    at /home/runner/xd/Events/⚡ Cliente/presencia.js:105:61
[23:56:18 [32minfo[39m]: Iniciando y Conectando a la DB
[23:56:18 [32minfo[39m]: Bot Iniciado con Exito Dia de Registro Tue Sep 05 2023 23:56:18
[23:56:20 [31merror[39m]: uncaughtException: Cannot read properties of undefined (reading 'send')
TypeError: Cannot read properties of undefined (reading 'send')
    at /home/runner/xd/Events/⚡ Cliente/presencia.js:105:61
[23:56:20 [31merror[39m]: uncaughtException: Cannot read properties of undefined (reading 'send')
TypeError: Cannot read properties of undefined (reading 'send')
    at /home/runner/xd/Events/⚡ Cliente/presencia.js:105:61
