[00:33:56 [32minfo[39m]: Iniciando y Conectando a la DB
[00:33:56 [32minfo[39m]: Bot Iniciado con Exito Dia de Registro Fri Aug 25 2023 00:33:56
[03:07:31 [32minfo[39m]: Iniciando y Conectando a la DB
[03:07:31 [32minfo[39m]: Bot Iniciado con Exito Dia de Registro Fri Aug 25 2023 03:07:31
[13:05:16 [32minfo[39m]: Iniciando y Conectando a la DB
[13:05:16 [32minfo[39m]: Bot Iniciado con Exito Dia de Registro Fri Aug 25 2023 13:05:16
[14:04:51 [32minfo[39m]: Iniciando y Conectando a la DB
[14:04:51 [32minfo[39m]: Bot Iniciado con Exito Dia de Registro Fri Aug 25 2023 14:04:51
[17:39:20 [32minfo[39m]: Iniciando y Conectando a la DB
[17:39:20 [32minfo[39m]: Bot Iniciado con Exito Dia de Registro Fri Aug 25 2023 17:39:20
[17:43:13 [31merror[39m]: (intermediate value).setStyle is not a function
[17:43:13 [31merror[39m]: unhandledRejection: Unknown Webhook
DiscordAPIError[10015]: Unknown Webhook
    at handleErrors (/home/runner/xd/node_modules/@discordjs/rest/dist/index.js:687:13)
    at process.processTicksAndRejections (node:internal/process/task_queues:95:5)
    at async SequentialHandler.runRequest (/home/runner/xd/node_modules/@discordjs/rest/dist/index.js:1072:23)
    at async SequentialHandler.queueRequest (/home/runner/xd/node_modules/@discordjs/rest/dist/index.js:913:14)
    at async _REST.request (/home/runner/xd/node_modules/@discordjs/rest/dist/index.js:1218:22)
[17:43:13 [31merror[39m]: unhandledRejection: Unknown Webhook
DiscordAPIError[10015]: Unknown Webhook
    at handleErrors (/home/runner/xd/node_modules/@discordjs/rest/dist/index.js:687:13)
    at process.processTicksAndRejections (node:internal/process/task_queues:95:5)
    at async SequentialHandler.runRequest (/home/runner/xd/node_modules/@discordjs/rest/dist/index.js:1072:23)
    at async SequentialHandler.queueRequest (/home/runner/xd/node_modules/@discordjs/rest/dist/index.js:913:14)
    at async _REST.request (/home/runner/xd/node_modules/@discordjs/rest/dist/index.js:1218:22)
[17:43:13 [31merror[39m]: unhandledRejection: Unknown Webhook
DiscordAPIError[10015]: Unknown Webhook
    at handleErrors (/home/runner/xd/node_modules/@discordjs/rest/dist/index.js:687:13)
    at process.processTicksAndRejections (node:internal/process/task_queues:95:5)
    at async SequentialHandler.runRequest (/home/runner/xd/node_modules/@discordjs/rest/dist/index.js:1072:23)
    at async SequentialHandler.queueRequest (/home/runner/xd/node_modules/@discordjs/rest/dist/index.js:913:14)
    at async _REST.request (/home/runner/xd/node_modules/@discordjs/rest/dist/index.js:1218:22)
[17:43:31 [32minfo[39m]: Iniciando y Conectando a la DB
[17:43:31 [32minfo[39m]: Bot Iniciado con Exito Dia de Registro Fri Aug 25 2023 17:43:31
[22:08:22 [32minfo[39m]: Iniciando y Conectando a la DB
[22:08:22 [32minfo[39m]: Bot Iniciado con Exito Dia de Registro Fri Aug 25 2023 22:08:22
