[00:00:03 [32minfo[39m]: Iniciando y Conectando a la DB
[00:00:03 [32minfo[39m]: Bot Iniciado con Exito Dia de Registro Fri Sep 29 2023 00:00:03
[00:00:04 [31merror[39m]: uncaughtException: Cannot read properties of undefined (reading 'send')
TypeError: Cannot read properties of undefined (reading 'send')
    at /home/runner/xd/Events/⚡ Cliente/presencia.js:105:61
[00:00:04 [31merror[39m]: uncaughtException: Cannot read properties of undefined (reading 'send')
TypeError: Cannot read properties of undefined (reading 'send')
    at /home/runner/xd/Events/⚡ Cliente/presencia.js:105:61
[00:00:23 [32minfo[39m]: Iniciando y Conectando a la DB
[00:00:23 [32minfo[39m]: Bot Iniciado con Exito Dia de Registro Fri Sep 29 2023 00:00:23
[00:00:24 [31merror[39m]: uncaughtException: Cannot read properties of undefined (reading 'send')
TypeError: Cannot read properties of undefined (reading 'send')
    at /home/runner/xd/Events/⚡ Cliente/presencia.js:105:61
[00:00:24 [31merror[39m]: uncaughtException: Cannot read properties of undefined (reading 'send')
TypeError: Cannot read properties of undefined (reading 'send')
    at /home/runner/xd/Events/⚡ Cliente/presencia.js:105:61
[00:10:44 [32minfo[39m]: Iniciando y Conectando a la DB
[00:10:44 [32minfo[39m]: Bot Iniciado con Exito Dia de Registro Fri Sep 29 2023 00:10:44
[00:10:45 [31merror[39m]: uncaughtException: Cannot read properties of undefined (reading 'send')
TypeError: Cannot read properties of undefined (reading 'send')
    at /home/runner/xd/Events/⚡ Cliente/presencia.js:105:61
[00:10:45 [31merror[39m]: uncaughtException: Cannot read properties of undefined (reading 'send')
TypeError: Cannot read properties of undefined (reading 'send')
    at /home/runner/xd/Events/⚡ Cliente/presencia.js:105:61
[00:11:04 [32minfo[39m]: Iniciando y Conectando a la DB
[00:11:04 [32minfo[39m]: Bot Iniciado con Exito Dia de Registro Fri Sep 29 2023 00:11:04
[00:11:06 [31merror[39m]: uncaughtException: Cannot read properties of undefined (reading 'send')
TypeError: Cannot read properties of undefined (reading 'send')
    at /home/runner/xd/Events/⚡ Cliente/presencia.js:105:61
[00:11:06 [31merror[39m]: uncaughtException: Cannot read properties of undefined (reading 'send')
TypeError: Cannot read properties of undefined (reading 'send')
    at /home/runner/xd/Events/⚡ Cliente/presencia.js:105:61
[00:16:03 [32minfo[39m]: Iniciando y Conectando a la DB
[00:16:03 [32minfo[39m]: Bot Iniciado con Exito Dia de Registro Fri Sep 29 2023 00:16:03
[00:16:04 [31merror[39m]: uncaughtException: Cannot read properties of undefined (reading 'send')
TypeError: Cannot read properties of undefined (reading 'send')
    at /home/runner/xd/Events/⚡ Cliente/presencia.js:105:61
[00:16:04 [31merror[39m]: uncaughtException: Cannot read properties of undefined (reading 'send')
TypeError: Cannot read properties of undefined (reading 'send')
    at /home/runner/xd/Events/⚡ Cliente/presencia.js:105:61
[00:16:24 [32minfo[39m]: Iniciando y Conectando a la DB
[00:16:24 [32minfo[39m]: Bot Iniciado con Exito Dia de Registro Fri Sep 29 2023 00:16:24
[00:16:25 [31merror[39m]: uncaughtException: Cannot read properties of undefined (reading 'send')
TypeError: Cannot read properties of undefined (reading 'send')
    at /home/runner/xd/Events/⚡ Cliente/presencia.js:105:61
[00:16:25 [31merror[39m]: uncaughtException: Cannot read properties of undefined (reading 'send')
TypeError: Cannot read properties of undefined (reading 'send')
    at /home/runner/xd/Events/⚡ Cliente/presencia.js:105:61
[01:57:52 [32minfo[39m]: Iniciando y Conectando a la DB
[01:57:52 [32minfo[39m]: Bot Iniciado con Exito Dia de Registro Fri Sep 29 2023 01:57:52
[01:57:54 [31merror[39m]: uncaughtException: Cannot read properties of undefined (reading 'send')
TypeError: Cannot read properties of undefined (reading 'send')
    at /home/runner/xd/Events/⚡ Cliente/presencia.js:105:61
[01:57:54 [31merror[39m]: uncaughtException: Cannot read properties of undefined (reading 'send')
TypeError: Cannot read properties of undefined (reading 'send')
    at /home/runner/xd/Events/⚡ Cliente/presencia.js:105:61
[01:58:15 [32minfo[39m]: Iniciando y Conectando a la DB
[01:58:15 [32minfo[39m]: Bot Iniciado con Exito Dia de Registro Fri Sep 29 2023 01:58:15
[01:58:16 [31merror[39m]: uncaughtException: Cannot read properties of undefined (reading 'send')
TypeError: Cannot read properties of undefined (reading 'send')
    at /home/runner/xd/Events/⚡ Cliente/presencia.js:105:61
[01:58:16 [31merror[39m]: uncaughtException: Cannot read properties of undefined (reading 'send')
TypeError: Cannot read properties of undefined (reading 'send')
    at /home/runner/xd/Events/⚡ Cliente/presencia.js:105:61
[02:03:14 [32minfo[39m]: Iniciando y Conectando a la DB
[02:03:14 [32minfo[39m]: Bot Iniciado con Exito Dia de Registro Fri Sep 29 2023 02:03:14
[02:03:15 [31merror[39m]: uncaughtException: Cannot read properties of undefined (reading 'send')
TypeError: Cannot read properties of undefined (reading 'send')
    at /home/runner/xd/Events/⚡ Cliente/presencia.js:105:61
[02:03:15 [31merror[39m]: uncaughtException: Cannot read properties of undefined (reading 'send')
TypeError: Cannot read properties of undefined (reading 'send')
    at /home/runner/xd/Events/⚡ Cliente/presencia.js:105:61
[02:08:34 [32minfo[39m]: Iniciando y Conectando a la DB
[02:08:34 [32minfo[39m]: Bot Iniciado con Exito Dia de Registro Fri Sep 29 2023 02:08:34
[02:08:35 [31merror[39m]: uncaughtException: Cannot read properties of undefined (reading 'send')
TypeError: Cannot read properties of undefined (reading 'send')
    at /home/runner/xd/Events/⚡ Cliente/presencia.js:105:61
[02:08:35 [31merror[39m]: uncaughtException: Cannot read properties of undefined (reading 'send')
TypeError: Cannot read properties of undefined (reading 'send')
    at /home/runner/xd/Events/⚡ Cliente/presencia.js:105:61
[02:08:58 [32minfo[39m]: Iniciando y Conectando a la DB
[02:08:58 [32minfo[39m]: Bot Iniciado con Exito Dia de Registro Fri Sep 29 2023 02:08:58
[02:08:59 [31merror[39m]: uncaughtException: Cannot read properties of undefined (reading 'send')
TypeError: Cannot read properties of undefined (reading 'send')
    at /home/runner/xd/Events/⚡ Cliente/presencia.js:105:61
[02:08:59 [31merror[39m]: uncaughtException: Cannot read properties of undefined (reading 'send')
TypeError: Cannot read properties of undefined (reading 'send')
    at /home/runner/xd/Events/⚡ Cliente/presencia.js:105:61
[02:13:57 [32minfo[39m]: Iniciando y Conectando a la DB
[02:13:57 [32minfo[39m]: Bot Iniciado con Exito Dia de Registro Fri Sep 29 2023 02:13:57
[02:13:59 [31merror[39m]: uncaughtException: Cannot read properties of undefined (reading 'send')
TypeError: Cannot read properties of undefined (reading 'send')
    at /home/runner/xd/Events/⚡ Cliente/presencia.js:105:61
[02:13:59 [31merror[39m]: uncaughtException: Cannot read properties of undefined (reading 'send')
TypeError: Cannot read properties of undefined (reading 'send')
    at /home/runner/xd/Events/⚡ Cliente/presencia.js:105:61
[02:14:17 [32minfo[39m]: Iniciando y Conectando a la DB
[02:14:17 [32minfo[39m]: Bot Iniciado con Exito Dia de Registro Fri Sep 29 2023 02:14:17
[02:14:18 [31merror[39m]: uncaughtException: Cannot read properties of undefined (reading 'send')
TypeError: Cannot read properties of undefined (reading 'send')
    at /home/runner/xd/Events/⚡ Cliente/presencia.js:105:61
[02:14:18 [31merror[39m]: uncaughtException: Cannot read properties of undefined (reading 'send')
TypeError: Cannot read properties of undefined (reading 'send')
    at /home/runner/xd/Events/⚡ Cliente/presencia.js:105:61
[02:19:16 [32minfo[39m]: Iniciando y Conectando a la DB
[02:19:16 [32minfo[39m]: Bot Iniciado con Exito Dia de Registro Fri Sep 29 2023 02:19:16
[02:19:18 [31merror[39m]: uncaughtException: Cannot read properties of undefined (reading 'send')
TypeError: Cannot read properties of undefined (reading 'send')
    at /home/runner/xd/Events/⚡ Cliente/presencia.js:105:61
[02:19:18 [31merror[39m]: uncaughtException: Cannot read properties of undefined (reading 'send')
TypeError: Cannot read properties of undefined (reading 'send')
    at /home/runner/xd/Events/⚡ Cliente/presencia.js:105:61
[02:19:37 [32minfo[39m]: Iniciando y Conectando a la DB
[02:19:37 [32minfo[39m]: Bot Iniciado con Exito Dia de Registro Fri Sep 29 2023 02:19:37
[02:19:38 [31merror[39m]: uncaughtException: Cannot read properties of undefined (reading 'send')
TypeError: Cannot read properties of undefined (reading 'send')
    at /home/runner/xd/Events/⚡ Cliente/presencia.js:105:61
[02:19:38 [31merror[39m]: uncaughtException: Cannot read properties of undefined (reading 'send')
TypeError: Cannot read properties of undefined (reading 'send')
    at /home/runner/xd/Events/⚡ Cliente/presencia.js:105:61
[02:24:38 [32minfo[39m]: Iniciando y Conectando a la DB
[02:24:38 [32minfo[39m]: Bot Iniciado con Exito Dia de Registro Fri Sep 29 2023 02:24:38
[02:24:39 [31merror[39m]: uncaughtException: Cannot read properties of undefined (reading 'send')
TypeError: Cannot read properties of undefined (reading 'send')
    at /home/runner/xd/Events/⚡ Cliente/presencia.js:105:61
[02:24:39 [31merror[39m]: uncaughtException: Cannot read properties of undefined (reading 'send')
TypeError: Cannot read properties of undefined (reading 'send')
    at /home/runner/xd/Events/⚡ Cliente/presencia.js:105:61
[02:24:59 [32minfo[39m]: Iniciando y Conectando a la DB
[02:24:59 [32minfo[39m]: Bot Iniciado con Exito Dia de Registro Fri Sep 29 2023 02:24:59
[02:25:00 [31merror[39m]: uncaughtException: Cannot read properties of undefined (reading 'send')
TypeError: Cannot read properties of undefined (reading 'send')
    at /home/runner/xd/Events/⚡ Cliente/presencia.js:105:61
[02:25:00 [31merror[39m]: uncaughtException: Cannot read properties of undefined (reading 'send')
TypeError: Cannot read properties of undefined (reading 'send')
    at /home/runner/xd/Events/⚡ Cliente/presencia.js:105:61
[02:30:00 [32minfo[39m]: Iniciando y Conectando a la DB
[02:30:00 [32minfo[39m]: Bot Iniciado con Exito Dia de Registro Fri Sep 29 2023 02:30:00
[02:30:02 [31merror[39m]: uncaughtException: Cannot read properties of undefined (reading 'send')
TypeError: Cannot read properties of undefined (reading 'send')
    at /home/runner/xd/Events/⚡ Cliente/presencia.js:105:61
[02:30:02 [31merror[39m]: uncaughtException: Cannot read properties of undefined (reading 'send')
TypeError: Cannot read properties of undefined (reading 'send')
    at /home/runner/xd/Events/⚡ Cliente/presencia.js:105:61
[02:30:19 [32minfo[39m]: Iniciando y Conectando a la DB
[02:30:19 [32minfo[39m]: Bot Iniciado con Exito Dia de Registro Fri Sep 29 2023 02:30:19
[02:30:20 [31merror[39m]: uncaughtException: Cannot read properties of undefined (reading 'send')
TypeError: Cannot read properties of undefined (reading 'send')
    at /home/runner/xd/Events/⚡ Cliente/presencia.js:105:61
[02:30:20 [31merror[39m]: uncaughtException: Cannot read properties of undefined (reading 'send')
TypeError: Cannot read properties of undefined (reading 'send')
    at /home/runner/xd/Events/⚡ Cliente/presencia.js:105:61
[04:26:59 [32minfo[39m]: Iniciando y Conectando a la DB
[04:26:59 [32minfo[39m]: Bot Iniciado con Exito Dia de Registro Fri Sep 29 2023 04:26:59
[04:27:01 [31merror[39m]: uncaughtException: Cannot read properties of undefined (reading 'send')
TypeError: Cannot read properties of undefined (reading 'send')
    at /home/runner/xd/Events/⚡ Cliente/presencia.js:105:61
[04:27:01 [31merror[39m]: uncaughtException: Cannot read properties of undefined (reading 'send')
TypeError: Cannot read properties of undefined (reading 'send')
    at /home/runner/xd/Events/⚡ Cliente/presencia.js:105:61
[04:32:39 [32minfo[39m]: Iniciando y Conectando a la DB
[04:32:39 [32minfo[39m]: Bot Iniciado con Exito Dia de Registro Fri Sep 29 2023 04:32:39
[04:32:41 [31merror[39m]: uncaughtException: Cannot read properties of undefined (reading 'send')
TypeError: Cannot read properties of undefined (reading 'send')
    at /home/runner/xd/Events/⚡ Cliente/presencia.js:105:61
[04:32:41 [31merror[39m]: uncaughtException: Cannot read properties of undefined (reading 'send')
TypeError: Cannot read properties of undefined (reading 'send')
    at /home/runner/xd/Events/⚡ Cliente/presencia.js:105:61
[04:42:59 [32minfo[39m]: Iniciando y Conectando a la DB
[04:42:59 [32minfo[39m]: Bot Iniciado con Exito Dia de Registro Fri Sep 29 2023 04:42:59
[04:43:01 [31merror[39m]: uncaughtException: Cannot read properties of undefined (reading 'send')
TypeError: Cannot read properties of undefined (reading 'send')
    at /home/runner/xd/Events/⚡ Cliente/presencia.js:105:61
[04:43:01 [31merror[39m]: uncaughtException: Cannot read properties of undefined (reading 'send')
TypeError: Cannot read properties of undefined (reading 'send')
    at /home/runner/xd/Events/⚡ Cliente/presencia.js:105:61
[04:48:20 [32minfo[39m]: Iniciando y Conectando a la DB
[04:48:20 [32minfo[39m]: Bot Iniciado con Exito Dia de Registro Fri Sep 29 2023 04:48:20
[04:48:22 [31merror[39m]: uncaughtException: Cannot read properties of undefined (reading 'send')
TypeError: Cannot read properties of undefined (reading 'send')
    at /home/runner/xd/Events/⚡ Cliente/presencia.js:105:61
[04:48:22 [31merror[39m]: uncaughtException: Cannot read properties of undefined (reading 'send')
TypeError: Cannot read properties of undefined (reading 'send')
    at /home/runner/xd/Events/⚡ Cliente/presencia.js:105:61
[04:48:41 [32minfo[39m]: Iniciando y Conectando a la DB
[04:48:41 [32minfo[39m]: Bot Iniciado con Exito Dia de Registro Fri Sep 29 2023 04:48:41
[04:48:42 [31merror[39m]: uncaughtException: Cannot read properties of undefined (reading 'send')
TypeError: Cannot read properties of undefined (reading 'send')
    at /home/runner/xd/Events/⚡ Cliente/presencia.js:105:61
[04:48:42 [31merror[39m]: uncaughtException: Cannot read properties of undefined (reading 'send')
TypeError: Cannot read properties of undefined (reading 'send')
    at /home/runner/xd/Events/⚡ Cliente/presencia.js:105:61
[04:54:02 [32minfo[39m]: Iniciando y Conectando a la DB
[04:54:02 [32minfo[39m]: Bot Iniciado con Exito Dia de Registro Fri Sep 29 2023 04:54:02
[04:54:03 [31merror[39m]: uncaughtException: Cannot read properties of undefined (reading 'send')
TypeError: Cannot read properties of undefined (reading 'send')
    at /home/runner/xd/Events/⚡ Cliente/presencia.js:105:61
[04:54:03 [31merror[39m]: uncaughtException: Cannot read properties of undefined (reading 'send')
TypeError: Cannot read properties of undefined (reading 'send')
    at /home/runner/xd/Events/⚡ Cliente/presencia.js:105:61
[05:04:22 [32minfo[39m]: Iniciando y Conectando a la DB
[05:04:22 [32minfo[39m]: Bot Iniciado con Exito Dia de Registro Fri Sep 29 2023 05:04:22
[05:04:24 [31merror[39m]: uncaughtException: Cannot read properties of undefined (reading 'send')
TypeError: Cannot read properties of undefined (reading 'send')
    at /home/runner/xd/Events/⚡ Cliente/presencia.js:105:61
[05:04:24 [31merror[39m]: uncaughtException: Cannot read properties of undefined (reading 'send')
TypeError: Cannot read properties of undefined (reading 'send')
    at /home/runner/xd/Events/⚡ Cliente/presencia.js:105:61
[05:04:44 [32minfo[39m]: Iniciando y Conectando a la DB
[05:04:44 [32minfo[39m]: Bot Iniciado con Exito Dia de Registro Fri Sep 29 2023 05:04:44
[05:04:46 [31merror[39m]: uncaughtException: Cannot read properties of undefined (reading 'send')
TypeError: Cannot read properties of undefined (reading 'send')
    at /home/runner/xd/Events/⚡ Cliente/presencia.js:105:61
[05:04:46 [31merror[39m]: uncaughtException: Cannot read properties of undefined (reading 'send')
TypeError: Cannot read properties of undefined (reading 'send')
    at /home/runner/xd/Events/⚡ Cliente/presencia.js:105:61
[05:10:04 [32minfo[39m]: Iniciando y Conectando a la DB
[05:10:04 [32minfo[39m]: Bot Iniciado con Exito Dia de Registro Fri Sep 29 2023 05:10:04
[05:10:06 [31merror[39m]: uncaughtException: Cannot read properties of undefined (reading 'send')
TypeError: Cannot read properties of undefined (reading 'send')
    at /home/runner/xd/Events/⚡ Cliente/presencia.js:105:61
[05:10:06 [31merror[39m]: uncaughtException: Cannot read properties of undefined (reading 'send')
TypeError: Cannot read properties of undefined (reading 'send')
    at /home/runner/xd/Events/⚡ Cliente/presencia.js:105:61
[05:15:04 [32minfo[39m]: Iniciando y Conectando a la DB
[05:15:04 [32minfo[39m]: Bot Iniciado con Exito Dia de Registro Fri Sep 29 2023 05:15:04
[05:15:05 [31merror[39m]: uncaughtException: Cannot read properties of undefined (reading 'send')
TypeError: Cannot read properties of undefined (reading 'send')
    at /home/runner/xd/Events/⚡ Cliente/presencia.js:105:61
[05:15:05 [31merror[39m]: uncaughtException: Cannot read properties of undefined (reading 'send')
TypeError: Cannot read properties of undefined (reading 'send')
    at /home/runner/xd/Events/⚡ Cliente/presencia.js:105:61
[05:20:25 [32minfo[39m]: Iniciando y Conectando a la DB
[05:20:25 [32minfo[39m]: Bot Iniciado con Exito Dia de Registro Fri Sep 29 2023 05:20:25
[05:20:26 [31merror[39m]: uncaughtException: Cannot read properties of undefined (reading 'send')
TypeError: Cannot read properties of undefined (reading 'send')
    at /home/runner/xd/Events/⚡ Cliente/presencia.js:105:61
[05:20:26 [31merror[39m]: uncaughtException: Cannot read properties of undefined (reading 'send')
TypeError: Cannot read properties of undefined (reading 'send')
    at /home/runner/xd/Events/⚡ Cliente/presencia.js:105:61
[07:49:24 [32minfo[39m]: Iniciando y Conectando a la DB
[07:49:24 [32minfo[39m]: Bot Iniciado con Exito Dia de Registro Fri Sep 29 2023 07:49:24
[07:49:26 [31merror[39m]: uncaughtException: Cannot read properties of undefined (reading 'send')
TypeError: Cannot read properties of undefined (reading 'send')
    at /home/runner/xd/Events/⚡ Cliente/presencia.js:105:61
[07:49:26 [31merror[39m]: uncaughtException: Cannot read properties of undefined (reading 'send')
TypeError: Cannot read properties of undefined (reading 'send')
    at /home/runner/xd/Events/⚡ Cliente/presencia.js:105:61
[07:54:46 [32minfo[39m]: Iniciando y Conectando a la DB
[07:54:46 [32minfo[39m]: Bot Iniciado con Exito Dia de Registro Fri Sep 29 2023 07:54:46
[07:54:47 [31merror[39m]: uncaughtException: Cannot read properties of undefined (reading 'send')
TypeError: Cannot read properties of undefined (reading 'send')
    at /home/runner/xd/Events/⚡ Cliente/presencia.js:105:61
[07:54:47 [31merror[39m]: uncaughtException: Cannot read properties of undefined (reading 'send')
TypeError: Cannot read properties of undefined (reading 'send')
    at /home/runner/xd/Events/⚡ Cliente/presencia.js:105:61
[07:55:06 [32minfo[39m]: Iniciando y Conectando a la DB
[07:55:06 [32minfo[39m]: Bot Iniciado con Exito Dia de Registro Fri Sep 29 2023 07:55:06
[07:55:08 [31merror[39m]: uncaughtException: Cannot read properties of undefined (reading 'send')
TypeError: Cannot read properties of undefined (reading 'send')
    at /home/runner/xd/Events/⚡ Cliente/presencia.js:105:61
[07:55:08 [31merror[39m]: uncaughtException: Cannot read properties of undefined (reading 'send')
TypeError: Cannot read properties of undefined (reading 'send')
    at /home/runner/xd/Events/⚡ Cliente/presencia.js:105:61
[08:00:06 [32minfo[39m]: Iniciando y Conectando a la DB
[08:00:06 [32minfo[39m]: Bot Iniciado con Exito Dia de Registro Fri Sep 29 2023 08:00:06
[08:00:07 [31merror[39m]: uncaughtException: Cannot read properties of undefined (reading 'send')
TypeError: Cannot read properties of undefined (reading 'send')
    at /home/runner/xd/Events/⚡ Cliente/presencia.js:105:61
[08:00:07 [31merror[39m]: uncaughtException: Cannot read properties of undefined (reading 'send')
TypeError: Cannot read properties of undefined (reading 'send')
    at /home/runner/xd/Events/⚡ Cliente/presencia.js:105:61
[08:00:26 [32minfo[39m]: Iniciando y Conectando a la DB
[08:00:26 [32minfo[39m]: Bot Iniciado con Exito Dia de Registro Fri Sep 29 2023 08:00:26
[08:00:27 [31merror[39m]: uncaughtException: Cannot read properties of undefined (reading 'send')
TypeError: Cannot read properties of undefined (reading 'send')
    at /home/runner/xd/Events/⚡ Cliente/presencia.js:105:61
[08:00:27 [31merror[39m]: uncaughtException: Cannot read properties of undefined (reading 'send')
TypeError: Cannot read properties of undefined (reading 'send')
    at /home/runner/xd/Events/⚡ Cliente/presencia.js:105:61
[08:10:47 [32minfo[39m]: Iniciando y Conectando a la DB
[08:10:47 [32minfo[39m]: Bot Iniciado con Exito Dia de Registro Fri Sep 29 2023 08:10:47
[08:10:48 [31merror[39m]: uncaughtException: Cannot read properties of undefined (reading 'send')
TypeError: Cannot read properties of undefined (reading 'send')
    at /home/runner/xd/Events/⚡ Cliente/presencia.js:105:61
[08:10:48 [31merror[39m]: uncaughtException: Cannot read properties of undefined (reading 'send')
TypeError: Cannot read properties of undefined (reading 'send')
    at /home/runner/xd/Events/⚡ Cliente/presencia.js:105:61
[08:11:08 [32minfo[39m]: Iniciando y Conectando a la DB
[08:11:08 [32minfo[39m]: Bot Iniciado con Exito Dia de Registro Fri Sep 29 2023 08:11:08
[08:11:10 [31merror[39m]: uncaughtException: Cannot read properties of undefined (reading 'send')
TypeError: Cannot read properties of undefined (reading 'send')
    at /home/runner/xd/Events/⚡ Cliente/presencia.js:105:61
[08:11:10 [31merror[39m]: uncaughtException: Cannot read properties of undefined (reading 'send')
TypeError: Cannot read properties of undefined (reading 'send')
    at /home/runner/xd/Events/⚡ Cliente/presencia.js:105:61
[08:16:08 [32minfo[39m]: Iniciando y Conectando a la DB
[08:16:08 [32minfo[39m]: Bot Iniciado con Exito Dia de Registro Fri Sep 29 2023 08:16:08
[08:16:09 [31merror[39m]: uncaughtException: Cannot read properties of undefined (reading 'send')
TypeError: Cannot read properties of undefined (reading 'send')
    at /home/runner/xd/Events/⚡ Cliente/presencia.js:105:61
[08:16:09 [31merror[39m]: uncaughtException: Cannot read properties of undefined (reading 'send')
TypeError: Cannot read properties of undefined (reading 'send')
    at /home/runner/xd/Events/⚡ Cliente/presencia.js:105:61
[08:21:29 [32minfo[39m]: Iniciando y Conectando a la DB
[08:21:29 [32minfo[39m]: Bot Iniciado con Exito Dia de Registro Fri Sep 29 2023 08:21:29
[08:21:31 [31merror[39m]: uncaughtException: Cannot read properties of undefined (reading 'send')
TypeError: Cannot read properties of undefined (reading 'send')
    at /home/runner/xd/Events/⚡ Cliente/presencia.js:105:61
[08:21:31 [31merror[39m]: uncaughtException: Cannot read properties of undefined (reading 'send')
TypeError: Cannot read properties of undefined (reading 'send')
    at /home/runner/xd/Events/⚡ Cliente/presencia.js:105:61
[08:26:50 [32minfo[39m]: Iniciando y Conectando a la DB
[08:26:50 [32minfo[39m]: Bot Iniciado con Exito Dia de Registro Fri Sep 29 2023 08:26:50
[08:26:52 [31merror[39m]: uncaughtException: Cannot read properties of undefined (reading 'send')
TypeError: Cannot read properties of undefined (reading 'send')
    at /home/runner/xd/Events/⚡ Cliente/presencia.js:105:61
[08:26:52 [31merror[39m]: uncaughtException: Cannot read properties of undefined (reading 'send')
TypeError: Cannot read properties of undefined (reading 'send')
    at /home/runner/xd/Events/⚡ Cliente/presencia.js:105:61
[08:27:10 [32minfo[39m]: Iniciando y Conectando a la DB
[08:27:10 [32minfo[39m]: Bot Iniciado con Exito Dia de Registro Fri Sep 29 2023 08:27:10
[08:27:11 [31merror[39m]: uncaughtException: Cannot read properties of undefined (reading 'send')
TypeError: Cannot read properties of undefined (reading 'send')
    at /home/runner/xd/Events/⚡ Cliente/presencia.js:105:61
[08:27:11 [31merror[39m]: uncaughtException: Cannot read properties of undefined (reading 'send')
TypeError: Cannot read properties of undefined (reading 'send')
    at /home/runner/xd/Events/⚡ Cliente/presencia.js:105:61
[08:32:10 [32minfo[39m]: Iniciando y Conectando a la DB
[08:32:10 [32minfo[39m]: Bot Iniciado con Exito Dia de Registro Fri Sep 29 2023 08:32:10
[08:32:11 [31merror[39m]: uncaughtException: Cannot read properties of undefined (reading 'send')
TypeError: Cannot read properties of undefined (reading 'send')
    at /home/runner/xd/Events/⚡ Cliente/presencia.js:105:61
[08:32:11 [31merror[39m]: uncaughtException: Cannot read properties of undefined (reading 'send')
TypeError: Cannot read properties of undefined (reading 'send')
    at /home/runner/xd/Events/⚡ Cliente/presencia.js:105:61
[08:32:31 [32minfo[39m]: Iniciando y Conectando a la DB
[08:32:31 [32minfo[39m]: Bot Iniciado con Exito Dia de Registro Fri Sep 29 2023 08:32:31
[08:32:33 [31merror[39m]: uncaughtException: Cannot read properties of undefined (reading 'send')
TypeError: Cannot read properties of undefined (reading 'send')
    at /home/runner/xd/Events/⚡ Cliente/presencia.js:105:61
[08:32:33 [31merror[39m]: uncaughtException: Cannot read properties of undefined (reading 'send')
TypeError: Cannot read properties of undefined (reading 'send')
    at /home/runner/xd/Events/⚡ Cliente/presencia.js:105:61
[08:42:50 [32minfo[39m]: Iniciando y Conectando a la DB
[08:42:50 [32minfo[39m]: Bot Iniciado con Exito Dia de Registro Fri Sep 29 2023 08:42:50
[08:42:52 [31merror[39m]: uncaughtException: Cannot read properties of undefined (reading 'send')
TypeError: Cannot read properties of undefined (reading 'send')
    at /home/runner/xd/Events/⚡ Cliente/presencia.js:105:61
[08:42:52 [31merror[39m]: uncaughtException: Cannot read properties of undefined (reading 'send')
TypeError: Cannot read properties of undefined (reading 'send')
    at /home/runner/xd/Events/⚡ Cliente/presencia.js:105:61
[08:43:11 [32minfo[39m]: Iniciando y Conectando a la DB
[08:43:11 [32minfo[39m]: Bot Iniciado con Exito Dia de Registro Fri Sep 29 2023 08:43:11
[08:43:12 [31merror[39m]: uncaughtException: Cannot read properties of undefined (reading 'send')
TypeError: Cannot read properties of undefined (reading 'send')
    at /home/runner/xd/Events/⚡ Cliente/presencia.js:105:61
[08:43:12 [31merror[39m]: uncaughtException: Cannot read properties of undefined (reading 'send')
TypeError: Cannot read properties of undefined (reading 'send')
    at /home/runner/xd/Events/⚡ Cliente/presencia.js:105:61
[08:48:11 [32minfo[39m]: Iniciando y Conectando a la DB
[08:48:11 [32minfo[39m]: Bot Iniciado con Exito Dia de Registro Fri Sep 29 2023 08:48:11
[08:48:13 [31merror[39m]: uncaughtException: Cannot read properties of undefined (reading 'send')
TypeError: Cannot read properties of undefined (reading 'send')
    at /home/runner/xd/Events/⚡ Cliente/presencia.js:105:61
[08:48:13 [31merror[39m]: uncaughtException: Cannot read properties of undefined (reading 'send')
TypeError: Cannot read properties of undefined (reading 'send')
    at /home/runner/xd/Events/⚡ Cliente/presencia.js:105:61
[08:48:32 [32minfo[39m]: Iniciando y Conectando a la DB
[08:48:32 [32minfo[39m]: Bot Iniciado con Exito Dia de Registro Fri Sep 29 2023 08:48:32
[08:48:34 [31merror[39m]: uncaughtException: Cannot read properties of undefined (reading 'send')
TypeError: Cannot read properties of undefined (reading 'send')
    at /home/runner/xd/Events/⚡ Cliente/presencia.js:105:61
[08:48:34 [31merror[39m]: uncaughtException: Cannot read properties of undefined (reading 'send')
TypeError: Cannot read properties of undefined (reading 'send')
    at /home/runner/xd/Events/⚡ Cliente/presencia.js:105:61
[08:53:32 [32minfo[39m]: Iniciando y Conectando a la DB
[08:53:32 [32minfo[39m]: Bot Iniciado con Exito Dia de Registro Fri Sep 29 2023 08:53:32
[08:53:34 [31merror[39m]: uncaughtException: Cannot read properties of undefined (reading 'send')
TypeError: Cannot read properties of undefined (reading 'send')
    at /home/runner/xd/Events/⚡ Cliente/presencia.js:105:61
[08:53:34 [31merror[39m]: uncaughtException: Cannot read properties of undefined (reading 'send')
TypeError: Cannot read properties of undefined (reading 'send')
    at /home/runner/xd/Events/⚡ Cliente/presencia.js:105:61
[08:53:52 [32minfo[39m]: Iniciando y Conectando a la DB
[08:53:52 [32minfo[39m]: Bot Iniciado con Exito Dia de Registro Fri Sep 29 2023 08:53:52
[08:53:54 [31merror[39m]: uncaughtException: Cannot read properties of undefined (reading 'send')
TypeError: Cannot read properties of undefined (reading 'send')
    at /home/runner/xd/Events/⚡ Cliente/presencia.js:105:61
[08:53:54 [31merror[39m]: uncaughtException: Cannot read properties of undefined (reading 'send')
TypeError: Cannot read properties of undefined (reading 'send')
    at /home/runner/xd/Events/⚡ Cliente/presencia.js:105:61
[08:59:13 [32minfo[39m]: Iniciando y Conectando a la DB
[08:59:13 [32minfo[39m]: Bot Iniciado con Exito Dia de Registro Fri Sep 29 2023 08:59:13
[08:59:15 [31merror[39m]: uncaughtException: Cannot read properties of undefined (reading 'send')
TypeError: Cannot read properties of undefined (reading 'send')
    at /home/runner/xd/Events/⚡ Cliente/presencia.js:105:61
[08:59:15 [31merror[39m]: uncaughtException: Cannot read properties of undefined (reading 'send')
TypeError: Cannot read properties of undefined (reading 'send')
    at /home/runner/xd/Events/⚡ Cliente/presencia.js:105:61
[09:04:13 [32minfo[39m]: Iniciando y Conectando a la DB
[09:04:13 [32minfo[39m]: Bot Iniciado con Exito Dia de Registro Fri Sep 29 2023 09:04:13
[09:04:15 [31merror[39m]: uncaughtException: Cannot read properties of undefined (reading 'send')
TypeError: Cannot read properties of undefined (reading 'send')
    at /home/runner/xd/Events/⚡ Cliente/presencia.js:105:61
[09:04:15 [31merror[39m]: uncaughtException: Cannot read properties of undefined (reading 'send')
TypeError: Cannot read properties of undefined (reading 'send')
    at /home/runner/xd/Events/⚡ Cliente/presencia.js:105:61
[09:09:33 [32minfo[39m]: Iniciando y Conectando a la DB
[09:09:33 [32minfo[39m]: Bot Iniciado con Exito Dia de Registro Fri Sep 29 2023 09:09:33
[09:09:34 [31merror[39m]: uncaughtException: Cannot read properties of undefined (reading 'send')
TypeError: Cannot read properties of undefined (reading 'send')
    at /home/runner/xd/Events/⚡ Cliente/presencia.js:105:61
[09:09:34 [31merror[39m]: uncaughtException: Cannot read properties of undefined (reading 'send')
TypeError: Cannot read properties of undefined (reading 'send')
    at /home/runner/xd/Events/⚡ Cliente/presencia.js:105:61
[11:55:23 [32minfo[39m]: Iniciando y Conectando a la DB
[11:55:23 [32minfo[39m]: Bot Iniciado con Exito Dia de Registro Fri Sep 29 2023 11:55:23
[11:55:24 [31merror[39m]: uncaughtException: Cannot read properties of undefined (reading 'send')
TypeError: Cannot read properties of undefined (reading 'send')
    at /home/runner/xd/Events/⚡ Cliente/presencia.js:105:61
[11:55:24 [31merror[39m]: uncaughtException: Cannot read properties of undefined (reading 'send')
TypeError: Cannot read properties of undefined (reading 'send')
    at /home/runner/xd/Events/⚡ Cliente/presencia.js:105:61
[12:00:14 [32minfo[39m]: Iniciando y Conectando a la DB
[12:00:14 [32minfo[39m]: Bot Iniciado con Exito Dia de Registro Fri Sep 29 2023 12:00:14
[12:00:16 [31merror[39m]: uncaughtException: Cannot read properties of undefined (reading 'send')
TypeError: Cannot read properties of undefined (reading 'send')
    at /home/runner/xd/Events/⚡ Cliente/presencia.js:105:61
[12:00:16 [31merror[39m]: uncaughtException: Cannot read properties of undefined (reading 'send')
TypeError: Cannot read properties of undefined (reading 'send')
    at /home/runner/xd/Events/⚡ Cliente/presencia.js:105:61
[12:00:36 [32minfo[39m]: Iniciando y Conectando a la DB
[12:00:36 [32minfo[39m]: Bot Iniciado con Exito Dia de Registro Fri Sep 29 2023 12:00:36
[12:00:37 [31merror[39m]: uncaughtException: Cannot read properties of undefined (reading 'send')
TypeError: Cannot read properties of undefined (reading 'send')
    at /home/runner/xd/Events/⚡ Cliente/presencia.js:105:61
[12:00:37 [31merror[39m]: uncaughtException: Cannot read properties of undefined (reading 'send')
TypeError: Cannot read properties of undefined (reading 'send')
    at /home/runner/xd/Events/⚡ Cliente/presencia.js:105:61
[12:05:37 [32minfo[39m]: Iniciando y Conectando a la DB
[12:05:37 [32minfo[39m]: Bot Iniciado con Exito Dia de Registro Fri Sep 29 2023 12:05:37
[12:05:38 [31merror[39m]: uncaughtException: Cannot read properties of undefined (reading 'send')
TypeError: Cannot read properties of undefined (reading 'send')
    at /home/runner/xd/Events/⚡ Cliente/presencia.js:105:61
[12:05:38 [31merror[39m]: uncaughtException: Cannot read properties of undefined (reading 'send')
TypeError: Cannot read properties of undefined (reading 'send')
    at /home/runner/xd/Events/⚡ Cliente/presencia.js:105:61
[12:05:57 [32minfo[39m]: Iniciando y Conectando a la DB
[12:05:57 [32minfo[39m]: Bot Iniciado con Exito Dia de Registro Fri Sep 29 2023 12:05:57
[12:05:59 [31merror[39m]: uncaughtException: Cannot read properties of undefined (reading 'send')
TypeError: Cannot read properties of undefined (reading 'send')
    at /home/runner/xd/Events/⚡ Cliente/presencia.js:105:61
[12:05:59 [31merror[39m]: uncaughtException: Cannot read properties of undefined (reading 'send')
TypeError: Cannot read properties of undefined (reading 'send')
    at /home/runner/xd/Events/⚡ Cliente/presencia.js:105:61
[12:10:57 [32minfo[39m]: Iniciando y Conectando a la DB
[12:10:57 [32minfo[39m]: Bot Iniciado con Exito Dia de Registro Fri Sep 29 2023 12:10:57
[12:10:59 [31merror[39m]: uncaughtException: Cannot read properties of undefined (reading 'send')
TypeError: Cannot read properties of undefined (reading 'send')
    at /home/runner/xd/Events/⚡ Cliente/presencia.js:105:61
[12:10:59 [31merror[39m]: uncaughtException: Cannot read properties of undefined (reading 'send')
TypeError: Cannot read properties of undefined (reading 'send')
    at /home/runner/xd/Events/⚡ Cliente/presencia.js:105:61
[12:16:17 [32minfo[39m]: Iniciando y Conectando a la DB
[12:16:17 [32minfo[39m]: Bot Iniciado con Exito Dia de Registro Fri Sep 29 2023 12:16:17
[12:16:19 [31merror[39m]: uncaughtException: Cannot read properties of undefined (reading 'send')
TypeError: Cannot read properties of undefined (reading 'send')
    at /home/runner/xd/Events/⚡ Cliente/presencia.js:105:61
[12:16:19 [31merror[39m]: uncaughtException: Cannot read properties of undefined (reading 'send')
TypeError: Cannot read properties of undefined (reading 'send')
    at /home/runner/xd/Events/⚡ Cliente/presencia.js:105:61
[12:27:20 [32minfo[39m]: Iniciando y Conectando a la DB
[12:27:20 [32minfo[39m]: Bot Iniciado con Exito Dia de Registro Fri Sep 29 2023 12:27:20
[12:27:21 [31merror[39m]: uncaughtException: Cannot read properties of undefined (reading 'send')
TypeError: Cannot read properties of undefined (reading 'send')
    at /home/runner/xd/Events/⚡ Cliente/presencia.js:105:61
[12:27:21 [31merror[39m]: uncaughtException: Cannot read properties of undefined (reading 'send')
TypeError: Cannot read properties of undefined (reading 'send')
    at /home/runner/xd/Events/⚡ Cliente/presencia.js:105:61
[12:32:19 [32minfo[39m]: Iniciando y Conectando a la DB
[12:32:19 [32minfo[39m]: Bot Iniciado con Exito Dia de Registro Fri Sep 29 2023 12:32:19
[12:32:20 [31merror[39m]: uncaughtException: Cannot read properties of undefined (reading 'send')
TypeError: Cannot read properties of undefined (reading 'send')
    at /home/runner/xd/Events/⚡ Cliente/presencia.js:105:61
[12:32:20 [31merror[39m]: uncaughtException: Cannot read properties of undefined (reading 'send')
TypeError: Cannot read properties of undefined (reading 'send')
    at /home/runner/xd/Events/⚡ Cliente/presencia.js:105:61
[12:32:40 [32minfo[39m]: Iniciando y Conectando a la DB
[12:32:40 [32minfo[39m]: Bot Iniciado con Exito Dia de Registro Fri Sep 29 2023 12:32:40
[12:32:41 [31merror[39m]: uncaughtException: Cannot read properties of undefined (reading 'send')
TypeError: Cannot read properties of undefined (reading 'send')
    at /home/runner/xd/Events/⚡ Cliente/presencia.js:105:61
[12:32:41 [31merror[39m]: uncaughtException: Cannot read properties of undefined (reading 'send')
TypeError: Cannot read properties of undefined (reading 'send')
    at /home/runner/xd/Events/⚡ Cliente/presencia.js:105:61
[12:37:47 [32minfo[39m]: Iniciando y Conectando a la DB
[12:37:47 [32minfo[39m]: Bot Iniciado con Exito Dia de Registro Fri Sep 29 2023 12:37:47
[12:37:49 [31merror[39m]: uncaughtException: Cannot read properties of undefined (reading 'send')
TypeError: Cannot read properties of undefined (reading 'send')
    at /home/runner/xd/Events/⚡ Cliente/presencia.js:105:61
[12:37:49 [31merror[39m]: uncaughtException: Cannot read properties of undefined (reading 'send')
TypeError: Cannot read properties of undefined (reading 'send')
    at /home/runner/xd/Events/⚡ Cliente/presencia.js:105:61
[12:43:01 [32minfo[39m]: Iniciando y Conectando a la DB
[12:43:01 [32minfo[39m]: Bot Iniciado con Exito Dia de Registro Fri Sep 29 2023 12:43:01
[12:43:03 [31merror[39m]: uncaughtException: Cannot read properties of undefined (reading 'send')
TypeError: Cannot read properties of undefined (reading 'send')
    at /home/runner/xd/Events/⚡ Cliente/presencia.js:105:61
[12:43:03 [31merror[39m]: uncaughtException: Cannot read properties of undefined (reading 'send')
TypeError: Cannot read properties of undefined (reading 'send')
    at /home/runner/xd/Events/⚡ Cliente/presencia.js:105:61
[12:48:19 [32minfo[39m]: Iniciando y Conectando a la DB
[12:48:19 [32minfo[39m]: Bot Iniciado con Exito Dia de Registro Fri Sep 29 2023 12:48:19
[12:48:21 [31merror[39m]: uncaughtException: Cannot read properties of undefined (reading 'send')
TypeError: Cannot read properties of undefined (reading 'send')
    at /home/runner/xd/Events/⚡ Cliente/presencia.js:105:61
[12:48:21 [31merror[39m]: uncaughtException: Cannot read properties of undefined (reading 'send')
TypeError: Cannot read properties of undefined (reading 'send')
    at /home/runner/xd/Events/⚡ Cliente/presencia.js:105:61
[12:48:41 [32minfo[39m]: Iniciando y Conectando a la DB
[12:48:41 [32minfo[39m]: Bot Iniciado con Exito Dia de Registro Fri Sep 29 2023 12:48:41
[12:48:42 [31merror[39m]: uncaughtException: Cannot read properties of undefined (reading 'send')
TypeError: Cannot read properties of undefined (reading 'send')
    at /home/runner/xd/Events/⚡ Cliente/presencia.js:105:61
[12:48:42 [31merror[39m]: uncaughtException: Cannot read properties of undefined (reading 'send')
TypeError: Cannot read properties of undefined (reading 'send')
    at /home/runner/xd/Events/⚡ Cliente/presencia.js:105:61
[13:04:01 [32minfo[39m]: Iniciando y Conectando a la DB
[13:04:01 [32minfo[39m]: Bot Iniciado con Exito Dia de Registro Fri Sep 29 2023 13:04:01
[13:04:02 [31merror[39m]: uncaughtException: Cannot read properties of undefined (reading 'send')
TypeError: Cannot read properties of undefined (reading 'send')
    at /home/runner/xd/Events/⚡ Cliente/presencia.js:105:61
[13:04:02 [31merror[39m]: uncaughtException: Cannot read properties of undefined (reading 'send')
TypeError: Cannot read properties of undefined (reading 'send')
    at /home/runner/xd/Events/⚡ Cliente/presencia.js:105:61
[13:09:22 [32minfo[39m]: Iniciando y Conectando a la DB
[13:09:22 [32minfo[39m]: Bot Iniciado con Exito Dia de Registro Fri Sep 29 2023 13:09:22
[13:09:23 [31merror[39m]: uncaughtException: Cannot read properties of undefined (reading 'send')
TypeError: Cannot read properties of undefined (reading 'send')
    at /home/runner/xd/Events/⚡ Cliente/presencia.js:105:61
[13:09:23 [31merror[39m]: uncaughtException: Cannot read properties of undefined (reading 'send')
TypeError: Cannot read properties of undefined (reading 'send')
    at /home/runner/xd/Events/⚡ Cliente/presencia.js:105:61
[13:14:42 [32minfo[39m]: Iniciando y Conectando a la DB
[13:14:42 [32minfo[39m]: Bot Iniciado con Exito Dia de Registro Fri Sep 29 2023 13:14:42
[13:14:43 [31merror[39m]: uncaughtException: Cannot read properties of undefined (reading 'send')
TypeError: Cannot read properties of undefined (reading 'send')
    at /home/runner/xd/Events/⚡ Cliente/presencia.js:105:61
[13:14:43 [31merror[39m]: uncaughtException: Cannot read properties of undefined (reading 'send')
TypeError: Cannot read properties of undefined (reading 'send')
    at /home/runner/xd/Events/⚡ Cliente/presencia.js:105:61
[13:20:02 [32minfo[39m]: Iniciando y Conectando a la DB
[13:20:02 [32minfo[39m]: Bot Iniciado con Exito Dia de Registro Fri Sep 29 2023 13:20:02
[13:20:03 [31merror[39m]: uncaughtException: Cannot read properties of undefined (reading 'send')
TypeError: Cannot read properties of undefined (reading 'send')
    at /home/runner/xd/Events/⚡ Cliente/presencia.js:105:61
[13:20:03 [31merror[39m]: uncaughtException: Cannot read properties of undefined (reading 'send')
TypeError: Cannot read properties of undefined (reading 'send')
    at /home/runner/xd/Events/⚡ Cliente/presencia.js:105:61
[13:30:43 [32minfo[39m]: Iniciando y Conectando a la DB
[13:30:43 [32minfo[39m]: Bot Iniciado con Exito Dia de Registro Fri Sep 29 2023 13:30:43
[13:30:44 [31merror[39m]: uncaughtException: Cannot read properties of undefined (reading 'send')
TypeError: Cannot read properties of undefined (reading 'send')
    at /home/runner/xd/Events/⚡ Cliente/presencia.js:105:61
[13:30:44 [31merror[39m]: uncaughtException: Cannot read properties of undefined (reading 'send')
TypeError: Cannot read properties of undefined (reading 'send')
    at /home/runner/xd/Events/⚡ Cliente/presencia.js:105:61
[13:31:04 [32minfo[39m]: Iniciando y Conectando a la DB
[13:31:04 [32minfo[39m]: Bot Iniciado con Exito Dia de Registro Fri Sep 29 2023 13:31:04
[13:31:06 [31merror[39m]: uncaughtException: Cannot read properties of undefined (reading 'send')
TypeError: Cannot read properties of undefined (reading 'send')
    at /home/runner/xd/Events/⚡ Cliente/presencia.js:105:61
[13:31:06 [31merror[39m]: uncaughtException: Cannot read properties of undefined (reading 'send')
TypeError: Cannot read properties of undefined (reading 'send')
    at /home/runner/xd/Events/⚡ Cliente/presencia.js:105:61
[13:36:03 [32minfo[39m]: Iniciando y Conectando a la DB
[13:36:03 [32minfo[39m]: Bot Iniciado con Exito Dia de Registro Fri Sep 29 2023 13:36:03
[13:36:04 [31merror[39m]: uncaughtException: Cannot read properties of undefined (reading 'send')
TypeError: Cannot read properties of undefined (reading 'send')
    at /home/runner/xd/Events/⚡ Cliente/presencia.js:105:61
[13:36:04 [31merror[39m]: uncaughtException: Cannot read properties of undefined (reading 'send')
TypeError: Cannot read properties of undefined (reading 'send')
    at /home/runner/xd/Events/⚡ Cliente/presencia.js:105:61
[13:36:24 [32minfo[39m]: Iniciando y Conectando a la DB
[13:36:24 [32minfo[39m]: Bot Iniciado con Exito Dia de Registro Fri Sep 29 2023 13:36:24
[13:36:25 [31merror[39m]: uncaughtException: Cannot read properties of undefined (reading 'send')
TypeError: Cannot read properties of undefined (reading 'send')
    at /home/runner/xd/Events/⚡ Cliente/presencia.js:105:61
[13:36:25 [31merror[39m]: uncaughtException: Cannot read properties of undefined (reading 'send')
TypeError: Cannot read properties of undefined (reading 'send')
    at /home/runner/xd/Events/⚡ Cliente/presencia.js:105:61
[13:41:23 [32minfo[39m]: Iniciando y Conectando a la DB
[13:41:23 [32minfo[39m]: Bot Iniciado con Exito Dia de Registro Fri Sep 29 2023 13:41:23
[13:41:25 [31merror[39m]: uncaughtException: Cannot read properties of undefined (reading 'send')
TypeError: Cannot read properties of undefined (reading 'send')
    at /home/runner/xd/Events/⚡ Cliente/presencia.js:105:61
[13:41:25 [31merror[39m]: uncaughtException: Cannot read properties of undefined (reading 'send')
TypeError: Cannot read properties of undefined (reading 'send')
    at /home/runner/xd/Events/⚡ Cliente/presencia.js:105:61
[13:46:44 [32minfo[39m]: Iniciando y Conectando a la DB
[13:46:44 [32minfo[39m]: Bot Iniciado con Exito Dia de Registro Fri Sep 29 2023 13:46:44
[13:46:45 [31merror[39m]: uncaughtException: Cannot read properties of undefined (reading 'send')
TypeError: Cannot read properties of undefined (reading 'send')
    at /home/runner/xd/Events/⚡ Cliente/presencia.js:105:61
[13:46:45 [31merror[39m]: uncaughtException: Cannot read properties of undefined (reading 'send')
TypeError: Cannot read properties of undefined (reading 'send')
    at /home/runner/xd/Events/⚡ Cliente/presencia.js:105:61
[13:47:04 [32minfo[39m]: Iniciando y Conectando a la DB
[13:47:04 [32minfo[39m]: Bot Iniciado con Exito Dia de Registro Fri Sep 29 2023 13:47:04
[13:47:06 [31merror[39m]: uncaughtException: Cannot read properties of undefined (reading 'send')
TypeError: Cannot read properties of undefined (reading 'send')
    at /home/runner/xd/Events/⚡ Cliente/presencia.js:105:61
[13:47:06 [31merror[39m]: uncaughtException: Cannot read properties of undefined (reading 'send')
TypeError: Cannot read properties of undefined (reading 'send')
    at /home/runner/xd/Events/⚡ Cliente/presencia.js:105:61
[13:52:05 [32minfo[39m]: Iniciando y Conectando a la DB
[13:52:05 [32minfo[39m]: Bot Iniciado con Exito Dia de Registro Fri Sep 29 2023 13:52:05
[13:52:06 [31merror[39m]: uncaughtException: Cannot read properties of undefined (reading 'send')
TypeError: Cannot read properties of undefined (reading 'send')
    at /home/runner/xd/Events/⚡ Cliente/presencia.js:105:61
[13:52:06 [31merror[39m]: uncaughtException: Cannot read properties of undefined (reading 'send')
TypeError: Cannot read properties of undefined (reading 'send')
    at /home/runner/xd/Events/⚡ Cliente/presencia.js:105:61
[13:52:26 [32minfo[39m]: Iniciando y Conectando a la DB
[13:52:26 [32minfo[39m]: Bot Iniciado con Exito Dia de Registro Fri Sep 29 2023 13:52:26
[13:52:28 [31merror[39m]: uncaughtException: Cannot read properties of undefined (reading 'send')
TypeError: Cannot read properties of undefined (reading 'send')
    at /home/runner/xd/Events/⚡ Cliente/presencia.js:105:61
[13:52:28 [31merror[39m]: uncaughtException: Cannot read properties of undefined (reading 'send')
TypeError: Cannot read properties of undefined (reading 'send')
    at /home/runner/xd/Events/⚡ Cliente/presencia.js:105:61
[15:49:07 [32minfo[39m]: Iniciando y Conectando a la DB
[15:49:07 [32minfo[39m]: Bot Iniciado con Exito Dia de Registro Fri Sep 29 2023 15:49:07
[15:49:09 [31merror[39m]: uncaughtException: Cannot read properties of undefined (reading 'send')
TypeError: Cannot read properties of undefined (reading 'send')
    at /home/runner/xd/Events/⚡ Cliente/presencia.js:105:61
[15:49:09 [31merror[39m]: uncaughtException: Cannot read properties of undefined (reading 'send')
TypeError: Cannot read properties of undefined (reading 'send')
    at /home/runner/xd/Events/⚡ Cliente/presencia.js:105:61
[15:49:26 [32minfo[39m]: Iniciando y Conectando a la DB
[15:49:26 [32minfo[39m]: Bot Iniciado con Exito Dia de Registro Fri Sep 29 2023 15:49:26
[15:49:28 [31merror[39m]: uncaughtException: Cannot read properties of undefined (reading 'send')
TypeError: Cannot read properties of undefined (reading 'send')
    at /home/runner/xd/Events/⚡ Cliente/presencia.js:105:61
[15:49:28 [31merror[39m]: uncaughtException: Cannot read properties of undefined (reading 'send')
TypeError: Cannot read properties of undefined (reading 'send')
    at /home/runner/xd/Events/⚡ Cliente/presencia.js:105:61
[15:54:27 [32minfo[39m]: Iniciando y Conectando a la DB
[15:54:27 [32minfo[39m]: Bot Iniciado con Exito Dia de Registro Fri Sep 29 2023 15:54:27
[15:54:29 [31merror[39m]: uncaughtException: Cannot read properties of undefined (reading 'send')
TypeError: Cannot read properties of undefined (reading 'send')
    at /home/runner/xd/Events/⚡ Cliente/presencia.js:105:61
[15:54:29 [31merror[39m]: uncaughtException: Cannot read properties of undefined (reading 'send')
TypeError: Cannot read properties of undefined (reading 'send')
    at /home/runner/xd/Events/⚡ Cliente/presencia.js:105:61
[15:54:49 [32minfo[39m]: Iniciando y Conectando a la DB
[15:54:49 [32minfo[39m]: Bot Iniciado con Exito Dia de Registro Fri Sep 29 2023 15:54:49
[15:54:51 [31merror[39m]: uncaughtException: Cannot read properties of undefined (reading 'send')
TypeError: Cannot read properties of undefined (reading 'send')
    at /home/runner/xd/Events/⚡ Cliente/presencia.js:105:61
[15:54:51 [31merror[39m]: uncaughtException: Cannot read properties of undefined (reading 'send')
TypeError: Cannot read properties of undefined (reading 'send')
    at /home/runner/xd/Events/⚡ Cliente/presencia.js:105:61
[15:59:47 [32minfo[39m]: Iniciando y Conectando a la DB
[15:59:47 [32minfo[39m]: Bot Iniciado con Exito Dia de Registro Fri Sep 29 2023 15:59:47
[15:59:48 [31merror[39m]: uncaughtException: Cannot read properties of undefined (reading 'send')
TypeError: Cannot read properties of undefined (reading 'send')
    at /home/runner/xd/Events/⚡ Cliente/presencia.js:105:61
[15:59:48 [31merror[39m]: uncaughtException: Cannot read properties of undefined (reading 'send')
TypeError: Cannot read properties of undefined (reading 'send')
    at /home/runner/xd/Events/⚡ Cliente/presencia.js:105:61
[16:00:09 [32minfo[39m]: Iniciando y Conectando a la DB
[16:00:09 [32minfo[39m]: Bot Iniciado con Exito Dia de Registro Fri Sep 29 2023 16:00:09
[16:00:10 [31merror[39m]: uncaughtException: Cannot read properties of undefined (reading 'send')
TypeError: Cannot read properties of undefined (reading 'send')
    at /home/runner/xd/Events/⚡ Cliente/presencia.js:105:61
[16:00:10 [31merror[39m]: uncaughtException: Cannot read properties of undefined (reading 'send')
TypeError: Cannot read properties of undefined (reading 'send')
    at /home/runner/xd/Events/⚡ Cliente/presencia.js:105:61
[16:10:27 [32minfo[39m]: Iniciando y Conectando a la DB
[16:10:27 [32minfo[39m]: Bot Iniciado con Exito Dia de Registro Fri Sep 29 2023 16:10:27
[16:10:28 [31merror[39m]: uncaughtException: Cannot read properties of undefined (reading 'send')
TypeError: Cannot read properties of undefined (reading 'send')
    at /home/runner/xd/Events/⚡ Cliente/presencia.js:105:61
[16:10:28 [31merror[39m]: uncaughtException: Cannot read properties of undefined (reading 'send')
TypeError: Cannot read properties of undefined (reading 'send')
    at /home/runner/xd/Events/⚡ Cliente/presencia.js:105:61
[16:15:48 [32minfo[39m]: Iniciando y Conectando a la DB
[16:15:48 [32minfo[39m]: Bot Iniciado con Exito Dia de Registro Fri Sep 29 2023 16:15:48
[16:15:50 [31merror[39m]: uncaughtException: Cannot read properties of undefined (reading 'send')
TypeError: Cannot read properties of undefined (reading 'send')
    at /home/runner/xd/Events/⚡ Cliente/presencia.js:105:61
[16:15:50 [31merror[39m]: uncaughtException: Cannot read properties of undefined (reading 'send')
TypeError: Cannot read properties of undefined (reading 'send')
    at /home/runner/xd/Events/⚡ Cliente/presencia.js:105:61
[16:16:09 [32minfo[39m]: Iniciando y Conectando a la DB
[16:16:09 [32minfo[39m]: Bot Iniciado con Exito Dia de Registro Fri Sep 29 2023 16:16:09
[16:16:11 [31merror[39m]: uncaughtException: Cannot read properties of undefined (reading 'send')
TypeError: Cannot read properties of undefined (reading 'send')
    at /home/runner/xd/Events/⚡ Cliente/presencia.js:105:61
[16:16:11 [31merror[39m]: uncaughtException: Cannot read properties of undefined (reading 'send')
TypeError: Cannot read properties of undefined (reading 'send')
    at /home/runner/xd/Events/⚡ Cliente/presencia.js:105:61
[16:21:09 [32minfo[39m]: Iniciando y Conectando a la DB
[16:21:09 [32minfo[39m]: Bot Iniciado con Exito Dia de Registro Fri Sep 29 2023 16:21:09
[16:21:10 [31merror[39m]: uncaughtException: Cannot read properties of undefined (reading 'send')
TypeError: Cannot read properties of undefined (reading 'send')
    at /home/runner/xd/Events/⚡ Cliente/presencia.js:105:61
[16:21:10 [31merror[39m]: uncaughtException: Cannot read properties of undefined (reading 'send')
TypeError: Cannot read properties of undefined (reading 'send')
    at /home/runner/xd/Events/⚡ Cliente/presencia.js:105:61
[16:21:36 [32minfo[39m]: Iniciando y Conectando a la DB
[16:21:36 [32minfo[39m]: Bot Iniciado con Exito Dia de Registro Fri Sep 29 2023 16:21:36
[16:21:39 [31merror[39m]: uncaughtException: Cannot read properties of undefined (reading 'send')
TypeError: Cannot read properties of undefined (reading 'send')
    at /home/runner/xd/Events/⚡ Cliente/presencia.js:105:61
[16:21:39 [31merror[39m]: uncaughtException: Cannot read properties of undefined (reading 'send')
TypeError: Cannot read properties of undefined (reading 'send')
    at /home/runner/xd/Events/⚡ Cliente/presencia.js:105:61
[16:26:29 [32minfo[39m]: Iniciando y Conectando a la DB
[16:26:29 [32minfo[39m]: Bot Iniciado con Exito Dia de Registro Fri Sep 29 2023 16:26:29
[16:26:30 [31merror[39m]: uncaughtException: Cannot read properties of undefined (reading 'send')
TypeError: Cannot read properties of undefined (reading 'send')
    at /home/runner/xd/Events/⚡ Cliente/presencia.js:105:61
[16:26:30 [31merror[39m]: uncaughtException: Cannot read properties of undefined (reading 'send')
TypeError: Cannot read properties of undefined (reading 'send')
    at /home/runner/xd/Events/⚡ Cliente/presencia.js:105:61
[16:26:50 [32minfo[39m]: Iniciando y Conectando a la DB
[16:26:50 [32minfo[39m]: Bot Iniciado con Exito Dia de Registro Fri Sep 29 2023 16:26:50
[16:26:52 [31merror[39m]: uncaughtException: Cannot read properties of undefined (reading 'send')
TypeError: Cannot read properties of undefined (reading 'send')
    at /home/runner/xd/Events/⚡ Cliente/presencia.js:105:61
[16:26:52 [31merror[39m]: uncaughtException: Cannot read properties of undefined (reading 'send')
TypeError: Cannot read properties of undefined (reading 'send')
    at /home/runner/xd/Events/⚡ Cliente/presencia.js:105:61
[16:31:49 [32minfo[39m]: Iniciando y Conectando a la DB
[16:31:49 [32minfo[39m]: Bot Iniciado con Exito Dia de Registro Fri Sep 29 2023 16:31:49
[16:31:50 [31merror[39m]: uncaughtException: Cannot read properties of undefined (reading 'send')
TypeError: Cannot read properties of undefined (reading 'send')
    at /home/runner/xd/Events/⚡ Cliente/presencia.js:105:61
[16:31:50 [31merror[39m]: uncaughtException: Cannot read properties of undefined (reading 'send')
TypeError: Cannot read properties of undefined (reading 'send')
    at /home/runner/xd/Events/⚡ Cliente/presencia.js:105:61
[16:37:10 [32minfo[39m]: Iniciando y Conectando a la DB
[16:37:10 [32minfo[39m]: Bot Iniciado con Exito Dia de Registro Fri Sep 29 2023 16:37:10
[16:37:11 [31merror[39m]: uncaughtException: Cannot read properties of undefined (reading 'send')
TypeError: Cannot read properties of undefined (reading 'send')
    at /home/runner/xd/Events/⚡ Cliente/presencia.js:105:61
[16:37:11 [31merror[39m]: uncaughtException: Cannot read properties of undefined (reading 'send')
TypeError: Cannot read properties of undefined (reading 'send')
    at /home/runner/xd/Events/⚡ Cliente/presencia.js:105:61
[16:37:31 [32minfo[39m]: Iniciando y Conectando a la DB
[16:37:31 [32minfo[39m]: Bot Iniciado con Exito Dia de Registro Fri Sep 29 2023 16:37:31
[16:37:32 [31merror[39m]: uncaughtException: Cannot read properties of undefined (reading 'send')
TypeError: Cannot read properties of undefined (reading 'send')
    at /home/runner/xd/Events/⚡ Cliente/presencia.js:105:61
[16:37:32 [31merror[39m]: uncaughtException: Cannot read properties of undefined (reading 'send')
TypeError: Cannot read properties of undefined (reading 'send')
    at /home/runner/xd/Events/⚡ Cliente/presencia.js:105:61
[16:42:52 [32minfo[39m]: Iniciando y Conectando a la DB
[16:42:52 [32minfo[39m]: Bot Iniciado con Exito Dia de Registro Fri Sep 29 2023 16:42:52
[16:42:53 [31merror[39m]: uncaughtException: Cannot read properties of undefined (reading 'send')
TypeError: Cannot read properties of undefined (reading 'send')
    at /home/runner/xd/Events/⚡ Cliente/presencia.js:105:61
[16:42:53 [31merror[39m]: uncaughtException: Cannot read properties of undefined (reading 'send')
TypeError: Cannot read properties of undefined (reading 'send')
    at /home/runner/xd/Events/⚡ Cliente/presencia.js:105:61
[18:19:14 [32minfo[39m]: Iniciando y Conectando a la DB
[18:19:14 [32minfo[39m]: Bot Iniciado con Exito Dia de Registro Fri Sep 29 2023 18:19:14
[18:19:15 [31merror[39m]: uncaughtException: Cannot read properties of undefined (reading 'send')
TypeError: Cannot read properties of undefined (reading 'send')
    at /home/runner/xd/Events/⚡ Cliente/presencia.js:105:61
[18:19:15 [31merror[39m]: uncaughtException: Cannot read properties of undefined (reading 'send')
TypeError: Cannot read properties of undefined (reading 'send')
    at /home/runner/xd/Events/⚡ Cliente/presencia.js:105:61
[18:23:55 [32minfo[39m]: Iniciando y Conectando a la DB
[18:23:55 [32minfo[39m]: Bot Iniciado con Exito Dia de Registro Fri Sep 29 2023 18:23:55
[18:23:57 [31merror[39m]: uncaughtException: Cannot read properties of undefined (reading 'send')
TypeError: Cannot read properties of undefined (reading 'send')
    at /home/runner/xd/Events/⚡ Cliente/presencia.js:105:61
[18:23:57 [31merror[39m]: uncaughtException: Cannot read properties of undefined (reading 'send')
TypeError: Cannot read properties of undefined (reading 'send')
    at /home/runner/xd/Events/⚡ Cliente/presencia.js:105:61
[18:24:17 [32minfo[39m]: Iniciando y Conectando a la DB
[18:24:17 [32minfo[39m]: Bot Iniciado con Exito Dia de Registro Fri Sep 29 2023 18:24:17
[18:24:18 [31merror[39m]: uncaughtException: Cannot read properties of undefined (reading 'send')
TypeError: Cannot read properties of undefined (reading 'send')
    at /home/runner/xd/Events/⚡ Cliente/presencia.js:105:61
[18:24:18 [31merror[39m]: uncaughtException: Cannot read properties of undefined (reading 'send')
TypeError: Cannot read properties of undefined (reading 'send')
    at /home/runner/xd/Events/⚡ Cliente/presencia.js:105:61
[18:29:16 [32minfo[39m]: Iniciando y Conectando a la DB
[18:29:16 [32minfo[39m]: Bot Iniciado con Exito Dia de Registro Fri Sep 29 2023 18:29:16
[18:29:18 [31merror[39m]: uncaughtException: Cannot read properties of undefined (reading 'send')
TypeError: Cannot read properties of undefined (reading 'send')
    at /home/runner/xd/Events/⚡ Cliente/presencia.js:105:61
[18:29:18 [31merror[39m]: uncaughtException: Cannot read properties of undefined (reading 'send')
TypeError: Cannot read properties of undefined (reading 'send')
    at /home/runner/xd/Events/⚡ Cliente/presencia.js:105:61
[18:29:37 [32minfo[39m]: Iniciando y Conectando a la DB
[18:29:37 [32minfo[39m]: Bot Iniciado con Exito Dia de Registro Fri Sep 29 2023 18:29:37
[18:29:39 [31merror[39m]: uncaughtException: Cannot read properties of undefined (reading 'send')
TypeError: Cannot read properties of undefined (reading 'send')
    at /home/runner/xd/Events/⚡ Cliente/presencia.js:105:61
[18:29:39 [31merror[39m]: uncaughtException: Cannot read properties of undefined (reading 'send')
TypeError: Cannot read properties of undefined (reading 'send')
    at /home/runner/xd/Events/⚡ Cliente/presencia.js:105:61
[20:05:49 [32minfo[39m]: Iniciando y Conectando a la DB
[20:05:49 [32minfo[39m]: Bot Iniciado con Exito Dia de Registro Fri Sep 29 2023 20:05:49
[20:05:50 [31merror[39m]: uncaughtException: Cannot read properties of undefined (reading 'send')
TypeError: Cannot read properties of undefined (reading 'send')
    at /home/runner/xd/Events/⚡ Cliente/presencia.js:105:61
[20:05:50 [31merror[39m]: uncaughtException: Cannot read properties of undefined (reading 'send')
TypeError: Cannot read properties of undefined (reading 'send')
    at /home/runner/xd/Events/⚡ Cliente/presencia.js:105:61
[20:11:31 [32minfo[39m]: Iniciando y Conectando a la DB
[20:11:31 [32minfo[39m]: Bot Iniciado con Exito Dia de Registro Fri Sep 29 2023 20:11:31
[20:11:33 [31merror[39m]: uncaughtException: Cannot read properties of undefined (reading 'send')
TypeError: Cannot read properties of undefined (reading 'send')
    at /home/runner/xd/Events/⚡ Cliente/presencia.js:105:61
[20:11:33 [31merror[39m]: uncaughtException: Cannot read properties of undefined (reading 'send')
TypeError: Cannot read properties of undefined (reading 'send')
    at /home/runner/xd/Events/⚡ Cliente/presencia.js:105:61
[20:16:30 [32minfo[39m]: Iniciando y Conectando a la DB
[20:16:30 [32minfo[39m]: Bot Iniciado con Exito Dia de Registro Fri Sep 29 2023 20:16:30
[20:16:32 [31merror[39m]: uncaughtException: Cannot read properties of undefined (reading 'send')
TypeError: Cannot read properties of undefined (reading 'send')
    at /home/runner/xd/Events/⚡ Cliente/presencia.js:105:61
[20:16:32 [31merror[39m]: uncaughtException: Cannot read properties of undefined (reading 'send')
TypeError: Cannot read properties of undefined (reading 'send')
    at /home/runner/xd/Events/⚡ Cliente/presencia.js:105:61
[20:16:51 [32minfo[39m]: Iniciando y Conectando a la DB
[20:16:51 [32minfo[39m]: Bot Iniciado con Exito Dia de Registro Fri Sep 29 2023 20:16:51
[20:16:53 [31merror[39m]: uncaughtException: Cannot read properties of undefined (reading 'send')
TypeError: Cannot read properties of undefined (reading 'send')
    at /home/runner/xd/Events/⚡ Cliente/presencia.js:105:61
[20:16:53 [31merror[39m]: uncaughtException: Cannot read properties of undefined (reading 'send')
TypeError: Cannot read properties of undefined (reading 'send')
    at /home/runner/xd/Events/⚡ Cliente/presencia.js:105:61
[20:27:12 [32minfo[39m]: Iniciando y Conectando a la DB
[20:27:12 [32minfo[39m]: Bot Iniciado con Exito Dia de Registro Fri Sep 29 2023 20:27:12
[20:27:14 [31merror[39m]: uncaughtException: Cannot read properties of undefined (reading 'send')
TypeError: Cannot read properties of undefined (reading 'send')
    at /home/runner/xd/Events/⚡ Cliente/presencia.js:105:61
[20:27:14 [31merror[39m]: uncaughtException: Cannot read properties of undefined (reading 'send')
TypeError: Cannot read properties of undefined (reading 'send')
    at /home/runner/xd/Events/⚡ Cliente/presencia.js:105:61
[20:27:33 [32minfo[39m]: Iniciando y Conectando a la DB
[20:27:33 [32minfo[39m]: Bot Iniciado con Exito Dia de Registro Fri Sep 29 2023 20:27:33
[20:27:35 [31merror[39m]: uncaughtException: Cannot read properties of undefined (reading 'send')
TypeError: Cannot read properties of undefined (reading 'send')
    at /home/runner/xd/Events/⚡ Cliente/presencia.js:105:61
[20:27:35 [31merror[39m]: uncaughtException: Cannot read properties of undefined (reading 'send')
TypeError: Cannot read properties of undefined (reading 'send')
    at /home/runner/xd/Events/⚡ Cliente/presencia.js:105:61
[20:37:54 [32minfo[39m]: Iniciando y Conectando a la DB
[20:37:54 [32minfo[39m]: Bot Iniciado con Exito Dia de Registro Fri Sep 29 2023 20:37:54
[20:37:55 [31merror[39m]: uncaughtException: Cannot read properties of undefined (reading 'send')
TypeError: Cannot read properties of undefined (reading 'send')
    at /home/runner/xd/Events/⚡ Cliente/presencia.js:105:61
[20:37:55 [31merror[39m]: uncaughtException: Cannot read properties of undefined (reading 'send')
TypeError: Cannot read properties of undefined (reading 'send')
    at /home/runner/xd/Events/⚡ Cliente/presencia.js:105:61
[20:38:15 [32minfo[39m]: Iniciando y Conectando a la DB
[20:38:15 [32minfo[39m]: Bot Iniciado con Exito Dia de Registro Fri Sep 29 2023 20:38:15
[20:38:16 [31merror[39m]: uncaughtException: Cannot read properties of undefined (reading 'send')
TypeError: Cannot read properties of undefined (reading 'send')
    at /home/runner/xd/Events/⚡ Cliente/presencia.js:105:61
[20:38:16 [31merror[39m]: uncaughtException: Cannot read properties of undefined (reading 'send')
TypeError: Cannot read properties of undefined (reading 'send')
    at /home/runner/xd/Events/⚡ Cliente/presencia.js:105:61
[20:43:35 [32minfo[39m]: Iniciando y Conectando a la DB
[20:43:35 [32minfo[39m]: Bot Iniciado con Exito Dia de Registro Fri Sep 29 2023 20:43:35
[20:43:37 [31merror[39m]: uncaughtException: Cannot read properties of undefined (reading 'send')
TypeError: Cannot read properties of undefined (reading 'send')
    at /home/runner/xd/Events/⚡ Cliente/presencia.js:105:61
[20:43:37 [31merror[39m]: uncaughtException: Cannot read properties of undefined (reading 'send')
TypeError: Cannot read properties of undefined (reading 'send')
    at /home/runner/xd/Events/⚡ Cliente/presencia.js:105:61
[20:48:34 [32minfo[39m]: Iniciando y Conectando a la DB
[20:48:34 [32minfo[39m]: Bot Iniciado con Exito Dia de Registro Fri Sep 29 2023 20:48:34
[20:48:36 [31merror[39m]: uncaughtException: Cannot read properties of undefined (reading 'send')
TypeError: Cannot read properties of undefined (reading 'send')
    at /home/runner/xd/Events/⚡ Cliente/presencia.js:105:61
[20:48:36 [31merror[39m]: uncaughtException: Cannot read properties of undefined (reading 'send')
TypeError: Cannot read properties of undefined (reading 'send')
    at /home/runner/xd/Events/⚡ Cliente/presencia.js:105:61
[20:48:55 [32minfo[39m]: Iniciando y Conectando a la DB
[20:48:55 [32minfo[39m]: Bot Iniciado con Exito Dia de Registro Fri Sep 29 2023 20:48:55
[20:48:56 [31merror[39m]: uncaughtException: Cannot read properties of undefined (reading 'send')
TypeError: Cannot read properties of undefined (reading 'send')
    at /home/runner/xd/Events/⚡ Cliente/presencia.js:105:61
[20:48:56 [31merror[39m]: uncaughtException: Cannot read properties of undefined (reading 'send')
TypeError: Cannot read properties of undefined (reading 'send')
    at /home/runner/xd/Events/⚡ Cliente/presencia.js:105:61
[20:54:17 [32minfo[39m]: Iniciando y Conectando a la DB
[20:54:17 [32minfo[39m]: Bot Iniciado con Exito Dia de Registro Fri Sep 29 2023 20:54:17
[20:54:18 [31merror[39m]: uncaughtException: Cannot read properties of undefined (reading 'send')
TypeError: Cannot read properties of undefined (reading 'send')
    at /home/runner/xd/Events/⚡ Cliente/presencia.js:105:61
[20:54:18 [31merror[39m]: uncaughtException: Cannot read properties of undefined (reading 'send')
TypeError: Cannot read properties of undefined (reading 'send')
    at /home/runner/xd/Events/⚡ Cliente/presencia.js:105:61
[20:59:16 [32minfo[39m]: Iniciando y Conectando a la DB
[20:59:16 [32minfo[39m]: Bot Iniciado con Exito Dia de Registro Fri Sep 29 2023 20:59:16
[20:59:18 [31merror[39m]: uncaughtException: Cannot read properties of undefined (reading 'send')
TypeError: Cannot read properties of undefined (reading 'send')
    at /home/runner/xd/Events/⚡ Cliente/presencia.js:105:61
[20:59:18 [31merror[39m]: uncaughtException: Cannot read properties of undefined (reading 'send')
TypeError: Cannot read properties of undefined (reading 'send')
    at /home/runner/xd/Events/⚡ Cliente/presencia.js:105:61
[21:42:58 [32minfo[39m]: Iniciando y Conectando a la DB
[21:42:58 [32minfo[39m]: Bot Iniciado con Exito Dia de Registro Fri Sep 29 2023 21:42:58
[21:43:01 [31merror[39m]: uncaughtException: Cannot read properties of undefined (reading 'send')
TypeError: Cannot read properties of undefined (reading 'send')
    at /home/runner/xd/Events/⚡ Cliente/presencia.js:105:61
[21:43:01 [31merror[39m]: uncaughtException: Cannot read properties of undefined (reading 'send')
TypeError: Cannot read properties of undefined (reading 'send')
    at /home/runner/xd/Events/⚡ Cliente/presencia.js:105:61
[21:43:19 [32minfo[39m]: Iniciando y Conectando a la DB
[21:43:19 [32minfo[39m]: Bot Iniciado con Exito Dia de Registro Fri Sep 29 2023 21:43:19
[21:43:20 [31merror[39m]: uncaughtException: Cannot read properties of undefined (reading 'send')
TypeError: Cannot read properties of undefined (reading 'send')
    at /home/runner/xd/Events/⚡ Cliente/presencia.js:105:61
[21:43:20 [31merror[39m]: uncaughtException: Cannot read properties of undefined (reading 'send')
TypeError: Cannot read properties of undefined (reading 'send')
    at /home/runner/xd/Events/⚡ Cliente/presencia.js:105:61
[21:48:19 [32minfo[39m]: Iniciando y Conectando a la DB
[21:48:19 [32minfo[39m]: Bot Iniciado con Exito Dia de Registro Fri Sep 29 2023 21:48:19
[21:48:20 [31merror[39m]: uncaughtException: Cannot read properties of undefined (reading 'send')
TypeError: Cannot read properties of undefined (reading 'send')
    at /home/runner/xd/Events/⚡ Cliente/presencia.js:105:61
[21:48:20 [31merror[39m]: uncaughtException: Cannot read properties of undefined (reading 'send')
TypeError: Cannot read properties of undefined (reading 'send')
    at /home/runner/xd/Events/⚡ Cliente/presencia.js:105:61
[21:48:39 [32minfo[39m]: Iniciando y Conectando a la DB
[21:48:39 [32minfo[39m]: Bot Iniciado con Exito Dia de Registro Fri Sep 29 2023 21:48:39
[21:48:41 [31merror[39m]: uncaughtException: Cannot read properties of undefined (reading 'send')
TypeError: Cannot read properties of undefined (reading 'send')
    at /home/runner/xd/Events/⚡ Cliente/presencia.js:105:61
[21:48:41 [31merror[39m]: uncaughtException: Cannot read properties of undefined (reading 'send')
TypeError: Cannot read properties of undefined (reading 'send')
    at /home/runner/xd/Events/⚡ Cliente/presencia.js:105:61
[21:53:39 [32minfo[39m]: Iniciando y Conectando a la DB
[21:53:39 [32minfo[39m]: Bot Iniciado con Exito Dia de Registro Fri Sep 29 2023 21:53:39
[21:53:40 [31merror[39m]: uncaughtException: Cannot read properties of undefined (reading 'send')
TypeError: Cannot read properties of undefined (reading 'send')
    at /home/runner/xd/Events/⚡ Cliente/presencia.js:105:61
[21:53:40 [31merror[39m]: uncaughtException: Cannot read properties of undefined (reading 'send')
TypeError: Cannot read properties of undefined (reading 'send')
    at /home/runner/xd/Events/⚡ Cliente/presencia.js:105:61
[21:53:59 [32minfo[39m]: Iniciando y Conectando a la DB
[21:53:59 [32minfo[39m]: Bot Iniciado con Exito Dia de Registro Fri Sep 29 2023 21:53:59
[21:54:00 [31merror[39m]: uncaughtException: Cannot read properties of undefined (reading 'send')
TypeError: Cannot read properties of undefined (reading 'send')
    at /home/runner/xd/Events/⚡ Cliente/presencia.js:105:61
[21:54:00 [31merror[39m]: uncaughtException: Cannot read properties of undefined (reading 'send')
TypeError: Cannot read properties of undefined (reading 'send')
    at /home/runner/xd/Events/⚡ Cliente/presencia.js:105:61
[21:58:59 [32minfo[39m]: Iniciando y Conectando a la DB
[21:58:59 [32minfo[39m]: Bot Iniciado con Exito Dia de Registro Fri Sep 29 2023 21:58:59
[21:59:00 [31merror[39m]: uncaughtException: Cannot read properties of undefined (reading 'send')
TypeError: Cannot read properties of undefined (reading 'send')
    at /home/runner/xd/Events/⚡ Cliente/presencia.js:105:61
[21:59:00 [31merror[39m]: uncaughtException: Cannot read properties of undefined (reading 'send')
TypeError: Cannot read properties of undefined (reading 'send')
    at /home/runner/xd/Events/⚡ Cliente/presencia.js:105:61
[21:59:20 [32minfo[39m]: Iniciando y Conectando a la DB
[21:59:20 [32minfo[39m]: Bot Iniciado con Exito Dia de Registro Fri Sep 29 2023 21:59:20
[21:59:21 [31merror[39m]: uncaughtException: Cannot read properties of undefined (reading 'send')
TypeError: Cannot read properties of undefined (reading 'send')
    at /home/runner/xd/Events/⚡ Cliente/presencia.js:105:61
[21:59:21 [31merror[39m]: uncaughtException: Cannot read properties of undefined (reading 'send')
TypeError: Cannot read properties of undefined (reading 'send')
    at /home/runner/xd/Events/⚡ Cliente/presencia.js:105:61
[22:04:19 [32minfo[39m]: Iniciando y Conectando a la DB
[22:04:19 [32minfo[39m]: Bot Iniciado con Exito Dia de Registro Fri Sep 29 2023 22:04:19
[22:04:21 [31merror[39m]: uncaughtException: Cannot read properties of undefined (reading 'send')
TypeError: Cannot read properties of undefined (reading 'send')
    at /home/runner/xd/Events/⚡ Cliente/presencia.js:105:61
[22:04:21 [31merror[39m]: uncaughtException: Cannot read properties of undefined (reading 'send')
TypeError: Cannot read properties of undefined (reading 'send')
    at /home/runner/xd/Events/⚡ Cliente/presencia.js:105:61
[22:04:41 [32minfo[39m]: Iniciando y Conectando a la DB
[22:04:41 [32minfo[39m]: Bot Iniciado con Exito Dia de Registro Fri Sep 29 2023 22:04:41
[22:04:42 [31merror[39m]: uncaughtException: Cannot read properties of undefined (reading 'send')
TypeError: Cannot read properties of undefined (reading 'send')
    at /home/runner/xd/Events/⚡ Cliente/presencia.js:105:61
[22:04:42 [31merror[39m]: uncaughtException: Cannot read properties of undefined (reading 'send')
TypeError: Cannot read properties of undefined (reading 'send')
    at /home/runner/xd/Events/⚡ Cliente/presencia.js:105:61
[22:15:01 [32minfo[39m]: Iniciando y Conectando a la DB
[22:15:01 [32minfo[39m]: Bot Iniciado con Exito Dia de Registro Fri Sep 29 2023 22:15:01
[22:15:02 [31merror[39m]: uncaughtException: Cannot read properties of undefined (reading 'send')
TypeError: Cannot read properties of undefined (reading 'send')
    at /home/runner/xd/Events/⚡ Cliente/presencia.js:105:61
[22:15:02 [31merror[39m]: uncaughtException: Cannot read properties of undefined (reading 'send')
TypeError: Cannot read properties of undefined (reading 'send')
    at /home/runner/xd/Events/⚡ Cliente/presencia.js:105:61
[22:15:22 [32minfo[39m]: Iniciando y Conectando a la DB
[22:15:22 [32minfo[39m]: Bot Iniciado con Exito Dia de Registro Fri Sep 29 2023 22:15:22
[22:15:23 [31merror[39m]: uncaughtException: Cannot read properties of undefined (reading 'send')
TypeError: Cannot read properties of undefined (reading 'send')
    at /home/runner/xd/Events/⚡ Cliente/presencia.js:105:61
[22:15:23 [31merror[39m]: uncaughtException: Cannot read properties of undefined (reading 'send')
TypeError: Cannot read properties of undefined (reading 'send')
    at /home/runner/xd/Events/⚡ Cliente/presencia.js:105:61
[22:20:22 [32minfo[39m]: Iniciando y Conectando a la DB
[22:20:22 [32minfo[39m]: Bot Iniciado con Exito Dia de Registro Fri Sep 29 2023 22:20:22
[22:20:23 [31merror[39m]: uncaughtException: Cannot read properties of undefined (reading 'send')
TypeError: Cannot read properties of undefined (reading 'send')
    at /home/runner/xd/Events/⚡ Cliente/presencia.js:105:61
[22:20:23 [31merror[39m]: uncaughtException: Cannot read properties of undefined (reading 'send')
TypeError: Cannot read properties of undefined (reading 'send')
    at /home/runner/xd/Events/⚡ Cliente/presencia.js:105:61
[22:20:43 [32minfo[39m]: Iniciando y Conectando a la DB
[22:20:43 [32minfo[39m]: Bot Iniciado con Exito Dia de Registro Fri Sep 29 2023 22:20:43
[22:20:44 [31merror[39m]: uncaughtException: Cannot read properties of undefined (reading 'send')
TypeError: Cannot read properties of undefined (reading 'send')
    at /home/runner/xd/Events/⚡ Cliente/presencia.js:105:61
[22:20:44 [31merror[39m]: uncaughtException: Cannot read properties of undefined (reading 'send')
TypeError: Cannot read properties of undefined (reading 'send')
    at /home/runner/xd/Events/⚡ Cliente/presencia.js:105:61
[22:25:43 [32minfo[39m]: Iniciando y Conectando a la DB
[22:25:43 [32minfo[39m]: Bot Iniciado con Exito Dia de Registro Fri Sep 29 2023 22:25:43
[22:25:44 [31merror[39m]: uncaughtException: Cannot read properties of undefined (reading 'send')
TypeError: Cannot read properties of undefined (reading 'send')
    at /home/runner/xd/Events/⚡ Cliente/presencia.js:105:61
[22:25:44 [31merror[39m]: uncaughtException: Cannot read properties of undefined (reading 'send')
TypeError: Cannot read properties of undefined (reading 'send')
    at /home/runner/xd/Events/⚡ Cliente/presencia.js:105:61
[22:26:03 [32minfo[39m]: Iniciando y Conectando a la DB
[22:26:03 [32minfo[39m]: Bot Iniciado con Exito Dia de Registro Fri Sep 29 2023 22:26:03
[22:26:04 [31merror[39m]: uncaughtException: Cannot read properties of undefined (reading 'send')
TypeError: Cannot read properties of undefined (reading 'send')
    at /home/runner/xd/Events/⚡ Cliente/presencia.js:105:61
[22:26:04 [31merror[39m]: uncaughtException: Cannot read properties of undefined (reading 'send')
TypeError: Cannot read properties of undefined (reading 'send')
    at /home/runner/xd/Events/⚡ Cliente/presencia.js:105:61
[22:31:03 [32minfo[39m]: Iniciando y Conectando a la DB
[22:31:03 [32minfo[39m]: Bot Iniciado con Exito Dia de Registro Fri Sep 29 2023 22:31:03
[22:31:05 [31merror[39m]: uncaughtException: Cannot read properties of undefined (reading 'send')
TypeError: Cannot read properties of undefined (reading 'send')
    at /home/runner/xd/Events/⚡ Cliente/presencia.js:105:61
[22:31:05 [31merror[39m]: uncaughtException: Cannot read properties of undefined (reading 'send')
TypeError: Cannot read properties of undefined (reading 'send')
    at /home/runner/xd/Events/⚡ Cliente/presencia.js:105:61
[22:36:44 [32minfo[39m]: Iniciando y Conectando a la DB
[22:36:44 [32minfo[39m]: Bot Iniciado con Exito Dia de Registro Fri Sep 29 2023 22:36:44
[22:36:45 [31merror[39m]: uncaughtException: Cannot read properties of undefined (reading 'send')
TypeError: Cannot read properties of undefined (reading 'send')
    at /home/runner/xd/Events/⚡ Cliente/presencia.js:105:61
[22:36:45 [31merror[39m]: uncaughtException: Cannot read properties of undefined (reading 'send')
TypeError: Cannot read properties of undefined (reading 'send')
    at /home/runner/xd/Events/⚡ Cliente/presencia.js:105:61
