[00:02:20 [32minfo[39m]: Iniciando y Conectando a la DB
[00:02:20 [32minfo[39m]: Bot Iniciado con Exito Dia de Registro Sat Sep 09 2023 00:02:20
[00:02:21 [31merror[39m]: uncaughtException: Cannot read properties of undefined (reading 'send')
TypeError: Cannot read properties of undefined (reading 'send')
    at /home/runner/xd/Events/⚡ Cliente/presencia.js:105:61
[00:02:21 [31merror[39m]: uncaughtException: Cannot read properties of undefined (reading 'send')
TypeError: Cannot read properties of undefined (reading 'send')
    at /home/runner/xd/Events/⚡ Cliente/presencia.js:105:61
[00:07:09 [32minfo[39m]: Iniciando y Conectando a la DB
[00:07:09 [32minfo[39m]: Bot Iniciado con Exito Dia de Registro Sat Sep 09 2023 00:07:09
[00:07:10 [31merror[39m]: uncaughtException: Cannot read properties of undefined (reading 'send')
TypeError: Cannot read properties of undefined (reading 'send')
    at /home/runner/xd/Events/⚡ Cliente/presencia.js:105:61
[00:07:10 [31merror[39m]: uncaughtException: Cannot read properties of undefined (reading 'send')
TypeError: Cannot read properties of undefined (reading 'send')
    at /home/runner/xd/Events/⚡ Cliente/presencia.js:105:61
[00:17:19 [32minfo[39m]: Iniciando y Conectando a la DB
[00:17:19 [32minfo[39m]: Bot Iniciado con Exito Dia de Registro Sat Sep 09 2023 00:17:19
[00:17:20 [31merror[39m]: uncaughtException: Cannot read properties of undefined (reading 'send')
TypeError: Cannot read properties of undefined (reading 'send')
    at /home/runner/xd/Events/⚡ Cliente/presencia.js:105:61
[00:17:20 [31merror[39m]: uncaughtException: Cannot read properties of undefined (reading 'send')
TypeError: Cannot read properties of undefined (reading 'send')
    at /home/runner/xd/Events/⚡ Cliente/presencia.js:105:61
[00:22:20 [32minfo[39m]: Iniciando y Conectando a la DB
[00:22:20 [32minfo[39m]: Bot Iniciado con Exito Dia de Registro Sat Sep 09 2023 00:22:20
[00:22:22 [31merror[39m]: uncaughtException: Cannot read properties of undefined (reading 'send')
TypeError: Cannot read properties of undefined (reading 'send')
    at /home/runner/xd/Events/⚡ Cliente/presencia.js:105:61
[00:22:22 [31merror[39m]: uncaughtException: Cannot read properties of undefined (reading 'send')
TypeError: Cannot read properties of undefined (reading 'send')
    at /home/runner/xd/Events/⚡ Cliente/presencia.js:105:61
[00:27:10 [32minfo[39m]: Iniciando y Conectando a la DB
[00:27:10 [32minfo[39m]: Bot Iniciado con Exito Dia de Registro Sat Sep 09 2023 00:27:10
[00:27:11 [31merror[39m]: uncaughtException: Cannot read properties of undefined (reading 'send')
TypeError: Cannot read properties of undefined (reading 'send')
    at /home/runner/xd/Events/⚡ Cliente/presencia.js:105:61
[00:27:11 [31merror[39m]: uncaughtException: Cannot read properties of undefined (reading 'send')
TypeError: Cannot read properties of undefined (reading 'send')
    at /home/runner/xd/Events/⚡ Cliente/presencia.js:105:61
[00:32:19 [32minfo[39m]: Iniciando y Conectando a la DB
[00:32:19 [32minfo[39m]: Bot Iniciado con Exito Dia de Registro Sat Sep 09 2023 00:32:19
[00:32:20 [31merror[39m]: uncaughtException: Cannot read properties of undefined (reading 'send')
TypeError: Cannot read properties of undefined (reading 'send')
    at /home/runner/xd/Events/⚡ Cliente/presencia.js:105:61
[00:32:20 [31merror[39m]: uncaughtException: Cannot read properties of undefined (reading 'send')
TypeError: Cannot read properties of undefined (reading 'send')
    at /home/runner/xd/Events/⚡ Cliente/presencia.js:105:61
[00:37:19 [32minfo[39m]: Iniciando y Conectando a la DB
[00:37:19 [32minfo[39m]: Bot Iniciado con Exito Dia de Registro Sat Sep 09 2023 00:37:19
[00:37:21 [31merror[39m]: uncaughtException: Cannot read properties of undefined (reading 'send')
TypeError: Cannot read properties of undefined (reading 'send')
    at /home/runner/xd/Events/⚡ Cliente/presencia.js:105:61
[00:37:21 [31merror[39m]: uncaughtException: Cannot read properties of undefined (reading 'send')
TypeError: Cannot read properties of undefined (reading 'send')
    at /home/runner/xd/Events/⚡ Cliente/presencia.js:105:61
[00:42:21 [32minfo[39m]: Iniciando y Conectando a la DB
[00:42:21 [32minfo[39m]: Bot Iniciado con Exito Dia de Registro Sat Sep 09 2023 00:42:21
[00:42:22 [31merror[39m]: uncaughtException: Cannot read properties of undefined (reading 'send')
TypeError: Cannot read properties of undefined (reading 'send')
    at /home/runner/xd/Events/⚡ Cliente/presencia.js:105:61
[00:42:22 [31merror[39m]: uncaughtException: Cannot read properties of undefined (reading 'send')
TypeError: Cannot read properties of undefined (reading 'send')
    at /home/runner/xd/Events/⚡ Cliente/presencia.js:105:61
[00:47:09 [32minfo[39m]: Iniciando y Conectando a la DB
[00:47:09 [32minfo[39m]: Bot Iniciado con Exito Dia de Registro Sat Sep 09 2023 00:47:09
[00:47:10 [31merror[39m]: uncaughtException: Cannot read properties of undefined (reading 'send')
TypeError: Cannot read properties of undefined (reading 'send')
    at /home/runner/xd/Events/⚡ Cliente/presencia.js:105:61
[00:47:10 [31merror[39m]: uncaughtException: Cannot read properties of undefined (reading 'send')
TypeError: Cannot read properties of undefined (reading 'send')
    at /home/runner/xd/Events/⚡ Cliente/presencia.js:105:61
[00:52:19 [32minfo[39m]: Iniciando y Conectando a la DB
[00:52:19 [32minfo[39m]: Bot Iniciado con Exito Dia de Registro Sat Sep 09 2023 00:52:19
[00:52:21 [31merror[39m]: uncaughtException: Cannot read properties of undefined (reading 'send')
TypeError: Cannot read properties of undefined (reading 'send')
    at /home/runner/xd/Events/⚡ Cliente/presencia.js:105:61
[00:52:21 [31merror[39m]: uncaughtException: Cannot read properties of undefined (reading 'send')
TypeError: Cannot read properties of undefined (reading 'send')
    at /home/runner/xd/Events/⚡ Cliente/presencia.js:105:61
[00:57:20 [32minfo[39m]: Iniciando y Conectando a la DB
[00:57:20 [32minfo[39m]: Bot Iniciado con Exito Dia de Registro Sat Sep 09 2023 00:57:20
[00:57:21 [31merror[39m]: uncaughtException: Cannot read properties of undefined (reading 'send')
TypeError: Cannot read properties of undefined (reading 'send')
    at /home/runner/xd/Events/⚡ Cliente/presencia.js:105:61
[00:57:21 [31merror[39m]: uncaughtException: Cannot read properties of undefined (reading 'send')
TypeError: Cannot read properties of undefined (reading 'send')
    at /home/runner/xd/Events/⚡ Cliente/presencia.js:105:61
[01:02:10 [32minfo[39m]: Iniciando y Conectando a la DB
[01:02:10 [32minfo[39m]: Bot Iniciado con Exito Dia de Registro Sat Sep 09 2023 01:02:10
[01:02:12 [31merror[39m]: uncaughtException: Cannot read properties of undefined (reading 'send')
TypeError: Cannot read properties of undefined (reading 'send')
    at /home/runner/xd/Events/⚡ Cliente/presencia.js:105:61
[01:02:12 [31merror[39m]: uncaughtException: Cannot read properties of undefined (reading 'send')
TypeError: Cannot read properties of undefined (reading 'send')
    at /home/runner/xd/Events/⚡ Cliente/presencia.js:105:61
[01:12:19 [32minfo[39m]: Iniciando y Conectando a la DB
[01:12:19 [32minfo[39m]: Bot Iniciado con Exito Dia de Registro Sat Sep 09 2023 01:12:19
[01:12:21 [31merror[39m]: uncaughtException: Cannot read properties of undefined (reading 'send')
TypeError: Cannot read properties of undefined (reading 'send')
    at /home/runner/xd/Events/⚡ Cliente/presencia.js:105:61
[01:12:21 [31merror[39m]: uncaughtException: Cannot read properties of undefined (reading 'send')
TypeError: Cannot read properties of undefined (reading 'send')
    at /home/runner/xd/Events/⚡ Cliente/presencia.js:105:61
[01:17:19 [32minfo[39m]: Iniciando y Conectando a la DB
[01:17:19 [32minfo[39m]: Bot Iniciado con Exito Dia de Registro Sat Sep 09 2023 01:17:19
[01:17:21 [31merror[39m]: uncaughtException: Cannot read properties of undefined (reading 'send')
TypeError: Cannot read properties of undefined (reading 'send')
    at /home/runner/xd/Events/⚡ Cliente/presencia.js:105:61
[01:17:21 [31merror[39m]: uncaughtException: Cannot read properties of undefined (reading 'send')
TypeError: Cannot read properties of undefined (reading 'send')
    at /home/runner/xd/Events/⚡ Cliente/presencia.js:105:61
[01:22:20 [32minfo[39m]: Iniciando y Conectando a la DB
[01:22:20 [32minfo[39m]: Bot Iniciado con Exito Dia de Registro Sat Sep 09 2023 01:22:20
[01:22:21 [31merror[39m]: uncaughtException: Cannot read properties of undefined (reading 'send')
TypeError: Cannot read properties of undefined (reading 'send')
    at /home/runner/xd/Events/⚡ Cliente/presencia.js:105:61
[01:22:21 [31merror[39m]: uncaughtException: Cannot read properties of undefined (reading 'send')
TypeError: Cannot read properties of undefined (reading 'send')
    at /home/runner/xd/Events/⚡ Cliente/presencia.js:105:61
[01:27:09 [32minfo[39m]: Iniciando y Conectando a la DB
[01:27:09 [32minfo[39m]: Bot Iniciado con Exito Dia de Registro Sat Sep 09 2023 01:27:09
[01:27:11 [31merror[39m]: uncaughtException: Cannot read properties of undefined (reading 'send')
TypeError: Cannot read properties of undefined (reading 'send')
    at /home/runner/xd/Events/⚡ Cliente/presencia.js:105:61
[01:27:11 [31merror[39m]: uncaughtException: Cannot read properties of undefined (reading 'send')
TypeError: Cannot read properties of undefined (reading 'send')
    at /home/runner/xd/Events/⚡ Cliente/presencia.js:105:61
[01:37:20 [32minfo[39m]: Iniciando y Conectando a la DB
[01:37:20 [32minfo[39m]: Bot Iniciado con Exito Dia de Registro Sat Sep 09 2023 01:37:20
[01:37:21 [31merror[39m]: uncaughtException: Cannot read properties of undefined (reading 'send')
TypeError: Cannot read properties of undefined (reading 'send')
    at /home/runner/xd/Events/⚡ Cliente/presencia.js:105:61
[01:37:21 [31merror[39m]: uncaughtException: Cannot read properties of undefined (reading 'send')
TypeError: Cannot read properties of undefined (reading 'send')
    at /home/runner/xd/Events/⚡ Cliente/presencia.js:105:61
[01:42:20 [32minfo[39m]: Iniciando y Conectando a la DB
[01:42:20 [32minfo[39m]: Bot Iniciado con Exito Dia de Registro Sat Sep 09 2023 01:42:20
[01:42:22 [31merror[39m]: uncaughtException: Cannot read properties of undefined (reading 'send')
TypeError: Cannot read properties of undefined (reading 'send')
    at /home/runner/xd/Events/⚡ Cliente/presencia.js:105:61
[01:42:22 [31merror[39m]: uncaughtException: Cannot read properties of undefined (reading 'send')
TypeError: Cannot read properties of undefined (reading 'send')
    at /home/runner/xd/Events/⚡ Cliente/presencia.js:105:61
[02:31:17 [32minfo[39m]: Iniciando y Conectando a la DB
[02:31:17 [32minfo[39m]: Bot Iniciado con Exito Dia de Registro Sat Sep 09 2023 02:31:17
[02:31:18 [31merror[39m]: uncaughtException: Cannot read properties of undefined (reading 'send')
TypeError: Cannot read properties of undefined (reading 'send')
    at /home/runner/xd/Events/⚡ Cliente/presencia.js:105:61
[02:31:18 [31merror[39m]: uncaughtException: Cannot read properties of undefined (reading 'send')
TypeError: Cannot read properties of undefined (reading 'send')
    at /home/runner/xd/Events/⚡ Cliente/presencia.js:105:61
[02:36:22 [32minfo[39m]: Iniciando y Conectando a la DB
[02:36:22 [32minfo[39m]: Bot Iniciado con Exito Dia de Registro Sat Sep 09 2023 02:36:22
[02:36:24 [31merror[39m]: uncaughtException: Cannot read properties of undefined (reading 'send')
TypeError: Cannot read properties of undefined (reading 'send')
    at /home/runner/xd/Events/⚡ Cliente/presencia.js:105:61
[02:36:24 [31merror[39m]: uncaughtException: Cannot read properties of undefined (reading 'send')
TypeError: Cannot read properties of undefined (reading 'send')
    at /home/runner/xd/Events/⚡ Cliente/presencia.js:105:61
[02:41:01 [32minfo[39m]: Iniciando y Conectando a la DB
[02:41:01 [32minfo[39m]: Bot Iniciado con Exito Dia de Registro Sat Sep 09 2023 02:41:01
[02:41:03 [31merror[39m]: uncaughtException: Cannot read properties of undefined (reading 'send')
TypeError: Cannot read properties of undefined (reading 'send')
    at /home/runner/xd/Events/⚡ Cliente/presencia.js:105:61
[02:41:03 [31merror[39m]: uncaughtException: Cannot read properties of undefined (reading 'send')
TypeError: Cannot read properties of undefined (reading 'send')
    at /home/runner/xd/Events/⚡ Cliente/presencia.js:105:61
[02:46:23 [32minfo[39m]: Iniciando y Conectando a la DB
[02:46:23 [32minfo[39m]: Bot Iniciado con Exito Dia de Registro Sat Sep 09 2023 02:46:23
[02:46:24 [31merror[39m]: uncaughtException: Cannot read properties of undefined (reading 'send')
TypeError: Cannot read properties of undefined (reading 'send')
    at /home/runner/xd/Events/⚡ Cliente/presencia.js:105:61
[02:46:24 [31merror[39m]: uncaughtException: Cannot read properties of undefined (reading 'send')
TypeError: Cannot read properties of undefined (reading 'send')
    at /home/runner/xd/Events/⚡ Cliente/presencia.js:105:61
[02:46:52 [32minfo[39m]: Iniciando y Conectando a la DB
[02:46:52 [32minfo[39m]: Bot Iniciado con Exito Dia de Registro Sat Sep 09 2023 02:46:52
[02:46:53 [31merror[39m]: uncaughtException: Cannot read properties of undefined (reading 'send')
TypeError: Cannot read properties of undefined (reading 'send')
    at /home/runner/xd/Events/⚡ Cliente/presencia.js:105:61
[02:46:53 [31merror[39m]: uncaughtException: Cannot read properties of undefined (reading 'send')
TypeError: Cannot read properties of undefined (reading 'send')
    at /home/runner/xd/Events/⚡ Cliente/presencia.js:105:61
[02:51:52 [32minfo[39m]: Iniciando y Conectando a la DB
[02:51:52 [32minfo[39m]: Bot Iniciado con Exito Dia de Registro Sat Sep 09 2023 02:51:52
[02:51:53 [31merror[39m]: uncaughtException: Cannot read properties of undefined (reading 'send')
TypeError: Cannot read properties of undefined (reading 'send')
    at /home/runner/xd/Events/⚡ Cliente/presencia.js:105:61
[02:51:53 [31merror[39m]: uncaughtException: Cannot read properties of undefined (reading 'send')
TypeError: Cannot read properties of undefined (reading 'send')
    at /home/runner/xd/Events/⚡ Cliente/presencia.js:105:61
[02:57:02 [32minfo[39m]: Iniciando y Conectando a la DB
[02:57:02 [32minfo[39m]: Bot Iniciado con Exito Dia de Registro Sat Sep 09 2023 02:57:02
[02:57:03 [31merror[39m]: uncaughtException: Cannot read properties of undefined (reading 'send')
TypeError: Cannot read properties of undefined (reading 'send')
    at /home/runner/xd/Events/⚡ Cliente/presencia.js:105:61
[02:57:03 [31merror[39m]: uncaughtException: Cannot read properties of undefined (reading 'send')
TypeError: Cannot read properties of undefined (reading 'send')
    at /home/runner/xd/Events/⚡ Cliente/presencia.js:105:61
[03:01:52 [32minfo[39m]: Iniciando y Conectando a la DB
[03:01:52 [32minfo[39m]: Bot Iniciado con Exito Dia de Registro Sat Sep 09 2023 03:01:52
[03:01:53 [31merror[39m]: uncaughtException: Cannot read properties of undefined (reading 'send')
TypeError: Cannot read properties of undefined (reading 'send')
    at /home/runner/xd/Events/⚡ Cliente/presencia.js:105:61
[03:01:53 [31merror[39m]: uncaughtException: Cannot read properties of undefined (reading 'send')
TypeError: Cannot read properties of undefined (reading 'send')
    at /home/runner/xd/Events/⚡ Cliente/presencia.js:105:61
[03:06:53 [32minfo[39m]: Iniciando y Conectando a la DB
[03:06:53 [32minfo[39m]: Bot Iniciado con Exito Dia de Registro Sat Sep 09 2023 03:06:53
[03:06:54 [31merror[39m]: uncaughtException: Cannot read properties of undefined (reading 'send')
TypeError: Cannot read properties of undefined (reading 'send')
    at /home/runner/xd/Events/⚡ Cliente/presencia.js:105:61
[03:06:54 [31merror[39m]: uncaughtException: Cannot read properties of undefined (reading 'send')
TypeError: Cannot read properties of undefined (reading 'send')
    at /home/runner/xd/Events/⚡ Cliente/presencia.js:105:61
[03:12:02 [32minfo[39m]: Iniciando y Conectando a la DB
[03:12:02 [32minfo[39m]: Bot Iniciado con Exito Dia de Registro Sat Sep 09 2023 03:12:02
[03:12:04 [31merror[39m]: uncaughtException: Cannot read properties of undefined (reading 'send')
TypeError: Cannot read properties of undefined (reading 'send')
    at /home/runner/xd/Events/⚡ Cliente/presencia.js:105:61
[03:12:04 [31merror[39m]: uncaughtException: Cannot read properties of undefined (reading 'send')
TypeError: Cannot read properties of undefined (reading 'send')
    at /home/runner/xd/Events/⚡ Cliente/presencia.js:105:61
[03:16:52 [32minfo[39m]: Iniciando y Conectando a la DB
[03:16:52 [32minfo[39m]: Bot Iniciado con Exito Dia de Registro Sat Sep 09 2023 03:16:52
[03:16:53 [31merror[39m]: uncaughtException: Cannot read properties of undefined (reading 'send')
TypeError: Cannot read properties of undefined (reading 'send')
    at /home/runner/xd/Events/⚡ Cliente/presencia.js:105:61
[03:16:53 [31merror[39m]: uncaughtException: Cannot read properties of undefined (reading 'send')
TypeError: Cannot read properties of undefined (reading 'send')
    at /home/runner/xd/Events/⚡ Cliente/presencia.js:105:61
[03:21:53 [32minfo[39m]: Iniciando y Conectando a la DB
[03:21:53 [32minfo[39m]: Bot Iniciado con Exito Dia de Registro Sat Sep 09 2023 03:21:53
[03:21:55 [31merror[39m]: uncaughtException: Cannot read properties of undefined (reading 'send')
TypeError: Cannot read properties of undefined (reading 'send')
    at /home/runner/xd/Events/⚡ Cliente/presencia.js:105:61
[03:21:55 [31merror[39m]: uncaughtException: Cannot read properties of undefined (reading 'send')
TypeError: Cannot read properties of undefined (reading 'send')
    at /home/runner/xd/Events/⚡ Cliente/presencia.js:105:61
[03:26:52 [32minfo[39m]: Iniciando y Conectando a la DB
[03:26:52 [32minfo[39m]: Bot Iniciado con Exito Dia de Registro Sat Sep 09 2023 03:26:52
[03:26:53 [31merror[39m]: uncaughtException: Cannot read properties of undefined (reading 'send')
TypeError: Cannot read properties of undefined (reading 'send')
    at /home/runner/xd/Events/⚡ Cliente/presencia.js:105:61
[03:26:53 [31merror[39m]: uncaughtException: Cannot read properties of undefined (reading 'send')
TypeError: Cannot read properties of undefined (reading 'send')
    at /home/runner/xd/Events/⚡ Cliente/presencia.js:105:61
[03:32:03 [32minfo[39m]: Iniciando y Conectando a la DB
[03:32:03 [32minfo[39m]: Bot Iniciado con Exito Dia de Registro Sat Sep 09 2023 03:32:03
[03:32:04 [31merror[39m]: uncaughtException: Cannot read properties of undefined (reading 'send')
TypeError: Cannot read properties of undefined (reading 'send')
    at /home/runner/xd/Events/⚡ Cliente/presencia.js:105:61
[03:32:04 [31merror[39m]: uncaughtException: Cannot read properties of undefined (reading 'send')
TypeError: Cannot read properties of undefined (reading 'send')
    at /home/runner/xd/Events/⚡ Cliente/presencia.js:105:61
[03:36:52 [32minfo[39m]: Iniciando y Conectando a la DB
[03:36:52 [32minfo[39m]: Bot Iniciado con Exito Dia de Registro Sat Sep 09 2023 03:36:52
[03:36:53 [31merror[39m]: uncaughtException: Cannot read properties of undefined (reading 'send')
TypeError: Cannot read properties of undefined (reading 'send')
    at /home/runner/xd/Events/⚡ Cliente/presencia.js:105:61
[03:36:53 [31merror[39m]: uncaughtException: Cannot read properties of undefined (reading 'send')
TypeError: Cannot read properties of undefined (reading 'send')
    at /home/runner/xd/Events/⚡ Cliente/presencia.js:105:61
[03:41:52 [32minfo[39m]: Iniciando y Conectando a la DB
[03:41:52 [32minfo[39m]: Bot Iniciado con Exito Dia de Registro Sat Sep 09 2023 03:41:52
[03:41:53 [31merror[39m]: uncaughtException: Cannot read properties of undefined (reading 'send')
TypeError: Cannot read properties of undefined (reading 'send')
    at /home/runner/xd/Events/⚡ Cliente/presencia.js:105:61
[03:41:53 [31merror[39m]: uncaughtException: Cannot read properties of undefined (reading 'send')
TypeError: Cannot read properties of undefined (reading 'send')
    at /home/runner/xd/Events/⚡ Cliente/presencia.js:105:61
[03:46:52 [32minfo[39m]: Iniciando y Conectando a la DB
[03:46:52 [32minfo[39m]: Bot Iniciado con Exito Dia de Registro Sat Sep 09 2023 03:46:52
[03:46:53 [31merror[39m]: uncaughtException: Cannot read properties of undefined (reading 'send')
TypeError: Cannot read properties of undefined (reading 'send')
    at /home/runner/xd/Events/⚡ Cliente/presencia.js:105:61
[03:46:53 [31merror[39m]: uncaughtException: Cannot read properties of undefined (reading 'send')
TypeError: Cannot read properties of undefined (reading 'send')
    at /home/runner/xd/Events/⚡ Cliente/presencia.js:105:61
[03:52:02 [32minfo[39m]: Iniciando y Conectando a la DB
[03:52:02 [32minfo[39m]: Bot Iniciado con Exito Dia de Registro Sat Sep 09 2023 03:52:02
[03:52:04 [31merror[39m]: uncaughtException: Cannot read properties of undefined (reading 'send')
TypeError: Cannot read properties of undefined (reading 'send')
    at /home/runner/xd/Events/⚡ Cliente/presencia.js:105:61
[03:52:04 [31merror[39m]: uncaughtException: Cannot read properties of undefined (reading 'send')
TypeError: Cannot read properties of undefined (reading 'send')
    at /home/runner/xd/Events/⚡ Cliente/presencia.js:105:61
[03:56:52 [32minfo[39m]: Iniciando y Conectando a la DB
[03:56:52 [32minfo[39m]: Bot Iniciado con Exito Dia de Registro Sat Sep 09 2023 03:56:52
[03:56:54 [31merror[39m]: uncaughtException: Cannot read properties of undefined (reading 'send')
TypeError: Cannot read properties of undefined (reading 'send')
    at /home/runner/xd/Events/⚡ Cliente/presencia.js:105:61
[03:56:54 [31merror[39m]: uncaughtException: Cannot read properties of undefined (reading 'send')
TypeError: Cannot read properties of undefined (reading 'send')
    at /home/runner/xd/Events/⚡ Cliente/presencia.js:105:61
[04:02:02 [32minfo[39m]: Iniciando y Conectando a la DB
[04:02:02 [32minfo[39m]: Bot Iniciado con Exito Dia de Registro Sat Sep 09 2023 04:02:02
[04:02:04 [31merror[39m]: uncaughtException: Cannot read properties of undefined (reading 'send')
TypeError: Cannot read properties of undefined (reading 'send')
    at /home/runner/xd/Events/⚡ Cliente/presencia.js:105:61
[04:02:04 [31merror[39m]: uncaughtException: Cannot read properties of undefined (reading 'send')
TypeError: Cannot read properties of undefined (reading 'send')
    at /home/runner/xd/Events/⚡ Cliente/presencia.js:105:61
[04:07:02 [32minfo[39m]: Iniciando y Conectando a la DB
[04:07:02 [32minfo[39m]: Bot Iniciado con Exito Dia de Registro Sat Sep 09 2023 04:07:02
[04:07:03 [31merror[39m]: uncaughtException: Cannot read properties of undefined (reading 'send')
TypeError: Cannot read properties of undefined (reading 'send')
    at /home/runner/xd/Events/⚡ Cliente/presencia.js:105:61
[04:07:03 [31merror[39m]: uncaughtException: Cannot read properties of undefined (reading 'send')
TypeError: Cannot read properties of undefined (reading 'send')
    at /home/runner/xd/Events/⚡ Cliente/presencia.js:105:61
[04:12:01 [32minfo[39m]: Iniciando y Conectando a la DB
[04:12:01 [32minfo[39m]: Bot Iniciado con Exito Dia de Registro Sat Sep 09 2023 04:12:01
[04:12:03 [31merror[39m]: uncaughtException: Cannot read properties of undefined (reading 'send')
TypeError: Cannot read properties of undefined (reading 'send')
    at /home/runner/xd/Events/⚡ Cliente/presencia.js:105:61
[04:12:03 [31merror[39m]: uncaughtException: Cannot read properties of undefined (reading 'send')
TypeError: Cannot read properties of undefined (reading 'send')
    at /home/runner/xd/Events/⚡ Cliente/presencia.js:105:61
[04:17:02 [32minfo[39m]: Iniciando y Conectando a la DB
[04:17:02 [32minfo[39m]: Bot Iniciado con Exito Dia de Registro Sat Sep 09 2023 04:17:02
[04:17:04 [31merror[39m]: uncaughtException: Cannot read properties of undefined (reading 'send')
TypeError: Cannot read properties of undefined (reading 'send')
    at /home/runner/xd/Events/⚡ Cliente/presencia.js:105:61
[04:17:04 [31merror[39m]: uncaughtException: Cannot read properties of undefined (reading 'send')
TypeError: Cannot read properties of undefined (reading 'send')
    at /home/runner/xd/Events/⚡ Cliente/presencia.js:105:61
[04:27:12 [32minfo[39m]: Iniciando y Conectando a la DB
[04:27:12 [32minfo[39m]: Bot Iniciado con Exito Dia de Registro Sat Sep 09 2023 04:27:12
[04:27:13 [31merror[39m]: uncaughtException: Cannot read properties of undefined (reading 'send')
TypeError: Cannot read properties of undefined (reading 'send')
    at /home/runner/xd/Events/⚡ Cliente/presencia.js:105:61
[04:27:13 [31merror[39m]: uncaughtException: Cannot read properties of undefined (reading 'send')
TypeError: Cannot read properties of undefined (reading 'send')
    at /home/runner/xd/Events/⚡ Cliente/presencia.js:105:61
[04:31:52 [32minfo[39m]: Iniciando y Conectando a la DB
[04:31:52 [32minfo[39m]: Bot Iniciado con Exito Dia de Registro Sat Sep 09 2023 04:31:52
[04:31:54 [31merror[39m]: uncaughtException: Cannot read properties of undefined (reading 'send')
TypeError: Cannot read properties of undefined (reading 'send')
    at /home/runner/xd/Events/⚡ Cliente/presencia.js:105:61
[04:31:54 [31merror[39m]: uncaughtException: Cannot read properties of undefined (reading 'send')
TypeError: Cannot read properties of undefined (reading 'send')
    at /home/runner/xd/Events/⚡ Cliente/presencia.js:105:61
[04:37:12 [32minfo[39m]: Iniciando y Conectando a la DB
[04:37:12 [32minfo[39m]: Bot Iniciado con Exito Dia de Registro Sat Sep 09 2023 04:37:12
[04:37:13 [31merror[39m]: uncaughtException: Cannot read properties of undefined (reading 'send')
TypeError: Cannot read properties of undefined (reading 'send')
    at /home/runner/xd/Events/⚡ Cliente/presencia.js:105:61
[04:37:13 [31merror[39m]: uncaughtException: Cannot read properties of undefined (reading 'send')
TypeError: Cannot read properties of undefined (reading 'send')
    at /home/runner/xd/Events/⚡ Cliente/presencia.js:105:61
[04:42:01 [32minfo[39m]: Iniciando y Conectando a la DB
[04:42:01 [32minfo[39m]: Bot Iniciado con Exito Dia de Registro Sat Sep 09 2023 04:42:01
[04:42:03 [31merror[39m]: uncaughtException: Cannot read properties of undefined (reading 'send')
TypeError: Cannot read properties of undefined (reading 'send')
    at /home/runner/xd/Events/⚡ Cliente/presencia.js:105:61
[04:42:03 [31merror[39m]: uncaughtException: Cannot read properties of undefined (reading 'send')
TypeError: Cannot read properties of undefined (reading 'send')
    at /home/runner/xd/Events/⚡ Cliente/presencia.js:105:61
[04:46:52 [32minfo[39m]: Iniciando y Conectando a la DB
[04:46:52 [32minfo[39m]: Bot Iniciado con Exito Dia de Registro Sat Sep 09 2023 04:46:52
[04:46:54 [31merror[39m]: uncaughtException: Cannot read properties of undefined (reading 'send')
TypeError: Cannot read properties of undefined (reading 'send')
    at /home/runner/xd/Events/⚡ Cliente/presencia.js:105:61
[04:46:54 [31merror[39m]: uncaughtException: Cannot read properties of undefined (reading 'send')
TypeError: Cannot read properties of undefined (reading 'send')
    at /home/runner/xd/Events/⚡ Cliente/presencia.js:105:61
[04:51:52 [32minfo[39m]: Iniciando y Conectando a la DB
[04:51:52 [32minfo[39m]: Bot Iniciado con Exito Dia de Registro Sat Sep 09 2023 04:51:52
[04:51:53 [31merror[39m]: uncaughtException: Cannot read properties of undefined (reading 'send')
TypeError: Cannot read properties of undefined (reading 'send')
    at /home/runner/xd/Events/⚡ Cliente/presencia.js:105:61
[04:51:53 [31merror[39m]: uncaughtException: Cannot read properties of undefined (reading 'send')
TypeError: Cannot read properties of undefined (reading 'send')
    at /home/runner/xd/Events/⚡ Cliente/presencia.js:105:61
[04:56:52 [32minfo[39m]: Iniciando y Conectando a la DB
[04:56:52 [32minfo[39m]: Bot Iniciado con Exito Dia de Registro Sat Sep 09 2023 04:56:52
[04:56:53 [31merror[39m]: uncaughtException: Cannot read properties of undefined (reading 'send')
TypeError: Cannot read properties of undefined (reading 'send')
    at /home/runner/xd/Events/⚡ Cliente/presencia.js:105:61
[04:56:53 [31merror[39m]: uncaughtException: Cannot read properties of undefined (reading 'send')
TypeError: Cannot read properties of undefined (reading 'send')
    at /home/runner/xd/Events/⚡ Cliente/presencia.js:105:61
[05:17:52 [32minfo[39m]: Iniciando y Conectando a la DB
[05:17:52 [32minfo[39m]: Bot Iniciado con Exito Dia de Registro Sat Sep 09 2023 05:17:52
[05:17:54 [31merror[39m]: uncaughtException: Cannot read properties of undefined (reading 'send')
TypeError: Cannot read properties of undefined (reading 'send')
    at /home/runner/xd/Events/⚡ Cliente/presencia.js:105:61
[05:17:54 [31merror[39m]: uncaughtException: Cannot read properties of undefined (reading 'send')
TypeError: Cannot read properties of undefined (reading 'send')
    at /home/runner/xd/Events/⚡ Cliente/presencia.js:105:61
[05:27:51 [32minfo[39m]: Iniciando y Conectando a la DB
[05:27:51 [32minfo[39m]: Bot Iniciado con Exito Dia de Registro Sat Sep 09 2023 05:27:51
[05:27:53 [31merror[39m]: uncaughtException: Cannot read properties of undefined (reading 'send')
TypeError: Cannot read properties of undefined (reading 'send')
    at /home/runner/xd/Events/⚡ Cliente/presencia.js:105:61
[05:27:53 [31merror[39m]: uncaughtException: Cannot read properties of undefined (reading 'send')
TypeError: Cannot read properties of undefined (reading 'send')
    at /home/runner/xd/Events/⚡ Cliente/presencia.js:105:61
[05:32:52 [32minfo[39m]: Iniciando y Conectando a la DB
[05:32:52 [32minfo[39m]: Bot Iniciado con Exito Dia de Registro Sat Sep 09 2023 05:32:52
[05:32:54 [31merror[39m]: uncaughtException: Cannot read properties of undefined (reading 'send')
TypeError: Cannot read properties of undefined (reading 'send')
    at /home/runner/xd/Events/⚡ Cliente/presencia.js:105:61
[05:32:54 [31merror[39m]: uncaughtException: Cannot read properties of undefined (reading 'send')
TypeError: Cannot read properties of undefined (reading 'send')
    at /home/runner/xd/Events/⚡ Cliente/presencia.js:105:61
[05:37:53 [32minfo[39m]: Iniciando y Conectando a la DB
[05:37:53 [32minfo[39m]: Bot Iniciado con Exito Dia de Registro Sat Sep 09 2023 05:37:53
[05:37:55 [31merror[39m]: uncaughtException: Cannot read properties of undefined (reading 'send')
TypeError: Cannot read properties of undefined (reading 'send')
    at /home/runner/xd/Events/⚡ Cliente/presencia.js:105:61
[05:37:55 [31merror[39m]: uncaughtException: Cannot read properties of undefined (reading 'send')
TypeError: Cannot read properties of undefined (reading 'send')
    at /home/runner/xd/Events/⚡ Cliente/presencia.js:105:61
[05:42:52 [32minfo[39m]: Iniciando y Conectando a la DB
[05:42:52 [32minfo[39m]: Bot Iniciado con Exito Dia de Registro Sat Sep 09 2023 05:42:52
[05:42:53 [31merror[39m]: uncaughtException: Cannot read properties of undefined (reading 'send')
TypeError: Cannot read properties of undefined (reading 'send')
    at /home/runner/xd/Events/⚡ Cliente/presencia.js:105:61
[05:42:53 [31merror[39m]: uncaughtException: Cannot read properties of undefined (reading 'send')
TypeError: Cannot read properties of undefined (reading 'send')
    at /home/runner/xd/Events/⚡ Cliente/presencia.js:105:61
[05:47:52 [32minfo[39m]: Iniciando y Conectando a la DB
[05:47:52 [32minfo[39m]: Bot Iniciado con Exito Dia de Registro Sat Sep 09 2023 05:47:52
[05:47:53 [31merror[39m]: uncaughtException: Cannot read properties of undefined (reading 'send')
TypeError: Cannot read properties of undefined (reading 'send')
    at /home/runner/xd/Events/⚡ Cliente/presencia.js:105:61
[05:47:53 [31merror[39m]: uncaughtException: Cannot read properties of undefined (reading 'send')
TypeError: Cannot read properties of undefined (reading 'send')
    at /home/runner/xd/Events/⚡ Cliente/presencia.js:105:61
[05:52:52 [32minfo[39m]: Iniciando y Conectando a la DB
[05:52:52 [32minfo[39m]: Bot Iniciado con Exito Dia de Registro Sat Sep 09 2023 05:52:52
[05:52:53 [31merror[39m]: uncaughtException: Cannot read properties of undefined (reading 'send')
TypeError: Cannot read properties of undefined (reading 'send')
    at /home/runner/xd/Events/⚡ Cliente/presencia.js:105:61
[05:52:53 [31merror[39m]: uncaughtException: Cannot read properties of undefined (reading 'send')
TypeError: Cannot read properties of undefined (reading 'send')
    at /home/runner/xd/Events/⚡ Cliente/presencia.js:105:61
[05:57:52 [32minfo[39m]: Iniciando y Conectando a la DB
[05:57:52 [32minfo[39m]: Bot Iniciado con Exito Dia de Registro Sat Sep 09 2023 05:57:52
[05:57:54 [31merror[39m]: uncaughtException: Cannot read properties of undefined (reading 'send')
TypeError: Cannot read properties of undefined (reading 'send')
    at /home/runner/xd/Events/⚡ Cliente/presencia.js:105:61
[05:57:54 [31merror[39m]: uncaughtException: Cannot read properties of undefined (reading 'send')
TypeError: Cannot read properties of undefined (reading 'send')
    at /home/runner/xd/Events/⚡ Cliente/presencia.js:105:61
[06:02:52 [32minfo[39m]: Iniciando y Conectando a la DB
[06:02:52 [32minfo[39m]: Bot Iniciado con Exito Dia de Registro Sat Sep 09 2023 06:02:52
[06:02:54 [31merror[39m]: uncaughtException: Cannot read properties of undefined (reading 'send')
TypeError: Cannot read properties of undefined (reading 'send')
    at /home/runner/xd/Events/⚡ Cliente/presencia.js:105:61
[06:02:54 [31merror[39m]: uncaughtException: Cannot read properties of undefined (reading 'send')
TypeError: Cannot read properties of undefined (reading 'send')
    at /home/runner/xd/Events/⚡ Cliente/presencia.js:105:61
[06:08:02 [32minfo[39m]: Iniciando y Conectando a la DB
[06:08:02 [32minfo[39m]: Bot Iniciado con Exito Dia de Registro Sat Sep 09 2023 06:08:02
[06:08:04 [31merror[39m]: uncaughtException: Cannot read properties of undefined (reading 'send')
TypeError: Cannot read properties of undefined (reading 'send')
    at /home/runner/xd/Events/⚡ Cliente/presencia.js:105:61
[06:08:04 [31merror[39m]: uncaughtException: Cannot read properties of undefined (reading 'send')
TypeError: Cannot read properties of undefined (reading 'send')
    at /home/runner/xd/Events/⚡ Cliente/presencia.js:105:61
[06:13:12 [32minfo[39m]: Iniciando y Conectando a la DB
[06:13:12 [32minfo[39m]: Bot Iniciado con Exito Dia de Registro Sat Sep 09 2023 06:13:12
[06:13:13 [31merror[39m]: uncaughtException: Cannot read properties of undefined (reading 'send')
TypeError: Cannot read properties of undefined (reading 'send')
    at /home/runner/xd/Events/⚡ Cliente/presencia.js:105:61
[06:13:13 [31merror[39m]: uncaughtException: Cannot read properties of undefined (reading 'send')
TypeError: Cannot read properties of undefined (reading 'send')
    at /home/runner/xd/Events/⚡ Cliente/presencia.js:105:61
[06:17:52 [32minfo[39m]: Iniciando y Conectando a la DB
[06:17:52 [32minfo[39m]: Bot Iniciado con Exito Dia de Registro Sat Sep 09 2023 06:17:52
[06:17:54 [31merror[39m]: uncaughtException: Cannot read properties of undefined (reading 'send')
TypeError: Cannot read properties of undefined (reading 'send')
    at /home/runner/xd/Events/⚡ Cliente/presencia.js:105:61
[06:17:54 [31merror[39m]: uncaughtException: Cannot read properties of undefined (reading 'send')
TypeError: Cannot read properties of undefined (reading 'send')
    at /home/runner/xd/Events/⚡ Cliente/presencia.js:105:61
[06:22:52 [32minfo[39m]: Iniciando y Conectando a la DB
[06:22:52 [32minfo[39m]: Bot Iniciado con Exito Dia de Registro Sat Sep 09 2023 06:22:52
[06:22:54 [31merror[39m]: uncaughtException: Cannot read properties of undefined (reading 'send')
TypeError: Cannot read properties of undefined (reading 'send')
    at /home/runner/xd/Events/⚡ Cliente/presencia.js:105:61
[06:22:54 [31merror[39m]: uncaughtException: Cannot read properties of undefined (reading 'send')
TypeError: Cannot read properties of undefined (reading 'send')
    at /home/runner/xd/Events/⚡ Cliente/presencia.js:105:61
[06:27:52 [32minfo[39m]: Iniciando y Conectando a la DB
[06:27:52 [32minfo[39m]: Bot Iniciado con Exito Dia de Registro Sat Sep 09 2023 06:27:52
[06:27:54 [31merror[39m]: uncaughtException: Cannot read properties of undefined (reading 'send')
TypeError: Cannot read properties of undefined (reading 'send')
    at /home/runner/xd/Events/⚡ Cliente/presencia.js:105:61
[06:27:54 [31merror[39m]: uncaughtException: Cannot read properties of undefined (reading 'send')
TypeError: Cannot read properties of undefined (reading 'send')
    at /home/runner/xd/Events/⚡ Cliente/presencia.js:105:61
[06:32:53 [32minfo[39m]: Iniciando y Conectando a la DB
[06:32:53 [32minfo[39m]: Bot Iniciado con Exito Dia de Registro Sat Sep 09 2023 06:32:53
[06:32:55 [31merror[39m]: uncaughtException: Cannot read properties of undefined (reading 'send')
TypeError: Cannot read properties of undefined (reading 'send')
    at /home/runner/xd/Events/⚡ Cliente/presencia.js:105:61
[06:32:55 [31merror[39m]: uncaughtException: Cannot read properties of undefined (reading 'send')
TypeError: Cannot read properties of undefined (reading 'send')
    at /home/runner/xd/Events/⚡ Cliente/presencia.js:105:61
[06:37:52 [32minfo[39m]: Iniciando y Conectando a la DB
[06:37:52 [32minfo[39m]: Bot Iniciado con Exito Dia de Registro Sat Sep 09 2023 06:37:52
[06:37:54 [31merror[39m]: uncaughtException: Cannot read properties of undefined (reading 'send')
TypeError: Cannot read properties of undefined (reading 'send')
    at /home/runner/xd/Events/⚡ Cliente/presencia.js:105:61
[06:37:54 [31merror[39m]: uncaughtException: Cannot read properties of undefined (reading 'send')
TypeError: Cannot read properties of undefined (reading 'send')
    at /home/runner/xd/Events/⚡ Cliente/presencia.js:105:61
[06:42:52 [32minfo[39m]: Iniciando y Conectando a la DB
[06:42:52 [32minfo[39m]: Bot Iniciado con Exito Dia de Registro Sat Sep 09 2023 06:42:52
[06:42:54 [31merror[39m]: uncaughtException: Cannot read properties of undefined (reading 'send')
TypeError: Cannot read properties of undefined (reading 'send')
    at /home/runner/xd/Events/⚡ Cliente/presencia.js:105:61
[06:42:54 [31merror[39m]: uncaughtException: Cannot read properties of undefined (reading 'send')
TypeError: Cannot read properties of undefined (reading 'send')
    at /home/runner/xd/Events/⚡ Cliente/presencia.js:105:61
[06:48:04 [32minfo[39m]: Iniciando y Conectando a la DB
[06:48:04 [32minfo[39m]: Bot Iniciado con Exito Dia de Registro Sat Sep 09 2023 06:48:04
[06:48:05 [31merror[39m]: uncaughtException: Cannot read properties of undefined (reading 'send')
TypeError: Cannot read properties of undefined (reading 'send')
    at /home/runner/xd/Events/⚡ Cliente/presencia.js:105:61
[06:48:05 [31merror[39m]: uncaughtException: Cannot read properties of undefined (reading 'send')
TypeError: Cannot read properties of undefined (reading 'send')
    at /home/runner/xd/Events/⚡ Cliente/presencia.js:105:61
[06:57:52 [32minfo[39m]: Iniciando y Conectando a la DB
[06:57:52 [32minfo[39m]: Bot Iniciado con Exito Dia de Registro Sat Sep 09 2023 06:57:52
[06:57:53 [31merror[39m]: uncaughtException: Cannot read properties of undefined (reading 'send')
TypeError: Cannot read properties of undefined (reading 'send')
    at /home/runner/xd/Events/⚡ Cliente/presencia.js:105:61
[06:57:53 [31merror[39m]: uncaughtException: Cannot read properties of undefined (reading 'send')
TypeError: Cannot read properties of undefined (reading 'send')
    at /home/runner/xd/Events/⚡ Cliente/presencia.js:105:61
[07:02:52 [32minfo[39m]: Iniciando y Conectando a la DB
[07:02:52 [32minfo[39m]: Bot Iniciado con Exito Dia de Registro Sat Sep 09 2023 07:02:52
[07:02:54 [31merror[39m]: uncaughtException: Cannot read properties of undefined (reading 'send')
TypeError: Cannot read properties of undefined (reading 'send')
    at /home/runner/xd/Events/⚡ Cliente/presencia.js:105:61
[07:02:54 [31merror[39m]: uncaughtException: Cannot read properties of undefined (reading 'send')
TypeError: Cannot read properties of undefined (reading 'send')
    at /home/runner/xd/Events/⚡ Cliente/presencia.js:105:61
[07:08:02 [32minfo[39m]: Iniciando y Conectando a la DB
[07:08:02 [32minfo[39m]: Bot Iniciado con Exito Dia de Registro Sat Sep 09 2023 07:08:02
[07:08:04 [31merror[39m]: uncaughtException: Cannot read properties of undefined (reading 'send')
TypeError: Cannot read properties of undefined (reading 'send')
    at /home/runner/xd/Events/⚡ Cliente/presencia.js:105:61
[07:08:04 [31merror[39m]: uncaughtException: Cannot read properties of undefined (reading 'send')
TypeError: Cannot read properties of undefined (reading 'send')
    at /home/runner/xd/Events/⚡ Cliente/presencia.js:105:61
[07:12:53 [32minfo[39m]: Iniciando y Conectando a la DB
[07:12:53 [32minfo[39m]: Bot Iniciado con Exito Dia de Registro Sat Sep 09 2023 07:12:53
[07:12:55 [31merror[39m]: uncaughtException: Cannot read properties of undefined (reading 'send')
TypeError: Cannot read properties of undefined (reading 'send')
    at /home/runner/xd/Events/⚡ Cliente/presencia.js:105:61
[07:12:55 [31merror[39m]: uncaughtException: Cannot read properties of undefined (reading 'send')
TypeError: Cannot read properties of undefined (reading 'send')
    at /home/runner/xd/Events/⚡ Cliente/presencia.js:105:61
[07:17:53 [32minfo[39m]: Iniciando y Conectando a la DB
[07:17:53 [32minfo[39m]: Bot Iniciado con Exito Dia de Registro Sat Sep 09 2023 07:17:53
[07:17:56 [31merror[39m]: uncaughtException: Cannot read properties of undefined (reading 'send')
TypeError: Cannot read properties of undefined (reading 'send')
    at /home/runner/xd/Events/⚡ Cliente/presencia.js:105:61
[07:17:56 [31merror[39m]: uncaughtException: Cannot read properties of undefined (reading 'send')
TypeError: Cannot read properties of undefined (reading 'send')
    at /home/runner/xd/Events/⚡ Cliente/presencia.js:105:61
[07:22:53 [32minfo[39m]: Iniciando y Conectando a la DB
[07:22:53 [32minfo[39m]: Bot Iniciado con Exito Dia de Registro Sat Sep 09 2023 07:22:53
[07:22:55 [31merror[39m]: uncaughtException: Cannot read properties of undefined (reading 'send')
TypeError: Cannot read properties of undefined (reading 'send')
    at /home/runner/xd/Events/⚡ Cliente/presencia.js:105:61
[07:22:55 [31merror[39m]: uncaughtException: Cannot read properties of undefined (reading 'send')
TypeError: Cannot read properties of undefined (reading 'send')
    at /home/runner/xd/Events/⚡ Cliente/presencia.js:105:61
[07:27:52 [32minfo[39m]: Iniciando y Conectando a la DB
[07:27:52 [32minfo[39m]: Bot Iniciado con Exito Dia de Registro Sat Sep 09 2023 07:27:52
[07:27:53 [31merror[39m]: uncaughtException: Cannot read properties of undefined (reading 'send')
TypeError: Cannot read properties of undefined (reading 'send')
    at /home/runner/xd/Events/⚡ Cliente/presencia.js:105:61
[07:27:53 [31merror[39m]: uncaughtException: Cannot read properties of undefined (reading 'send')
TypeError: Cannot read properties of undefined (reading 'send')
    at /home/runner/xd/Events/⚡ Cliente/presencia.js:105:61
[07:32:51 [32minfo[39m]: Iniciando y Conectando a la DB
[07:32:51 [32minfo[39m]: Bot Iniciado con Exito Dia de Registro Sat Sep 09 2023 07:32:51
[07:32:53 [31merror[39m]: uncaughtException: Cannot read properties of undefined (reading 'send')
TypeError: Cannot read properties of undefined (reading 'send')
    at /home/runner/xd/Events/⚡ Cliente/presencia.js:105:61
[07:32:53 [31merror[39m]: uncaughtException: Cannot read properties of undefined (reading 'send')
TypeError: Cannot read properties of undefined (reading 'send')
    at /home/runner/xd/Events/⚡ Cliente/presencia.js:105:61
[07:37:52 [32minfo[39m]: Iniciando y Conectando a la DB
[07:37:52 [32minfo[39m]: Bot Iniciado con Exito Dia de Registro Sat Sep 09 2023 07:37:52
[07:37:53 [31merror[39m]: uncaughtException: Cannot read properties of undefined (reading 'send')
TypeError: Cannot read properties of undefined (reading 'send')
    at /home/runner/xd/Events/⚡ Cliente/presencia.js:105:61
[07:37:53 [31merror[39m]: uncaughtException: Cannot read properties of undefined (reading 'send')
TypeError: Cannot read properties of undefined (reading 'send')
    at /home/runner/xd/Events/⚡ Cliente/presencia.js:105:61
[07:42:52 [32minfo[39m]: Iniciando y Conectando a la DB
[07:42:52 [32minfo[39m]: Bot Iniciado con Exito Dia de Registro Sat Sep 09 2023 07:42:52
[07:42:54 [31merror[39m]: uncaughtException: Cannot read properties of undefined (reading 'send')
TypeError: Cannot read properties of undefined (reading 'send')
    at /home/runner/xd/Events/⚡ Cliente/presencia.js:105:61
[07:42:54 [31merror[39m]: uncaughtException: Cannot read properties of undefined (reading 'send')
TypeError: Cannot read properties of undefined (reading 'send')
    at /home/runner/xd/Events/⚡ Cliente/presencia.js:105:61
[07:48:02 [32minfo[39m]: Iniciando y Conectando a la DB
[07:48:02 [32minfo[39m]: Bot Iniciado con Exito Dia de Registro Sat Sep 09 2023 07:48:02
[07:48:03 [31merror[39m]: uncaughtException: Cannot read properties of undefined (reading 'send')
TypeError: Cannot read properties of undefined (reading 'send')
    at /home/runner/xd/Events/⚡ Cliente/presencia.js:105:61
[07:48:03 [31merror[39m]: uncaughtException: Cannot read properties of undefined (reading 'send')
TypeError: Cannot read properties of undefined (reading 'send')
    at /home/runner/xd/Events/⚡ Cliente/presencia.js:105:61
[07:52:53 [32minfo[39m]: Iniciando y Conectando a la DB
[07:52:53 [32minfo[39m]: Bot Iniciado con Exito Dia de Registro Sat Sep 09 2023 07:52:53
[07:52:56 [31merror[39m]: uncaughtException: Cannot read properties of undefined (reading 'send')
TypeError: Cannot read properties of undefined (reading 'send')
    at /home/runner/xd/Events/⚡ Cliente/presencia.js:105:61
[07:52:56 [31merror[39m]: uncaughtException: Cannot read properties of undefined (reading 'send')
TypeError: Cannot read properties of undefined (reading 'send')
    at /home/runner/xd/Events/⚡ Cliente/presencia.js:105:61
[08:02:52 [32minfo[39m]: Iniciando y Conectando a la DB
[08:02:52 [32minfo[39m]: Bot Iniciado con Exito Dia de Registro Sat Sep 09 2023 08:02:52
[08:02:54 [31merror[39m]: uncaughtException: Cannot read properties of undefined (reading 'send')
TypeError: Cannot read properties of undefined (reading 'send')
    at /home/runner/xd/Events/⚡ Cliente/presencia.js:105:61
[08:02:54 [31merror[39m]: uncaughtException: Cannot read properties of undefined (reading 'send')
TypeError: Cannot read properties of undefined (reading 'send')
    at /home/runner/xd/Events/⚡ Cliente/presencia.js:105:61
[08:07:52 [32minfo[39m]: Iniciando y Conectando a la DB
[08:07:52 [32minfo[39m]: Bot Iniciado con Exito Dia de Registro Sat Sep 09 2023 08:07:52
[08:07:54 [31merror[39m]: uncaughtException: Cannot read properties of undefined (reading 'send')
TypeError: Cannot read properties of undefined (reading 'send')
    at /home/runner/xd/Events/⚡ Cliente/presencia.js:105:61
[08:07:54 [31merror[39m]: uncaughtException: Cannot read properties of undefined (reading 'send')
TypeError: Cannot read properties of undefined (reading 'send')
    at /home/runner/xd/Events/⚡ Cliente/presencia.js:105:61
[08:12:52 [32minfo[39m]: Iniciando y Conectando a la DB
[08:12:52 [32minfo[39m]: Bot Iniciado con Exito Dia de Registro Sat Sep 09 2023 08:12:52
[08:12:54 [31merror[39m]: uncaughtException: Cannot read properties of undefined (reading 'send')
TypeError: Cannot read properties of undefined (reading 'send')
    at /home/runner/xd/Events/⚡ Cliente/presencia.js:105:61
[08:12:54 [31merror[39m]: uncaughtException: Cannot read properties of undefined (reading 'send')
TypeError: Cannot read properties of undefined (reading 'send')
    at /home/runner/xd/Events/⚡ Cliente/presencia.js:105:61
[08:17:52 [32minfo[39m]: Iniciando y Conectando a la DB
[08:17:52 [32minfo[39m]: Bot Iniciado con Exito Dia de Registro Sat Sep 09 2023 08:17:52
[08:17:54 [31merror[39m]: uncaughtException: Cannot read properties of undefined (reading 'send')
TypeError: Cannot read properties of undefined (reading 'send')
    at /home/runner/xd/Events/⚡ Cliente/presencia.js:105:61
[08:17:54 [31merror[39m]: uncaughtException: Cannot read properties of undefined (reading 'send')
TypeError: Cannot read properties of undefined (reading 'send')
    at /home/runner/xd/Events/⚡ Cliente/presencia.js:105:61
[08:22:52 [32minfo[39m]: Iniciando y Conectando a la DB
[08:22:52 [32minfo[39m]: Bot Iniciado con Exito Dia de Registro Sat Sep 09 2023 08:22:52
[08:22:53 [31merror[39m]: uncaughtException: Cannot read properties of undefined (reading 'send')
TypeError: Cannot read properties of undefined (reading 'send')
    at /home/runner/xd/Events/⚡ Cliente/presencia.js:105:61
[08:22:53 [31merror[39m]: uncaughtException: Cannot read properties of undefined (reading 'send')
TypeError: Cannot read properties of undefined (reading 'send')
    at /home/runner/xd/Events/⚡ Cliente/presencia.js:105:61
[08:27:52 [32minfo[39m]: Iniciando y Conectando a la DB
[08:27:52 [32minfo[39m]: Bot Iniciado con Exito Dia de Registro Sat Sep 09 2023 08:27:52
[08:27:54 [31merror[39m]: uncaughtException: Cannot read properties of undefined (reading 'send')
TypeError: Cannot read properties of undefined (reading 'send')
    at /home/runner/xd/Events/⚡ Cliente/presencia.js:105:61
[08:27:54 [31merror[39m]: uncaughtException: Cannot read properties of undefined (reading 'send')
TypeError: Cannot read properties of undefined (reading 'send')
    at /home/runner/xd/Events/⚡ Cliente/presencia.js:105:61
[08:32:52 [32minfo[39m]: Iniciando y Conectando a la DB
[08:32:52 [32minfo[39m]: Bot Iniciado con Exito Dia de Registro Sat Sep 09 2023 08:32:52
[08:32:54 [31merror[39m]: uncaughtException: Cannot read properties of undefined (reading 'send')
TypeError: Cannot read properties of undefined (reading 'send')
    at /home/runner/xd/Events/⚡ Cliente/presencia.js:105:61
[08:32:54 [31merror[39m]: uncaughtException: Cannot read properties of undefined (reading 'send')
TypeError: Cannot read properties of undefined (reading 'send')
    at /home/runner/xd/Events/⚡ Cliente/presencia.js:105:61
[08:37:52 [32minfo[39m]: Iniciando y Conectando a la DB
[08:37:52 [32minfo[39m]: Bot Iniciado con Exito Dia de Registro Sat Sep 09 2023 08:37:52
[08:37:54 [31merror[39m]: uncaughtException: Cannot read properties of undefined (reading 'send')
TypeError: Cannot read properties of undefined (reading 'send')
    at /home/runner/xd/Events/⚡ Cliente/presencia.js:105:61
[08:37:54 [31merror[39m]: uncaughtException: Cannot read properties of undefined (reading 'send')
TypeError: Cannot read properties of undefined (reading 'send')
    at /home/runner/xd/Events/⚡ Cliente/presencia.js:105:61
[08:42:52 [32minfo[39m]: Iniciando y Conectando a la DB
[08:42:52 [32minfo[39m]: Bot Iniciado con Exito Dia de Registro Sat Sep 09 2023 08:42:52
[08:42:53 [31merror[39m]: uncaughtException: Cannot read properties of undefined (reading 'send')
TypeError: Cannot read properties of undefined (reading 'send')
    at /home/runner/xd/Events/⚡ Cliente/presencia.js:105:61
[08:42:53 [31merror[39m]: uncaughtException: Cannot read properties of undefined (reading 'send')
TypeError: Cannot read properties of undefined (reading 'send')
    at /home/runner/xd/Events/⚡ Cliente/presencia.js:105:61
[08:47:52 [32minfo[39m]: Iniciando y Conectando a la DB
[08:47:52 [32minfo[39m]: Bot Iniciado con Exito Dia de Registro Sat Sep 09 2023 08:47:52
[08:47:54 [31merror[39m]: uncaughtException: Cannot read properties of undefined (reading 'send')
TypeError: Cannot read properties of undefined (reading 'send')
    at /home/runner/xd/Events/⚡ Cliente/presencia.js:105:61
[08:47:54 [31merror[39m]: uncaughtException: Cannot read properties of undefined (reading 'send')
TypeError: Cannot read properties of undefined (reading 'send')
    at /home/runner/xd/Events/⚡ Cliente/presencia.js:105:61
[08:52:52 [32minfo[39m]: Iniciando y Conectando a la DB
[08:52:52 [32minfo[39m]: Bot Iniciado con Exito Dia de Registro Sat Sep 09 2023 08:52:52
[08:52:54 [31merror[39m]: uncaughtException: Cannot read properties of undefined (reading 'send')
TypeError: Cannot read properties of undefined (reading 'send')
    at /home/runner/xd/Events/⚡ Cliente/presencia.js:105:61
[08:52:54 [31merror[39m]: uncaughtException: Cannot read properties of undefined (reading 'send')
TypeError: Cannot read properties of undefined (reading 'send')
    at /home/runner/xd/Events/⚡ Cliente/presencia.js:105:61
[08:57:52 [32minfo[39m]: Iniciando y Conectando a la DB
[08:57:52 [32minfo[39m]: Bot Iniciado con Exito Dia de Registro Sat Sep 09 2023 08:57:52
[08:57:54 [31merror[39m]: uncaughtException: Cannot read properties of undefined (reading 'send')
TypeError: Cannot read properties of undefined (reading 'send')
    at /home/runner/xd/Events/⚡ Cliente/presencia.js:105:61
[08:57:54 [31merror[39m]: uncaughtException: Cannot read properties of undefined (reading 'send')
TypeError: Cannot read properties of undefined (reading 'send')
    at /home/runner/xd/Events/⚡ Cliente/presencia.js:105:61
[09:45:40 [32minfo[39m]: Iniciando y Conectando a la DB
[09:45:40 [32minfo[39m]: Bot Iniciado con Exito Dia de Registro Sat Sep 09 2023 09:45:40
[09:45:42 [31merror[39m]: uncaughtException: Cannot read properties of undefined (reading 'send')
TypeError: Cannot read properties of undefined (reading 'send')
    at /home/runner/xd/Events/⚡ Cliente/presencia.js:105:61
[09:45:42 [31merror[39m]: uncaughtException: Cannot read properties of undefined (reading 'send')
TypeError: Cannot read properties of undefined (reading 'send')
    at /home/runner/xd/Events/⚡ Cliente/presencia.js:105:61
[09:50:31 [32minfo[39m]: Iniciando y Conectando a la DB
[09:50:31 [32minfo[39m]: Bot Iniciado con Exito Dia de Registro Sat Sep 09 2023 09:50:31
[09:50:32 [31merror[39m]: uncaughtException: Cannot read properties of undefined (reading 'send')
TypeError: Cannot read properties of undefined (reading 'send')
    at /home/runner/xd/Events/⚡ Cliente/presencia.js:105:61
[09:50:32 [31merror[39m]: uncaughtException: Cannot read properties of undefined (reading 'send')
TypeError: Cannot read properties of undefined (reading 'send')
    at /home/runner/xd/Events/⚡ Cliente/presencia.js:105:61
[09:55:31 [32minfo[39m]: Iniciando y Conectando a la DB
[09:55:31 [32minfo[39m]: Bot Iniciado con Exito Dia de Registro Sat Sep 09 2023 09:55:31
[09:55:32 [31merror[39m]: uncaughtException: Cannot read properties of undefined (reading 'send')
TypeError: Cannot read properties of undefined (reading 'send')
    at /home/runner/xd/Events/⚡ Cliente/presencia.js:105:61
[09:55:32 [31merror[39m]: uncaughtException: Cannot read properties of undefined (reading 'send')
TypeError: Cannot read properties of undefined (reading 'send')
    at /home/runner/xd/Events/⚡ Cliente/presencia.js:105:61
[10:00:30 [32minfo[39m]: Iniciando y Conectando a la DB
[10:00:30 [32minfo[39m]: Bot Iniciado con Exito Dia de Registro Sat Sep 09 2023 10:00:30
[10:00:31 [31merror[39m]: uncaughtException: Cannot read properties of undefined (reading 'send')
TypeError: Cannot read properties of undefined (reading 'send')
    at /home/runner/xd/Events/⚡ Cliente/presencia.js:105:61
[10:00:31 [31merror[39m]: uncaughtException: Cannot read properties of undefined (reading 'send')
TypeError: Cannot read properties of undefined (reading 'send')
    at /home/runner/xd/Events/⚡ Cliente/presencia.js:105:61
[10:05:30 [32minfo[39m]: Iniciando y Conectando a la DB
[10:05:30 [32minfo[39m]: Bot Iniciado con Exito Dia de Registro Sat Sep 09 2023 10:05:30
[10:05:32 [31merror[39m]: uncaughtException: Cannot read properties of undefined (reading 'send')
TypeError: Cannot read properties of undefined (reading 'send')
    at /home/runner/xd/Events/⚡ Cliente/presencia.js:105:61
[10:05:32 [31merror[39m]: uncaughtException: Cannot read properties of undefined (reading 'send')
TypeError: Cannot read properties of undefined (reading 'send')
    at /home/runner/xd/Events/⚡ Cliente/presencia.js:105:61
[10:10:41 [32minfo[39m]: Iniciando y Conectando a la DB
[10:10:41 [32minfo[39m]: Bot Iniciado con Exito Dia de Registro Sat Sep 09 2023 10:10:41
[10:10:43 [31merror[39m]: uncaughtException: Cannot read properties of undefined (reading 'send')
TypeError: Cannot read properties of undefined (reading 'send')
    at /home/runner/xd/Events/⚡ Cliente/presencia.js:105:61
[10:10:43 [31merror[39m]: uncaughtException: Cannot read properties of undefined (reading 'send')
TypeError: Cannot read properties of undefined (reading 'send')
    at /home/runner/xd/Events/⚡ Cliente/presencia.js:105:61
[10:15:41 [32minfo[39m]: Iniciando y Conectando a la DB
[10:15:41 [32minfo[39m]: Bot Iniciado con Exito Dia de Registro Sat Sep 09 2023 10:15:41
[10:15:43 [31merror[39m]: uncaughtException: Cannot read properties of undefined (reading 'send')
TypeError: Cannot read properties of undefined (reading 'send')
    at /home/runner/xd/Events/⚡ Cliente/presencia.js:105:61
[10:15:43 [31merror[39m]: uncaughtException: Cannot read properties of undefined (reading 'send')
TypeError: Cannot read properties of undefined (reading 'send')
    at /home/runner/xd/Events/⚡ Cliente/presencia.js:105:61
[10:20:42 [32minfo[39m]: Iniciando y Conectando a la DB
[10:20:42 [32minfo[39m]: Bot Iniciado con Exito Dia de Registro Sat Sep 09 2023 10:20:42
[10:20:43 [31merror[39m]: uncaughtException: Cannot read properties of undefined (reading 'send')
TypeError: Cannot read properties of undefined (reading 'send')
    at /home/runner/xd/Events/⚡ Cliente/presencia.js:105:61
[10:20:43 [31merror[39m]: uncaughtException: Cannot read properties of undefined (reading 'send')
TypeError: Cannot read properties of undefined (reading 'send')
    at /home/runner/xd/Events/⚡ Cliente/presencia.js:105:61
[10:30:33 [32minfo[39m]: Iniciando y Conectando a la DB
[10:30:33 [32minfo[39m]: Bot Iniciado con Exito Dia de Registro Sat Sep 09 2023 10:30:33
[10:30:34 [31merror[39m]: uncaughtException: Cannot read properties of undefined (reading 'send')
TypeError: Cannot read properties of undefined (reading 'send')
    at /home/runner/xd/Events/⚡ Cliente/presencia.js:105:61
[10:30:34 [31merror[39m]: uncaughtException: Cannot read properties of undefined (reading 'send')
TypeError: Cannot read properties of undefined (reading 'send')
    at /home/runner/xd/Events/⚡ Cliente/presencia.js:105:61
[10:40:31 [32minfo[39m]: Iniciando y Conectando a la DB
[10:40:31 [32minfo[39m]: Bot Iniciado con Exito Dia de Registro Sat Sep 09 2023 10:40:31
[10:40:32 [31merror[39m]: uncaughtException: Cannot read properties of undefined (reading 'send')
TypeError: Cannot read properties of undefined (reading 'send')
    at /home/runner/xd/Events/⚡ Cliente/presencia.js:105:61
[10:40:32 [31merror[39m]: uncaughtException: Cannot read properties of undefined (reading 'send')
TypeError: Cannot read properties of undefined (reading 'send')
    at /home/runner/xd/Events/⚡ Cliente/presencia.js:105:61
[10:45:31 [32minfo[39m]: Iniciando y Conectando a la DB
[10:45:31 [32minfo[39m]: Bot Iniciado con Exito Dia de Registro Sat Sep 09 2023 10:45:31
[10:45:32 [31merror[39m]: uncaughtException: Cannot read properties of undefined (reading 'send')
TypeError: Cannot read properties of undefined (reading 'send')
    at /home/runner/xd/Events/⚡ Cliente/presencia.js:105:61
[10:45:32 [31merror[39m]: uncaughtException: Cannot read properties of undefined (reading 'send')
TypeError: Cannot read properties of undefined (reading 'send')
    at /home/runner/xd/Events/⚡ Cliente/presencia.js:105:61
[11:11:09 [32minfo[39m]: Iniciando y Conectando a la DB
[11:11:09 [32minfo[39m]: Bot Iniciado con Exito Dia de Registro Sat Sep 09 2023 11:11:09
[11:11:11 [31merror[39m]: uncaughtException: Cannot read properties of undefined (reading 'send')
TypeError: Cannot read properties of undefined (reading 'send')
    at /home/runner/xd/Events/⚡ Cliente/presencia.js:105:61
[11:11:11 [31merror[39m]: uncaughtException: Cannot read properties of undefined (reading 'send')
TypeError: Cannot read properties of undefined (reading 'send')
    at /home/runner/xd/Events/⚡ Cliente/presencia.js:105:61
[11:26:48 [32minfo[39m]: Iniciando y Conectando a la DB
[11:26:48 [32minfo[39m]: Bot Iniciado con Exito Dia de Registro Sat Sep 09 2023 11:26:48
[11:26:49 [31merror[39m]: uncaughtException: Cannot read properties of undefined (reading 'send')
TypeError: Cannot read properties of undefined (reading 'send')
    at /home/runner/xd/Events/⚡ Cliente/presencia.js:105:61
[11:26:49 [31merror[39m]: uncaughtException: Cannot read properties of undefined (reading 'send')
TypeError: Cannot read properties of undefined (reading 'send')
    at /home/runner/xd/Events/⚡ Cliente/presencia.js:105:61
[11:31:47 [32minfo[39m]: Iniciando y Conectando a la DB
[11:31:47 [32minfo[39m]: Bot Iniciado con Exito Dia de Registro Sat Sep 09 2023 11:31:47
[11:31:48 [31merror[39m]: uncaughtException: Cannot read properties of undefined (reading 'send')
TypeError: Cannot read properties of undefined (reading 'send')
    at /home/runner/xd/Events/⚡ Cliente/presencia.js:105:61
[11:31:48 [31merror[39m]: uncaughtException: Cannot read properties of undefined (reading 'send')
TypeError: Cannot read properties of undefined (reading 'send')
    at /home/runner/xd/Events/⚡ Cliente/presencia.js:105:61
[11:36:47 [32minfo[39m]: Iniciando y Conectando a la DB
[11:36:47 [32minfo[39m]: Bot Iniciado con Exito Dia de Registro Sat Sep 09 2023 11:36:47
[11:36:48 [31merror[39m]: uncaughtException: Cannot read properties of undefined (reading 'send')
TypeError: Cannot read properties of undefined (reading 'send')
    at /home/runner/xd/Events/⚡ Cliente/presencia.js:105:61
[11:36:48 [31merror[39m]: uncaughtException: Cannot read properties of undefined (reading 'send')
TypeError: Cannot read properties of undefined (reading 'send')
    at /home/runner/xd/Events/⚡ Cliente/presencia.js:105:61
[11:41:58 [32minfo[39m]: Iniciando y Conectando a la DB
[11:41:58 [32minfo[39m]: Bot Iniciado con Exito Dia de Registro Sat Sep 09 2023 11:41:58
[11:42:00 [31merror[39m]: uncaughtException: Cannot read properties of undefined (reading 'send')
TypeError: Cannot read properties of undefined (reading 'send')
    at /home/runner/xd/Events/⚡ Cliente/presencia.js:105:61
[11:42:00 [31merror[39m]: uncaughtException: Cannot read properties of undefined (reading 'send')
TypeError: Cannot read properties of undefined (reading 'send')
    at /home/runner/xd/Events/⚡ Cliente/presencia.js:105:61
[11:56:48 [32minfo[39m]: Iniciando y Conectando a la DB
[11:56:48 [32minfo[39m]: Bot Iniciado con Exito Dia de Registro Sat Sep 09 2023 11:56:48
[11:56:49 [31merror[39m]: uncaughtException: Cannot read properties of undefined (reading 'send')
TypeError: Cannot read properties of undefined (reading 'send')
    at /home/runner/xd/Events/⚡ Cliente/presencia.js:105:61
[11:56:49 [31merror[39m]: uncaughtException: Cannot read properties of undefined (reading 'send')
TypeError: Cannot read properties of undefined (reading 'send')
    at /home/runner/xd/Events/⚡ Cliente/presencia.js:105:61
[12:01:58 [32minfo[39m]: Iniciando y Conectando a la DB
[12:01:58 [32minfo[39m]: Bot Iniciado con Exito Dia de Registro Sat Sep 09 2023 12:01:58
[12:01:59 [31merror[39m]: uncaughtException: Cannot read properties of undefined (reading 'send')
TypeError: Cannot read properties of undefined (reading 'send')
    at /home/runner/xd/Events/⚡ Cliente/presencia.js:105:61
[12:01:59 [31merror[39m]: uncaughtException: Cannot read properties of undefined (reading 'send')
TypeError: Cannot read properties of undefined (reading 'send')
    at /home/runner/xd/Events/⚡ Cliente/presencia.js:105:61
[12:11:57 [32minfo[39m]: Iniciando y Conectando a la DB
[12:11:57 [32minfo[39m]: Bot Iniciado con Exito Dia de Registro Sat Sep 09 2023 12:11:57
[12:11:58 [31merror[39m]: uncaughtException: Cannot read properties of undefined (reading 'send')
TypeError: Cannot read properties of undefined (reading 'send')
    at /home/runner/xd/Events/⚡ Cliente/presencia.js:105:61
[12:11:58 [31merror[39m]: uncaughtException: Cannot read properties of undefined (reading 'send')
TypeError: Cannot read properties of undefined (reading 'send')
    at /home/runner/xd/Events/⚡ Cliente/presencia.js:105:61
[12:16:57 [32minfo[39m]: Iniciando y Conectando a la DB
[12:16:57 [32minfo[39m]: Bot Iniciado con Exito Dia de Registro Sat Sep 09 2023 12:16:57
[12:16:59 [31merror[39m]: uncaughtException: Cannot read properties of undefined (reading 'send')
TypeError: Cannot read properties of undefined (reading 'send')
    at /home/runner/xd/Events/⚡ Cliente/presencia.js:105:61
[12:16:59 [31merror[39m]: uncaughtException: Cannot read properties of undefined (reading 'send')
TypeError: Cannot read properties of undefined (reading 'send')
    at /home/runner/xd/Events/⚡ Cliente/presencia.js:105:61
[12:21:57 [32minfo[39m]: Iniciando y Conectando a la DB
[12:21:57 [32minfo[39m]: Bot Iniciado con Exito Dia de Registro Sat Sep 09 2023 12:21:57
[12:21:59 [31merror[39m]: uncaughtException: Cannot read properties of undefined (reading 'send')
TypeError: Cannot read properties of undefined (reading 'send')
    at /home/runner/xd/Events/⚡ Cliente/presencia.js:105:61
[12:21:59 [31merror[39m]: uncaughtException: Cannot read properties of undefined (reading 'send')
TypeError: Cannot read properties of undefined (reading 'send')
    at /home/runner/xd/Events/⚡ Cliente/presencia.js:105:61
[12:26:57 [32minfo[39m]: Iniciando y Conectando a la DB
[12:26:57 [32minfo[39m]: Bot Iniciado con Exito Dia de Registro Sat Sep 09 2023 12:26:57
[12:26:59 [31merror[39m]: uncaughtException: Cannot read properties of undefined (reading 'send')
TypeError: Cannot read properties of undefined (reading 'send')
    at /home/runner/xd/Events/⚡ Cliente/presencia.js:105:61
[12:26:59 [31merror[39m]: uncaughtException: Cannot read properties of undefined (reading 'send')
TypeError: Cannot read properties of undefined (reading 'send')
    at /home/runner/xd/Events/⚡ Cliente/presencia.js:105:61
[12:32:27 [32minfo[39m]: Iniciando y Conectando a la DB
[12:32:27 [32minfo[39m]: Bot Iniciado con Exito Dia de Registro Sat Sep 09 2023 12:32:27
[12:32:28 [31merror[39m]: uncaughtException: Cannot read properties of undefined (reading 'send')
TypeError: Cannot read properties of undefined (reading 'send')
    at /home/runner/xd/Events/⚡ Cliente/presencia.js:105:61
[12:32:28 [31merror[39m]: uncaughtException: Cannot read properties of undefined (reading 'send')
TypeError: Cannot read properties of undefined (reading 'send')
    at /home/runner/xd/Events/⚡ Cliente/presencia.js:105:61
[12:37:27 [32minfo[39m]: Iniciando y Conectando a la DB
[12:37:27 [32minfo[39m]: Bot Iniciado con Exito Dia de Registro Sat Sep 09 2023 12:37:27
[12:37:28 [31merror[39m]: uncaughtException: Cannot read properties of undefined (reading 'send')
TypeError: Cannot read properties of undefined (reading 'send')
    at /home/runner/xd/Events/⚡ Cliente/presencia.js:105:61
[12:37:28 [31merror[39m]: uncaughtException: Cannot read properties of undefined (reading 'send')
TypeError: Cannot read properties of undefined (reading 'send')
    at /home/runner/xd/Events/⚡ Cliente/presencia.js:105:61
[12:42:26 [32minfo[39m]: Iniciando y Conectando a la DB
[12:42:26 [32minfo[39m]: Bot Iniciado con Exito Dia de Registro Sat Sep 09 2023 12:42:26
[12:42:28 [31merror[39m]: uncaughtException: Cannot read properties of undefined (reading 'send')
TypeError: Cannot read properties of undefined (reading 'send')
    at /home/runner/xd/Events/⚡ Cliente/presencia.js:105:61
[12:42:28 [31merror[39m]: uncaughtException: Cannot read properties of undefined (reading 'send')
TypeError: Cannot read properties of undefined (reading 'send')
    at /home/runner/xd/Events/⚡ Cliente/presencia.js:105:61
[12:47:26 [32minfo[39m]: Iniciando y Conectando a la DB
[12:47:26 [32minfo[39m]: Bot Iniciado con Exito Dia de Registro Sat Sep 09 2023 12:47:26
[12:47:27 [31merror[39m]: uncaughtException: Cannot read properties of undefined (reading 'send')
TypeError: Cannot read properties of undefined (reading 'send')
    at /home/runner/xd/Events/⚡ Cliente/presencia.js:105:61
[12:47:27 [31merror[39m]: uncaughtException: Cannot read properties of undefined (reading 'send')
TypeError: Cannot read properties of undefined (reading 'send')
    at /home/runner/xd/Events/⚡ Cliente/presencia.js:105:61
[12:52:26 [32minfo[39m]: Iniciando y Conectando a la DB
[12:52:26 [32minfo[39m]: Bot Iniciado con Exito Dia de Registro Sat Sep 09 2023 12:52:26
[12:52:28 [31merror[39m]: uncaughtException: Cannot read properties of undefined (reading 'send')
TypeError: Cannot read properties of undefined (reading 'send')
    at /home/runner/xd/Events/⚡ Cliente/presencia.js:105:61
[12:52:28 [31merror[39m]: uncaughtException: Cannot read properties of undefined (reading 'send')
TypeError: Cannot read properties of undefined (reading 'send')
    at /home/runner/xd/Events/⚡ Cliente/presencia.js:105:61
[12:57:27 [32minfo[39m]: Iniciando y Conectando a la DB
[12:57:27 [32minfo[39m]: Bot Iniciado con Exito Dia de Registro Sat Sep 09 2023 12:57:27
[12:57:28 [31merror[39m]: uncaughtException: Cannot read properties of undefined (reading 'send')
TypeError: Cannot read properties of undefined (reading 'send')
    at /home/runner/xd/Events/⚡ Cliente/presencia.js:105:61
[12:57:28 [31merror[39m]: uncaughtException: Cannot read properties of undefined (reading 'send')
TypeError: Cannot read properties of undefined (reading 'send')
    at /home/runner/xd/Events/⚡ Cliente/presencia.js:105:61
[13:02:36 [32minfo[39m]: Iniciando y Conectando a la DB
[13:02:36 [32minfo[39m]: Bot Iniciado con Exito Dia de Registro Sat Sep 09 2023 13:02:36
[13:02:37 [31merror[39m]: uncaughtException: Cannot read properties of undefined (reading 'send')
TypeError: Cannot read properties of undefined (reading 'send')
    at /home/runner/xd/Events/⚡ Cliente/presencia.js:105:61
[13:02:37 [31merror[39m]: uncaughtException: Cannot read properties of undefined (reading 'send')
TypeError: Cannot read properties of undefined (reading 'send')
    at /home/runner/xd/Events/⚡ Cliente/presencia.js:105:61
[13:07:36 [32minfo[39m]: Iniciando y Conectando a la DB
[13:07:36 [32minfo[39m]: Bot Iniciado con Exito Dia de Registro Sat Sep 09 2023 13:07:36
[13:07:37 [31merror[39m]: uncaughtException: Cannot read properties of undefined (reading 'send')
TypeError: Cannot read properties of undefined (reading 'send')
    at /home/runner/xd/Events/⚡ Cliente/presencia.js:105:61
[13:07:37 [31merror[39m]: uncaughtException: Cannot read properties of undefined (reading 'send')
TypeError: Cannot read properties of undefined (reading 'send')
    at /home/runner/xd/Events/⚡ Cliente/presencia.js:105:61
[13:12:36 [32minfo[39m]: Iniciando y Conectando a la DB
[13:12:36 [32minfo[39m]: Bot Iniciado con Exito Dia de Registro Sat Sep 09 2023 13:12:36
[13:12:37 [31merror[39m]: uncaughtException: Cannot read properties of undefined (reading 'send')
TypeError: Cannot read properties of undefined (reading 'send')
    at /home/runner/xd/Events/⚡ Cliente/presencia.js:105:61
[13:12:37 [31merror[39m]: uncaughtException: Cannot read properties of undefined (reading 'send')
TypeError: Cannot read properties of undefined (reading 'send')
    at /home/runner/xd/Events/⚡ Cliente/presencia.js:105:61
[13:17:37 [32minfo[39m]: Iniciando y Conectando a la DB
[13:17:37 [32minfo[39m]: Bot Iniciado con Exito Dia de Registro Sat Sep 09 2023 13:17:37
[13:17:38 [31merror[39m]: uncaughtException: Cannot read properties of undefined (reading 'send')
TypeError: Cannot read properties of undefined (reading 'send')
    at /home/runner/xd/Events/⚡ Cliente/presencia.js:105:61
[13:17:38 [31merror[39m]: uncaughtException: Cannot read properties of undefined (reading 'send')
TypeError: Cannot read properties of undefined (reading 'send')
    at /home/runner/xd/Events/⚡ Cliente/presencia.js:105:61
[13:27:36 [32minfo[39m]: Iniciando y Conectando a la DB
[13:27:36 [32minfo[39m]: Bot Iniciado con Exito Dia de Registro Sat Sep 09 2023 13:27:36
[13:27:37 [31merror[39m]: uncaughtException: Cannot read properties of undefined (reading 'send')
TypeError: Cannot read properties of undefined (reading 'send')
    at /home/runner/xd/Events/⚡ Cliente/presencia.js:105:61
[13:27:37 [31merror[39m]: uncaughtException: Cannot read properties of undefined (reading 'send')
TypeError: Cannot read properties of undefined (reading 'send')
    at /home/runner/xd/Events/⚡ Cliente/presencia.js:105:61
[13:32:26 [32minfo[39m]: Iniciando y Conectando a la DB
[13:32:26 [32minfo[39m]: Bot Iniciado con Exito Dia de Registro Sat Sep 09 2023 13:32:26
[13:32:28 [31merror[39m]: uncaughtException: Cannot read properties of undefined (reading 'send')
TypeError: Cannot read properties of undefined (reading 'send')
    at /home/runner/xd/Events/⚡ Cliente/presencia.js:105:61
[13:32:28 [31merror[39m]: uncaughtException: Cannot read properties of undefined (reading 'send')
TypeError: Cannot read properties of undefined (reading 'send')
    at /home/runner/xd/Events/⚡ Cliente/presencia.js:105:61
[13:37:27 [32minfo[39m]: Iniciando y Conectando a la DB
[13:37:27 [32minfo[39m]: Bot Iniciado con Exito Dia de Registro Sat Sep 09 2023 13:37:27
[13:37:28 [31merror[39m]: uncaughtException: Cannot read properties of undefined (reading 'send')
TypeError: Cannot read properties of undefined (reading 'send')
    at /home/runner/xd/Events/⚡ Cliente/presencia.js:105:61
[13:37:28 [31merror[39m]: uncaughtException: Cannot read properties of undefined (reading 'send')
TypeError: Cannot read properties of undefined (reading 'send')
    at /home/runner/xd/Events/⚡ Cliente/presencia.js:105:61
[13:42:26 [32minfo[39m]: Iniciando y Conectando a la DB
[13:42:26 [32minfo[39m]: Bot Iniciado con Exito Dia de Registro Sat Sep 09 2023 13:42:26
[13:42:27 [31merror[39m]: uncaughtException: Cannot read properties of undefined (reading 'send')
TypeError: Cannot read properties of undefined (reading 'send')
    at /home/runner/xd/Events/⚡ Cliente/presencia.js:105:61
[13:42:27 [31merror[39m]: uncaughtException: Cannot read properties of undefined (reading 'send')
TypeError: Cannot read properties of undefined (reading 'send')
    at /home/runner/xd/Events/⚡ Cliente/presencia.js:105:61
[13:57:26 [32minfo[39m]: Iniciando y Conectando a la DB
[13:57:26 [32minfo[39m]: Bot Iniciado con Exito Dia de Registro Sat Sep 09 2023 13:57:26
[13:57:28 [31merror[39m]: uncaughtException: Cannot read properties of undefined (reading 'send')
TypeError: Cannot read properties of undefined (reading 'send')
    at /home/runner/xd/Events/⚡ Cliente/presencia.js:105:61
[13:57:28 [31merror[39m]: uncaughtException: Cannot read properties of undefined (reading 'send')
TypeError: Cannot read properties of undefined (reading 'send')
    at /home/runner/xd/Events/⚡ Cliente/presencia.js:105:61
[14:02:38 [32minfo[39m]: Iniciando y Conectando a la DB
[14:02:38 [32minfo[39m]: Bot Iniciado con Exito Dia de Registro Sat Sep 09 2023 14:02:38
[14:02:39 [31merror[39m]: uncaughtException: Cannot read properties of undefined (reading 'send')
TypeError: Cannot read properties of undefined (reading 'send')
    at /home/runner/xd/Events/⚡ Cliente/presencia.js:105:61
[14:02:39 [31merror[39m]: uncaughtException: Cannot read properties of undefined (reading 'send')
TypeError: Cannot read properties of undefined (reading 'send')
    at /home/runner/xd/Events/⚡ Cliente/presencia.js:105:61
[14:07:26 [32minfo[39m]: Iniciando y Conectando a la DB
[14:07:26 [32minfo[39m]: Bot Iniciado con Exito Dia de Registro Sat Sep 09 2023 14:07:26
[14:07:27 [31merror[39m]: uncaughtException: Cannot read properties of undefined (reading 'send')
TypeError: Cannot read properties of undefined (reading 'send')
    at /home/runner/xd/Events/⚡ Cliente/presencia.js:105:61
[14:07:27 [31merror[39m]: uncaughtException: Cannot read properties of undefined (reading 'send')
TypeError: Cannot read properties of undefined (reading 'send')
    at /home/runner/xd/Events/⚡ Cliente/presencia.js:105:61
[14:12:26 [32minfo[39m]: Iniciando y Conectando a la DB
[14:12:26 [32minfo[39m]: Bot Iniciado con Exito Dia de Registro Sat Sep 09 2023 14:12:26
[14:12:27 [31merror[39m]: uncaughtException: Cannot read properties of undefined (reading 'send')
TypeError: Cannot read properties of undefined (reading 'send')
    at /home/runner/xd/Events/⚡ Cliente/presencia.js:105:61
[14:12:27 [31merror[39m]: uncaughtException: Cannot read properties of undefined (reading 'send')
TypeError: Cannot read properties of undefined (reading 'send')
    at /home/runner/xd/Events/⚡ Cliente/presencia.js:105:61
[14:17:26 [32minfo[39m]: Iniciando y Conectando a la DB
[14:17:27 [32minfo[39m]: Bot Iniciado con Exito Dia de Registro Sat Sep 09 2023 14:17:27
[14:17:28 [31merror[39m]: uncaughtException: Cannot read properties of undefined (reading 'send')
TypeError: Cannot read properties of undefined (reading 'send')
    at /home/runner/xd/Events/⚡ Cliente/presencia.js:105:61
[14:17:28 [31merror[39m]: uncaughtException: Cannot read properties of undefined (reading 'send')
TypeError: Cannot read properties of undefined (reading 'send')
    at /home/runner/xd/Events/⚡ Cliente/presencia.js:105:61
[14:22:36 [32minfo[39m]: Iniciando y Conectando a la DB
[14:22:36 [32minfo[39m]: Bot Iniciado con Exito Dia de Registro Sat Sep 09 2023 14:22:36
[14:22:37 [31merror[39m]: uncaughtException: Cannot read properties of undefined (reading 'send')
TypeError: Cannot read properties of undefined (reading 'send')
    at /home/runner/xd/Events/⚡ Cliente/presencia.js:105:61
[14:22:37 [31merror[39m]: uncaughtException: Cannot read properties of undefined (reading 'send')
TypeError: Cannot read properties of undefined (reading 'send')
    at /home/runner/xd/Events/⚡ Cliente/presencia.js:105:61
[14:32:26 [32minfo[39m]: Iniciando y Conectando a la DB
[14:32:26 [32minfo[39m]: Bot Iniciado con Exito Dia de Registro Sat Sep 09 2023 14:32:26
[14:32:27 [31merror[39m]: uncaughtException: Cannot read properties of undefined (reading 'send')
TypeError: Cannot read properties of undefined (reading 'send')
    at /home/runner/xd/Events/⚡ Cliente/presencia.js:105:61
[14:32:27 [31merror[39m]: uncaughtException: Cannot read properties of undefined (reading 'send')
TypeError: Cannot read properties of undefined (reading 'send')
    at /home/runner/xd/Events/⚡ Cliente/presencia.js:105:61
[14:37:37 [32minfo[39m]: Iniciando y Conectando a la DB
[14:37:37 [32minfo[39m]: Bot Iniciado con Exito Dia de Registro Sat Sep 09 2023 14:37:37
[14:37:38 [31merror[39m]: uncaughtException: Cannot read properties of undefined (reading 'send')
TypeError: Cannot read properties of undefined (reading 'send')
    at /home/runner/xd/Events/⚡ Cliente/presencia.js:105:61
[14:37:38 [31merror[39m]: uncaughtException: Cannot read properties of undefined (reading 'send')
TypeError: Cannot read properties of undefined (reading 'send')
    at /home/runner/xd/Events/⚡ Cliente/presencia.js:105:61
[14:42:36 [32minfo[39m]: Iniciando y Conectando a la DB
[14:42:36 [32minfo[39m]: Bot Iniciado con Exito Dia de Registro Sat Sep 09 2023 14:42:36
[14:42:38 [31merror[39m]: uncaughtException: Cannot read properties of undefined (reading 'send')
TypeError: Cannot read properties of undefined (reading 'send')
    at /home/runner/xd/Events/⚡ Cliente/presencia.js:105:61
[14:42:38 [31merror[39m]: uncaughtException: Cannot read properties of undefined (reading 'send')
TypeError: Cannot read properties of undefined (reading 'send')
    at /home/runner/xd/Events/⚡ Cliente/presencia.js:105:61
[14:47:37 [32minfo[39m]: Iniciando y Conectando a la DB
[14:47:37 [32minfo[39m]: Bot Iniciado con Exito Dia de Registro Sat Sep 09 2023 14:47:37
[14:47:38 [31merror[39m]: uncaughtException: Cannot read properties of undefined (reading 'send')
TypeError: Cannot read properties of undefined (reading 'send')
    at /home/runner/xd/Events/⚡ Cliente/presencia.js:105:61
[14:47:38 [31merror[39m]: uncaughtException: Cannot read properties of undefined (reading 'send')
TypeError: Cannot read properties of undefined (reading 'send')
    at /home/runner/xd/Events/⚡ Cliente/presencia.js:105:61
[14:57:26 [32minfo[39m]: Iniciando y Conectando a la DB
[14:57:26 [32minfo[39m]: Bot Iniciado con Exito Dia de Registro Sat Sep 09 2023 14:57:26
[14:57:27 [31merror[39m]: uncaughtException: Cannot read properties of undefined (reading 'send')
TypeError: Cannot read properties of undefined (reading 'send')
    at /home/runner/xd/Events/⚡ Cliente/presencia.js:105:61
[14:57:27 [31merror[39m]: uncaughtException: Cannot read properties of undefined (reading 'send')
TypeError: Cannot read properties of undefined (reading 'send')
    at /home/runner/xd/Events/⚡ Cliente/presencia.js:105:61
[15:02:27 [32minfo[39m]: Iniciando y Conectando a la DB
[15:02:27 [32minfo[39m]: Bot Iniciado con Exito Dia de Registro Sat Sep 09 2023 15:02:27
[15:02:28 [31merror[39m]: uncaughtException: Cannot read properties of undefined (reading 'send')
TypeError: Cannot read properties of undefined (reading 'send')
    at /home/runner/xd/Events/⚡ Cliente/presencia.js:105:61
[15:02:28 [31merror[39m]: uncaughtException: Cannot read properties of undefined (reading 'send')
TypeError: Cannot read properties of undefined (reading 'send')
    at /home/runner/xd/Events/⚡ Cliente/presencia.js:105:61
[15:12:38 [32minfo[39m]: Iniciando y Conectando a la DB
[15:12:38 [32minfo[39m]: Bot Iniciado con Exito Dia de Registro Sat Sep 09 2023 15:12:38
[15:12:39 [31merror[39m]: uncaughtException: Cannot read properties of undefined (reading 'send')
TypeError: Cannot read properties of undefined (reading 'send')
    at /home/runner/xd/Events/⚡ Cliente/presencia.js:105:61
[15:12:39 [31merror[39m]: uncaughtException: Cannot read properties of undefined (reading 'send')
TypeError: Cannot read properties of undefined (reading 'send')
    at /home/runner/xd/Events/⚡ Cliente/presencia.js:105:61
[15:17:27 [32minfo[39m]: Iniciando y Conectando a la DB
[15:17:27 [32minfo[39m]: Bot Iniciado con Exito Dia de Registro Sat Sep 09 2023 15:17:27
[15:17:28 [31merror[39m]: uncaughtException: Cannot read properties of undefined (reading 'send')
TypeError: Cannot read properties of undefined (reading 'send')
    at /home/runner/xd/Events/⚡ Cliente/presencia.js:105:61
[15:17:28 [31merror[39m]: uncaughtException: Cannot read properties of undefined (reading 'send')
TypeError: Cannot read properties of undefined (reading 'send')
    at /home/runner/xd/Events/⚡ Cliente/presencia.js:105:61
[15:22:37 [32minfo[39m]: Iniciando y Conectando a la DB
[15:22:37 [32minfo[39m]: Bot Iniciado con Exito Dia de Registro Sat Sep 09 2023 15:22:37
[15:22:39 [31merror[39m]: uncaughtException: Cannot read properties of undefined (reading 'send')
TypeError: Cannot read properties of undefined (reading 'send')
    at /home/runner/xd/Events/⚡ Cliente/presencia.js:105:61
[15:22:39 [31merror[39m]: uncaughtException: Cannot read properties of undefined (reading 'send')
TypeError: Cannot read properties of undefined (reading 'send')
    at /home/runner/xd/Events/⚡ Cliente/presencia.js:105:61
[15:32:27 [32minfo[39m]: Iniciando y Conectando a la DB
[15:32:27 [32minfo[39m]: Bot Iniciado con Exito Dia de Registro Sat Sep 09 2023 15:32:27
[15:32:28 [31merror[39m]: uncaughtException: Cannot read properties of undefined (reading 'send')
TypeError: Cannot read properties of undefined (reading 'send')
    at /home/runner/xd/Events/⚡ Cliente/presencia.js:105:61
[15:32:28 [31merror[39m]: uncaughtException: Cannot read properties of undefined (reading 'send')
TypeError: Cannot read properties of undefined (reading 'send')
    at /home/runner/xd/Events/⚡ Cliente/presencia.js:105:61
[15:37:36 [32minfo[39m]: Iniciando y Conectando a la DB
[15:37:36 [32minfo[39m]: Bot Iniciado con Exito Dia de Registro Sat Sep 09 2023 15:37:36
[15:37:38 [31merror[39m]: uncaughtException: Cannot read properties of undefined (reading 'send')
TypeError: Cannot read properties of undefined (reading 'send')
    at /home/runner/xd/Events/⚡ Cliente/presencia.js:105:61
[15:37:38 [31merror[39m]: uncaughtException: Cannot read properties of undefined (reading 'send')
TypeError: Cannot read properties of undefined (reading 'send')
    at /home/runner/xd/Events/⚡ Cliente/presencia.js:105:61
[15:42:26 [32minfo[39m]: Iniciando y Conectando a la DB
[15:42:26 [32minfo[39m]: Bot Iniciado con Exito Dia de Registro Sat Sep 09 2023 15:42:26
[15:42:28 [31merror[39m]: uncaughtException: Cannot read properties of undefined (reading 'send')
TypeError: Cannot read properties of undefined (reading 'send')
    at /home/runner/xd/Events/⚡ Cliente/presencia.js:105:61
[15:42:28 [31merror[39m]: uncaughtException: Cannot read properties of undefined (reading 'send')
TypeError: Cannot read properties of undefined (reading 'send')
    at /home/runner/xd/Events/⚡ Cliente/presencia.js:105:61
[15:47:37 [32minfo[39m]: Iniciando y Conectando a la DB
[15:47:37 [32minfo[39m]: Bot Iniciado con Exito Dia de Registro Sat Sep 09 2023 15:47:37
[15:47:38 [31merror[39m]: uncaughtException: Cannot read properties of undefined (reading 'send')
TypeError: Cannot read properties of undefined (reading 'send')
    at /home/runner/xd/Events/⚡ Cliente/presencia.js:105:61
[15:47:38 [31merror[39m]: uncaughtException: Cannot read properties of undefined (reading 'send')
TypeError: Cannot read properties of undefined (reading 'send')
    at /home/runner/xd/Events/⚡ Cliente/presencia.js:105:61
[15:52:36 [32minfo[39m]: Iniciando y Conectando a la DB
[15:52:36 [32minfo[39m]: Bot Iniciado con Exito Dia de Registro Sat Sep 09 2023 15:52:36
[15:52:37 [31merror[39m]: uncaughtException: Cannot read properties of undefined (reading 'send')
TypeError: Cannot read properties of undefined (reading 'send')
    at /home/runner/xd/Events/⚡ Cliente/presencia.js:105:61
[15:52:37 [31merror[39m]: uncaughtException: Cannot read properties of undefined (reading 'send')
TypeError: Cannot read properties of undefined (reading 'send')
    at /home/runner/xd/Events/⚡ Cliente/presencia.js:105:61
[15:57:37 [32minfo[39m]: Iniciando y Conectando a la DB
[15:57:37 [32minfo[39m]: Bot Iniciado con Exito Dia de Registro Sat Sep 09 2023 15:57:37
[15:57:38 [31merror[39m]: uncaughtException: Cannot read properties of undefined (reading 'send')
TypeError: Cannot read properties of undefined (reading 'send')
    at /home/runner/xd/Events/⚡ Cliente/presencia.js:105:61
[15:57:38 [31merror[39m]: uncaughtException: Cannot read properties of undefined (reading 'send')
TypeError: Cannot read properties of undefined (reading 'send')
    at /home/runner/xd/Events/⚡ Cliente/presencia.js:105:61
[16:02:26 [32minfo[39m]: Iniciando y Conectando a la DB
[16:02:26 [32minfo[39m]: Bot Iniciado con Exito Dia de Registro Sat Sep 09 2023 16:02:26
[16:02:28 [31merror[39m]: uncaughtException: Cannot read properties of undefined (reading 'send')
TypeError: Cannot read properties of undefined (reading 'send')
    at /home/runner/xd/Events/⚡ Cliente/presencia.js:105:61
[16:02:28 [31merror[39m]: uncaughtException: Cannot read properties of undefined (reading 'send')
TypeError: Cannot read properties of undefined (reading 'send')
    at /home/runner/xd/Events/⚡ Cliente/presencia.js:105:61
[16:07:36 [32minfo[39m]: Iniciando y Conectando a la DB
[16:07:36 [32minfo[39m]: Bot Iniciado con Exito Dia de Registro Sat Sep 09 2023 16:07:36
[16:07:38 [31merror[39m]: uncaughtException: Cannot read properties of undefined (reading 'send')
TypeError: Cannot read properties of undefined (reading 'send')
    at /home/runner/xd/Events/⚡ Cliente/presencia.js:105:61
[16:07:38 [31merror[39m]: uncaughtException: Cannot read properties of undefined (reading 'send')
TypeError: Cannot read properties of undefined (reading 'send')
    at /home/runner/xd/Events/⚡ Cliente/presencia.js:105:61
[16:12:47 [32minfo[39m]: Iniciando y Conectando a la DB
[16:12:47 [32minfo[39m]: Bot Iniciado con Exito Dia de Registro Sat Sep 09 2023 16:12:47
[16:12:49 [31merror[39m]: uncaughtException: Cannot read properties of undefined (reading 'send')
TypeError: Cannot read properties of undefined (reading 'send')
    at /home/runner/xd/Events/⚡ Cliente/presencia.js:105:61
[16:12:49 [31merror[39m]: uncaughtException: Cannot read properties of undefined (reading 'send')
TypeError: Cannot read properties of undefined (reading 'send')
    at /home/runner/xd/Events/⚡ Cliente/presencia.js:105:61
[16:17:47 [32minfo[39m]: Iniciando y Conectando a la DB
[16:17:47 [32minfo[39m]: Bot Iniciado con Exito Dia de Registro Sat Sep 09 2023 16:17:47
[16:17:48 [31merror[39m]: uncaughtException: Cannot read properties of undefined (reading 'send')
TypeError: Cannot read properties of undefined (reading 'send')
    at /home/runner/xd/Events/⚡ Cliente/presencia.js:105:61
[16:17:48 [31merror[39m]: uncaughtException: Cannot read properties of undefined (reading 'send')
TypeError: Cannot read properties of undefined (reading 'send')
    at /home/runner/xd/Events/⚡ Cliente/presencia.js:105:61
[16:22:26 [32minfo[39m]: Iniciando y Conectando a la DB
[16:22:26 [32minfo[39m]: Bot Iniciado con Exito Dia de Registro Sat Sep 09 2023 16:22:26
[16:22:27 [31merror[39m]: uncaughtException: Cannot read properties of undefined (reading 'send')
TypeError: Cannot read properties of undefined (reading 'send')
    at /home/runner/xd/Events/⚡ Cliente/presencia.js:105:61
[16:22:27 [31merror[39m]: uncaughtException: Cannot read properties of undefined (reading 'send')
TypeError: Cannot read properties of undefined (reading 'send')
    at /home/runner/xd/Events/⚡ Cliente/presencia.js:105:61
[16:27:37 [32minfo[39m]: Iniciando y Conectando a la DB
[16:27:37 [32minfo[39m]: Bot Iniciado con Exito Dia de Registro Sat Sep 09 2023 16:27:37
[16:27:38 [31merror[39m]: uncaughtException: Cannot read properties of undefined (reading 'send')
TypeError: Cannot read properties of undefined (reading 'send')
    at /home/runner/xd/Events/⚡ Cliente/presencia.js:105:61
[16:27:38 [31merror[39m]: uncaughtException: Cannot read properties of undefined (reading 'send')
TypeError: Cannot read properties of undefined (reading 'send')
    at /home/runner/xd/Events/⚡ Cliente/presencia.js:105:61
[16:32:27 [32minfo[39m]: Iniciando y Conectando a la DB
[16:32:27 [32minfo[39m]: Bot Iniciado con Exito Dia de Registro Sat Sep 09 2023 16:32:27
[16:32:28 [31merror[39m]: uncaughtException: Cannot read properties of undefined (reading 'send')
TypeError: Cannot read properties of undefined (reading 'send')
    at /home/runner/xd/Events/⚡ Cliente/presencia.js:105:61
[16:32:28 [31merror[39m]: uncaughtException: Cannot read properties of undefined (reading 'send')
TypeError: Cannot read properties of undefined (reading 'send')
    at /home/runner/xd/Events/⚡ Cliente/presencia.js:105:61
[16:37:26 [32minfo[39m]: Iniciando y Conectando a la DB
[16:37:26 [32minfo[39m]: Bot Iniciado con Exito Dia de Registro Sat Sep 09 2023 16:37:26
[16:37:27 [31merror[39m]: uncaughtException: Cannot read properties of undefined (reading 'send')
TypeError: Cannot read properties of undefined (reading 'send')
    at /home/runner/xd/Events/⚡ Cliente/presencia.js:105:61
[16:37:27 [31merror[39m]: uncaughtException: Cannot read properties of undefined (reading 'send')
TypeError: Cannot read properties of undefined (reading 'send')
    at /home/runner/xd/Events/⚡ Cliente/presencia.js:105:61
[16:40:23 [32minfo[39m]: Iniciando y Conectando a la DB
[16:40:23 [32minfo[39m]: Bot Iniciado con Exito Dia de Registro Sat Sep 09 2023 16:40:23
[16:40:24 [31merror[39m]: uncaughtException: Cannot read properties of undefined (reading 'send')
TypeError: Cannot read properties of undefined (reading 'send')
    at /home/runner/xd/Events/⚡ Cliente/presencia.js:105:61
[16:40:24 [31merror[39m]: uncaughtException: Cannot read properties of undefined (reading 'send')
TypeError: Cannot read properties of undefined (reading 'send')
    at /home/runner/xd/Events/⚡ Cliente/presencia.js:105:61
[16:41:02 [32minfo[39m]: Iniciando y Conectando a la DB
[16:41:02 [32minfo[39m]: Bot Iniciado con Exito Dia de Registro Sat Sep 09 2023 16:41:02
[17:18:45 [31merror[39m]: (intermediate value).setStyle is not a function
[17:18:45 [31merror[39m]: unhandledRejection: Unknown Webhook
DiscordAPIError[10015]: Unknown Webhook
    at handleErrors (/home/runner/xd/node_modules/@discordjs/rest/dist/index.js:687:13)
    at process.processTicksAndRejections (node:internal/process/task_queues:95:5)
    at async SequentialHandler.runRequest (/home/runner/xd/node_modules/@discordjs/rest/dist/index.js:1072:23)
    at async SequentialHandler.queueRequest (/home/runner/xd/node_modules/@discordjs/rest/dist/index.js:913:14)
    at async _REST.request (/home/runner/xd/node_modules/@discordjs/rest/dist/index.js:1218:22)
[17:18:45 [31merror[39m]: unhandledRejection: Unknown Webhook
DiscordAPIError[10015]: Unknown Webhook
    at handleErrors (/home/runner/xd/node_modules/@discordjs/rest/dist/index.js:687:13)
    at process.processTicksAndRejections (node:internal/process/task_queues:95:5)
    at async SequentialHandler.runRequest (/home/runner/xd/node_modules/@discordjs/rest/dist/index.js:1072:23)
    at async SequentialHandler.queueRequest (/home/runner/xd/node_modules/@discordjs/rest/dist/index.js:913:14)
    at async _REST.request (/home/runner/xd/node_modules/@discordjs/rest/dist/index.js:1218:22)
[17:18:45 [31merror[39m]: unhandledRejection: Unknown Webhook
DiscordAPIError[10015]: Unknown Webhook
    at handleErrors (/home/runner/xd/node_modules/@discordjs/rest/dist/index.js:687:13)
    at process.processTicksAndRejections (node:internal/process/task_queues:95:5)
    at async SequentialHandler.runRequest (/home/runner/xd/node_modules/@discordjs/rest/dist/index.js:1072:23)
    at async SequentialHandler.queueRequest (/home/runner/xd/node_modules/@discordjs/rest/dist/index.js:913:14)
    at async _REST.request (/home/runner/xd/node_modules/@discordjs/rest/dist/index.js:1218:22)
[17:33:01 [32minfo[39m]: Iniciando y Conectando a la DB
[17:33:01 [32minfo[39m]: Bot Iniciado con Exito Dia de Registro Sat Sep 09 2023 17:33:01
[18:08:29 [32minfo[39m]: Iniciando y Conectando a la DB
[18:08:29 [32minfo[39m]: Bot Iniciado con Exito Dia de Registro Sat Sep 09 2023 18:08:29
[19:51:57 [32minfo[39m]: Iniciando y Conectando a la DB
[19:51:57 [32minfo[39m]: Bot Iniciado con Exito Dia de Registro Sat Sep 09 2023 19:51:57
[21:57:52 [32minfo[39m]: Iniciando y Conectando a la DB
[21:57:52 [32minfo[39m]: Bot Iniciado con Exito Dia de Registro Sat Sep 09 2023 21:57:52
