[00:21:30 [32minfo[39m]: Iniciando y Conectando a la DB
[00:21:30 [32minfo[39m]: Bot Iniciado con Exito Dia de Registro Thu Oct 19 2023 00:21:30
[00:21:32 [31merror[39m]: uncaughtException: Cannot read properties of undefined (reading 'send')
TypeError: Cannot read properties of undefined (reading 'send')
    at /home/runner/xd/Events/⚡ Cliente/presencia.js:105:61
[00:21:32 [31merror[39m]: uncaughtException: Cannot read properties of undefined (reading 'send')
TypeError: Cannot read properties of undefined (reading 'send')
    at /home/runner/xd/Events/⚡ Cliente/presencia.js:105:61
[00:23:12 [32minfo[39m]: Iniciando y Conectando a la DB
[00:23:12 [32minfo[39m]: Bot Iniciado con Exito Dia de Registro Thu Oct 19 2023 00:23:12
[00:23:13 [31merror[39m]: uncaughtException: Cannot read properties of undefined (reading 'send')
TypeError: Cannot read properties of undefined (reading 'send')
    at /home/runner/xd/Events/⚡ Cliente/presencia.js:105:61
[00:23:13 [31merror[39m]: uncaughtException: Cannot read properties of undefined (reading 'send')
TypeError: Cannot read properties of undefined (reading 'send')
    at /home/runner/xd/Events/⚡ Cliente/presencia.js:105:61
[00:25:00 [32minfo[39m]: Iniciando y Conectando a la DB
[00:25:00 [32minfo[39m]: Bot Iniciado con Exito Dia de Registro Thu Oct 19 2023 00:25:00
[00:25:01 [31merror[39m]: uncaughtException: Cannot read properties of undefined (reading 'send')
TypeError: Cannot read properties of undefined (reading 'send')
    at /home/runner/xd/Events/⚡ Cliente/presencia.js:105:61
[00:25:01 [31merror[39m]: uncaughtException: Cannot read properties of undefined (reading 'send')
TypeError: Cannot read properties of undefined (reading 'send')
    at /home/runner/xd/Events/⚡ Cliente/presencia.js:105:61
[00:25:28 [32minfo[39m]: Iniciando y Conectando a la DB
[00:25:28 [32minfo[39m]: Bot Iniciado con Exito Dia de Registro Thu Oct 19 2023 00:25:28
[00:46:09 [32minfo[39m]: Iniciando y Conectando a la DB
[00:46:09 [32minfo[39m]: Bot Iniciado con Exito Dia de Registro Thu Oct 19 2023 00:46:09
[01:09:20 [32minfo[39m]: Iniciando y Conectando a la DB
[01:09:20 [32minfo[39m]: Bot Iniciado con Exito Dia de Registro Thu Oct 19 2023 01:09:20
[01:22:37 [31merror[39m]: (intermediate value).setStyle is not a function
[01:22:37 [31merror[39m]: unhandledRejection: Unknown Webhook
DiscordAPIError[10015]: Unknown Webhook
    at handleErrors (/home/runner/xd/node_modules/@discordjs/rest/dist/index.js:687:13)
    at process.processTicksAndRejections (node:internal/process/task_queues:95:5)
    at async SequentialHandler.runRequest (/home/runner/xd/node_modules/@discordjs/rest/dist/index.js:1072:23)
    at async SequentialHandler.queueRequest (/home/runner/xd/node_modules/@discordjs/rest/dist/index.js:913:14)
    at async _REST.request (/home/runner/xd/node_modules/@discordjs/rest/dist/index.js:1218:22)
[01:22:37 [31merror[39m]: unhandledRejection: Unknown Webhook
DiscordAPIError[10015]: Unknown Webhook
    at handleErrors (/home/runner/xd/node_modules/@discordjs/rest/dist/index.js:687:13)
    at process.processTicksAndRejections (node:internal/process/task_queues:95:5)
    at async SequentialHandler.runRequest (/home/runner/xd/node_modules/@discordjs/rest/dist/index.js:1072:23)
    at async SequentialHandler.queueRequest (/home/runner/xd/node_modules/@discordjs/rest/dist/index.js:913:14)
    at async _REST.request (/home/runner/xd/node_modules/@discordjs/rest/dist/index.js:1218:22)
[01:22:38 [31merror[39m]: unhandledRejection: Unknown Webhook
DiscordAPIError[10015]: Unknown Webhook
    at handleErrors (/home/runner/xd/node_modules/@discordjs/rest/dist/index.js:687:13)
    at process.processTicksAndRejections (node:internal/process/task_queues:95:5)
    at async SequentialHandler.runRequest (/home/runner/xd/node_modules/@discordjs/rest/dist/index.js:1072:23)
    at async SequentialHandler.queueRequest (/home/runner/xd/node_modules/@discordjs/rest/dist/index.js:913:14)
    at async _REST.request (/home/runner/xd/node_modules/@discordjs/rest/dist/index.js:1218:22)
[01:28:38 [32minfo[39m]: Iniciando y Conectando a la DB
[01:28:38 [32minfo[39m]: Bot Iniciado con Exito Dia de Registro Thu Oct 19 2023 01:28:38
[01:29:02 [31merror[39m]: uncaughtException: Received one or more errors
Error: Received one or more errors
    at ArrayValidator.handle (/home/runner/xd/node_modules/@sapphire/shapeshift/dist/index.js:473:70)
    at ArrayValidator.parse (/home/runner/xd/node_modules/@sapphire/shapeshift/dist/index.js:212:88)
    at EmbedBuilder.addFields (/home/runner/xd/node_modules/@discordjs/builders/dist/index.js:225:31)
    at process.<anonymous> (/home/runner/xd/Plugins/anticrash.js:32:14)
    at process.emit (node:events:525:35)
    at process.emit (node:domain:489:12)
    at emit (node:internal/process/promises:149:20)
    at processPromiseRejections (node:internal/process/promises:283:27)
[01:29:02 [31merror[39m]: uncaughtException: Received one or more errors
Error: Received one or more errors
    at ArrayValidator.handle (/home/runner/xd/node_modules/@sapphire/shapeshift/dist/index.js:473:70)
    at ArrayValidator.parse (/home/runner/xd/node_modules/@sapphire/shapeshift/dist/index.js:212:88)
    at EmbedBuilder.addFields (/home/runner/xd/node_modules/@discordjs/builders/dist/index.js:225:31)
    at process.<anonymous> (/home/runner/xd/Plugins/anticrash.js:32:14)
    at process.emit (node:events:525:35)
    at process.emit (node:domain:489:12)
    at emit (node:internal/process/promises:149:20)
    at processPromiseRejections (node:internal/process/promises:283:27)
[01:33:45 [32minfo[39m]: Iniciando y Conectando a la DB
[01:33:45 [32minfo[39m]: Bot Iniciado con Exito Dia de Registro Thu Oct 19 2023 01:33:45
[01:33:55 [31merror[39m]: uncaughtException: Received one or more errors
Error: Received one or more errors
    at ArrayValidator.handle (/home/runner/xd/node_modules/@sapphire/shapeshift/dist/index.js:473:70)
    at ArrayValidator.parse (/home/runner/xd/node_modules/@sapphire/shapeshift/dist/index.js:212:88)
    at EmbedBuilder.addFields (/home/runner/xd/node_modules/@discordjs/builders/dist/index.js:225:31)
    at process.<anonymous> (/home/runner/xd/Plugins/anticrash.js:32:14)
    at process.emit (node:events:525:35)
    at process.emit (node:domain:489:12)
    at emit (node:internal/process/promises:149:20)
    at processPromiseRejections (node:internal/process/promises:283:27)
[01:33:55 [31merror[39m]: uncaughtException: Received one or more errors
Error: Received one or more errors
    at ArrayValidator.handle (/home/runner/xd/node_modules/@sapphire/shapeshift/dist/index.js:473:70)
    at ArrayValidator.parse (/home/runner/xd/node_modules/@sapphire/shapeshift/dist/index.js:212:88)
    at EmbedBuilder.addFields (/home/runner/xd/node_modules/@discordjs/builders/dist/index.js:225:31)
    at process.<anonymous> (/home/runner/xd/Plugins/anticrash.js:32:14)
    at process.emit (node:events:525:35)
    at process.emit (node:domain:489:12)
    at emit (node:internal/process/promises:149:20)
    at processPromiseRejections (node:internal/process/promises:283:27)
[01:40:58 [32minfo[39m]: Iniciando y Conectando a la DB
[01:40:58 [32minfo[39m]: Bot Iniciado con Exito Dia de Registro Thu Oct 19 2023 01:40:58
[01:41:22 [31merror[39m]: uncaughtException: Received one or more errors
Error: Received one or more errors
    at ArrayValidator.handle (/home/runner/xd/node_modules/@sapphire/shapeshift/dist/index.js:473:70)
    at ArrayValidator.parse (/home/runner/xd/node_modules/@sapphire/shapeshift/dist/index.js:212:88)
    at EmbedBuilder.addFields (/home/runner/xd/node_modules/@discordjs/builders/dist/index.js:225:31)
    at process.<anonymous> (/home/runner/xd/Plugins/anticrash.js:32:14)
    at process.emit (node:events:525:35)
    at process.emit (node:domain:489:12)
    at emit (node:internal/process/promises:149:20)
    at processPromiseRejections (node:internal/process/promises:283:27)
[01:41:22 [31merror[39m]: uncaughtException: Received one or more errors
Error: Received one or more errors
    at ArrayValidator.handle (/home/runner/xd/node_modules/@sapphire/shapeshift/dist/index.js:473:70)
    at ArrayValidator.parse (/home/runner/xd/node_modules/@sapphire/shapeshift/dist/index.js:212:88)
    at EmbedBuilder.addFields (/home/runner/xd/node_modules/@discordjs/builders/dist/index.js:225:31)
    at process.<anonymous> (/home/runner/xd/Plugins/anticrash.js:32:14)
    at process.emit (node:events:525:35)
    at process.emit (node:domain:489:12)
    at emit (node:internal/process/promises:149:20)
    at processPromiseRejections (node:internal/process/promises:283:27)
[01:46:19 [32minfo[39m]: Iniciando y Conectando a la DB
[01:46:19 [32minfo[39m]: Bot Iniciado con Exito Dia de Registro Thu Oct 19 2023 01:46:19
[03:57:39 [32minfo[39m]: Iniciando y Conectando a la DB
[03:57:39 [32minfo[39m]: Bot Iniciado con Exito Dia de Registro Thu Oct 19 2023 03:57:39
[12:19:31 [32minfo[39m]: Iniciando y Conectando a la DB
[12:19:31 [32minfo[39m]: Bot Iniciado con Exito Dia de Registro Thu Oct 19 2023 12:19:31
[20:23:29 [32minfo[39m]: Iniciando y Conectando a la DB
[20:23:29 [32minfo[39m]: Bot Iniciado con Exito Dia de Registro Thu Oct 19 2023 20:23:29
[00:17:39 [31merror[39m]: (intermediate value).setStyle is not a function
