[00:42:15 [32minfo[39m]: Iniciando y Conectando a la DB
[00:42:15 [32minfo[39m]: Bot Iniciado con Exito Dia de Registro Thu Aug 24 2023 00:42:15
[13:07:36 [32minfo[39m]: Iniciando y Conectando a la DB
[13:07:36 [32minfo[39m]: Bot Iniciado con Exito Dia de Registro Thu Aug 24 2023 13:07:36
[13:14:11 [31merror[39m]: Cannot read properties of null (reading 'id')
[13:14:11 [31merror[39m]: unhandledRejection: Unknown Webhook
DiscordAPIError[10015]: Unknown Webhook
    at handleErrors (/home/runner/xd/node_modules/@discordjs/rest/dist/index.js:687:13)
    at process.processTicksAndRejections (node:internal/process/task_queues:95:5)
    at async SequentialHandler.runRequest (/home/runner/xd/node_modules/@discordjs/rest/dist/index.js:1072:23)
    at async SequentialHandler.queueRequest (/home/runner/xd/node_modules/@discordjs/rest/dist/index.js:913:14)
    at async _REST.request (/home/runner/xd/node_modules/@discordjs/rest/dist/index.js:1218:22)
[13:14:11 [31merror[39m]: unhandledRejection: Unknown Webhook
DiscordAPIError[10015]: Unknown Webhook
    at handleErrors (/home/runner/xd/node_modules/@discordjs/rest/dist/index.js:687:13)
    at process.processTicksAndRejections (node:internal/process/task_queues:95:5)
    at async SequentialHandler.runRequest (/home/runner/xd/node_modules/@discordjs/rest/dist/index.js:1072:23)
    at async SequentialHandler.queueRequest (/home/runner/xd/node_modules/@discordjs/rest/dist/index.js:913:14)
    at async _REST.request (/home/runner/xd/node_modules/@discordjs/rest/dist/index.js:1218:22)
[13:14:11 [31merror[39m]: unhandledRejection: Unknown Webhook
DiscordAPIError[10015]: Unknown Webhook
    at handleErrors (/home/runner/xd/node_modules/@discordjs/rest/dist/index.js:687:13)
    at process.processTicksAndRejections (node:internal/process/task_queues:95:5)
    at async SequentialHandler.runRequest (/home/runner/xd/node_modules/@discordjs/rest/dist/index.js:1072:23)
    at async SequentialHandler.queueRequest (/home/runner/xd/node_modules/@discordjs/rest/dist/index.js:913:14)
    at async _REST.request (/home/runner/xd/node_modules/@discordjs/rest/dist/index.js:1218:22)
[13:23:10 [32minfo[39m]: Iniciando y Conectando a la DB
[13:23:10 [32minfo[39m]: Bot Iniciado con Exito Dia de Registro Thu Aug 24 2023 13:23:10
[14:58:18 [32minfo[39m]: Iniciando y Conectando a la DB
[14:58:18 [32minfo[39m]: Bot Iniciado con Exito Dia de Registro Thu Aug 24 2023 14:58:18
