[00:00:09 [32minfo[39m]: Iniciando y Conectando a la DB
[00:00:10 [32minfo[39m]: Bot Iniciado con Exito Dia de Registro Sat Sep 16 2023 00:00:10
[00:00:11 [31merror[39m]: uncaughtException: Cannot read properties of undefined (reading 'send')
TypeError: Cannot read properties of undefined (reading 'send')
    at /home/runner/xd/Events/⚡ Cliente/presencia.js:105:61
[00:00:11 [31merror[39m]: uncaughtException: Cannot read properties of undefined (reading 'send')
TypeError: Cannot read properties of undefined (reading 'send')
    at /home/runner/xd/Events/⚡ Cliente/presencia.js:105:61
[00:05:09 [32minfo[39m]: Iniciando y Conectando a la DB
[00:05:09 [32minfo[39m]: Bot Iniciado con Exito Dia de Registro Sat Sep 16 2023 00:05:09
[00:05:11 [31merror[39m]: uncaughtException: Cannot read properties of undefined (reading 'send')
TypeError: Cannot read properties of undefined (reading 'send')
    at /home/runner/xd/Events/⚡ Cliente/presencia.js:105:61
[00:05:11 [31merror[39m]: uncaughtException: Cannot read properties of undefined (reading 'send')
TypeError: Cannot read properties of undefined (reading 'send')
    at /home/runner/xd/Events/⚡ Cliente/presencia.js:105:61
[00:15:08 [32minfo[39m]: Iniciando y Conectando a la DB
[00:15:08 [32minfo[39m]: Bot Iniciado con Exito Dia de Registro Sat Sep 16 2023 00:15:08
[00:15:10 [31merror[39m]: uncaughtException: Cannot read properties of undefined (reading 'send')
TypeError: Cannot read properties of undefined (reading 'send')
    at /home/runner/xd/Events/⚡ Cliente/presencia.js:105:61
[00:15:10 [31merror[39m]: uncaughtException: Cannot read properties of undefined (reading 'send')
TypeError: Cannot read properties of undefined (reading 'send')
    at /home/runner/xd/Events/⚡ Cliente/presencia.js:105:61
[00:25:18 [32minfo[39m]: Iniciando y Conectando a la DB
[00:25:18 [32minfo[39m]: Bot Iniciado con Exito Dia de Registro Sat Sep 16 2023 00:25:18
[00:25:20 [31merror[39m]: uncaughtException: Cannot read properties of undefined (reading 'send')
TypeError: Cannot read properties of undefined (reading 'send')
    at /home/runner/xd/Events/⚡ Cliente/presencia.js:105:61
[00:25:20 [31merror[39m]: uncaughtException: Cannot read properties of undefined (reading 'send')
TypeError: Cannot read properties of undefined (reading 'send')
    at /home/runner/xd/Events/⚡ Cliente/presencia.js:105:61
[00:35:20 [32minfo[39m]: Iniciando y Conectando a la DB
[00:35:20 [32minfo[39m]: Bot Iniciado con Exito Dia de Registro Sat Sep 16 2023 00:35:20
[00:35:22 [31merror[39m]: uncaughtException: Cannot read properties of undefined (reading 'send')
TypeError: Cannot read properties of undefined (reading 'send')
    at /home/runner/xd/Events/⚡ Cliente/presencia.js:105:61
[00:35:22 [31merror[39m]: uncaughtException: Cannot read properties of undefined (reading 'send')
TypeError: Cannot read properties of undefined (reading 'send')
    at /home/runner/xd/Events/⚡ Cliente/presencia.js:105:61
[00:40:19 [32minfo[39m]: Iniciando y Conectando a la DB
[00:40:19 [32minfo[39m]: Bot Iniciado con Exito Dia de Registro Sat Sep 16 2023 00:40:19
[00:40:22 [31merror[39m]: uncaughtException: Cannot read properties of undefined (reading 'send')
TypeError: Cannot read properties of undefined (reading 'send')
    at /home/runner/xd/Events/⚡ Cliente/presencia.js:105:61
[00:40:22 [31merror[39m]: uncaughtException: Cannot read properties of undefined (reading 'send')
TypeError: Cannot read properties of undefined (reading 'send')
    at /home/runner/xd/Events/⚡ Cliente/presencia.js:105:61
[00:45:19 [32minfo[39m]: Iniciando y Conectando a la DB
[00:45:19 [32minfo[39m]: Bot Iniciado con Exito Dia de Registro Sat Sep 16 2023 00:45:19
[00:45:21 [31merror[39m]: uncaughtException: Cannot read properties of undefined (reading 'send')
TypeError: Cannot read properties of undefined (reading 'send')
    at /home/runner/xd/Events/⚡ Cliente/presencia.js:105:61
[00:45:21 [31merror[39m]: uncaughtException: Cannot read properties of undefined (reading 'send')
TypeError: Cannot read properties of undefined (reading 'send')
    at /home/runner/xd/Events/⚡ Cliente/presencia.js:105:61
[00:50:18 [32minfo[39m]: Iniciando y Conectando a la DB
[00:50:18 [32minfo[39m]: Bot Iniciado con Exito Dia de Registro Sat Sep 16 2023 00:50:18
[00:50:20 [31merror[39m]: uncaughtException: Cannot read properties of undefined (reading 'send')
TypeError: Cannot read properties of undefined (reading 'send')
    at /home/runner/xd/Events/⚡ Cliente/presencia.js:105:61
[00:50:20 [31merror[39m]: uncaughtException: Cannot read properties of undefined (reading 'send')
TypeError: Cannot read properties of undefined (reading 'send')
    at /home/runner/xd/Events/⚡ Cliente/presencia.js:105:61
[00:55:20 [32minfo[39m]: Iniciando y Conectando a la DB
[00:55:20 [32minfo[39m]: Bot Iniciado con Exito Dia de Registro Sat Sep 16 2023 00:55:20
[00:55:22 [31merror[39m]: uncaughtException: Cannot read properties of undefined (reading 'send')
TypeError: Cannot read properties of undefined (reading 'send')
    at /home/runner/xd/Events/⚡ Cliente/presencia.js:105:61
[00:55:22 [31merror[39m]: uncaughtException: Cannot read properties of undefined (reading 'send')
TypeError: Cannot read properties of undefined (reading 'send')
    at /home/runner/xd/Events/⚡ Cliente/presencia.js:105:61
[01:00:09 [32minfo[39m]: Iniciando y Conectando a la DB
[01:00:09 [32minfo[39m]: Bot Iniciado con Exito Dia de Registro Sat Sep 16 2023 01:00:09
[01:00:11 [31merror[39m]: uncaughtException: Cannot read properties of undefined (reading 'send')
TypeError: Cannot read properties of undefined (reading 'send')
    at /home/runner/xd/Events/⚡ Cliente/presencia.js:105:61
[01:00:11 [31merror[39m]: uncaughtException: Cannot read properties of undefined (reading 'send')
TypeError: Cannot read properties of undefined (reading 'send')
    at /home/runner/xd/Events/⚡ Cliente/presencia.js:105:61
[01:05:19 [32minfo[39m]: Iniciando y Conectando a la DB
[01:05:19 [32minfo[39m]: Bot Iniciado con Exito Dia de Registro Sat Sep 16 2023 01:05:19
[01:05:21 [31merror[39m]: uncaughtException: Cannot read properties of undefined (reading 'send')
TypeError: Cannot read properties of undefined (reading 'send')
    at /home/runner/xd/Events/⚡ Cliente/presencia.js:105:61
[01:05:21 [31merror[39m]: uncaughtException: Cannot read properties of undefined (reading 'send')
TypeError: Cannot read properties of undefined (reading 'send')
    at /home/runner/xd/Events/⚡ Cliente/presencia.js:105:61
[01:10:17 [32minfo[39m]: Iniciando y Conectando a la DB
[01:10:17 [32minfo[39m]: Bot Iniciado con Exito Dia de Registro Sat Sep 16 2023 01:10:17
[01:10:19 [31merror[39m]: uncaughtException: Cannot read properties of undefined (reading 'send')
TypeError: Cannot read properties of undefined (reading 'send')
    at /home/runner/xd/Events/⚡ Cliente/presencia.js:105:61
[01:10:19 [31merror[39m]: uncaughtException: Cannot read properties of undefined (reading 'send')
TypeError: Cannot read properties of undefined (reading 'send')
    at /home/runner/xd/Events/⚡ Cliente/presencia.js:105:61
[01:15:18 [32minfo[39m]: Iniciando y Conectando a la DB
[01:15:18 [32minfo[39m]: Bot Iniciado con Exito Dia de Registro Sat Sep 16 2023 01:15:18
[01:15:21 [31merror[39m]: uncaughtException: Cannot read properties of undefined (reading 'send')
TypeError: Cannot read properties of undefined (reading 'send')
    at /home/runner/xd/Events/⚡ Cliente/presencia.js:105:61
[01:15:21 [31merror[39m]: uncaughtException: Cannot read properties of undefined (reading 'send')
TypeError: Cannot read properties of undefined (reading 'send')
    at /home/runner/xd/Events/⚡ Cliente/presencia.js:105:61
[01:20:39 [32minfo[39m]: Iniciando y Conectando a la DB
[01:20:39 [32minfo[39m]: Bot Iniciado con Exito Dia de Registro Sat Sep 16 2023 01:20:39
[01:20:41 [31merror[39m]: uncaughtException: Cannot read properties of undefined (reading 'send')
TypeError: Cannot read properties of undefined (reading 'send')
    at /home/runner/xd/Events/⚡ Cliente/presencia.js:105:61
[01:20:41 [31merror[39m]: uncaughtException: Cannot read properties of undefined (reading 'send')
TypeError: Cannot read properties of undefined (reading 'send')
    at /home/runner/xd/Events/⚡ Cliente/presencia.js:105:61
[01:25:59 [32minfo[39m]: Iniciando y Conectando a la DB
[01:25:59 [32minfo[39m]: Bot Iniciado con Exito Dia de Registro Sat Sep 16 2023 01:25:59
[01:26:00 [31merror[39m]: uncaughtException: Cannot read properties of undefined (reading 'send')
TypeError: Cannot read properties of undefined (reading 'send')
    at /home/runner/xd/Events/⚡ Cliente/presencia.js:105:61
[01:26:00 [31merror[39m]: uncaughtException: Cannot read properties of undefined (reading 'send')
TypeError: Cannot read properties of undefined (reading 'send')
    at /home/runner/xd/Events/⚡ Cliente/presencia.js:105:61
[01:31:29 [32minfo[39m]: Iniciando y Conectando a la DB
[01:31:29 [32minfo[39m]: Bot Iniciado con Exito Dia de Registro Sat Sep 16 2023 01:31:29
[01:31:30 [31merror[39m]: uncaughtException: Cannot read properties of undefined (reading 'send')
TypeError: Cannot read properties of undefined (reading 'send')
    at /home/runner/xd/Events/⚡ Cliente/presencia.js:105:61
[01:31:30 [31merror[39m]: uncaughtException: Cannot read properties of undefined (reading 'send')
TypeError: Cannot read properties of undefined (reading 'send')
    at /home/runner/xd/Events/⚡ Cliente/presencia.js:105:61
[01:36:40 [32minfo[39m]: Iniciando y Conectando a la DB
[01:36:40 [32minfo[39m]: Bot Iniciado con Exito Dia de Registro Sat Sep 16 2023 01:36:40
[01:36:42 [31merror[39m]: uncaughtException: Cannot read properties of undefined (reading 'send')
TypeError: Cannot read properties of undefined (reading 'send')
    at /home/runner/xd/Events/⚡ Cliente/presencia.js:105:61
[01:36:42 [31merror[39m]: uncaughtException: Cannot read properties of undefined (reading 'send')
TypeError: Cannot read properties of undefined (reading 'send')
    at /home/runner/xd/Events/⚡ Cliente/presencia.js:105:61
[03:22:48 [32minfo[39m]: Iniciando y Conectando a la DB
[03:22:48 [32minfo[39m]: Bot Iniciado con Exito Dia de Registro Sat Sep 16 2023 03:22:48
[03:22:49 [31merror[39m]: uncaughtException: Cannot read properties of undefined (reading 'send')
TypeError: Cannot read properties of undefined (reading 'send')
    at /home/runner/xd/Events/⚡ Cliente/presencia.js:105:61
[03:22:49 [31merror[39m]: uncaughtException: Cannot read properties of undefined (reading 'send')
TypeError: Cannot read properties of undefined (reading 'send')
    at /home/runner/xd/Events/⚡ Cliente/presencia.js:105:61
[03:27:48 [32minfo[39m]: Iniciando y Conectando a la DB
[03:27:48 [32minfo[39m]: Bot Iniciado con Exito Dia de Registro Sat Sep 16 2023 03:27:48
[03:27:49 [31merror[39m]: uncaughtException: Cannot read properties of undefined (reading 'send')
TypeError: Cannot read properties of undefined (reading 'send')
    at /home/runner/xd/Events/⚡ Cliente/presencia.js:105:61
[03:27:49 [31merror[39m]: uncaughtException: Cannot read properties of undefined (reading 'send')
TypeError: Cannot read properties of undefined (reading 'send')
    at /home/runner/xd/Events/⚡ Cliente/presencia.js:105:61
[03:32:57 [32minfo[39m]: Iniciando y Conectando a la DB
[03:32:57 [32minfo[39m]: Bot Iniciado con Exito Dia de Registro Sat Sep 16 2023 03:32:57
[03:32:59 [31merror[39m]: uncaughtException: Cannot read properties of undefined (reading 'send')
TypeError: Cannot read properties of undefined (reading 'send')
    at /home/runner/xd/Events/⚡ Cliente/presencia.js:105:61
[03:32:59 [31merror[39m]: uncaughtException: Cannot read properties of undefined (reading 'send')
TypeError: Cannot read properties of undefined (reading 'send')
    at /home/runner/xd/Events/⚡ Cliente/presencia.js:105:61
[03:37:47 [32minfo[39m]: Iniciando y Conectando a la DB
[03:37:47 [32minfo[39m]: Bot Iniciado con Exito Dia de Registro Sat Sep 16 2023 03:37:47
[03:37:49 [31merror[39m]: uncaughtException: Cannot read properties of undefined (reading 'send')
TypeError: Cannot read properties of undefined (reading 'send')
    at /home/runner/xd/Events/⚡ Cliente/presencia.js:105:61
[03:37:49 [31merror[39m]: uncaughtException: Cannot read properties of undefined (reading 'send')
TypeError: Cannot read properties of undefined (reading 'send')
    at /home/runner/xd/Events/⚡ Cliente/presencia.js:105:61
[03:47:47 [32minfo[39m]: Iniciando y Conectando a la DB
[03:47:47 [32minfo[39m]: Bot Iniciado con Exito Dia de Registro Sat Sep 16 2023 03:47:47
[03:47:48 [31merror[39m]: uncaughtException: Cannot read properties of undefined (reading 'send')
TypeError: Cannot read properties of undefined (reading 'send')
    at /home/runner/xd/Events/⚡ Cliente/presencia.js:105:61
[03:47:48 [31merror[39m]: uncaughtException: Cannot read properties of undefined (reading 'send')
TypeError: Cannot read properties of undefined (reading 'send')
    at /home/runner/xd/Events/⚡ Cliente/presencia.js:105:61
[03:52:58 [32minfo[39m]: Iniciando y Conectando a la DB
[03:52:58 [32minfo[39m]: Bot Iniciado con Exito Dia de Registro Sat Sep 16 2023 03:52:58
[03:53:00 [31merror[39m]: uncaughtException: Cannot read properties of undefined (reading 'send')
TypeError: Cannot read properties of undefined (reading 'send')
    at /home/runner/xd/Events/⚡ Cliente/presencia.js:105:61
[03:53:00 [31merror[39m]: uncaughtException: Cannot read properties of undefined (reading 'send')
TypeError: Cannot read properties of undefined (reading 'send')
    at /home/runner/xd/Events/⚡ Cliente/presencia.js:105:61
[03:57:58 [32minfo[39m]: Iniciando y Conectando a la DB
[03:57:58 [32minfo[39m]: Bot Iniciado con Exito Dia de Registro Sat Sep 16 2023 03:57:58
[03:57:59 [31merror[39m]: uncaughtException: Cannot read properties of undefined (reading 'send')
TypeError: Cannot read properties of undefined (reading 'send')
    at /home/runner/xd/Events/⚡ Cliente/presencia.js:105:61
[03:57:59 [31merror[39m]: uncaughtException: Cannot read properties of undefined (reading 'send')
TypeError: Cannot read properties of undefined (reading 'send')
    at /home/runner/xd/Events/⚡ Cliente/presencia.js:105:61
[04:02:58 [32minfo[39m]: Iniciando y Conectando a la DB
[04:02:58 [32minfo[39m]: Bot Iniciado con Exito Dia de Registro Sat Sep 16 2023 04:02:58
[04:02:59 [31merror[39m]: uncaughtException: Cannot read properties of undefined (reading 'send')
TypeError: Cannot read properties of undefined (reading 'send')
    at /home/runner/xd/Events/⚡ Cliente/presencia.js:105:61
[04:02:59 [31merror[39m]: uncaughtException: Cannot read properties of undefined (reading 'send')
TypeError: Cannot read properties of undefined (reading 'send')
    at /home/runner/xd/Events/⚡ Cliente/presencia.js:105:61
[04:07:47 [32minfo[39m]: Iniciando y Conectando a la DB
[04:07:47 [32minfo[39m]: Bot Iniciado con Exito Dia de Registro Sat Sep 16 2023 04:07:47
[04:07:49 [31merror[39m]: uncaughtException: Cannot read properties of undefined (reading 'send')
TypeError: Cannot read properties of undefined (reading 'send')
    at /home/runner/xd/Events/⚡ Cliente/presencia.js:105:61
[04:07:49 [31merror[39m]: uncaughtException: Cannot read properties of undefined (reading 'send')
TypeError: Cannot read properties of undefined (reading 'send')
    at /home/runner/xd/Events/⚡ Cliente/presencia.js:105:61
[04:12:59 [32minfo[39m]: Iniciando y Conectando a la DB
[04:12:59 [32minfo[39m]: Bot Iniciado con Exito Dia de Registro Sat Sep 16 2023 04:12:59
[04:13:01 [31merror[39m]: uncaughtException: Cannot read properties of undefined (reading 'send')
TypeError: Cannot read properties of undefined (reading 'send')
    at /home/runner/xd/Events/⚡ Cliente/presencia.js:105:61
[04:13:01 [31merror[39m]: uncaughtException: Cannot read properties of undefined (reading 'send')
TypeError: Cannot read properties of undefined (reading 'send')
    at /home/runner/xd/Events/⚡ Cliente/presencia.js:105:61
[04:17:48 [32minfo[39m]: Iniciando y Conectando a la DB
[04:17:48 [32minfo[39m]: Bot Iniciado con Exito Dia de Registro Sat Sep 16 2023 04:17:48
[04:17:49 [31merror[39m]: uncaughtException: Cannot read properties of undefined (reading 'send')
TypeError: Cannot read properties of undefined (reading 'send')
    at /home/runner/xd/Events/⚡ Cliente/presencia.js:105:61
[04:17:49 [31merror[39m]: uncaughtException: Cannot read properties of undefined (reading 'send')
TypeError: Cannot read properties of undefined (reading 'send')
    at /home/runner/xd/Events/⚡ Cliente/presencia.js:105:61
[04:22:58 [32minfo[39m]: Iniciando y Conectando a la DB
[04:22:58 [32minfo[39m]: Bot Iniciado con Exito Dia de Registro Sat Sep 16 2023 04:22:58
[04:22:59 [31merror[39m]: uncaughtException: Cannot read properties of undefined (reading 'send')
TypeError: Cannot read properties of undefined (reading 'send')
    at /home/runner/xd/Events/⚡ Cliente/presencia.js:105:61
[04:22:59 [31merror[39m]: uncaughtException: Cannot read properties of undefined (reading 'send')
TypeError: Cannot read properties of undefined (reading 'send')
    at /home/runner/xd/Events/⚡ Cliente/presencia.js:105:61
[04:39:09 [32minfo[39m]: Iniciando y Conectando a la DB
[04:39:09 [32minfo[39m]: Bot Iniciado con Exito Dia de Registro Sat Sep 16 2023 04:39:09
[04:39:11 [31merror[39m]: uncaughtException: Cannot read properties of undefined (reading 'send')
TypeError: Cannot read properties of undefined (reading 'send')
    at /home/runner/xd/Events/⚡ Cliente/presencia.js:105:61
[04:39:11 [31merror[39m]: uncaughtException: Cannot read properties of undefined (reading 'send')
TypeError: Cannot read properties of undefined (reading 'send')
    at /home/runner/xd/Events/⚡ Cliente/presencia.js:105:61
[04:45:10 [32minfo[39m]: Iniciando y Conectando a la DB
[04:45:10 [32minfo[39m]: Bot Iniciado con Exito Dia de Registro Sat Sep 16 2023 04:45:10
[04:45:12 [31merror[39m]: uncaughtException: Cannot read properties of undefined (reading 'send')
TypeError: Cannot read properties of undefined (reading 'send')
    at /home/runner/xd/Events/⚡ Cliente/presencia.js:105:61
[04:45:12 [31merror[39m]: uncaughtException: Cannot read properties of undefined (reading 'send')
TypeError: Cannot read properties of undefined (reading 'send')
    at /home/runner/xd/Events/⚡ Cliente/presencia.js:105:61
[04:55:06 [32minfo[39m]: Iniciando y Conectando a la DB
[04:55:06 [32minfo[39m]: Bot Iniciado con Exito Dia de Registro Sat Sep 16 2023 04:55:06
[04:55:08 [31merror[39m]: uncaughtException: Cannot read properties of undefined (reading 'send')
TypeError: Cannot read properties of undefined (reading 'send')
    at /home/runner/xd/Events/⚡ Cliente/presencia.js:105:61
[04:55:08 [31merror[39m]: uncaughtException: Cannot read properties of undefined (reading 'send')
TypeError: Cannot read properties of undefined (reading 'send')
    at /home/runner/xd/Events/⚡ Cliente/presencia.js:105:61
[05:05:05 [32minfo[39m]: Iniciando y Conectando a la DB
[05:05:05 [32minfo[39m]: Bot Iniciado con Exito Dia de Registro Sat Sep 16 2023 05:05:05
[05:05:07 [31merror[39m]: uncaughtException: Cannot read properties of undefined (reading 'send')
TypeError: Cannot read properties of undefined (reading 'send')
    at /home/runner/xd/Events/⚡ Cliente/presencia.js:105:61
[05:05:07 [31merror[39m]: uncaughtException: Cannot read properties of undefined (reading 'send')
TypeError: Cannot read properties of undefined (reading 'send')
    at /home/runner/xd/Events/⚡ Cliente/presencia.js:105:61
[05:09:56 [32minfo[39m]: Iniciando y Conectando a la DB
[05:09:56 [32minfo[39m]: Bot Iniciado con Exito Dia de Registro Sat Sep 16 2023 05:09:56
[05:09:58 [31merror[39m]: uncaughtException: Cannot read properties of undefined (reading 'send')
TypeError: Cannot read properties of undefined (reading 'send')
    at /home/runner/xd/Events/⚡ Cliente/presencia.js:105:61
[05:09:58 [31merror[39m]: uncaughtException: Cannot read properties of undefined (reading 'send')
TypeError: Cannot read properties of undefined (reading 'send')
    at /home/runner/xd/Events/⚡ Cliente/presencia.js:105:61
[05:15:06 [32minfo[39m]: Iniciando y Conectando a la DB
[05:15:06 [32minfo[39m]: Bot Iniciado con Exito Dia de Registro Sat Sep 16 2023 05:15:06
[05:15:07 [31merror[39m]: uncaughtException: Cannot read properties of undefined (reading 'send')
TypeError: Cannot read properties of undefined (reading 'send')
    at /home/runner/xd/Events/⚡ Cliente/presencia.js:105:61
[05:15:07 [31merror[39m]: uncaughtException: Cannot read properties of undefined (reading 'send')
TypeError: Cannot read properties of undefined (reading 'send')
    at /home/runner/xd/Events/⚡ Cliente/presencia.js:105:61
[05:25:07 [32minfo[39m]: Iniciando y Conectando a la DB
[05:25:07 [32minfo[39m]: Bot Iniciado con Exito Dia de Registro Sat Sep 16 2023 05:25:07
[05:25:08 [31merror[39m]: uncaughtException: Cannot read properties of undefined (reading 'send')
TypeError: Cannot read properties of undefined (reading 'send')
    at /home/runner/xd/Events/⚡ Cliente/presencia.js:105:61
[05:25:08 [31merror[39m]: uncaughtException: Cannot read properties of undefined (reading 'send')
TypeError: Cannot read properties of undefined (reading 'send')
    at /home/runner/xd/Events/⚡ Cliente/presencia.js:105:61
[05:29:57 [32minfo[39m]: Iniciando y Conectando a la DB
[05:29:57 [32minfo[39m]: Bot Iniciado con Exito Dia de Registro Sat Sep 16 2023 05:29:57
[05:30:00 [31merror[39m]: uncaughtException: Cannot read properties of undefined (reading 'send')
TypeError: Cannot read properties of undefined (reading 'send')
    at /home/runner/xd/Events/⚡ Cliente/presencia.js:105:61
[05:30:00 [31merror[39m]: uncaughtException: Cannot read properties of undefined (reading 'send')
TypeError: Cannot read properties of undefined (reading 'send')
    at /home/runner/xd/Events/⚡ Cliente/presencia.js:105:61
[05:40:09 [32minfo[39m]: Iniciando y Conectando a la DB
[05:40:09 [32minfo[39m]: Bot Iniciado con Exito Dia de Registro Sat Sep 16 2023 05:40:09
[05:40:11 [31merror[39m]: uncaughtException: Cannot read properties of undefined (reading 'send')
TypeError: Cannot read properties of undefined (reading 'send')
    at /home/runner/xd/Events/⚡ Cliente/presencia.js:105:61
[05:40:11 [31merror[39m]: uncaughtException: Cannot read properties of undefined (reading 'send')
TypeError: Cannot read properties of undefined (reading 'send')
    at /home/runner/xd/Events/⚡ Cliente/presencia.js:105:61
[05:44:56 [32minfo[39m]: Iniciando y Conectando a la DB
[05:44:56 [32minfo[39m]: Bot Iniciado con Exito Dia de Registro Sat Sep 16 2023 05:44:56
[05:44:58 [31merror[39m]: uncaughtException: Cannot read properties of undefined (reading 'send')
TypeError: Cannot read properties of undefined (reading 'send')
    at /home/runner/xd/Events/⚡ Cliente/presencia.js:105:61
[05:44:58 [31merror[39m]: uncaughtException: Cannot read properties of undefined (reading 'send')
TypeError: Cannot read properties of undefined (reading 'send')
    at /home/runner/xd/Events/⚡ Cliente/presencia.js:105:61
[05:50:05 [32minfo[39m]: Iniciando y Conectando a la DB
[05:50:05 [32minfo[39m]: Bot Iniciado con Exito Dia de Registro Sat Sep 16 2023 05:50:05
[05:50:07 [31merror[39m]: uncaughtException: Cannot read properties of undefined (reading 'send')
TypeError: Cannot read properties of undefined (reading 'send')
    at /home/runner/xd/Events/⚡ Cliente/presencia.js:105:61
[05:50:07 [31merror[39m]: uncaughtException: Cannot read properties of undefined (reading 'send')
TypeError: Cannot read properties of undefined (reading 'send')
    at /home/runner/xd/Events/⚡ Cliente/presencia.js:105:61
[05:54:56 [32minfo[39m]: Iniciando y Conectando a la DB
[05:54:56 [32minfo[39m]: Bot Iniciado con Exito Dia de Registro Sat Sep 16 2023 05:54:56
[05:54:58 [31merror[39m]: uncaughtException: Cannot read properties of undefined (reading 'send')
TypeError: Cannot read properties of undefined (reading 'send')
    at /home/runner/xd/Events/⚡ Cliente/presencia.js:105:61
[05:54:58 [31merror[39m]: uncaughtException: Cannot read properties of undefined (reading 'send')
TypeError: Cannot read properties of undefined (reading 'send')
    at /home/runner/xd/Events/⚡ Cliente/presencia.js:105:61
[06:00:06 [32minfo[39m]: Iniciando y Conectando a la DB
[06:00:06 [32minfo[39m]: Bot Iniciado con Exito Dia de Registro Sat Sep 16 2023 06:00:06
[06:00:08 [31merror[39m]: uncaughtException: Cannot read properties of undefined (reading 'send')
TypeError: Cannot read properties of undefined (reading 'send')
    at /home/runner/xd/Events/⚡ Cliente/presencia.js:105:61
[06:00:08 [31merror[39m]: uncaughtException: Cannot read properties of undefined (reading 'send')
TypeError: Cannot read properties of undefined (reading 'send')
    at /home/runner/xd/Events/⚡ Cliente/presencia.js:105:61
[06:10:10 [32minfo[39m]: Iniciando y Conectando a la DB
[06:10:10 [32minfo[39m]: Bot Iniciado con Exito Dia de Registro Sat Sep 16 2023 06:10:10
[06:10:12 [31merror[39m]: uncaughtException: Cannot read properties of undefined (reading 'send')
TypeError: Cannot read properties of undefined (reading 'send')
    at /home/runner/xd/Events/⚡ Cliente/presencia.js:105:61
[06:10:12 [31merror[39m]: uncaughtException: Cannot read properties of undefined (reading 'send')
TypeError: Cannot read properties of undefined (reading 'send')
    at /home/runner/xd/Events/⚡ Cliente/presencia.js:105:61
[06:15:09 [32minfo[39m]: Iniciando y Conectando a la DB
[06:15:09 [32minfo[39m]: Bot Iniciado con Exito Dia de Registro Sat Sep 16 2023 06:15:09
[06:15:11 [31merror[39m]: uncaughtException: Cannot read properties of undefined (reading 'send')
TypeError: Cannot read properties of undefined (reading 'send')
    at /home/runner/xd/Events/⚡ Cliente/presencia.js:105:61
[06:15:11 [31merror[39m]: uncaughtException: Cannot read properties of undefined (reading 'send')
TypeError: Cannot read properties of undefined (reading 'send')
    at /home/runner/xd/Events/⚡ Cliente/presencia.js:105:61
[06:25:08 [32minfo[39m]: Iniciando y Conectando a la DB
[06:25:08 [32minfo[39m]: Bot Iniciado con Exito Dia de Registro Sat Sep 16 2023 06:25:08
[06:25:10 [31merror[39m]: uncaughtException: Cannot read properties of undefined (reading 'send')
TypeError: Cannot read properties of undefined (reading 'send')
    at /home/runner/xd/Events/⚡ Cliente/presencia.js:105:61
[06:25:10 [31merror[39m]: uncaughtException: Cannot read properties of undefined (reading 'send')
TypeError: Cannot read properties of undefined (reading 'send')
    at /home/runner/xd/Events/⚡ Cliente/presencia.js:105:61
[06:30:27 [32minfo[39m]: Iniciando y Conectando a la DB
[06:30:27 [32minfo[39m]: Bot Iniciado con Exito Dia de Registro Sat Sep 16 2023 06:30:27
[06:30:29 [31merror[39m]: uncaughtException: Cannot read properties of undefined (reading 'send')
TypeError: Cannot read properties of undefined (reading 'send')
    at /home/runner/xd/Events/⚡ Cliente/presencia.js:105:61
[06:30:29 [31merror[39m]: uncaughtException: Cannot read properties of undefined (reading 'send')
TypeError: Cannot read properties of undefined (reading 'send')
    at /home/runner/xd/Events/⚡ Cliente/presencia.js:105:61
[06:35:10 [32minfo[39m]: Iniciando y Conectando a la DB
[06:35:10 [32minfo[39m]: Bot Iniciado con Exito Dia de Registro Sat Sep 16 2023 06:35:10
[06:35:11 [31merror[39m]: uncaughtException: Cannot read properties of undefined (reading 'send')
TypeError: Cannot read properties of undefined (reading 'send')
    at /home/runner/xd/Events/⚡ Cliente/presencia.js:105:61
[06:35:11 [31merror[39m]: uncaughtException: Cannot read properties of undefined (reading 'send')
TypeError: Cannot read properties of undefined (reading 'send')
    at /home/runner/xd/Events/⚡ Cliente/presencia.js:105:61
[06:40:06 [32minfo[39m]: Iniciando y Conectando a la DB
[06:40:06 [32minfo[39m]: Bot Iniciado con Exito Dia de Registro Sat Sep 16 2023 06:40:06
[06:40:08 [31merror[39m]: uncaughtException: Cannot read properties of undefined (reading 'send')
TypeError: Cannot read properties of undefined (reading 'send')
    at /home/runner/xd/Events/⚡ Cliente/presencia.js:105:61
[06:40:08 [31merror[39m]: uncaughtException: Cannot read properties of undefined (reading 'send')
TypeError: Cannot read properties of undefined (reading 'send')
    at /home/runner/xd/Events/⚡ Cliente/presencia.js:105:61
[06:45:07 [32minfo[39m]: Iniciando y Conectando a la DB
[06:45:07 [32minfo[39m]: Bot Iniciado con Exito Dia de Registro Sat Sep 16 2023 06:45:07
[06:45:09 [31merror[39m]: uncaughtException: Cannot read properties of undefined (reading 'send')
TypeError: Cannot read properties of undefined (reading 'send')
    at /home/runner/xd/Events/⚡ Cliente/presencia.js:105:61
[06:45:09 [31merror[39m]: uncaughtException: Cannot read properties of undefined (reading 'send')
TypeError: Cannot read properties of undefined (reading 'send')
    at /home/runner/xd/Events/⚡ Cliente/presencia.js:105:61
[06:50:06 [32minfo[39m]: Iniciando y Conectando a la DB
[06:50:07 [32minfo[39m]: Bot Iniciado con Exito Dia de Registro Sat Sep 16 2023 06:50:07
[06:50:08 [31merror[39m]: uncaughtException: Cannot read properties of undefined (reading 'send')
TypeError: Cannot read properties of undefined (reading 'send')
    at /home/runner/xd/Events/⚡ Cliente/presencia.js:105:61
[06:50:08 [31merror[39m]: uncaughtException: Cannot read properties of undefined (reading 'send')
TypeError: Cannot read properties of undefined (reading 'send')
    at /home/runner/xd/Events/⚡ Cliente/presencia.js:105:61
[06:55:06 [32minfo[39m]: Iniciando y Conectando a la DB
[06:55:06 [32minfo[39m]: Bot Iniciado con Exito Dia de Registro Sat Sep 16 2023 06:55:06
[06:55:07 [31merror[39m]: uncaughtException: Cannot read properties of undefined (reading 'send')
TypeError: Cannot read properties of undefined (reading 'send')
    at /home/runner/xd/Events/⚡ Cliente/presencia.js:105:61
[06:55:07 [31merror[39m]: uncaughtException: Cannot read properties of undefined (reading 'send')
TypeError: Cannot read properties of undefined (reading 'send')
    at /home/runner/xd/Events/⚡ Cliente/presencia.js:105:61
[07:00:07 [32minfo[39m]: Iniciando y Conectando a la DB
[07:00:07 [32minfo[39m]: Bot Iniciado con Exito Dia de Registro Sat Sep 16 2023 07:00:07
[07:00:08 [31merror[39m]: uncaughtException: Cannot read properties of undefined (reading 'send')
TypeError: Cannot read properties of undefined (reading 'send')
    at /home/runner/xd/Events/⚡ Cliente/presencia.js:105:61
[07:00:08 [31merror[39m]: uncaughtException: Cannot read properties of undefined (reading 'send')
TypeError: Cannot read properties of undefined (reading 'send')
    at /home/runner/xd/Events/⚡ Cliente/presencia.js:105:61
[07:05:08 [32minfo[39m]: Iniciando y Conectando a la DB
[07:05:08 [32minfo[39m]: Bot Iniciado con Exito Dia de Registro Sat Sep 16 2023 07:05:08
[07:05:10 [31merror[39m]: uncaughtException: Cannot read properties of undefined (reading 'send')
TypeError: Cannot read properties of undefined (reading 'send')
    at /home/runner/xd/Events/⚡ Cliente/presencia.js:105:61
[07:05:10 [31merror[39m]: uncaughtException: Cannot read properties of undefined (reading 'send')
TypeError: Cannot read properties of undefined (reading 'send')
    at /home/runner/xd/Events/⚡ Cliente/presencia.js:105:61
[07:09:56 [32minfo[39m]: Iniciando y Conectando a la DB
[07:09:56 [32minfo[39m]: Bot Iniciado con Exito Dia de Registro Sat Sep 16 2023 07:09:56
[07:09:58 [31merror[39m]: uncaughtException: Cannot read properties of undefined (reading 'send')
TypeError: Cannot read properties of undefined (reading 'send')
    at /home/runner/xd/Events/⚡ Cliente/presencia.js:105:61
[07:09:58 [31merror[39m]: uncaughtException: Cannot read properties of undefined (reading 'send')
TypeError: Cannot read properties of undefined (reading 'send')
    at /home/runner/xd/Events/⚡ Cliente/presencia.js:105:61
[07:15:06 [32minfo[39m]: Iniciando y Conectando a la DB
[07:15:06 [32minfo[39m]: Bot Iniciado con Exito Dia de Registro Sat Sep 16 2023 07:15:06
[07:15:08 [31merror[39m]: uncaughtException: Cannot read properties of undefined (reading 'send')
TypeError: Cannot read properties of undefined (reading 'send')
    at /home/runner/xd/Events/⚡ Cliente/presencia.js:105:61
[07:15:08 [31merror[39m]: uncaughtException: Cannot read properties of undefined (reading 'send')
TypeError: Cannot read properties of undefined (reading 'send')
    at /home/runner/xd/Events/⚡ Cliente/presencia.js:105:61
[07:19:56 [32minfo[39m]: Iniciando y Conectando a la DB
[07:19:56 [32minfo[39m]: Bot Iniciado con Exito Dia de Registro Sat Sep 16 2023 07:19:56
[07:19:58 [31merror[39m]: uncaughtException: Cannot read properties of undefined (reading 'send')
TypeError: Cannot read properties of undefined (reading 'send')
    at /home/runner/xd/Events/⚡ Cliente/presencia.js:105:61
[07:19:58 [31merror[39m]: uncaughtException: Cannot read properties of undefined (reading 'send')
TypeError: Cannot read properties of undefined (reading 'send')
    at /home/runner/xd/Events/⚡ Cliente/presencia.js:105:61
[07:24:55 [32minfo[39m]: Iniciando y Conectando a la DB
[07:24:55 [32minfo[39m]: Bot Iniciado con Exito Dia de Registro Sat Sep 16 2023 07:24:55
[07:24:56 [31merror[39m]: uncaughtException: Cannot read properties of undefined (reading 'send')
TypeError: Cannot read properties of undefined (reading 'send')
    at /home/runner/xd/Events/⚡ Cliente/presencia.js:105:61
[07:24:56 [31merror[39m]: uncaughtException: Cannot read properties of undefined (reading 'send')
TypeError: Cannot read properties of undefined (reading 'send')
    at /home/runner/xd/Events/⚡ Cliente/presencia.js:105:61
[07:29:55 [32minfo[39m]: Iniciando y Conectando a la DB
[07:29:55 [32minfo[39m]: Bot Iniciado con Exito Dia de Registro Sat Sep 16 2023 07:29:55
[07:29:56 [31merror[39m]: uncaughtException: Cannot read properties of undefined (reading 'send')
TypeError: Cannot read properties of undefined (reading 'send')
    at /home/runner/xd/Events/⚡ Cliente/presencia.js:105:61
[07:29:56 [31merror[39m]: uncaughtException: Cannot read properties of undefined (reading 'send')
TypeError: Cannot read properties of undefined (reading 'send')
    at /home/runner/xd/Events/⚡ Cliente/presencia.js:105:61
[07:35:04 [32minfo[39m]: Iniciando y Conectando a la DB
[07:35:04 [32minfo[39m]: Bot Iniciado con Exito Dia de Registro Sat Sep 16 2023 07:35:04
[07:35:06 [31merror[39m]: uncaughtException: Cannot read properties of undefined (reading 'send')
TypeError: Cannot read properties of undefined (reading 'send')
    at /home/runner/xd/Events/⚡ Cliente/presencia.js:105:61
[07:35:06 [31merror[39m]: uncaughtException: Cannot read properties of undefined (reading 'send')
TypeError: Cannot read properties of undefined (reading 'send')
    at /home/runner/xd/Events/⚡ Cliente/presencia.js:105:61
[07:39:55 [32minfo[39m]: Iniciando y Conectando a la DB
[07:39:55 [32minfo[39m]: Bot Iniciado con Exito Dia de Registro Sat Sep 16 2023 07:39:55
[07:39:56 [31merror[39m]: uncaughtException: Cannot read properties of undefined (reading 'send')
TypeError: Cannot read properties of undefined (reading 'send')
    at /home/runner/xd/Events/⚡ Cliente/presencia.js:105:61
[07:39:56 [31merror[39m]: uncaughtException: Cannot read properties of undefined (reading 'send')
TypeError: Cannot read properties of undefined (reading 'send')
    at /home/runner/xd/Events/⚡ Cliente/presencia.js:105:61
[07:45:05 [32minfo[39m]: Iniciando y Conectando a la DB
[07:45:05 [32minfo[39m]: Bot Iniciado con Exito Dia de Registro Sat Sep 16 2023 07:45:05
[07:45:06 [31merror[39m]: uncaughtException: Cannot read properties of undefined (reading 'send')
TypeError: Cannot read properties of undefined (reading 'send')
    at /home/runner/xd/Events/⚡ Cliente/presencia.js:105:61
[07:45:06 [31merror[39m]: uncaughtException: Cannot read properties of undefined (reading 'send')
TypeError: Cannot read properties of undefined (reading 'send')
    at /home/runner/xd/Events/⚡ Cliente/presencia.js:105:61
[08:12:04 [32minfo[39m]: Iniciando y Conectando a la DB
[08:12:04 [32minfo[39m]: Bot Iniciado con Exito Dia de Registro Sat Sep 16 2023 08:12:04
[08:12:06 [31merror[39m]: uncaughtException: Cannot read properties of undefined (reading 'send')
TypeError: Cannot read properties of undefined (reading 'send')
    at /home/runner/xd/Events/⚡ Cliente/presencia.js:105:61
[08:12:06 [31merror[39m]: uncaughtException: Cannot read properties of undefined (reading 'send')
TypeError: Cannot read properties of undefined (reading 'send')
    at /home/runner/xd/Events/⚡ Cliente/presencia.js:105:61
[08:17:06 [32minfo[39m]: Iniciando y Conectando a la DB
[08:17:06 [32minfo[39m]: Bot Iniciado con Exito Dia de Registro Sat Sep 16 2023 08:17:06
[08:17:08 [31merror[39m]: uncaughtException: Cannot read properties of undefined (reading 'send')
TypeError: Cannot read properties of undefined (reading 'send')
    at /home/runner/xd/Events/⚡ Cliente/presencia.js:105:61
[08:17:08 [31merror[39m]: uncaughtException: Cannot read properties of undefined (reading 'send')
TypeError: Cannot read properties of undefined (reading 'send')
    at /home/runner/xd/Events/⚡ Cliente/presencia.js:105:61
[08:27:07 [32minfo[39m]: Iniciando y Conectando a la DB
[08:27:07 [32minfo[39m]: Bot Iniciado con Exito Dia de Registro Sat Sep 16 2023 08:27:07
[08:27:09 [31merror[39m]: uncaughtException: Cannot read properties of undefined (reading 'send')
TypeError: Cannot read properties of undefined (reading 'send')
    at /home/runner/xd/Events/⚡ Cliente/presencia.js:105:61
[08:27:09 [31merror[39m]: uncaughtException: Cannot read properties of undefined (reading 'send')
TypeError: Cannot read properties of undefined (reading 'send')
    at /home/runner/xd/Events/⚡ Cliente/presencia.js:105:61
[08:32:04 [32minfo[39m]: Iniciando y Conectando a la DB
[08:32:04 [32minfo[39m]: Bot Iniciado con Exito Dia de Registro Sat Sep 16 2023 08:32:04
[08:32:06 [31merror[39m]: uncaughtException: Cannot read properties of undefined (reading 'send')
TypeError: Cannot read properties of undefined (reading 'send')
    at /home/runner/xd/Events/⚡ Cliente/presencia.js:105:61
[08:32:06 [31merror[39m]: uncaughtException: Cannot read properties of undefined (reading 'send')
TypeError: Cannot read properties of undefined (reading 'send')
    at /home/runner/xd/Events/⚡ Cliente/presencia.js:105:61
[08:37:17 [32minfo[39m]: Iniciando y Conectando a la DB
[08:37:17 [32minfo[39m]: Bot Iniciado con Exito Dia de Registro Sat Sep 16 2023 08:37:17
[08:37:19 [31merror[39m]: uncaughtException: Cannot read properties of undefined (reading 'send')
TypeError: Cannot read properties of undefined (reading 'send')
    at /home/runner/xd/Events/⚡ Cliente/presencia.js:105:61
[08:37:19 [31merror[39m]: uncaughtException: Cannot read properties of undefined (reading 'send')
TypeError: Cannot read properties of undefined (reading 'send')
    at /home/runner/xd/Events/⚡ Cliente/presencia.js:105:61
[08:37:53 [32minfo[39m]: Iniciando y Conectando a la DB
[08:37:53 [32minfo[39m]: Bot Iniciado con Exito Dia de Registro Sat Sep 16 2023 08:37:53
[08:37:55 [31merror[39m]: uncaughtException: Cannot read properties of undefined (reading 'send')
TypeError: Cannot read properties of undefined (reading 'send')
    at /home/runner/xd/Events/⚡ Cliente/presencia.js:105:61
[08:37:55 [31merror[39m]: uncaughtException: Cannot read properties of undefined (reading 'send')
TypeError: Cannot read properties of undefined (reading 'send')
    at /home/runner/xd/Events/⚡ Cliente/presencia.js:105:61
[08:42:53 [32minfo[39m]: Iniciando y Conectando a la DB
[08:42:53 [32minfo[39m]: Bot Iniciado con Exito Dia de Registro Sat Sep 16 2023 08:42:53
[08:42:54 [31merror[39m]: uncaughtException: Cannot read properties of undefined (reading 'send')
TypeError: Cannot read properties of undefined (reading 'send')
    at /home/runner/xd/Events/⚡ Cliente/presencia.js:105:61
[08:42:54 [31merror[39m]: uncaughtException: Cannot read properties of undefined (reading 'send')
TypeError: Cannot read properties of undefined (reading 'send')
    at /home/runner/xd/Events/⚡ Cliente/presencia.js:105:61
[08:47:42 [32minfo[39m]: Iniciando y Conectando a la DB
[08:47:42 [32minfo[39m]: Bot Iniciado con Exito Dia de Registro Sat Sep 16 2023 08:47:42
[08:47:44 [31merror[39m]: uncaughtException: Cannot read properties of undefined (reading 'send')
TypeError: Cannot read properties of undefined (reading 'send')
    at /home/runner/xd/Events/⚡ Cliente/presencia.js:105:61
[08:47:44 [31merror[39m]: uncaughtException: Cannot read properties of undefined (reading 'send')
TypeError: Cannot read properties of undefined (reading 'send')
    at /home/runner/xd/Events/⚡ Cliente/presencia.js:105:61
[08:52:53 [32minfo[39m]: Iniciando y Conectando a la DB
[08:52:53 [32minfo[39m]: Bot Iniciado con Exito Dia de Registro Sat Sep 16 2023 08:52:53
[08:52:55 [31merror[39m]: uncaughtException: Cannot read properties of undefined (reading 'send')
TypeError: Cannot read properties of undefined (reading 'send')
    at /home/runner/xd/Events/⚡ Cliente/presencia.js:105:61
[08:52:55 [31merror[39m]: uncaughtException: Cannot read properties of undefined (reading 'send')
TypeError: Cannot read properties of undefined (reading 'send')
    at /home/runner/xd/Events/⚡ Cliente/presencia.js:105:61
[08:57:53 [32minfo[39m]: Iniciando y Conectando a la DB
[08:57:53 [32minfo[39m]: Bot Iniciado con Exito Dia de Registro Sat Sep 16 2023 08:57:53
[08:57:55 [31merror[39m]: uncaughtException: Cannot read properties of undefined (reading 'send')
TypeError: Cannot read properties of undefined (reading 'send')
    at /home/runner/xd/Events/⚡ Cliente/presencia.js:105:61
[08:57:55 [31merror[39m]: uncaughtException: Cannot read properties of undefined (reading 'send')
TypeError: Cannot read properties of undefined (reading 'send')
    at /home/runner/xd/Events/⚡ Cliente/presencia.js:105:61
[09:13:24 [32minfo[39m]: Iniciando y Conectando a la DB
[09:13:24 [32minfo[39m]: Bot Iniciado con Exito Dia de Registro Sat Sep 16 2023 09:13:24
[09:13:25 [31merror[39m]: uncaughtException: Cannot read properties of undefined (reading 'send')
TypeError: Cannot read properties of undefined (reading 'send')
    at /home/runner/xd/Events/⚡ Cliente/presencia.js:105:61
[09:13:25 [31merror[39m]: uncaughtException: Cannot read properties of undefined (reading 'send')
TypeError: Cannot read properties of undefined (reading 'send')
    at /home/runner/xd/Events/⚡ Cliente/presencia.js:105:61
[09:18:32 [32minfo[39m]: Iniciando y Conectando a la DB
[09:18:32 [32minfo[39m]: Bot Iniciado con Exito Dia de Registro Sat Sep 16 2023 09:18:32
[09:18:34 [31merror[39m]: uncaughtException: Cannot read properties of undefined (reading 'send')
TypeError: Cannot read properties of undefined (reading 'send')
    at /home/runner/xd/Events/⚡ Cliente/presencia.js:105:61
[09:18:34 [31merror[39m]: uncaughtException: Cannot read properties of undefined (reading 'send')
TypeError: Cannot read properties of undefined (reading 'send')
    at /home/runner/xd/Events/⚡ Cliente/presencia.js:105:61
[09:28:21 [32minfo[39m]: Iniciando y Conectando a la DB
[09:28:21 [32minfo[39m]: Bot Iniciado con Exito Dia de Registro Sat Sep 16 2023 09:28:21
[09:28:22 [31merror[39m]: uncaughtException: Cannot read properties of undefined (reading 'send')
TypeError: Cannot read properties of undefined (reading 'send')
    at /home/runner/xd/Events/⚡ Cliente/presencia.js:105:61
[09:28:22 [31merror[39m]: uncaughtException: Cannot read properties of undefined (reading 'send')
TypeError: Cannot read properties of undefined (reading 'send')
    at /home/runner/xd/Events/⚡ Cliente/presencia.js:105:61
[09:33:49 [32minfo[39m]: Iniciando y Conectando a la DB
[09:33:49 [32minfo[39m]: Bot Iniciado con Exito Dia de Registro Sat Sep 16 2023 09:33:49
[09:33:52 [31merror[39m]: uncaughtException: Cannot read properties of undefined (reading 'send')
TypeError: Cannot read properties of undefined (reading 'send')
    at /home/runner/xd/Events/⚡ Cliente/presencia.js:105:61
[09:33:52 [31merror[39m]: uncaughtException: Cannot read properties of undefined (reading 'send')
TypeError: Cannot read properties of undefined (reading 'send')
    at /home/runner/xd/Events/⚡ Cliente/presencia.js:105:61
[09:39:12 [32minfo[39m]: Iniciando y Conectando a la DB
[09:39:12 [32minfo[39m]: Bot Iniciado con Exito Dia de Registro Sat Sep 16 2023 09:39:12
[09:39:13 [31merror[39m]: uncaughtException: Cannot read properties of undefined (reading 'send')
TypeError: Cannot read properties of undefined (reading 'send')
    at /home/runner/xd/Events/⚡ Cliente/presencia.js:105:61
[09:39:13 [31merror[39m]: uncaughtException: Cannot read properties of undefined (reading 'send')
TypeError: Cannot read properties of undefined (reading 'send')
    at /home/runner/xd/Events/⚡ Cliente/presencia.js:105:61
[09:44:11 [32minfo[39m]: Iniciando y Conectando a la DB
[09:44:12 [32minfo[39m]: Bot Iniciado con Exito Dia de Registro Sat Sep 16 2023 09:44:12
[09:44:13 [31merror[39m]: uncaughtException: Cannot read properties of undefined (reading 'send')
TypeError: Cannot read properties of undefined (reading 'send')
    at /home/runner/xd/Events/⚡ Cliente/presencia.js:105:61
[09:44:13 [31merror[39m]: uncaughtException: Cannot read properties of undefined (reading 'send')
TypeError: Cannot read properties of undefined (reading 'send')
    at /home/runner/xd/Events/⚡ Cliente/presencia.js:105:61
[09:49:11 [32minfo[39m]: Iniciando y Conectando a la DB
[09:49:11 [32minfo[39m]: Bot Iniciado con Exito Dia de Registro Sat Sep 16 2023 09:49:11
[09:49:13 [31merror[39m]: uncaughtException: Cannot read properties of undefined (reading 'send')
TypeError: Cannot read properties of undefined (reading 'send')
    at /home/runner/xd/Events/⚡ Cliente/presencia.js:105:61
[09:49:13 [31merror[39m]: uncaughtException: Cannot read properties of undefined (reading 'send')
TypeError: Cannot read properties of undefined (reading 'send')
    at /home/runner/xd/Events/⚡ Cliente/presencia.js:105:61
[09:54:22 [32minfo[39m]: Iniciando y Conectando a la DB
[09:54:22 [32minfo[39m]: Bot Iniciado con Exito Dia de Registro Sat Sep 16 2023 09:54:22
[09:54:23 [31merror[39m]: uncaughtException: Cannot read properties of undefined (reading 'send')
TypeError: Cannot read properties of undefined (reading 'send')
    at /home/runner/xd/Events/⚡ Cliente/presencia.js:105:61
[09:54:23 [31merror[39m]: uncaughtException: Cannot read properties of undefined (reading 'send')
TypeError: Cannot read properties of undefined (reading 'send')
    at /home/runner/xd/Events/⚡ Cliente/presencia.js:105:61
[09:59:21 [32minfo[39m]: Iniciando y Conectando a la DB
[09:59:21 [32minfo[39m]: Bot Iniciado con Exito Dia de Registro Sat Sep 16 2023 09:59:21
[09:59:23 [31merror[39m]: uncaughtException: Cannot read properties of undefined (reading 'send')
TypeError: Cannot read properties of undefined (reading 'send')
    at /home/runner/xd/Events/⚡ Cliente/presencia.js:105:61
[09:59:23 [31merror[39m]: uncaughtException: Cannot read properties of undefined (reading 'send')
TypeError: Cannot read properties of undefined (reading 'send')
    at /home/runner/xd/Events/⚡ Cliente/presencia.js:105:61
[10:04:12 [32minfo[39m]: Iniciando y Conectando a la DB
[10:04:12 [32minfo[39m]: Bot Iniciado con Exito Dia de Registro Sat Sep 16 2023 10:04:12
[10:04:14 [31merror[39m]: uncaughtException: Cannot read properties of undefined (reading 'send')
TypeError: Cannot read properties of undefined (reading 'send')
    at /home/runner/xd/Events/⚡ Cliente/presencia.js:105:61
[10:04:14 [31merror[39m]: uncaughtException: Cannot read properties of undefined (reading 'send')
TypeError: Cannot read properties of undefined (reading 'send')
    at /home/runner/xd/Events/⚡ Cliente/presencia.js:105:61
[10:09:21 [32minfo[39m]: Iniciando y Conectando a la DB
[10:09:21 [32minfo[39m]: Bot Iniciado con Exito Dia de Registro Sat Sep 16 2023 10:09:21
[10:09:23 [31merror[39m]: uncaughtException: Cannot read properties of undefined (reading 'send')
TypeError: Cannot read properties of undefined (reading 'send')
    at /home/runner/xd/Events/⚡ Cliente/presencia.js:105:61
[10:09:23 [31merror[39m]: uncaughtException: Cannot read properties of undefined (reading 'send')
TypeError: Cannot read properties of undefined (reading 'send')
    at /home/runner/xd/Events/⚡ Cliente/presencia.js:105:61
[10:14:11 [32minfo[39m]: Iniciando y Conectando a la DB
[10:14:11 [32minfo[39m]: Bot Iniciado con Exito Dia de Registro Sat Sep 16 2023 10:14:11
[10:14:13 [31merror[39m]: uncaughtException: Cannot read properties of undefined (reading 'send')
TypeError: Cannot read properties of undefined (reading 'send')
    at /home/runner/xd/Events/⚡ Cliente/presencia.js:105:61
[10:14:13 [31merror[39m]: uncaughtException: Cannot read properties of undefined (reading 'send')
TypeError: Cannot read properties of undefined (reading 'send')
    at /home/runner/xd/Events/⚡ Cliente/presencia.js:105:61
[10:19:22 [32minfo[39m]: Iniciando y Conectando a la DB
[10:19:22 [32minfo[39m]: Bot Iniciado con Exito Dia de Registro Sat Sep 16 2023 10:19:22
[10:19:24 [31merror[39m]: uncaughtException: Cannot read properties of undefined (reading 'send')
TypeError: Cannot read properties of undefined (reading 'send')
    at /home/runner/xd/Events/⚡ Cliente/presencia.js:105:61
[10:19:24 [31merror[39m]: uncaughtException: Cannot read properties of undefined (reading 'send')
TypeError: Cannot read properties of undefined (reading 'send')
    at /home/runner/xd/Events/⚡ Cliente/presencia.js:105:61
[10:24:24 [32minfo[39m]: Iniciando y Conectando a la DB
[10:24:24 [32minfo[39m]: Bot Iniciado con Exito Dia de Registro Sat Sep 16 2023 10:24:24
[10:24:26 [31merror[39m]: uncaughtException: Cannot read properties of undefined (reading 'send')
TypeError: Cannot read properties of undefined (reading 'send')
    at /home/runner/xd/Events/⚡ Cliente/presencia.js:105:61
[10:24:26 [31merror[39m]: uncaughtException: Cannot read properties of undefined (reading 'send')
TypeError: Cannot read properties of undefined (reading 'send')
    at /home/runner/xd/Events/⚡ Cliente/presencia.js:105:61
[10:29:33 [32minfo[39m]: Iniciando y Conectando a la DB
[10:29:33 [32minfo[39m]: Bot Iniciado con Exito Dia de Registro Sat Sep 16 2023 10:29:33
[10:29:34 [31merror[39m]: uncaughtException: Cannot read properties of undefined (reading 'send')
TypeError: Cannot read properties of undefined (reading 'send')
    at /home/runner/xd/Events/⚡ Cliente/presencia.js:105:61
[10:29:34 [31merror[39m]: uncaughtException: Cannot read properties of undefined (reading 'send')
TypeError: Cannot read properties of undefined (reading 'send')
    at /home/runner/xd/Events/⚡ Cliente/presencia.js:105:61
[10:30:12 [32minfo[39m]: Iniciando y Conectando a la DB
[10:30:12 [32minfo[39m]: Bot Iniciado con Exito Dia de Registro Sat Sep 16 2023 10:30:12
[10:30:13 [31merror[39m]: uncaughtException: Cannot read properties of undefined (reading 'send')
TypeError: Cannot read properties of undefined (reading 'send')
    at /home/runner/xd/Events/⚡ Cliente/presencia.js:105:61
[10:30:13 [31merror[39m]: uncaughtException: Cannot read properties of undefined (reading 'send')
TypeError: Cannot read properties of undefined (reading 'send')
    at /home/runner/xd/Events/⚡ Cliente/presencia.js:105:61
[10:35:02 [32minfo[39m]: Iniciando y Conectando a la DB
[10:35:02 [32minfo[39m]: Bot Iniciado con Exito Dia de Registro Sat Sep 16 2023 10:35:02
[10:35:03 [31merror[39m]: uncaughtException: Cannot read properties of undefined (reading 'send')
TypeError: Cannot read properties of undefined (reading 'send')
    at /home/runner/xd/Events/⚡ Cliente/presencia.js:105:61
[10:35:03 [31merror[39m]: uncaughtException: Cannot read properties of undefined (reading 'send')
TypeError: Cannot read properties of undefined (reading 'send')
    at /home/runner/xd/Events/⚡ Cliente/presencia.js:105:61
[10:40:13 [32minfo[39m]: Iniciando y Conectando a la DB
[10:40:13 [32minfo[39m]: Bot Iniciado con Exito Dia de Registro Sat Sep 16 2023 10:40:13
[10:40:15 [31merror[39m]: uncaughtException: Cannot read properties of undefined (reading 'send')
TypeError: Cannot read properties of undefined (reading 'send')
    at /home/runner/xd/Events/⚡ Cliente/presencia.js:105:61
[10:40:15 [31merror[39m]: uncaughtException: Cannot read properties of undefined (reading 'send')
TypeError: Cannot read properties of undefined (reading 'send')
    at /home/runner/xd/Events/⚡ Cliente/presencia.js:105:61
[10:45:09 [32minfo[39m]: Iniciando y Conectando a la DB
[10:45:09 [32minfo[39m]: Bot Iniciado con Exito Dia de Registro Sat Sep 16 2023 10:45:09
[10:45:11 [31merror[39m]: uncaughtException: Cannot read properties of undefined (reading 'send')
TypeError: Cannot read properties of undefined (reading 'send')
    at /home/runner/xd/Events/⚡ Cliente/presencia.js:105:61
[10:45:11 [31merror[39m]: uncaughtException: Cannot read properties of undefined (reading 'send')
TypeError: Cannot read properties of undefined (reading 'send')
    at /home/runner/xd/Events/⚡ Cliente/presencia.js:105:61
[10:50:12 [32minfo[39m]: Iniciando y Conectando a la DB
[10:50:12 [32minfo[39m]: Bot Iniciado con Exito Dia de Registro Sat Sep 16 2023 10:50:12
[10:50:14 [31merror[39m]: uncaughtException: Cannot read properties of undefined (reading 'send')
TypeError: Cannot read properties of undefined (reading 'send')
    at /home/runner/xd/Events/⚡ Cliente/presencia.js:105:61
[10:50:14 [31merror[39m]: uncaughtException: Cannot read properties of undefined (reading 'send')
TypeError: Cannot read properties of undefined (reading 'send')
    at /home/runner/xd/Events/⚡ Cliente/presencia.js:105:61
[10:55:13 [32minfo[39m]: Iniciando y Conectando a la DB
[10:55:13 [32minfo[39m]: Bot Iniciado con Exito Dia de Registro Sat Sep 16 2023 10:55:13
[10:55:15 [31merror[39m]: uncaughtException: Cannot read properties of undefined (reading 'send')
TypeError: Cannot read properties of undefined (reading 'send')
    at /home/runner/xd/Events/⚡ Cliente/presencia.js:105:61
[10:55:15 [31merror[39m]: uncaughtException: Cannot read properties of undefined (reading 'send')
TypeError: Cannot read properties of undefined (reading 'send')
    at /home/runner/xd/Events/⚡ Cliente/presencia.js:105:61
[11:00:12 [32minfo[39m]: Iniciando y Conectando a la DB
[11:00:12 [32minfo[39m]: Bot Iniciado con Exito Dia de Registro Sat Sep 16 2023 11:00:12
[11:00:13 [31merror[39m]: uncaughtException: Cannot read properties of undefined (reading 'send')
TypeError: Cannot read properties of undefined (reading 'send')
    at /home/runner/xd/Events/⚡ Cliente/presencia.js:105:61
[11:00:13 [31merror[39m]: uncaughtException: Cannot read properties of undefined (reading 'send')
TypeError: Cannot read properties of undefined (reading 'send')
    at /home/runner/xd/Events/⚡ Cliente/presencia.js:105:61
[11:05:17 [32minfo[39m]: Iniciando y Conectando a la DB
[11:05:17 [32minfo[39m]: Bot Iniciado con Exito Dia de Registro Sat Sep 16 2023 11:05:17
[11:05:19 [31merror[39m]: uncaughtException: Cannot read properties of undefined (reading 'send')
TypeError: Cannot read properties of undefined (reading 'send')
    at /home/runner/xd/Events/⚡ Cliente/presencia.js:105:61
[11:05:19 [31merror[39m]: uncaughtException: Cannot read properties of undefined (reading 'send')
TypeError: Cannot read properties of undefined (reading 'send')
    at /home/runner/xd/Events/⚡ Cliente/presencia.js:105:61
[11:10:03 [32minfo[39m]: Iniciando y Conectando a la DB
[11:10:03 [32minfo[39m]: Bot Iniciado con Exito Dia de Registro Sat Sep 16 2023 11:10:03
[11:10:05 [31merror[39m]: uncaughtException: Cannot read properties of undefined (reading 'send')
TypeError: Cannot read properties of undefined (reading 'send')
    at /home/runner/xd/Events/⚡ Cliente/presencia.js:105:61
[11:10:05 [31merror[39m]: uncaughtException: Cannot read properties of undefined (reading 'send')
TypeError: Cannot read properties of undefined (reading 'send')
    at /home/runner/xd/Events/⚡ Cliente/presencia.js:105:61
[11:15:02 [32minfo[39m]: Iniciando y Conectando a la DB
[11:15:02 [32minfo[39m]: Bot Iniciado con Exito Dia de Registro Sat Sep 16 2023 11:15:02
[11:15:04 [31merror[39m]: uncaughtException: Cannot read properties of undefined (reading 'send')
TypeError: Cannot read properties of undefined (reading 'send')
    at /home/runner/xd/Events/⚡ Cliente/presencia.js:105:61
[11:15:04 [31merror[39m]: uncaughtException: Cannot read properties of undefined (reading 'send')
TypeError: Cannot read properties of undefined (reading 'send')
    at /home/runner/xd/Events/⚡ Cliente/presencia.js:105:61
[11:20:18 [32minfo[39m]: Iniciando y Conectando a la DB
[11:20:18 [32minfo[39m]: Bot Iniciado con Exito Dia de Registro Sat Sep 16 2023 11:20:18
[11:20:21 [31merror[39m]: uncaughtException: Cannot read properties of undefined (reading 'send')
TypeError: Cannot read properties of undefined (reading 'send')
    at /home/runner/xd/Events/⚡ Cliente/presencia.js:105:61
[11:20:21 [31merror[39m]: uncaughtException: Cannot read properties of undefined (reading 'send')
TypeError: Cannot read properties of undefined (reading 'send')
    at /home/runner/xd/Events/⚡ Cliente/presencia.js:105:61
[11:25:22 [32minfo[39m]: Iniciando y Conectando a la DB
[11:25:22 [32minfo[39m]: Bot Iniciado con Exito Dia de Registro Sat Sep 16 2023 11:25:22
[11:25:24 [31merror[39m]: uncaughtException: Cannot read properties of undefined (reading 'send')
TypeError: Cannot read properties of undefined (reading 'send')
    at /home/runner/xd/Events/⚡ Cliente/presencia.js:105:61
[11:25:24 [31merror[39m]: uncaughtException: Cannot read properties of undefined (reading 'send')
TypeError: Cannot read properties of undefined (reading 'send')
    at /home/runner/xd/Events/⚡ Cliente/presencia.js:105:61
[11:30:12 [32minfo[39m]: Iniciando y Conectando a la DB
[11:30:12 [32minfo[39m]: Bot Iniciado con Exito Dia de Registro Sat Sep 16 2023 11:30:12
[11:30:14 [31merror[39m]: uncaughtException: Cannot read properties of undefined (reading 'send')
TypeError: Cannot read properties of undefined (reading 'send')
    at /home/runner/xd/Events/⚡ Cliente/presencia.js:105:61
[11:30:14 [31merror[39m]: uncaughtException: Cannot read properties of undefined (reading 'send')
TypeError: Cannot read properties of undefined (reading 'send')
    at /home/runner/xd/Events/⚡ Cliente/presencia.js:105:61
[11:45:33 [32minfo[39m]: Iniciando y Conectando a la DB
[11:45:33 [32minfo[39m]: Bot Iniciado con Exito Dia de Registro Sat Sep 16 2023 11:45:33
[11:45:37 [31merror[39m]: uncaughtException: Cannot read properties of undefined (reading 'send')
TypeError: Cannot read properties of undefined (reading 'send')
    at /home/runner/xd/Events/⚡ Cliente/presencia.js:105:61
[11:45:37 [31merror[39m]: uncaughtException: Cannot read properties of undefined (reading 'send')
TypeError: Cannot read properties of undefined (reading 'send')
    at /home/runner/xd/Events/⚡ Cliente/presencia.js:105:61
[11:45:57 [32minfo[39m]: Iniciando y Conectando a la DB
[11:45:57 [32minfo[39m]: Bot Iniciado con Exito Dia de Registro Sat Sep 16 2023 11:45:57
[11:45:59 [31merror[39m]: uncaughtException: Cannot read properties of undefined (reading 'send')
TypeError: Cannot read properties of undefined (reading 'send')
    at /home/runner/xd/Events/⚡ Cliente/presencia.js:105:61
[11:45:59 [31merror[39m]: uncaughtException: Cannot read properties of undefined (reading 'send')
TypeError: Cannot read properties of undefined (reading 'send')
    at /home/runner/xd/Events/⚡ Cliente/presencia.js:105:61
[11:50:52 [32minfo[39m]: Iniciando y Conectando a la DB
[11:50:52 [32minfo[39m]: Bot Iniciado con Exito Dia de Registro Sat Sep 16 2023 11:50:52
[11:50:53 [31merror[39m]: uncaughtException: Cannot read properties of undefined (reading 'send')
TypeError: Cannot read properties of undefined (reading 'send')
    at /home/runner/xd/Events/⚡ Cliente/presencia.js:105:61
[11:50:53 [31merror[39m]: uncaughtException: Cannot read properties of undefined (reading 'send')
TypeError: Cannot read properties of undefined (reading 'send')
    at /home/runner/xd/Events/⚡ Cliente/presencia.js:105:61
[11:56:31 [32minfo[39m]: Iniciando y Conectando a la DB
[11:56:31 [32minfo[39m]: Bot Iniciado con Exito Dia de Registro Sat Sep 16 2023 11:56:31
[11:56:32 [31merror[39m]: uncaughtException: Cannot read properties of undefined (reading 'send')
TypeError: Cannot read properties of undefined (reading 'send')
    at /home/runner/xd/Events/⚡ Cliente/presencia.js:105:61
[11:56:32 [31merror[39m]: uncaughtException: Cannot read properties of undefined (reading 'send')
TypeError: Cannot read properties of undefined (reading 'send')
    at /home/runner/xd/Events/⚡ Cliente/presencia.js:105:61
[12:06:31 [32minfo[39m]: Iniciando y Conectando a la DB
[12:06:31 [32minfo[39m]: Bot Iniciado con Exito Dia de Registro Sat Sep 16 2023 12:06:31
[12:06:33 [31merror[39m]: uncaughtException: Cannot read properties of undefined (reading 'send')
TypeError: Cannot read properties of undefined (reading 'send')
    at /home/runner/xd/Events/⚡ Cliente/presencia.js:105:61
[12:06:33 [31merror[39m]: uncaughtException: Cannot read properties of undefined (reading 'send')
TypeError: Cannot read properties of undefined (reading 'send')
    at /home/runner/xd/Events/⚡ Cliente/presencia.js:105:61
[12:11:31 [32minfo[39m]: Iniciando y Conectando a la DB
[12:11:31 [32minfo[39m]: Bot Iniciado con Exito Dia de Registro Sat Sep 16 2023 12:11:31
[12:11:32 [31merror[39m]: uncaughtException: Cannot read properties of undefined (reading 'send')
TypeError: Cannot read properties of undefined (reading 'send')
    at /home/runner/xd/Events/⚡ Cliente/presencia.js:105:61
[12:11:32 [31merror[39m]: uncaughtException: Cannot read properties of undefined (reading 'send')
TypeError: Cannot read properties of undefined (reading 'send')
    at /home/runner/xd/Events/⚡ Cliente/presencia.js:105:61
[12:17:02 [32minfo[39m]: Iniciando y Conectando a la DB
[12:17:02 [32minfo[39m]: Bot Iniciado con Exito Dia de Registro Sat Sep 16 2023 12:17:02
[12:17:03 [31merror[39m]: uncaughtException: Cannot read properties of undefined (reading 'send')
TypeError: Cannot read properties of undefined (reading 'send')
    at /home/runner/xd/Events/⚡ Cliente/presencia.js:105:61
[12:17:03 [31merror[39m]: uncaughtException: Cannot read properties of undefined (reading 'send')
TypeError: Cannot read properties of undefined (reading 'send')
    at /home/runner/xd/Events/⚡ Cliente/presencia.js:105:61
[12:23:09 [32minfo[39m]: Iniciando y Conectando a la DB
[12:23:09 [32minfo[39m]: Bot Iniciado con Exito Dia de Registro Sat Sep 16 2023 12:23:09
[12:23:10 [31merror[39m]: uncaughtException: Cannot read properties of undefined (reading 'send')
TypeError: Cannot read properties of undefined (reading 'send')
    at /home/runner/xd/Events/⚡ Cliente/presencia.js:105:61
[12:23:10 [31merror[39m]: uncaughtException: Cannot read properties of undefined (reading 'send')
TypeError: Cannot read properties of undefined (reading 'send')
    at /home/runner/xd/Events/⚡ Cliente/presencia.js:105:61
[12:27:58 [32minfo[39m]: Iniciando y Conectando a la DB
[12:27:58 [32minfo[39m]: Bot Iniciado con Exito Dia de Registro Sat Sep 16 2023 12:27:58
[12:27:59 [31merror[39m]: uncaughtException: Cannot read properties of undefined (reading 'send')
TypeError: Cannot read properties of undefined (reading 'send')
    at /home/runner/xd/Events/⚡ Cliente/presencia.js:105:61
[12:27:59 [31merror[39m]: uncaughtException: Cannot read properties of undefined (reading 'send')
TypeError: Cannot read properties of undefined (reading 'send')
    at /home/runner/xd/Events/⚡ Cliente/presencia.js:105:61
[12:33:02 [32minfo[39m]: Iniciando y Conectando a la DB
[12:33:02 [32minfo[39m]: Bot Iniciado con Exito Dia de Registro Sat Sep 16 2023 12:33:02
[12:33:04 [31merror[39m]: uncaughtException: Cannot read properties of undefined (reading 'send')
TypeError: Cannot read properties of undefined (reading 'send')
    at /home/runner/xd/Events/⚡ Cliente/presencia.js:105:61
[12:33:04 [31merror[39m]: uncaughtException: Cannot read properties of undefined (reading 'send')
TypeError: Cannot read properties of undefined (reading 'send')
    at /home/runner/xd/Events/⚡ Cliente/presencia.js:105:61
[14:30:00 [32minfo[39m]: Iniciando y Conectando a la DB
[14:30:00 [32minfo[39m]: Bot Iniciado con Exito Dia de Registro Sat Sep 16 2023 14:30:00
[14:30:01 [31merror[39m]: uncaughtException: Cannot read properties of undefined (reading 'send')
TypeError: Cannot read properties of undefined (reading 'send')
    at /home/runner/xd/Events/⚡ Cliente/presencia.js:105:61
[14:30:01 [31merror[39m]: uncaughtException: Cannot read properties of undefined (reading 'send')
TypeError: Cannot read properties of undefined (reading 'send')
    at /home/runner/xd/Events/⚡ Cliente/presencia.js:105:61
[14:35:09 [32minfo[39m]: Iniciando y Conectando a la DB
[14:35:09 [32minfo[39m]: Bot Iniciado con Exito Dia de Registro Sat Sep 16 2023 14:35:09
[14:35:11 [31merror[39m]: uncaughtException: Cannot read properties of undefined (reading 'send')
TypeError: Cannot read properties of undefined (reading 'send')
    at /home/runner/xd/Events/⚡ Cliente/presencia.js:105:61
[14:35:11 [31merror[39m]: uncaughtException: Cannot read properties of undefined (reading 'send')
TypeError: Cannot read properties of undefined (reading 'send')
    at /home/runner/xd/Events/⚡ Cliente/presencia.js:105:61
[14:50:10 [32minfo[39m]: Iniciando y Conectando a la DB
[14:50:10 [32minfo[39m]: Bot Iniciado con Exito Dia de Registro Sat Sep 16 2023 14:50:10
[14:50:11 [31merror[39m]: uncaughtException: Cannot read properties of undefined (reading 'send')
TypeError: Cannot read properties of undefined (reading 'send')
    at /home/runner/xd/Events/⚡ Cliente/presencia.js:105:61
[14:50:11 [31merror[39m]: uncaughtException: Cannot read properties of undefined (reading 'send')
TypeError: Cannot read properties of undefined (reading 'send')
    at /home/runner/xd/Events/⚡ Cliente/presencia.js:105:61
[15:00:11 [32minfo[39m]: Iniciando y Conectando a la DB
[15:00:11 [32minfo[39m]: Bot Iniciado con Exito Dia de Registro Sat Sep 16 2023 15:00:11
[15:00:13 [31merror[39m]: uncaughtException: Cannot read properties of undefined (reading 'send')
TypeError: Cannot read properties of undefined (reading 'send')
    at /home/runner/xd/Events/⚡ Cliente/presencia.js:105:61
[15:00:13 [31merror[39m]: uncaughtException: Cannot read properties of undefined (reading 'send')
TypeError: Cannot read properties of undefined (reading 'send')
    at /home/runner/xd/Events/⚡ Cliente/presencia.js:105:61
[15:05:09 [32minfo[39m]: Iniciando y Conectando a la DB
[15:05:09 [32minfo[39m]: Bot Iniciado con Exito Dia de Registro Sat Sep 16 2023 15:05:09
[15:05:11 [31merror[39m]: uncaughtException: Cannot read properties of undefined (reading 'send')
TypeError: Cannot read properties of undefined (reading 'send')
    at /home/runner/xd/Events/⚡ Cliente/presencia.js:105:61
[15:05:11 [31merror[39m]: uncaughtException: Cannot read properties of undefined (reading 'send')
TypeError: Cannot read properties of undefined (reading 'send')
    at /home/runner/xd/Events/⚡ Cliente/presencia.js:105:61
[15:10:09 [32minfo[39m]: Iniciando y Conectando a la DB
[15:10:09 [32minfo[39m]: Bot Iniciado con Exito Dia de Registro Sat Sep 16 2023 15:10:09
[15:10:10 [31merror[39m]: uncaughtException: Cannot read properties of undefined (reading 'send')
TypeError: Cannot read properties of undefined (reading 'send')
    at /home/runner/xd/Events/⚡ Cliente/presencia.js:105:61
[15:10:10 [31merror[39m]: uncaughtException: Cannot read properties of undefined (reading 'send')
TypeError: Cannot read properties of undefined (reading 'send')
    at /home/runner/xd/Events/⚡ Cliente/presencia.js:105:61
[15:15:05 [32minfo[39m]: Iniciando y Conectando a la DB
[15:15:05 [32minfo[39m]: Bot Iniciado con Exito Dia de Registro Sat Sep 16 2023 15:15:05
[15:15:07 [31merror[39m]: uncaughtException: Cannot read properties of undefined (reading 'send')
TypeError: Cannot read properties of undefined (reading 'send')
    at /home/runner/xd/Events/⚡ Cliente/presencia.js:105:61
[15:15:07 [31merror[39m]: uncaughtException: Cannot read properties of undefined (reading 'send')
TypeError: Cannot read properties of undefined (reading 'send')
    at /home/runner/xd/Events/⚡ Cliente/presencia.js:105:61
[15:20:13 [32minfo[39m]: Iniciando y Conectando a la DB
[15:20:13 [32minfo[39m]: Bot Iniciado con Exito Dia de Registro Sat Sep 16 2023 15:20:13
[15:20:15 [31merror[39m]: uncaughtException: Cannot read properties of undefined (reading 'send')
TypeError: Cannot read properties of undefined (reading 'send')
    at /home/runner/xd/Events/⚡ Cliente/presencia.js:105:61
[15:20:15 [31merror[39m]: uncaughtException: Cannot read properties of undefined (reading 'send')
TypeError: Cannot read properties of undefined (reading 'send')
    at /home/runner/xd/Events/⚡ Cliente/presencia.js:105:61
[15:25:00 [32minfo[39m]: Iniciando y Conectando a la DB
[15:25:00 [32minfo[39m]: Bot Iniciado con Exito Dia de Registro Sat Sep 16 2023 15:25:00
[15:25:02 [31merror[39m]: uncaughtException: Cannot read properties of undefined (reading 'send')
TypeError: Cannot read properties of undefined (reading 'send')
    at /home/runner/xd/Events/⚡ Cliente/presencia.js:105:61
[15:25:02 [31merror[39m]: uncaughtException: Cannot read properties of undefined (reading 'send')
TypeError: Cannot read properties of undefined (reading 'send')
    at /home/runner/xd/Events/⚡ Cliente/presencia.js:105:61
[15:30:00 [32minfo[39m]: Iniciando y Conectando a la DB
[15:30:00 [32minfo[39m]: Bot Iniciado con Exito Dia de Registro Sat Sep 16 2023 15:30:00
[15:30:01 [31merror[39m]: uncaughtException: Cannot read properties of undefined (reading 'send')
TypeError: Cannot read properties of undefined (reading 'send')
    at /home/runner/xd/Events/⚡ Cliente/presencia.js:105:61
[15:30:01 [31merror[39m]: uncaughtException: Cannot read properties of undefined (reading 'send')
TypeError: Cannot read properties of undefined (reading 'send')
    at /home/runner/xd/Events/⚡ Cliente/presencia.js:105:61
[15:35:10 [32minfo[39m]: Iniciando y Conectando a la DB
[15:35:10 [32minfo[39m]: Bot Iniciado con Exito Dia de Registro Sat Sep 16 2023 15:35:10
[15:35:12 [31merror[39m]: uncaughtException: Cannot read properties of undefined (reading 'send')
TypeError: Cannot read properties of undefined (reading 'send')
    at /home/runner/xd/Events/⚡ Cliente/presencia.js:105:61
[15:35:12 [31merror[39m]: uncaughtException: Cannot read properties of undefined (reading 'send')
TypeError: Cannot read properties of undefined (reading 'send')
    at /home/runner/xd/Events/⚡ Cliente/presencia.js:105:61
[15:40:09 [32minfo[39m]: Iniciando y Conectando a la DB
[15:40:09 [32minfo[39m]: Bot Iniciado con Exito Dia de Registro Sat Sep 16 2023 15:40:09
[15:40:11 [31merror[39m]: uncaughtException: Cannot read properties of undefined (reading 'send')
TypeError: Cannot read properties of undefined (reading 'send')
    at /home/runner/xd/Events/⚡ Cliente/presencia.js:105:61
[15:40:11 [31merror[39m]: uncaughtException: Cannot read properties of undefined (reading 'send')
TypeError: Cannot read properties of undefined (reading 'send')
    at /home/runner/xd/Events/⚡ Cliente/presencia.js:105:61
[15:45:01 [32minfo[39m]: Iniciando y Conectando a la DB
[15:45:01 [32minfo[39m]: Bot Iniciado con Exito Dia de Registro Sat Sep 16 2023 15:45:01
[15:45:02 [31merror[39m]: uncaughtException: Cannot read properties of undefined (reading 'send')
TypeError: Cannot read properties of undefined (reading 'send')
    at /home/runner/xd/Events/⚡ Cliente/presencia.js:105:61
[15:45:02 [31merror[39m]: uncaughtException: Cannot read properties of undefined (reading 'send')
TypeError: Cannot read properties of undefined (reading 'send')
    at /home/runner/xd/Events/⚡ Cliente/presencia.js:105:61
[15:50:09 [32minfo[39m]: Iniciando y Conectando a la DB
[15:50:09 [32minfo[39m]: Bot Iniciado con Exito Dia de Registro Sat Sep 16 2023 15:50:09
[15:50:11 [31merror[39m]: uncaughtException: Cannot read properties of undefined (reading 'send')
TypeError: Cannot read properties of undefined (reading 'send')
    at /home/runner/xd/Events/⚡ Cliente/presencia.js:105:61
[15:50:11 [31merror[39m]: uncaughtException: Cannot read properties of undefined (reading 'send')
TypeError: Cannot read properties of undefined (reading 'send')
    at /home/runner/xd/Events/⚡ Cliente/presencia.js:105:61
[15:55:00 [32minfo[39m]: Iniciando y Conectando a la DB
[15:55:00 [32minfo[39m]: Bot Iniciado con Exito Dia de Registro Sat Sep 16 2023 15:55:00
[15:55:01 [31merror[39m]: uncaughtException: Cannot read properties of undefined (reading 'send')
TypeError: Cannot read properties of undefined (reading 'send')
    at /home/runner/xd/Events/⚡ Cliente/presencia.js:105:61
[15:55:01 [31merror[39m]: uncaughtException: Cannot read properties of undefined (reading 'send')
TypeError: Cannot read properties of undefined (reading 'send')
    at /home/runner/xd/Events/⚡ Cliente/presencia.js:105:61
[16:00:00 [32minfo[39m]: Iniciando y Conectando a la DB
[16:00:00 [32minfo[39m]: Bot Iniciado con Exito Dia de Registro Sat Sep 16 2023 16:00:00
[16:00:01 [31merror[39m]: uncaughtException: Cannot read properties of undefined (reading 'send')
TypeError: Cannot read properties of undefined (reading 'send')
    at /home/runner/xd/Events/⚡ Cliente/presencia.js:105:61
[16:00:01 [31merror[39m]: uncaughtException: Cannot read properties of undefined (reading 'send')
TypeError: Cannot read properties of undefined (reading 'send')
    at /home/runner/xd/Events/⚡ Cliente/presencia.js:105:61
[16:05:00 [32minfo[39m]: Iniciando y Conectando a la DB
[16:05:00 [32minfo[39m]: Bot Iniciado con Exito Dia de Registro Sat Sep 16 2023 16:05:00
[16:05:02 [31merror[39m]: uncaughtException: Cannot read properties of undefined (reading 'send')
TypeError: Cannot read properties of undefined (reading 'send')
    at /home/runner/xd/Events/⚡ Cliente/presencia.js:105:61
[16:05:02 [31merror[39m]: uncaughtException: Cannot read properties of undefined (reading 'send')
TypeError: Cannot read properties of undefined (reading 'send')
    at /home/runner/xd/Events/⚡ Cliente/presencia.js:105:61
[16:10:09 [32minfo[39m]: Iniciando y Conectando a la DB
[16:10:09 [32minfo[39m]: Bot Iniciado con Exito Dia de Registro Sat Sep 16 2023 16:10:09
[16:10:11 [31merror[39m]: uncaughtException: Cannot read properties of undefined (reading 'send')
TypeError: Cannot read properties of undefined (reading 'send')
    at /home/runner/xd/Events/⚡ Cliente/presencia.js:105:61
[16:10:11 [31merror[39m]: uncaughtException: Cannot read properties of undefined (reading 'send')
TypeError: Cannot read properties of undefined (reading 'send')
    at /home/runner/xd/Events/⚡ Cliente/presencia.js:105:61
[16:30:09 [32minfo[39m]: Iniciando y Conectando a la DB
[16:30:09 [32minfo[39m]: Bot Iniciado con Exito Dia de Registro Sat Sep 16 2023 16:30:09
[16:30:10 [31merror[39m]: uncaughtException: Cannot read properties of undefined (reading 'send')
TypeError: Cannot read properties of undefined (reading 'send')
    at /home/runner/xd/Events/⚡ Cliente/presencia.js:105:61
[16:30:10 [31merror[39m]: uncaughtException: Cannot read properties of undefined (reading 'send')
TypeError: Cannot read properties of undefined (reading 'send')
    at /home/runner/xd/Events/⚡ Cliente/presencia.js:105:61
[16:35:09 [32minfo[39m]: Iniciando y Conectando a la DB
[16:35:09 [32minfo[39m]: Bot Iniciado con Exito Dia de Registro Sat Sep 16 2023 16:35:09
[16:35:11 [31merror[39m]: uncaughtException: Cannot read properties of undefined (reading 'send')
TypeError: Cannot read properties of undefined (reading 'send')
    at /home/runner/xd/Events/⚡ Cliente/presencia.js:105:61
[16:35:11 [31merror[39m]: uncaughtException: Cannot read properties of undefined (reading 'send')
TypeError: Cannot read properties of undefined (reading 'send')
    at /home/runner/xd/Events/⚡ Cliente/presencia.js:105:61
[16:40:19 [32minfo[39m]: Iniciando y Conectando a la DB
[16:40:19 [32minfo[39m]: Bot Iniciado con Exito Dia de Registro Sat Sep 16 2023 16:40:19
[16:40:20 [31merror[39m]: uncaughtException: Cannot read properties of undefined (reading 'send')
TypeError: Cannot read properties of undefined (reading 'send')
    at /home/runner/xd/Events/⚡ Cliente/presencia.js:105:61
[16:40:20 [31merror[39m]: uncaughtException: Cannot read properties of undefined (reading 'send')
TypeError: Cannot read properties of undefined (reading 'send')
    at /home/runner/xd/Events/⚡ Cliente/presencia.js:105:61
[16:45:00 [32minfo[39m]: Iniciando y Conectando a la DB
[16:45:00 [32minfo[39m]: Bot Iniciado con Exito Dia de Registro Sat Sep 16 2023 16:45:00
[16:45:02 [31merror[39m]: uncaughtException: Cannot read properties of undefined (reading 'send')
TypeError: Cannot read properties of undefined (reading 'send')
    at /home/runner/xd/Events/⚡ Cliente/presencia.js:105:61
[16:45:02 [31merror[39m]: uncaughtException: Cannot read properties of undefined (reading 'send')
TypeError: Cannot read properties of undefined (reading 'send')
    at /home/runner/xd/Events/⚡ Cliente/presencia.js:105:61
[16:55:10 [32minfo[39m]: Iniciando y Conectando a la DB
[16:55:10 [32minfo[39m]: Bot Iniciado con Exito Dia de Registro Sat Sep 16 2023 16:55:10
[16:55:11 [31merror[39m]: uncaughtException: Cannot read properties of undefined (reading 'send')
TypeError: Cannot read properties of undefined (reading 'send')
    at /home/runner/xd/Events/⚡ Cliente/presencia.js:105:61
[16:55:11 [31merror[39m]: uncaughtException: Cannot read properties of undefined (reading 'send')
TypeError: Cannot read properties of undefined (reading 'send')
    at /home/runner/xd/Events/⚡ Cliente/presencia.js:105:61
[16:59:59 [32minfo[39m]: Iniciando y Conectando a la DB
[16:59:59 [32minfo[39m]: Bot Iniciado con Exito Dia de Registro Sat Sep 16 2023 16:59:59
[17:00:00 [31merror[39m]: uncaughtException: Cannot read properties of undefined (reading 'send')
TypeError: Cannot read properties of undefined (reading 'send')
    at /home/runner/xd/Events/⚡ Cliente/presencia.js:105:61
[17:00:00 [31merror[39m]: uncaughtException: Cannot read properties of undefined (reading 'send')
TypeError: Cannot read properties of undefined (reading 'send')
    at /home/runner/xd/Events/⚡ Cliente/presencia.js:105:61
[17:04:59 [32minfo[39m]: Iniciando y Conectando a la DB
[17:04:59 [32minfo[39m]: Bot Iniciado con Exito Dia de Registro Sat Sep 16 2023 17:04:59
[17:05:01 [31merror[39m]: uncaughtException: Cannot read properties of undefined (reading 'send')
TypeError: Cannot read properties of undefined (reading 'send')
    at /home/runner/xd/Events/⚡ Cliente/presencia.js:105:61
[17:05:01 [31merror[39m]: uncaughtException: Cannot read properties of undefined (reading 'send')
TypeError: Cannot read properties of undefined (reading 'send')
    at /home/runner/xd/Events/⚡ Cliente/presencia.js:105:61
[17:09:59 [32minfo[39m]: Iniciando y Conectando a la DB
[17:09:59 [32minfo[39m]: Bot Iniciado con Exito Dia de Registro Sat Sep 16 2023 17:09:59
[17:10:00 [31merror[39m]: uncaughtException: Cannot read properties of undefined (reading 'send')
TypeError: Cannot read properties of undefined (reading 'send')
    at /home/runner/xd/Events/⚡ Cliente/presencia.js:105:61
[17:10:00 [31merror[39m]: uncaughtException: Cannot read properties of undefined (reading 'send')
TypeError: Cannot read properties of undefined (reading 'send')
    at /home/runner/xd/Events/⚡ Cliente/presencia.js:105:61
[17:15:09 [32minfo[39m]: Iniciando y Conectando a la DB
[17:15:09 [32minfo[39m]: Bot Iniciado con Exito Dia de Registro Sat Sep 16 2023 17:15:09
[17:15:11 [31merror[39m]: uncaughtException: Cannot read properties of undefined (reading 'send')
TypeError: Cannot read properties of undefined (reading 'send')
    at /home/runner/xd/Events/⚡ Cliente/presencia.js:105:61
[17:15:11 [31merror[39m]: uncaughtException: Cannot read properties of undefined (reading 'send')
TypeError: Cannot read properties of undefined (reading 'send')
    at /home/runner/xd/Events/⚡ Cliente/presencia.js:105:61
[17:19:59 [32minfo[39m]: Iniciando y Conectando a la DB
[17:19:59 [32minfo[39m]: Bot Iniciado con Exito Dia de Registro Sat Sep 16 2023 17:19:59
[17:20:00 [31merror[39m]: uncaughtException: Cannot read properties of undefined (reading 'send')
TypeError: Cannot read properties of undefined (reading 'send')
    at /home/runner/xd/Events/⚡ Cliente/presencia.js:105:61
[17:20:00 [31merror[39m]: uncaughtException: Cannot read properties of undefined (reading 'send')
TypeError: Cannot read properties of undefined (reading 'send')
    at /home/runner/xd/Events/⚡ Cliente/presencia.js:105:61
[17:24:59 [32minfo[39m]: Iniciando y Conectando a la DB
[17:24:59 [32minfo[39m]: Bot Iniciado con Exito Dia de Registro Sat Sep 16 2023 17:24:59
[17:25:01 [31merror[39m]: uncaughtException: Cannot read properties of undefined (reading 'send')
TypeError: Cannot read properties of undefined (reading 'send')
    at /home/runner/xd/Events/⚡ Cliente/presencia.js:105:61
[17:25:01 [31merror[39m]: uncaughtException: Cannot read properties of undefined (reading 'send')
TypeError: Cannot read properties of undefined (reading 'send')
    at /home/runner/xd/Events/⚡ Cliente/presencia.js:105:61
[19:21:50 [32minfo[39m]: Iniciando y Conectando a la DB
[19:21:50 [32minfo[39m]: Bot Iniciado con Exito Dia de Registro Sat Sep 16 2023 19:21:50
[19:21:52 [31merror[39m]: uncaughtException: Cannot read properties of undefined (reading 'send')
TypeError: Cannot read properties of undefined (reading 'send')
    at /home/runner/xd/Events/⚡ Cliente/presencia.js:105:61
[19:21:52 [31merror[39m]: uncaughtException: Cannot read properties of undefined (reading 'send')
TypeError: Cannot read properties of undefined (reading 'send')
    at /home/runner/xd/Events/⚡ Cliente/presencia.js:105:61
[19:26:39 [32minfo[39m]: Iniciando y Conectando a la DB
[19:26:39 [32minfo[39m]: Bot Iniciado con Exito Dia de Registro Sat Sep 16 2023 19:26:39
[19:26:40 [31merror[39m]: uncaughtException: Cannot read properties of undefined (reading 'send')
TypeError: Cannot read properties of undefined (reading 'send')
    at /home/runner/xd/Events/⚡ Cliente/presencia.js:105:61
[19:26:40 [31merror[39m]: uncaughtException: Cannot read properties of undefined (reading 'send')
TypeError: Cannot read properties of undefined (reading 'send')
    at /home/runner/xd/Events/⚡ Cliente/presencia.js:105:61
[19:31:39 [32minfo[39m]: Iniciando y Conectando a la DB
[19:31:39 [32minfo[39m]: Bot Iniciado con Exito Dia de Registro Sat Sep 16 2023 19:31:39
[19:31:40 [31merror[39m]: uncaughtException: Cannot read properties of undefined (reading 'send')
TypeError: Cannot read properties of undefined (reading 'send')
    at /home/runner/xd/Events/⚡ Cliente/presencia.js:105:61
[19:31:40 [31merror[39m]: uncaughtException: Cannot read properties of undefined (reading 'send')
TypeError: Cannot read properties of undefined (reading 'send')
    at /home/runner/xd/Events/⚡ Cliente/presencia.js:105:61
[19:37:06 [32minfo[39m]: Iniciando y Conectando a la DB
[19:37:06 [32minfo[39m]: Bot Iniciado con Exito Dia de Registro Sat Sep 16 2023 19:37:06
[19:37:10 [31merror[39m]: uncaughtException: Cannot read properties of undefined (reading 'send')
TypeError: Cannot read properties of undefined (reading 'send')
    at /home/runner/xd/Events/⚡ Cliente/presencia.js:105:61
[19:37:10 [31merror[39m]: uncaughtException: Cannot read properties of undefined (reading 'send')
TypeError: Cannot read properties of undefined (reading 'send')
    at /home/runner/xd/Events/⚡ Cliente/presencia.js:105:61
[19:37:41 [32minfo[39m]: Iniciando y Conectando a la DB
[19:37:41 [32minfo[39m]: Bot Iniciado con Exito Dia de Registro Sat Sep 16 2023 19:37:41
[19:37:42 [31merror[39m]: uncaughtException: Cannot read properties of undefined (reading 'send')
TypeError: Cannot read properties of undefined (reading 'send')
    at /home/runner/xd/Events/⚡ Cliente/presencia.js:105:61
[19:37:42 [31merror[39m]: uncaughtException: Cannot read properties of undefined (reading 'send')
TypeError: Cannot read properties of undefined (reading 'send')
    at /home/runner/xd/Events/⚡ Cliente/presencia.js:105:61
[19:42:40 [32minfo[39m]: Iniciando y Conectando a la DB
[19:42:40 [32minfo[39m]: Bot Iniciado con Exito Dia de Registro Sat Sep 16 2023 19:42:40
[19:42:41 [31merror[39m]: uncaughtException: Cannot read properties of undefined (reading 'send')
TypeError: Cannot read properties of undefined (reading 'send')
    at /home/runner/xd/Events/⚡ Cliente/presencia.js:105:61
[19:42:41 [31merror[39m]: uncaughtException: Cannot read properties of undefined (reading 'send')
TypeError: Cannot read properties of undefined (reading 'send')
    at /home/runner/xd/Events/⚡ Cliente/presencia.js:105:61
[19:47:29 [32minfo[39m]: Iniciando y Conectando a la DB
[19:47:29 [32minfo[39m]: Bot Iniciado con Exito Dia de Registro Sat Sep 16 2023 19:47:29
[19:47:30 [31merror[39m]: uncaughtException: Cannot read properties of undefined (reading 'send')
TypeError: Cannot read properties of undefined (reading 'send')
    at /home/runner/xd/Events/⚡ Cliente/presencia.js:105:61
[19:47:30 [31merror[39m]: uncaughtException: Cannot read properties of undefined (reading 'send')
TypeError: Cannot read properties of undefined (reading 'send')
    at /home/runner/xd/Events/⚡ Cliente/presencia.js:105:61
[20:40:49 [32minfo[39m]: Iniciando y Conectando a la DB
[20:40:49 [32minfo[39m]: Bot Iniciado con Exito Dia de Registro Sat Sep 16 2023 20:40:49
[20:40:51 [31merror[39m]: uncaughtException: Cannot read properties of undefined (reading 'send')
TypeError: Cannot read properties of undefined (reading 'send')
    at /home/runner/xd/Events/⚡ Cliente/presencia.js:105:61
[20:40:51 [31merror[39m]: uncaughtException: Cannot read properties of undefined (reading 'send')
TypeError: Cannot read properties of undefined (reading 'send')
    at /home/runner/xd/Events/⚡ Cliente/presencia.js:105:61
[20:46:01 [32minfo[39m]: Iniciando y Conectando a la DB
[20:46:01 [32minfo[39m]: Bot Iniciado con Exito Dia de Registro Sat Sep 16 2023 20:46:01
[20:46:02 [31merror[39m]: uncaughtException: Cannot read properties of undefined (reading 'send')
TypeError: Cannot read properties of undefined (reading 'send')
    at /home/runner/xd/Events/⚡ Cliente/presencia.js:105:61
[20:46:02 [31merror[39m]: uncaughtException: Cannot read properties of undefined (reading 'send')
TypeError: Cannot read properties of undefined (reading 'send')
    at /home/runner/xd/Events/⚡ Cliente/presencia.js:105:61
[20:56:32 [32minfo[39m]: Iniciando y Conectando a la DB
[20:56:32 [32minfo[39m]: Bot Iniciado con Exito Dia de Registro Sat Sep 16 2023 20:56:32
[20:56:33 [31merror[39m]: uncaughtException: Cannot read properties of undefined (reading 'send')
TypeError: Cannot read properties of undefined (reading 'send')
    at /home/runner/xd/Events/⚡ Cliente/presencia.js:105:61
[20:56:33 [31merror[39m]: uncaughtException: Cannot read properties of undefined (reading 'send')
TypeError: Cannot read properties of undefined (reading 'send')
    at /home/runner/xd/Events/⚡ Cliente/presencia.js:105:61
[21:18:00 [32minfo[39m]: Iniciando y Conectando a la DB
[21:18:00 [32minfo[39m]: Bot Iniciado con Exito Dia de Registro Sat Sep 16 2023 21:18:00
[21:18:02 [31merror[39m]: uncaughtException: Cannot read properties of undefined (reading 'send')
TypeError: Cannot read properties of undefined (reading 'send')
    at /home/runner/xd/Events/⚡ Cliente/presencia.js:105:61
[21:18:02 [31merror[39m]: uncaughtException: Cannot read properties of undefined (reading 'send')
TypeError: Cannot read properties of undefined (reading 'send')
    at /home/runner/xd/Events/⚡ Cliente/presencia.js:105:61
[21:23:00 [32minfo[39m]: Iniciando y Conectando a la DB
[21:23:01 [32minfo[39m]: Bot Iniciado con Exito Dia de Registro Sat Sep 16 2023 21:23:01
[21:23:02 [31merror[39m]: uncaughtException: Cannot read properties of undefined (reading 'send')
TypeError: Cannot read properties of undefined (reading 'send')
    at /home/runner/xd/Events/⚡ Cliente/presencia.js:105:61
[21:23:02 [31merror[39m]: uncaughtException: Cannot read properties of undefined (reading 'send')
TypeError: Cannot read properties of undefined (reading 'send')
    at /home/runner/xd/Events/⚡ Cliente/presencia.js:105:61
[21:28:03 [32minfo[39m]: Iniciando y Conectando a la DB
[21:28:03 [32minfo[39m]: Bot Iniciado con Exito Dia de Registro Sat Sep 16 2023 21:28:03
[21:28:05 [31merror[39m]: uncaughtException: Cannot read properties of undefined (reading 'send')
TypeError: Cannot read properties of undefined (reading 'send')
    at /home/runner/xd/Events/⚡ Cliente/presencia.js:105:61
[21:28:05 [31merror[39m]: uncaughtException: Cannot read properties of undefined (reading 'send')
TypeError: Cannot read properties of undefined (reading 'send')
    at /home/runner/xd/Events/⚡ Cliente/presencia.js:105:61
[21:38:01 [32minfo[39m]: Iniciando y Conectando a la DB
[21:38:01 [32minfo[39m]: Bot Iniciado con Exito Dia de Registro Sat Sep 16 2023 21:38:01
[21:38:03 [31merror[39m]: uncaughtException: Cannot read properties of undefined (reading 'send')
TypeError: Cannot read properties of undefined (reading 'send')
    at /home/runner/xd/Events/⚡ Cliente/presencia.js:105:61
[21:38:03 [31merror[39m]: uncaughtException: Cannot read properties of undefined (reading 'send')
TypeError: Cannot read properties of undefined (reading 'send')
    at /home/runner/xd/Events/⚡ Cliente/presencia.js:105:61
[21:43:00 [32minfo[39m]: Iniciando y Conectando a la DB
[21:43:00 [32minfo[39m]: Bot Iniciado con Exito Dia de Registro Sat Sep 16 2023 21:43:00
[21:43:01 [31merror[39m]: uncaughtException: Cannot read properties of undefined (reading 'send')
TypeError: Cannot read properties of undefined (reading 'send')
    at /home/runner/xd/Events/⚡ Cliente/presencia.js:105:61
[21:43:01 [31merror[39m]: uncaughtException: Cannot read properties of undefined (reading 'send')
TypeError: Cannot read properties of undefined (reading 'send')
    at /home/runner/xd/Events/⚡ Cliente/presencia.js:105:61
[21:48:01 [32minfo[39m]: Iniciando y Conectando a la DB
[21:48:01 [32minfo[39m]: Bot Iniciado con Exito Dia de Registro Sat Sep 16 2023 21:48:01
[21:48:02 [31merror[39m]: uncaughtException: Cannot read properties of undefined (reading 'send')
TypeError: Cannot read properties of undefined (reading 'send')
    at /home/runner/xd/Events/⚡ Cliente/presencia.js:105:61
[21:48:02 [31merror[39m]: uncaughtException: Cannot read properties of undefined (reading 'send')
TypeError: Cannot read properties of undefined (reading 'send')
    at /home/runner/xd/Events/⚡ Cliente/presencia.js:105:61
[21:52:52 [32minfo[39m]: Iniciando y Conectando a la DB
[21:52:52 [32minfo[39m]: Bot Iniciado con Exito Dia de Registro Sat Sep 16 2023 21:52:52
[21:52:53 [31merror[39m]: uncaughtException: Cannot read properties of undefined (reading 'send')
TypeError: Cannot read properties of undefined (reading 'send')
    at /home/runner/xd/Events/⚡ Cliente/presencia.js:105:61
[21:52:53 [31merror[39m]: uncaughtException: Cannot read properties of undefined (reading 'send')
TypeError: Cannot read properties of undefined (reading 'send')
    at /home/runner/xd/Events/⚡ Cliente/presencia.js:105:61
[21:57:51 [32minfo[39m]: Iniciando y Conectando a la DB
[21:57:51 [32minfo[39m]: Bot Iniciado con Exito Dia de Registro Sat Sep 16 2023 21:57:51
[21:57:53 [31merror[39m]: uncaughtException: Cannot read properties of undefined (reading 'send')
TypeError: Cannot read properties of undefined (reading 'send')
    at /home/runner/xd/Events/⚡ Cliente/presencia.js:105:61
[21:57:53 [31merror[39m]: uncaughtException: Cannot read properties of undefined (reading 'send')
TypeError: Cannot read properties of undefined (reading 'send')
    at /home/runner/xd/Events/⚡ Cliente/presencia.js:105:61
[22:03:01 [32minfo[39m]: Iniciando y Conectando a la DB
[22:03:01 [32minfo[39m]: Bot Iniciado con Exito Dia de Registro Sat Sep 16 2023 22:03:01
[22:03:02 [31merror[39m]: uncaughtException: Cannot read properties of undefined (reading 'send')
TypeError: Cannot read properties of undefined (reading 'send')
    at /home/runner/xd/Events/⚡ Cliente/presencia.js:105:61
[22:03:02 [31merror[39m]: uncaughtException: Cannot read properties of undefined (reading 'send')
TypeError: Cannot read properties of undefined (reading 'send')
    at /home/runner/xd/Events/⚡ Cliente/presencia.js:105:61
[22:07:51 [32minfo[39m]: Iniciando y Conectando a la DB
[22:07:51 [32minfo[39m]: Bot Iniciado con Exito Dia de Registro Sat Sep 16 2023 22:07:51
[22:07:52 [31merror[39m]: uncaughtException: Cannot read properties of undefined (reading 'send')
TypeError: Cannot read properties of undefined (reading 'send')
    at /home/runner/xd/Events/⚡ Cliente/presencia.js:105:61
[22:07:52 [31merror[39m]: uncaughtException: Cannot read properties of undefined (reading 'send')
TypeError: Cannot read properties of undefined (reading 'send')
    at /home/runner/xd/Events/⚡ Cliente/presencia.js:105:61
[22:12:52 [32minfo[39m]: Iniciando y Conectando a la DB
[22:12:52 [32minfo[39m]: Bot Iniciado con Exito Dia de Registro Sat Sep 16 2023 22:12:52
[22:12:54 [31merror[39m]: uncaughtException: Cannot read properties of undefined (reading 'send')
TypeError: Cannot read properties of undefined (reading 'send')
    at /home/runner/xd/Events/⚡ Cliente/presencia.js:105:61
[22:12:54 [31merror[39m]: uncaughtException: Cannot read properties of undefined (reading 'send')
TypeError: Cannot read properties of undefined (reading 'send')
    at /home/runner/xd/Events/⚡ Cliente/presencia.js:105:61
[22:18:01 [32minfo[39m]: Iniciando y Conectando a la DB
[22:18:01 [32minfo[39m]: Bot Iniciado con Exito Dia de Registro Sat Sep 16 2023 22:18:01
[22:18:03 [31merror[39m]: uncaughtException: Cannot read properties of undefined (reading 'send')
TypeError: Cannot read properties of undefined (reading 'send')
    at /home/runner/xd/Events/⚡ Cliente/presencia.js:105:61
[22:18:03 [31merror[39m]: uncaughtException: Cannot read properties of undefined (reading 'send')
TypeError: Cannot read properties of undefined (reading 'send')
    at /home/runner/xd/Events/⚡ Cliente/presencia.js:105:61
[23:32:06 [32minfo[39m]: Iniciando y Conectando a la DB
[23:32:06 [32minfo[39m]: Bot Iniciado con Exito Dia de Registro Sat Sep 16 2023 23:32:06
[23:32:08 [31merror[39m]: uncaughtException: Cannot read properties of undefined (reading 'send')
TypeError: Cannot read properties of undefined (reading 'send')
    at /home/runner/xd/Events/⚡ Cliente/presencia.js:105:61
[23:32:08 [31merror[39m]: uncaughtException: Cannot read properties of undefined (reading 'send')
TypeError: Cannot read properties of undefined (reading 'send')
    at /home/runner/xd/Events/⚡ Cliente/presencia.js:105:61
[23:36:51 [32minfo[39m]: Iniciando y Conectando a la DB
[23:36:51 [32minfo[39m]: Bot Iniciado con Exito Dia de Registro Sat Sep 16 2023 23:36:51
[23:36:53 [31merror[39m]: uncaughtException: Cannot read properties of undefined (reading 'send')
TypeError: Cannot read properties of undefined (reading 'send')
    at /home/runner/xd/Events/⚡ Cliente/presencia.js:105:61
[23:36:53 [31merror[39m]: uncaughtException: Cannot read properties of undefined (reading 'send')
TypeError: Cannot read properties of undefined (reading 'send')
    at /home/runner/xd/Events/⚡ Cliente/presencia.js:105:61
[23:46:49 [32minfo[39m]: Iniciando y Conectando a la DB
[23:46:49 [32minfo[39m]: Bot Iniciado con Exito Dia de Registro Sat Sep 16 2023 23:46:49
[23:46:51 [31merror[39m]: uncaughtException: Cannot read properties of undefined (reading 'send')
TypeError: Cannot read properties of undefined (reading 'send')
    at /home/runner/xd/Events/⚡ Cliente/presencia.js:105:61
[23:46:51 [31merror[39m]: uncaughtException: Cannot read properties of undefined (reading 'send')
TypeError: Cannot read properties of undefined (reading 'send')
    at /home/runner/xd/Events/⚡ Cliente/presencia.js:105:61
[23:57:00 [32minfo[39m]: Iniciando y Conectando a la DB
[23:57:00 [32minfo[39m]: Bot Iniciado con Exito Dia de Registro Sat Sep 16 2023 23:57:00
[23:57:02 [31merror[39m]: uncaughtException: Cannot read properties of undefined (reading 'send')
TypeError: Cannot read properties of undefined (reading 'send')
    at /home/runner/xd/Events/⚡ Cliente/presencia.js:105:61
[23:57:02 [31merror[39m]: uncaughtException: Cannot read properties of undefined (reading 'send')
TypeError: Cannot read properties of undefined (reading 'send')
    at /home/runner/xd/Events/⚡ Cliente/presencia.js:105:61
