[08:23:57 [32minfo[39m]: Iniciando y Conectando a la DB
[08:23:57 [32minfo[39m]: Bot Iniciado con Exito Dia de Registro Sun Nov 19 2023 08:23:57
[08:23:59 [31merror[39m]: uncaughtException: Cannot read properties of undefined (reading 'send')
TypeError: Cannot read properties of undefined (reading 'send')
    at /home/runner/xd/Events/⚡ Cliente/presencia.js:105:51
[08:23:59 [31merror[39m]: uncaughtException: Cannot read properties of undefined (reading 'send')
TypeError: Cannot read properties of undefined (reading 'send')
    at /home/runner/xd/Events/⚡ Cliente/presencia.js:105:51
[13:37:52 [32minfo[39m]: Iniciando y Conectando a la DB
[13:37:52 [32minfo[39m]: Bot Iniciado con Exito Dia de Registro Sun Nov 19 2023 13:37:52
[13:37:54 [31merror[39m]: uncaughtException: Cannot read properties of undefined (reading 'send')
TypeError: Cannot read properties of undefined (reading 'send')
    at /home/runner/xd/Events/⚡ Cliente/presencia.js:105:51
[13:37:54 [31merror[39m]: uncaughtException: Cannot read properties of undefined (reading 'send')
TypeError: Cannot read properties of undefined (reading 'send')
    at /home/runner/xd/Events/⚡ Cliente/presencia.js:105:51
[20:07:32 [32minfo[39m]: Iniciando y Conectando a la DB
[20:07:32 [32minfo[39m]: Bot Iniciado con Exito Dia de Registro Sun Nov 19 2023 20:07:32
[20:07:33 [31merror[39m]: uncaughtException: Cannot read properties of undefined (reading 'send')
TypeError: Cannot read properties of undefined (reading 'send')
    at /home/runner/xd/Events/⚡ Cliente/presencia.js:105:51
[20:07:33 [31merror[39m]: uncaughtException: Cannot read properties of undefined (reading 'send')
TypeError: Cannot read properties of undefined (reading 'send')
    at /home/runner/xd/Events/⚡ Cliente/presencia.js:105:51
[22:22:06 [32minfo[39m]: Iniciando y Conectando a la DB
[22:22:06 [32minfo[39m]: Bot Iniciado con Exito Dia de Registro Sun Nov 19 2023 22:22:06
[22:22:07 [31merror[39m]: uncaughtException: Cannot read properties of undefined (reading 'send')
TypeError: Cannot read properties of undefined (reading 'send')
    at /home/runner/xd/Events/⚡ Cliente/presencia.js:105:51
[22:22:07 [31merror[39m]: uncaughtException: Cannot read properties of undefined (reading 'send')
TypeError: Cannot read properties of undefined (reading 'send')
    at /home/runner/xd/Events/⚡ Cliente/presencia.js:105:51
