[00:31:28 [32minfo[39m]: Iniciando y Conectando a la DB
[00:31:28 [32minfo[39m]: Bot Iniciado con Exito Dia de Registro Mon Sep 25 2023 00:31:28
[00:31:30 [31merror[39m]: uncaughtException: Cannot read properties of undefined (reading 'send')
TypeError: Cannot read properties of undefined (reading 'send')
    at /home/runner/xd/Events/⚡ Cliente/presencia.js:105:61
[00:31:30 [31merror[39m]: uncaughtException: Cannot read properties of undefined (reading 'send')
TypeError: Cannot read properties of undefined (reading 'send')
    at /home/runner/xd/Events/⚡ Cliente/presencia.js:105:61
[00:36:21 [32minfo[39m]: Iniciando y Conectando a la DB
[00:36:21 [32minfo[39m]: Bot Iniciado con Exito Dia de Registro Mon Sep 25 2023 00:36:21
[00:36:22 [31merror[39m]: uncaughtException: Cannot read properties of undefined (reading 'send')
TypeError: Cannot read properties of undefined (reading 'send')
    at /home/runner/xd/Events/⚡ Cliente/presencia.js:105:61
[00:36:22 [31merror[39m]: uncaughtException: Cannot read properties of undefined (reading 'send')
TypeError: Cannot read properties of undefined (reading 'send')
    at /home/runner/xd/Events/⚡ Cliente/presencia.js:105:61
[00:36:44 [32minfo[39m]: Iniciando y Conectando a la DB
[00:36:44 [32minfo[39m]: Bot Iniciado con Exito Dia de Registro Mon Sep 25 2023 00:36:44
[00:36:46 [31merror[39m]: uncaughtException: Cannot read properties of undefined (reading 'send')
TypeError: Cannot read properties of undefined (reading 'send')
    at /home/runner/xd/Events/⚡ Cliente/presencia.js:105:61
[00:36:46 [31merror[39m]: uncaughtException: Cannot read properties of undefined (reading 'send')
TypeError: Cannot read properties of undefined (reading 'send')
    at /home/runner/xd/Events/⚡ Cliente/presencia.js:105:61
[00:41:41 [32minfo[39m]: Iniciando y Conectando a la DB
[00:41:41 [32minfo[39m]: Bot Iniciado con Exito Dia de Registro Mon Sep 25 2023 00:41:41
[00:41:42 [31merror[39m]: uncaughtException: Cannot read properties of undefined (reading 'send')
TypeError: Cannot read properties of undefined (reading 'send')
    at /home/runner/xd/Events/⚡ Cliente/presencia.js:105:61
[00:41:42 [31merror[39m]: uncaughtException: Cannot read properties of undefined (reading 'send')
TypeError: Cannot read properties of undefined (reading 'send')
    at /home/runner/xd/Events/⚡ Cliente/presencia.js:105:61
[00:47:01 [32minfo[39m]: Iniciando y Conectando a la DB
[00:47:01 [32minfo[39m]: Bot Iniciado con Exito Dia de Registro Mon Sep 25 2023 00:47:01
[00:47:02 [31merror[39m]: uncaughtException: Cannot read properties of undefined (reading 'send')
TypeError: Cannot read properties of undefined (reading 'send')
    at /home/runner/xd/Events/⚡ Cliente/presencia.js:105:61
[00:47:02 [31merror[39m]: uncaughtException: Cannot read properties of undefined (reading 'send')
TypeError: Cannot read properties of undefined (reading 'send')
    at /home/runner/xd/Events/⚡ Cliente/presencia.js:105:61
[00:52:21 [32minfo[39m]: Iniciando y Conectando a la DB
[00:52:21 [32minfo[39m]: Bot Iniciado con Exito Dia de Registro Mon Sep 25 2023 00:52:21
[00:52:23 [31merror[39m]: uncaughtException: Cannot read properties of undefined (reading 'send')
TypeError: Cannot read properties of undefined (reading 'send')
    at /home/runner/xd/Events/⚡ Cliente/presencia.js:105:61
[00:52:23 [31merror[39m]: uncaughtException: Cannot read properties of undefined (reading 'send')
TypeError: Cannot read properties of undefined (reading 'send')
    at /home/runner/xd/Events/⚡ Cliente/presencia.js:105:61
[00:52:44 [32minfo[39m]: Iniciando y Conectando a la DB
[00:52:44 [32minfo[39m]: Bot Iniciado con Exito Dia de Registro Mon Sep 25 2023 00:52:44
[00:52:46 [31merror[39m]: uncaughtException: Cannot read properties of undefined (reading 'send')
TypeError: Cannot read properties of undefined (reading 'send')
    at /home/runner/xd/Events/⚡ Cliente/presencia.js:105:61
[00:52:46 [31merror[39m]: uncaughtException: Cannot read properties of undefined (reading 'send')
TypeError: Cannot read properties of undefined (reading 'send')
    at /home/runner/xd/Events/⚡ Cliente/presencia.js:105:61
[00:57:43 [32minfo[39m]: Iniciando y Conectando a la DB
[00:57:43 [32minfo[39m]: Bot Iniciado con Exito Dia de Registro Mon Sep 25 2023 00:57:43
[00:57:45 [31merror[39m]: uncaughtException: Cannot read properties of undefined (reading 'send')
TypeError: Cannot read properties of undefined (reading 'send')
    at /home/runner/xd/Events/⚡ Cliente/presencia.js:105:61
[00:57:45 [31merror[39m]: uncaughtException: Cannot read properties of undefined (reading 'send')
TypeError: Cannot read properties of undefined (reading 'send')
    at /home/runner/xd/Events/⚡ Cliente/presencia.js:105:61
[00:58:04 [32minfo[39m]: Iniciando y Conectando a la DB
[00:58:04 [32minfo[39m]: Bot Iniciado con Exito Dia de Registro Mon Sep 25 2023 00:58:04
[00:58:05 [31merror[39m]: uncaughtException: Cannot read properties of undefined (reading 'send')
TypeError: Cannot read properties of undefined (reading 'send')
    at /home/runner/xd/Events/⚡ Cliente/presencia.js:105:61
[00:58:05 [31merror[39m]: uncaughtException: Cannot read properties of undefined (reading 'send')
TypeError: Cannot read properties of undefined (reading 'send')
    at /home/runner/xd/Events/⚡ Cliente/presencia.js:105:61
[01:56:21 [32minfo[39m]: Iniciando y Conectando a la DB
[01:56:21 [32minfo[39m]: Bot Iniciado con Exito Dia de Registro Mon Sep 25 2023 01:56:21
[01:56:23 [31merror[39m]: uncaughtException: Cannot read properties of undefined (reading 'send')
TypeError: Cannot read properties of undefined (reading 'send')
    at /home/runner/xd/Events/⚡ Cliente/presencia.js:105:61
[01:56:23 [31merror[39m]: uncaughtException: Cannot read properties of undefined (reading 'send')
TypeError: Cannot read properties of undefined (reading 'send')
    at /home/runner/xd/Events/⚡ Cliente/presencia.js:105:61
[01:56:45 [32minfo[39m]: Iniciando y Conectando a la DB
[01:56:45 [32minfo[39m]: Bot Iniciado con Exito Dia de Registro Mon Sep 25 2023 01:56:45
[01:56:46 [31merror[39m]: uncaughtException: Cannot read properties of undefined (reading 'send')
TypeError: Cannot read properties of undefined (reading 'send')
    at /home/runner/xd/Events/⚡ Cliente/presencia.js:105:61
[01:56:46 [31merror[39m]: uncaughtException: Cannot read properties of undefined (reading 'send')
TypeError: Cannot read properties of undefined (reading 'send')
    at /home/runner/xd/Events/⚡ Cliente/presencia.js:105:61
[02:01:45 [32minfo[39m]: Iniciando y Conectando a la DB
[02:01:45 [32minfo[39m]: Bot Iniciado con Exito Dia de Registro Mon Sep 25 2023 02:01:45
[02:01:46 [31merror[39m]: uncaughtException: Cannot read properties of undefined (reading 'send')
TypeError: Cannot read properties of undefined (reading 'send')
    at /home/runner/xd/Events/⚡ Cliente/presencia.js:105:61
[02:01:46 [31merror[39m]: uncaughtException: Cannot read properties of undefined (reading 'send')
TypeError: Cannot read properties of undefined (reading 'send')
    at /home/runner/xd/Events/⚡ Cliente/presencia.js:105:61
[02:02:03 [32minfo[39m]: Iniciando y Conectando a la DB
[02:02:03 [32minfo[39m]: Bot Iniciado con Exito Dia de Registro Mon Sep 25 2023 02:02:03
[02:02:04 [31merror[39m]: uncaughtException: Cannot read properties of undefined (reading 'send')
TypeError: Cannot read properties of undefined (reading 'send')
    at /home/runner/xd/Events/⚡ Cliente/presencia.js:105:61
[02:02:04 [31merror[39m]: uncaughtException: Cannot read properties of undefined (reading 'send')
TypeError: Cannot read properties of undefined (reading 'send')
    at /home/runner/xd/Events/⚡ Cliente/presencia.js:105:61
[02:07:03 [32minfo[39m]: Iniciando y Conectando a la DB
[02:07:03 [32minfo[39m]: Bot Iniciado con Exito Dia de Registro Mon Sep 25 2023 02:07:03
[02:07:05 [31merror[39m]: uncaughtException: Cannot read properties of undefined (reading 'send')
TypeError: Cannot read properties of undefined (reading 'send')
    at /home/runner/xd/Events/⚡ Cliente/presencia.js:105:61
[02:07:05 [31merror[39m]: uncaughtException: Cannot read properties of undefined (reading 'send')
TypeError: Cannot read properties of undefined (reading 'send')
    at /home/runner/xd/Events/⚡ Cliente/presencia.js:105:61
[02:07:23 [32minfo[39m]: Iniciando y Conectando a la DB
[02:07:23 [32minfo[39m]: Bot Iniciado con Exito Dia de Registro Mon Sep 25 2023 02:07:23
[02:07:25 [31merror[39m]: uncaughtException: Cannot read properties of undefined (reading 'send')
TypeError: Cannot read properties of undefined (reading 'send')
    at /home/runner/xd/Events/⚡ Cliente/presencia.js:105:61
[02:07:25 [31merror[39m]: uncaughtException: Cannot read properties of undefined (reading 'send')
TypeError: Cannot read properties of undefined (reading 'send')
    at /home/runner/xd/Events/⚡ Cliente/presencia.js:105:61
[02:12:24 [32minfo[39m]: Iniciando y Conectando a la DB
[02:12:24 [32minfo[39m]: Bot Iniciado con Exito Dia de Registro Mon Sep 25 2023 02:12:24
[02:12:25 [31merror[39m]: uncaughtException: Cannot read properties of undefined (reading 'send')
TypeError: Cannot read properties of undefined (reading 'send')
    at /home/runner/xd/Events/⚡ Cliente/presencia.js:105:61
[02:12:25 [31merror[39m]: uncaughtException: Cannot read properties of undefined (reading 'send')
TypeError: Cannot read properties of undefined (reading 'send')
    at /home/runner/xd/Events/⚡ Cliente/presencia.js:105:61
[02:12:44 [32minfo[39m]: Iniciando y Conectando a la DB
[02:12:44 [32minfo[39m]: Bot Iniciado con Exito Dia de Registro Mon Sep 25 2023 02:12:44
[02:12:45 [31merror[39m]: uncaughtException: Cannot read properties of undefined (reading 'send')
TypeError: Cannot read properties of undefined (reading 'send')
    at /home/runner/xd/Events/⚡ Cliente/presencia.js:105:61
[02:12:45 [31merror[39m]: uncaughtException: Cannot read properties of undefined (reading 'send')
TypeError: Cannot read properties of undefined (reading 'send')
    at /home/runner/xd/Events/⚡ Cliente/presencia.js:105:61
[02:17:43 [32minfo[39m]: Iniciando y Conectando a la DB
[02:17:43 [32minfo[39m]: Bot Iniciado con Exito Dia de Registro Mon Sep 25 2023 02:17:43
[02:17:45 [31merror[39m]: uncaughtException: Cannot read properties of undefined (reading 'send')
TypeError: Cannot read properties of undefined (reading 'send')
    at /home/runner/xd/Events/⚡ Cliente/presencia.js:105:61
[02:17:45 [31merror[39m]: uncaughtException: Cannot read properties of undefined (reading 'send')
TypeError: Cannot read properties of undefined (reading 'send')
    at /home/runner/xd/Events/⚡ Cliente/presencia.js:105:61
[02:23:04 [32minfo[39m]: Iniciando y Conectando a la DB
[02:23:04 [32minfo[39m]: Bot Iniciado con Exito Dia de Registro Mon Sep 25 2023 02:23:04
[02:23:06 [31merror[39m]: uncaughtException: Cannot read properties of undefined (reading 'send')
TypeError: Cannot read properties of undefined (reading 'send')
    at /home/runner/xd/Events/⚡ Cliente/presencia.js:105:61
[02:23:06 [31merror[39m]: uncaughtException: Cannot read properties of undefined (reading 'send')
TypeError: Cannot read properties of undefined (reading 'send')
    at /home/runner/xd/Events/⚡ Cliente/presencia.js:105:61
[02:23:25 [32minfo[39m]: Iniciando y Conectando a la DB
[02:23:25 [32minfo[39m]: Bot Iniciado con Exito Dia de Registro Mon Sep 25 2023 02:23:25
[02:23:26 [31merror[39m]: uncaughtException: Cannot read properties of undefined (reading 'send')
TypeError: Cannot read properties of undefined (reading 'send')
    at /home/runner/xd/Events/⚡ Cliente/presencia.js:105:61
[02:23:26 [31merror[39m]: uncaughtException: Cannot read properties of undefined (reading 'send')
TypeError: Cannot read properties of undefined (reading 'send')
    at /home/runner/xd/Events/⚡ Cliente/presencia.js:105:61
[02:29:04 [32minfo[39m]: Iniciando y Conectando a la DB
[02:29:04 [32minfo[39m]: Bot Iniciado con Exito Dia de Registro Mon Sep 25 2023 02:29:04
[02:29:10 [31merror[39m]: uncaughtException: Cannot read properties of undefined (reading 'send')
TypeError: Cannot read properties of undefined (reading 'send')
    at /home/runner/xd/Events/⚡ Cliente/presencia.js:105:61
[02:29:10 [31merror[39m]: uncaughtException: Cannot read properties of undefined (reading 'send')
TypeError: Cannot read properties of undefined (reading 'send')
    at /home/runner/xd/Events/⚡ Cliente/presencia.js:105:61
[02:33:47 [32minfo[39m]: Iniciando y Conectando a la DB
[02:33:47 [32minfo[39m]: Bot Iniciado con Exito Dia de Registro Mon Sep 25 2023 02:33:47
[02:33:49 [31merror[39m]: uncaughtException: Cannot read properties of undefined (reading 'send')
TypeError: Cannot read properties of undefined (reading 'send')
    at /home/runner/xd/Events/⚡ Cliente/presencia.js:105:61
[02:33:49 [31merror[39m]: uncaughtException: Cannot read properties of undefined (reading 'send')
TypeError: Cannot read properties of undefined (reading 'send')
    at /home/runner/xd/Events/⚡ Cliente/presencia.js:105:61
[02:34:04 [32minfo[39m]: Iniciando y Conectando a la DB
[02:34:04 [32minfo[39m]: Bot Iniciado con Exito Dia de Registro Mon Sep 25 2023 02:34:04
[02:34:06 [31merror[39m]: uncaughtException: Cannot read properties of undefined (reading 'send')
TypeError: Cannot read properties of undefined (reading 'send')
    at /home/runner/xd/Events/⚡ Cliente/presencia.js:105:61
[02:34:06 [31merror[39m]: uncaughtException: Cannot read properties of undefined (reading 'send')
TypeError: Cannot read properties of undefined (reading 'send')
    at /home/runner/xd/Events/⚡ Cliente/presencia.js:105:61
[02:39:04 [32minfo[39m]: Iniciando y Conectando a la DB
[02:39:04 [32minfo[39m]: Bot Iniciado con Exito Dia de Registro Mon Sep 25 2023 02:39:04
[02:39:05 [31merror[39m]: uncaughtException: Cannot read properties of undefined (reading 'send')
TypeError: Cannot read properties of undefined (reading 'send')
    at /home/runner/xd/Events/⚡ Cliente/presencia.js:105:61
[02:39:05 [31merror[39m]: uncaughtException: Cannot read properties of undefined (reading 'send')
TypeError: Cannot read properties of undefined (reading 'send')
    at /home/runner/xd/Events/⚡ Cliente/presencia.js:105:61
[02:39:25 [32minfo[39m]: Iniciando y Conectando a la DB
[02:39:25 [32minfo[39m]: Bot Iniciado con Exito Dia de Registro Mon Sep 25 2023 02:39:25
[02:39:26 [31merror[39m]: uncaughtException: Cannot read properties of undefined (reading 'send')
TypeError: Cannot read properties of undefined (reading 'send')
    at /home/runner/xd/Events/⚡ Cliente/presencia.js:105:61
[02:39:26 [31merror[39m]: uncaughtException: Cannot read properties of undefined (reading 'send')
TypeError: Cannot read properties of undefined (reading 'send')
    at /home/runner/xd/Events/⚡ Cliente/presencia.js:105:61
[04:26:58 [32minfo[39m]: Iniciando y Conectando a la DB
[04:26:58 [32minfo[39m]: Bot Iniciado con Exito Dia de Registro Mon Sep 25 2023 04:26:58
[04:27:00 [31merror[39m]: uncaughtException: Cannot read properties of undefined (reading 'send')
TypeError: Cannot read properties of undefined (reading 'send')
    at /home/runner/xd/Events/⚡ Cliente/presencia.js:105:61
[04:27:00 [31merror[39m]: uncaughtException: Cannot read properties of undefined (reading 'send')
TypeError: Cannot read properties of undefined (reading 'send')
    at /home/runner/xd/Events/⚡ Cliente/presencia.js:105:61
[04:31:50 [32minfo[39m]: Iniciando y Conectando a la DB
[04:31:50 [32minfo[39m]: Bot Iniciado con Exito Dia de Registro Mon Sep 25 2023 04:31:50
[04:31:52 [31merror[39m]: uncaughtException: Cannot read properties of undefined (reading 'send')
TypeError: Cannot read properties of undefined (reading 'send')
    at /home/runner/xd/Events/⚡ Cliente/presencia.js:105:61
[04:31:52 [31merror[39m]: uncaughtException: Cannot read properties of undefined (reading 'send')
TypeError: Cannot read properties of undefined (reading 'send')
    at /home/runner/xd/Events/⚡ Cliente/presencia.js:105:61
[04:32:12 [32minfo[39m]: Iniciando y Conectando a la DB
[04:32:12 [32minfo[39m]: Bot Iniciado con Exito Dia de Registro Mon Sep 25 2023 04:32:12
[04:32:13 [31merror[39m]: uncaughtException: Cannot read properties of undefined (reading 'send')
TypeError: Cannot read properties of undefined (reading 'send')
    at /home/runner/xd/Events/⚡ Cliente/presencia.js:105:61
[04:32:13 [31merror[39m]: uncaughtException: Cannot read properties of undefined (reading 'send')
TypeError: Cannot read properties of undefined (reading 'send')
    at /home/runner/xd/Events/⚡ Cliente/presencia.js:105:61
[04:42:32 [32minfo[39m]: Iniciando y Conectando a la DB
[04:42:32 [32minfo[39m]: Bot Iniciado con Exito Dia de Registro Mon Sep 25 2023 04:42:32
[04:42:33 [31merror[39m]: uncaughtException: Cannot read properties of undefined (reading 'send')
TypeError: Cannot read properties of undefined (reading 'send')
    at /home/runner/xd/Events/⚡ Cliente/presencia.js:105:61
[04:42:33 [31merror[39m]: uncaughtException: Cannot read properties of undefined (reading 'send')
TypeError: Cannot read properties of undefined (reading 'send')
    at /home/runner/xd/Events/⚡ Cliente/presencia.js:105:61
[04:42:52 [32minfo[39m]: Iniciando y Conectando a la DB
[04:42:52 [32minfo[39m]: Bot Iniciado con Exito Dia de Registro Mon Sep 25 2023 04:42:52
[04:42:53 [31merror[39m]: uncaughtException: Cannot read properties of undefined (reading 'send')
TypeError: Cannot read properties of undefined (reading 'send')
    at /home/runner/xd/Events/⚡ Cliente/presencia.js:105:61
[04:42:53 [31merror[39m]: uncaughtException: Cannot read properties of undefined (reading 'send')
TypeError: Cannot read properties of undefined (reading 'send')
    at /home/runner/xd/Events/⚡ Cliente/presencia.js:105:61
[04:47:52 [32minfo[39m]: Iniciando y Conectando a la DB
[04:47:52 [32minfo[39m]: Bot Iniciado con Exito Dia de Registro Mon Sep 25 2023 04:47:52
[04:47:54 [31merror[39m]: uncaughtException: Cannot read properties of undefined (reading 'send')
TypeError: Cannot read properties of undefined (reading 'send')
    at /home/runner/xd/Events/⚡ Cliente/presencia.js:105:61
[04:47:54 [31merror[39m]: uncaughtException: Cannot read properties of undefined (reading 'send')
TypeError: Cannot read properties of undefined (reading 'send')
    at /home/runner/xd/Events/⚡ Cliente/presencia.js:105:61
[04:48:12 [32minfo[39m]: Iniciando y Conectando a la DB
[04:48:12 [32minfo[39m]: Bot Iniciado con Exito Dia de Registro Mon Sep 25 2023 04:48:12
[04:48:13 [31merror[39m]: uncaughtException: Cannot read properties of undefined (reading 'send')
TypeError: Cannot read properties of undefined (reading 'send')
    at /home/runner/xd/Events/⚡ Cliente/presencia.js:105:61
[04:48:13 [31merror[39m]: uncaughtException: Cannot read properties of undefined (reading 'send')
TypeError: Cannot read properties of undefined (reading 'send')
    at /home/runner/xd/Events/⚡ Cliente/presencia.js:105:61
[04:58:33 [32minfo[39m]: Iniciando y Conectando a la DB
[04:58:33 [32minfo[39m]: Bot Iniciado con Exito Dia de Registro Mon Sep 25 2023 04:58:33
[04:58:34 [31merror[39m]: uncaughtException: Cannot read properties of undefined (reading 'send')
TypeError: Cannot read properties of undefined (reading 'send')
    at /home/runner/xd/Events/⚡ Cliente/presencia.js:105:61
[04:58:34 [31merror[39m]: uncaughtException: Cannot read properties of undefined (reading 'send')
TypeError: Cannot read properties of undefined (reading 'send')
    at /home/runner/xd/Events/⚡ Cliente/presencia.js:105:61
[04:58:53 [32minfo[39m]: Iniciando y Conectando a la DB
[04:58:53 [32minfo[39m]: Bot Iniciado con Exito Dia de Registro Mon Sep 25 2023 04:58:53
[04:58:54 [31merror[39m]: uncaughtException: Cannot read properties of undefined (reading 'send')
TypeError: Cannot read properties of undefined (reading 'send')
    at /home/runner/xd/Events/⚡ Cliente/presencia.js:105:61
[04:58:54 [31merror[39m]: uncaughtException: Cannot read properties of undefined (reading 'send')
TypeError: Cannot read properties of undefined (reading 'send')
    at /home/runner/xd/Events/⚡ Cliente/presencia.js:105:61
[05:03:52 [32minfo[39m]: Iniciando y Conectando a la DB
[05:03:52 [32minfo[39m]: Bot Iniciado con Exito Dia de Registro Mon Sep 25 2023 05:03:52
[05:03:53 [31merror[39m]: uncaughtException: Cannot read properties of undefined (reading 'send')
TypeError: Cannot read properties of undefined (reading 'send')
    at /home/runner/xd/Events/⚡ Cliente/presencia.js:105:61
[05:03:53 [31merror[39m]: uncaughtException: Cannot read properties of undefined (reading 'send')
TypeError: Cannot read properties of undefined (reading 'send')
    at /home/runner/xd/Events/⚡ Cliente/presencia.js:105:61
[05:04:13 [32minfo[39m]: Iniciando y Conectando a la DB
[05:04:13 [32minfo[39m]: Bot Iniciado con Exito Dia de Registro Mon Sep 25 2023 05:04:13
[05:04:14 [31merror[39m]: uncaughtException: Cannot read properties of undefined (reading 'send')
TypeError: Cannot read properties of undefined (reading 'send')
    at /home/runner/xd/Events/⚡ Cliente/presencia.js:105:61
[05:04:14 [31merror[39m]: uncaughtException: Cannot read properties of undefined (reading 'send')
TypeError: Cannot read properties of undefined (reading 'send')
    at /home/runner/xd/Events/⚡ Cliente/presencia.js:105:61
[05:09:13 [32minfo[39m]: Iniciando y Conectando a la DB
[05:09:13 [32minfo[39m]: Bot Iniciado con Exito Dia de Registro Mon Sep 25 2023 05:09:13
[05:09:14 [31merror[39m]: uncaughtException: Cannot read properties of undefined (reading 'send')
TypeError: Cannot read properties of undefined (reading 'send')
    at /home/runner/xd/Events/⚡ Cliente/presencia.js:105:61
[05:09:14 [31merror[39m]: uncaughtException: Cannot read properties of undefined (reading 'send')
TypeError: Cannot read properties of undefined (reading 'send')
    at /home/runner/xd/Events/⚡ Cliente/presencia.js:105:61
[05:14:32 [32minfo[39m]: Iniciando y Conectando a la DB
[05:14:32 [32minfo[39m]: Bot Iniciado con Exito Dia de Registro Mon Sep 25 2023 05:14:32
[05:14:34 [31merror[39m]: uncaughtException: Cannot read properties of undefined (reading 'send')
TypeError: Cannot read properties of undefined (reading 'send')
    at /home/runner/xd/Events/⚡ Cliente/presencia.js:105:61
[05:14:34 [31merror[39m]: uncaughtException: Cannot read properties of undefined (reading 'send')
TypeError: Cannot read properties of undefined (reading 'send')
    at /home/runner/xd/Events/⚡ Cliente/presencia.js:105:61
[05:14:52 [32minfo[39m]: Iniciando y Conectando a la DB
[05:14:52 [32minfo[39m]: Bot Iniciado con Exito Dia de Registro Mon Sep 25 2023 05:14:52
[05:14:54 [31merror[39m]: uncaughtException: Cannot read properties of undefined (reading 'send')
TypeError: Cannot read properties of undefined (reading 'send')
    at /home/runner/xd/Events/⚡ Cliente/presencia.js:105:61
[05:14:54 [31merror[39m]: uncaughtException: Cannot read properties of undefined (reading 'send')
TypeError: Cannot read properties of undefined (reading 'send')
    at /home/runner/xd/Events/⚡ Cliente/presencia.js:105:61
[05:19:53 [32minfo[39m]: Iniciando y Conectando a la DB
[05:19:53 [32minfo[39m]: Bot Iniciado con Exito Dia de Registro Mon Sep 25 2023 05:19:53
[05:19:54 [31merror[39m]: uncaughtException: Cannot read properties of undefined (reading 'send')
TypeError: Cannot read properties of undefined (reading 'send')
    at /home/runner/xd/Events/⚡ Cliente/presencia.js:105:61
[05:19:54 [31merror[39m]: uncaughtException: Cannot read properties of undefined (reading 'send')
TypeError: Cannot read properties of undefined (reading 'send')
    at /home/runner/xd/Events/⚡ Cliente/presencia.js:105:61
[05:25:11 [32minfo[39m]: Iniciando y Conectando a la DB
[05:25:11 [32minfo[39m]: Bot Iniciado con Exito Dia de Registro Mon Sep 25 2023 05:25:11
[05:25:13 [31merror[39m]: uncaughtException: Cannot read properties of undefined (reading 'send')
TypeError: Cannot read properties of undefined (reading 'send')
    at /home/runner/xd/Events/⚡ Cliente/presencia.js:105:61
[05:25:13 [31merror[39m]: uncaughtException: Cannot read properties of undefined (reading 'send')
TypeError: Cannot read properties of undefined (reading 'send')
    at /home/runner/xd/Events/⚡ Cliente/presencia.js:105:61
[05:25:34 [32minfo[39m]: Iniciando y Conectando a la DB
[05:25:34 [32minfo[39m]: Bot Iniciado con Exito Dia de Registro Mon Sep 25 2023 05:25:34
[05:25:36 [31merror[39m]: uncaughtException: Cannot read properties of undefined (reading 'send')
TypeError: Cannot read properties of undefined (reading 'send')
    at /home/runner/xd/Events/⚡ Cliente/presencia.js:105:61
[05:25:36 [31merror[39m]: uncaughtException: Cannot read properties of undefined (reading 'send')
TypeError: Cannot read properties of undefined (reading 'send')
    at /home/runner/xd/Events/⚡ Cliente/presencia.js:105:61
[05:36:13 [32minfo[39m]: Iniciando y Conectando a la DB
[05:36:13 [32minfo[39m]: Bot Iniciado con Exito Dia de Registro Mon Sep 25 2023 05:36:13
[05:36:15 [31merror[39m]: uncaughtException: Cannot read properties of undefined (reading 'send')
TypeError: Cannot read properties of undefined (reading 'send')
    at /home/runner/xd/Events/⚡ Cliente/presencia.js:105:61
[05:36:15 [31merror[39m]: uncaughtException: Cannot read properties of undefined (reading 'send')
TypeError: Cannot read properties of undefined (reading 'send')
    at /home/runner/xd/Events/⚡ Cliente/presencia.js:105:61
[05:36:33 [32minfo[39m]: Iniciando y Conectando a la DB
[05:36:33 [32minfo[39m]: Bot Iniciado con Exito Dia de Registro Mon Sep 25 2023 05:36:33
[05:36:34 [31merror[39m]: uncaughtException: Cannot read properties of undefined (reading 'send')
TypeError: Cannot read properties of undefined (reading 'send')
    at /home/runner/xd/Events/⚡ Cliente/presencia.js:105:61
[05:36:34 [31merror[39m]: uncaughtException: Cannot read properties of undefined (reading 'send')
TypeError: Cannot read properties of undefined (reading 'send')
    at /home/runner/xd/Events/⚡ Cliente/presencia.js:105:61
[05:47:14 [32minfo[39m]: Iniciando y Conectando a la DB
[05:47:14 [32minfo[39m]: Bot Iniciado con Exito Dia de Registro Mon Sep 25 2023 05:47:14
[05:47:16 [31merror[39m]: uncaughtException: Cannot read properties of undefined (reading 'send')
TypeError: Cannot read properties of undefined (reading 'send')
    at /home/runner/xd/Events/⚡ Cliente/presencia.js:105:61
[05:47:16 [31merror[39m]: uncaughtException: Cannot read properties of undefined (reading 'send')
TypeError: Cannot read properties of undefined (reading 'send')
    at /home/runner/xd/Events/⚡ Cliente/presencia.js:105:61
[05:52:13 [32minfo[39m]: Iniciando y Conectando a la DB
[05:52:13 [32minfo[39m]: Bot Iniciado con Exito Dia de Registro Mon Sep 25 2023 05:52:13
[05:52:14 [31merror[39m]: uncaughtException: Cannot read properties of undefined (reading 'send')
TypeError: Cannot read properties of undefined (reading 'send')
    at /home/runner/xd/Events/⚡ Cliente/presencia.js:105:61
[05:52:14 [31merror[39m]: uncaughtException: Cannot read properties of undefined (reading 'send')
TypeError: Cannot read properties of undefined (reading 'send')
    at /home/runner/xd/Events/⚡ Cliente/presencia.js:105:61
[05:52:33 [32minfo[39m]: Iniciando y Conectando a la DB
[05:52:33 [32minfo[39m]: Bot Iniciado con Exito Dia de Registro Mon Sep 25 2023 05:52:33
[05:52:34 [31merror[39m]: uncaughtException: Cannot read properties of undefined (reading 'send')
TypeError: Cannot read properties of undefined (reading 'send')
    at /home/runner/xd/Events/⚡ Cliente/presencia.js:105:61
[05:52:34 [31merror[39m]: uncaughtException: Cannot read properties of undefined (reading 'send')
TypeError: Cannot read properties of undefined (reading 'send')
    at /home/runner/xd/Events/⚡ Cliente/presencia.js:105:61
[05:57:32 [32minfo[39m]: Iniciando y Conectando a la DB
[05:57:32 [32minfo[39m]: Bot Iniciado con Exito Dia de Registro Mon Sep 25 2023 05:57:32
[05:57:34 [31merror[39m]: uncaughtException: Cannot read properties of undefined (reading 'send')
TypeError: Cannot read properties of undefined (reading 'send')
    at /home/runner/xd/Events/⚡ Cliente/presencia.js:105:61
[05:57:34 [31merror[39m]: uncaughtException: Cannot read properties of undefined (reading 'send')
TypeError: Cannot read properties of undefined (reading 'send')
    at /home/runner/xd/Events/⚡ Cliente/presencia.js:105:61
[05:57:53 [32minfo[39m]: Iniciando y Conectando a la DB
[05:57:53 [32minfo[39m]: Bot Iniciado con Exito Dia de Registro Mon Sep 25 2023 05:57:53
[05:57:55 [31merror[39m]: uncaughtException: Cannot read properties of undefined (reading 'send')
TypeError: Cannot read properties of undefined (reading 'send')
    at /home/runner/xd/Events/⚡ Cliente/presencia.js:105:61
[05:57:55 [31merror[39m]: uncaughtException: Cannot read properties of undefined (reading 'send')
TypeError: Cannot read properties of undefined (reading 'send')
    at /home/runner/xd/Events/⚡ Cliente/presencia.js:105:61
[06:02:53 [32minfo[39m]: Iniciando y Conectando a la DB
[06:02:53 [32minfo[39m]: Bot Iniciado con Exito Dia de Registro Mon Sep 25 2023 06:02:53
[06:02:54 [31merror[39m]: uncaughtException: Cannot read properties of undefined (reading 'send')
TypeError: Cannot read properties of undefined (reading 'send')
    at /home/runner/xd/Events/⚡ Cliente/presencia.js:105:61
[06:02:54 [31merror[39m]: uncaughtException: Cannot read properties of undefined (reading 'send')
TypeError: Cannot read properties of undefined (reading 'send')
    at /home/runner/xd/Events/⚡ Cliente/presencia.js:105:61
[06:03:13 [32minfo[39m]: Iniciando y Conectando a la DB
[06:03:13 [32minfo[39m]: Bot Iniciado con Exito Dia de Registro Mon Sep 25 2023 06:03:13
[06:03:14 [31merror[39m]: uncaughtException: Cannot read properties of undefined (reading 'send')
TypeError: Cannot read properties of undefined (reading 'send')
    at /home/runner/xd/Events/⚡ Cliente/presencia.js:105:61
[06:03:14 [31merror[39m]: uncaughtException: Cannot read properties of undefined (reading 'send')
TypeError: Cannot read properties of undefined (reading 'send')
    at /home/runner/xd/Events/⚡ Cliente/presencia.js:105:61
[06:08:12 [32minfo[39m]: Iniciando y Conectando a la DB
[06:08:12 [32minfo[39m]: Bot Iniciado con Exito Dia de Registro Mon Sep 25 2023 06:08:12
[06:08:14 [31merror[39m]: uncaughtException: Cannot read properties of undefined (reading 'send')
TypeError: Cannot read properties of undefined (reading 'send')
    at /home/runner/xd/Events/⚡ Cliente/presencia.js:105:61
[06:08:14 [31merror[39m]: uncaughtException: Cannot read properties of undefined (reading 'send')
TypeError: Cannot read properties of undefined (reading 'send')
    at /home/runner/xd/Events/⚡ Cliente/presencia.js:105:61
[06:08:33 [32minfo[39m]: Iniciando y Conectando a la DB
[06:08:33 [32minfo[39m]: Bot Iniciado con Exito Dia de Registro Mon Sep 25 2023 06:08:33
[06:08:34 [31merror[39m]: uncaughtException: Cannot read properties of undefined (reading 'send')
TypeError: Cannot read properties of undefined (reading 'send')
    at /home/runner/xd/Events/⚡ Cliente/presencia.js:105:61
[06:08:34 [31merror[39m]: uncaughtException: Cannot read properties of undefined (reading 'send')
TypeError: Cannot read properties of undefined (reading 'send')
    at /home/runner/xd/Events/⚡ Cliente/presencia.js:105:61
[06:13:33 [32minfo[39m]: Iniciando y Conectando a la DB
[06:13:33 [32minfo[39m]: Bot Iniciado con Exito Dia de Registro Mon Sep 25 2023 06:13:33
[06:13:34 [31merror[39m]: uncaughtException: Cannot read properties of undefined (reading 'send')
TypeError: Cannot read properties of undefined (reading 'send')
    at /home/runner/xd/Events/⚡ Cliente/presencia.js:105:61
[06:13:34 [31merror[39m]: uncaughtException: Cannot read properties of undefined (reading 'send')
TypeError: Cannot read properties of undefined (reading 'send')
    at /home/runner/xd/Events/⚡ Cliente/presencia.js:105:61
[06:13:54 [32minfo[39m]: Iniciando y Conectando a la DB
[06:13:54 [32minfo[39m]: Bot Iniciado con Exito Dia de Registro Mon Sep 25 2023 06:13:54
[06:13:55 [31merror[39m]: uncaughtException: Cannot read properties of undefined (reading 'send')
TypeError: Cannot read properties of undefined (reading 'send')
    at /home/runner/xd/Events/⚡ Cliente/presencia.js:105:61
[06:13:55 [31merror[39m]: uncaughtException: Cannot read properties of undefined (reading 'send')
TypeError: Cannot read properties of undefined (reading 'send')
    at /home/runner/xd/Events/⚡ Cliente/presencia.js:105:61
[06:24:12 [32minfo[39m]: Iniciando y Conectando a la DB
[06:24:12 [32minfo[39m]: Bot Iniciado con Exito Dia de Registro Mon Sep 25 2023 06:24:12
[06:24:14 [31merror[39m]: uncaughtException: Cannot read properties of undefined (reading 'send')
TypeError: Cannot read properties of undefined (reading 'send')
    at /home/runner/xd/Events/⚡ Cliente/presencia.js:105:61
[06:24:14 [31merror[39m]: uncaughtException: Cannot read properties of undefined (reading 'send')
TypeError: Cannot read properties of undefined (reading 'send')
    at /home/runner/xd/Events/⚡ Cliente/presencia.js:105:61
[06:24:33 [32minfo[39m]: Iniciando y Conectando a la DB
[06:24:33 [32minfo[39m]: Bot Iniciado con Exito Dia de Registro Mon Sep 25 2023 06:24:33
[06:24:34 [31merror[39m]: uncaughtException: Cannot read properties of undefined (reading 'send')
TypeError: Cannot read properties of undefined (reading 'send')
    at /home/runner/xd/Events/⚡ Cliente/presencia.js:105:61
[06:24:34 [31merror[39m]: uncaughtException: Cannot read properties of undefined (reading 'send')
TypeError: Cannot read properties of undefined (reading 'send')
    at /home/runner/xd/Events/⚡ Cliente/presencia.js:105:61
[09:31:48 [32minfo[39m]: Iniciando y Conectando a la DB
[09:31:48 [32minfo[39m]: Bot Iniciado con Exito Dia de Registro Mon Sep 25 2023 09:31:48
[09:31:51 [31merror[39m]: uncaughtException: Cannot read properties of undefined (reading 'send')
TypeError: Cannot read properties of undefined (reading 'send')
    at /home/runner/xd/Events/⚡ Cliente/presencia.js:105:61
[09:31:51 [31merror[39m]: uncaughtException: Cannot read properties of undefined (reading 'send')
TypeError: Cannot read properties of undefined (reading 'send')
    at /home/runner/xd/Events/⚡ Cliente/presencia.js:105:61
[09:37:28 [32minfo[39m]: Iniciando y Conectando a la DB
[09:37:28 [32minfo[39m]: Bot Iniciado con Exito Dia de Registro Mon Sep 25 2023 09:37:28
[09:37:29 [31merror[39m]: uncaughtException: Cannot read properties of undefined (reading 'send')
TypeError: Cannot read properties of undefined (reading 'send')
    at /home/runner/xd/Events/⚡ Cliente/presencia.js:105:61
[09:37:29 [31merror[39m]: uncaughtException: Cannot read properties of undefined (reading 'send')
TypeError: Cannot read properties of undefined (reading 'send')
    at /home/runner/xd/Events/⚡ Cliente/presencia.js:105:61
[09:37:47 [32minfo[39m]: Iniciando y Conectando a la DB
[09:37:47 [32minfo[39m]: Bot Iniciado con Exito Dia de Registro Mon Sep 25 2023 09:37:47
[09:37:49 [31merror[39m]: uncaughtException: Cannot read properties of undefined (reading 'send')
TypeError: Cannot read properties of undefined (reading 'send')
    at /home/runner/xd/Events/⚡ Cliente/presencia.js:105:61
[09:37:49 [31merror[39m]: uncaughtException: Cannot read properties of undefined (reading 'send')
TypeError: Cannot read properties of undefined (reading 'send')
    at /home/runner/xd/Events/⚡ Cliente/presencia.js:105:61
[09:48:07 [32minfo[39m]: Iniciando y Conectando a la DB
[09:48:07 [32minfo[39m]: Bot Iniciado con Exito Dia de Registro Mon Sep 25 2023 09:48:07
[09:48:08 [31merror[39m]: uncaughtException: Cannot read properties of undefined (reading 'send')
TypeError: Cannot read properties of undefined (reading 'send')
    at /home/runner/xd/Events/⚡ Cliente/presencia.js:105:61
[09:48:08 [31merror[39m]: uncaughtException: Cannot read properties of undefined (reading 'send')
TypeError: Cannot read properties of undefined (reading 'send')
    at /home/runner/xd/Events/⚡ Cliente/presencia.js:105:61
[09:48:28 [32minfo[39m]: Iniciando y Conectando a la DB
[09:48:28 [32minfo[39m]: Bot Iniciado con Exito Dia de Registro Mon Sep 25 2023 09:48:28
[09:48:29 [31merror[39m]: uncaughtException: Cannot read properties of undefined (reading 'send')
TypeError: Cannot read properties of undefined (reading 'send')
    at /home/runner/xd/Events/⚡ Cliente/presencia.js:105:61
[09:48:29 [31merror[39m]: uncaughtException: Cannot read properties of undefined (reading 'send')
TypeError: Cannot read properties of undefined (reading 'send')
    at /home/runner/xd/Events/⚡ Cliente/presencia.js:105:61
[09:53:27 [32minfo[39m]: Iniciando y Conectando a la DB
[09:53:27 [32minfo[39m]: Bot Iniciado con Exito Dia de Registro Mon Sep 25 2023 09:53:27
[09:53:28 [31merror[39m]: uncaughtException: Cannot read properties of undefined (reading 'send')
TypeError: Cannot read properties of undefined (reading 'send')
    at /home/runner/xd/Events/⚡ Cliente/presencia.js:105:61
[09:53:28 [31merror[39m]: uncaughtException: Cannot read properties of undefined (reading 'send')
TypeError: Cannot read properties of undefined (reading 'send')
    at /home/runner/xd/Events/⚡ Cliente/presencia.js:105:61
[09:58:47 [32minfo[39m]: Iniciando y Conectando a la DB
[09:58:47 [32minfo[39m]: Bot Iniciado con Exito Dia de Registro Mon Sep 25 2023 09:58:47
[09:58:49 [31merror[39m]: uncaughtException: Cannot read properties of undefined (reading 'send')
TypeError: Cannot read properties of undefined (reading 'send')
    at /home/runner/xd/Events/⚡ Cliente/presencia.js:105:61
[09:58:49 [31merror[39m]: uncaughtException: Cannot read properties of undefined (reading 'send')
TypeError: Cannot read properties of undefined (reading 'send')
    at /home/runner/xd/Events/⚡ Cliente/presencia.js:105:61
[09:59:08 [32minfo[39m]: Iniciando y Conectando a la DB
[09:59:08 [32minfo[39m]: Bot Iniciado con Exito Dia de Registro Mon Sep 25 2023 09:59:08
[09:59:09 [31merror[39m]: uncaughtException: Cannot read properties of undefined (reading 'send')
TypeError: Cannot read properties of undefined (reading 'send')
    at /home/runner/xd/Events/⚡ Cliente/presencia.js:105:61
[09:59:09 [31merror[39m]: uncaughtException: Cannot read properties of undefined (reading 'send')
TypeError: Cannot read properties of undefined (reading 'send')
    at /home/runner/xd/Events/⚡ Cliente/presencia.js:105:61
[10:04:28 [32minfo[39m]: Iniciando y Conectando a la DB
[10:04:28 [32minfo[39m]: Bot Iniciado con Exito Dia de Registro Mon Sep 25 2023 10:04:28
[10:04:29 [31merror[39m]: uncaughtException: Cannot read properties of undefined (reading 'send')
TypeError: Cannot read properties of undefined (reading 'send')
    at /home/runner/xd/Events/⚡ Cliente/presencia.js:105:61
[10:04:29 [31merror[39m]: uncaughtException: Cannot read properties of undefined (reading 'send')
TypeError: Cannot read properties of undefined (reading 'send')
    at /home/runner/xd/Events/⚡ Cliente/presencia.js:105:61
[10:14:49 [32minfo[39m]: Iniciando y Conectando a la DB
[10:14:49 [32minfo[39m]: Bot Iniciado con Exito Dia de Registro Mon Sep 25 2023 10:14:49
[10:14:51 [31merror[39m]: uncaughtException: Cannot read properties of undefined (reading 'send')
TypeError: Cannot read properties of undefined (reading 'send')
    at /home/runner/xd/Events/⚡ Cliente/presencia.js:105:61
[10:14:51 [31merror[39m]: uncaughtException: Cannot read properties of undefined (reading 'send')
TypeError: Cannot read properties of undefined (reading 'send')
    at /home/runner/xd/Events/⚡ Cliente/presencia.js:105:61
[10:15:10 [32minfo[39m]: Iniciando y Conectando a la DB
[10:15:10 [32minfo[39m]: Bot Iniciado con Exito Dia de Registro Mon Sep 25 2023 10:15:10
[10:15:11 [31merror[39m]: uncaughtException: Cannot read properties of undefined (reading 'send')
TypeError: Cannot read properties of undefined (reading 'send')
    at /home/runner/xd/Events/⚡ Cliente/presencia.js:105:61
[10:15:11 [31merror[39m]: uncaughtException: Cannot read properties of undefined (reading 'send')
TypeError: Cannot read properties of undefined (reading 'send')
    at /home/runner/xd/Events/⚡ Cliente/presencia.js:105:61
[10:20:09 [32minfo[39m]: Iniciando y Conectando a la DB
[10:20:09 [32minfo[39m]: Bot Iniciado con Exito Dia de Registro Mon Sep 25 2023 10:20:09
[10:20:11 [31merror[39m]: uncaughtException: Cannot read properties of undefined (reading 'send')
TypeError: Cannot read properties of undefined (reading 'send')
    at /home/runner/xd/Events/⚡ Cliente/presencia.js:105:61
[10:20:11 [31merror[39m]: uncaughtException: Cannot read properties of undefined (reading 'send')
TypeError: Cannot read properties of undefined (reading 'send')
    at /home/runner/xd/Events/⚡ Cliente/presencia.js:105:61
[10:25:29 [32minfo[39m]: Iniciando y Conectando a la DB
[10:25:29 [32minfo[39m]: Bot Iniciado con Exito Dia de Registro Mon Sep 25 2023 10:25:29
[10:25:30 [31merror[39m]: uncaughtException: Cannot read properties of undefined (reading 'send')
TypeError: Cannot read properties of undefined (reading 'send')
    at /home/runner/xd/Events/⚡ Cliente/presencia.js:105:61
[10:25:30 [31merror[39m]: uncaughtException: Cannot read properties of undefined (reading 'send')
TypeError: Cannot read properties of undefined (reading 'send')
    at /home/runner/xd/Events/⚡ Cliente/presencia.js:105:61
[10:25:50 [32minfo[39m]: Iniciando y Conectando a la DB
[10:25:50 [32minfo[39m]: Bot Iniciado con Exito Dia de Registro Mon Sep 25 2023 10:25:50
[10:25:52 [31merror[39m]: uncaughtException: Cannot read properties of undefined (reading 'send')
TypeError: Cannot read properties of undefined (reading 'send')
    at /home/runner/xd/Events/⚡ Cliente/presencia.js:105:61
[10:25:52 [31merror[39m]: uncaughtException: Cannot read properties of undefined (reading 'send')
TypeError: Cannot read properties of undefined (reading 'send')
    at /home/runner/xd/Events/⚡ Cliente/presencia.js:105:61
[10:30:49 [32minfo[39m]: Iniciando y Conectando a la DB
[10:30:49 [32minfo[39m]: Bot Iniciado con Exito Dia de Registro Mon Sep 25 2023 10:30:49
[10:30:51 [31merror[39m]: uncaughtException: Cannot read properties of undefined (reading 'send')
TypeError: Cannot read properties of undefined (reading 'send')
    at /home/runner/xd/Events/⚡ Cliente/presencia.js:105:61
[10:30:51 [31merror[39m]: uncaughtException: Cannot read properties of undefined (reading 'send')
TypeError: Cannot read properties of undefined (reading 'send')
    at /home/runner/xd/Events/⚡ Cliente/presencia.js:105:61
[10:31:10 [32minfo[39m]: Iniciando y Conectando a la DB
[10:31:10 [32minfo[39m]: Bot Iniciado con Exito Dia de Registro Mon Sep 25 2023 10:31:10
[10:31:12 [31merror[39m]: uncaughtException: Cannot read properties of undefined (reading 'send')
TypeError: Cannot read properties of undefined (reading 'send')
    at /home/runner/xd/Events/⚡ Cliente/presencia.js:105:61
[10:31:12 [31merror[39m]: uncaughtException: Cannot read properties of undefined (reading 'send')
TypeError: Cannot read properties of undefined (reading 'send')
    at /home/runner/xd/Events/⚡ Cliente/presencia.js:105:61
[12:27:50 [32minfo[39m]: Iniciando y Conectando a la DB
[12:27:50 [32minfo[39m]: Bot Iniciado con Exito Dia de Registro Mon Sep 25 2023 12:27:50
[12:27:52 [31merror[39m]: uncaughtException: Cannot read properties of undefined (reading 'send')
TypeError: Cannot read properties of undefined (reading 'send')
    at /home/runner/xd/Events/⚡ Cliente/presencia.js:105:61
[12:27:52 [31merror[39m]: uncaughtException: Cannot read properties of undefined (reading 'send')
TypeError: Cannot read properties of undefined (reading 'send')
    at /home/runner/xd/Events/⚡ Cliente/presencia.js:105:61
[12:28:11 [32minfo[39m]: Iniciando y Conectando a la DB
[12:28:11 [32minfo[39m]: Bot Iniciado con Exito Dia de Registro Mon Sep 25 2023 12:28:11
[12:28:13 [31merror[39m]: uncaughtException: Cannot read properties of undefined (reading 'send')
TypeError: Cannot read properties of undefined (reading 'send')
    at /home/runner/xd/Events/⚡ Cliente/presencia.js:105:61
[12:28:13 [31merror[39m]: uncaughtException: Cannot read properties of undefined (reading 'send')
TypeError: Cannot read properties of undefined (reading 'send')
    at /home/runner/xd/Events/⚡ Cliente/presencia.js:105:61
[12:38:30 [32minfo[39m]: Iniciando y Conectando a la DB
[12:38:30 [32minfo[39m]: Bot Iniciado con Exito Dia de Registro Mon Sep 25 2023 12:38:30
[12:38:32 [31merror[39m]: uncaughtException: Cannot read properties of undefined (reading 'send')
TypeError: Cannot read properties of undefined (reading 'send')
    at /home/runner/xd/Events/⚡ Cliente/presencia.js:105:61
[12:38:32 [31merror[39m]: uncaughtException: Cannot read properties of undefined (reading 'send')
TypeError: Cannot read properties of undefined (reading 'send')
    at /home/runner/xd/Events/⚡ Cliente/presencia.js:105:61
[12:38:51 [32minfo[39m]: Iniciando y Conectando a la DB
[12:38:51 [32minfo[39m]: Bot Iniciado con Exito Dia de Registro Mon Sep 25 2023 12:38:51
[12:38:53 [31merror[39m]: uncaughtException: Cannot read properties of undefined (reading 'send')
TypeError: Cannot read properties of undefined (reading 'send')
    at /home/runner/xd/Events/⚡ Cliente/presencia.js:105:61
[12:38:53 [31merror[39m]: uncaughtException: Cannot read properties of undefined (reading 'send')
TypeError: Cannot read properties of undefined (reading 'send')
    at /home/runner/xd/Events/⚡ Cliente/presencia.js:105:61
[12:43:50 [32minfo[39m]: Iniciando y Conectando a la DB
[12:43:50 [32minfo[39m]: Bot Iniciado con Exito Dia de Registro Mon Sep 25 2023 12:43:50
[12:43:51 [31merror[39m]: uncaughtException: Cannot read properties of undefined (reading 'send')
TypeError: Cannot read properties of undefined (reading 'send')
    at /home/runner/xd/Events/⚡ Cliente/presencia.js:105:61
[12:43:51 [31merror[39m]: uncaughtException: Cannot read properties of undefined (reading 'send')
TypeError: Cannot read properties of undefined (reading 'send')
    at /home/runner/xd/Events/⚡ Cliente/presencia.js:105:61
[12:49:10 [32minfo[39m]: Iniciando y Conectando a la DB
[12:49:10 [32minfo[39m]: Bot Iniciado con Exito Dia de Registro Mon Sep 25 2023 12:49:10
[12:49:11 [31merror[39m]: uncaughtException: Cannot read properties of undefined (reading 'send')
TypeError: Cannot read properties of undefined (reading 'send')
    at /home/runner/xd/Events/⚡ Cliente/presencia.js:105:61
[12:49:11 [31merror[39m]: uncaughtException: Cannot read properties of undefined (reading 'send')
TypeError: Cannot read properties of undefined (reading 'send')
    at /home/runner/xd/Events/⚡ Cliente/presencia.js:105:61
[12:54:51 [32minfo[39m]: Iniciando y Conectando a la DB
[12:54:51 [32minfo[39m]: Bot Iniciado con Exito Dia de Registro Mon Sep 25 2023 12:54:51
[12:54:53 [31merror[39m]: uncaughtException: Cannot read properties of undefined (reading 'send')
TypeError: Cannot read properties of undefined (reading 'send')
    at /home/runner/xd/Events/⚡ Cliente/presencia.js:105:61
[12:54:53 [31merror[39m]: uncaughtException: Cannot read properties of undefined (reading 'send')
TypeError: Cannot read properties of undefined (reading 'send')
    at /home/runner/xd/Events/⚡ Cliente/presencia.js:105:61
[13:10:49 [32minfo[39m]: Iniciando y Conectando a la DB
[13:10:49 [32minfo[39m]: Bot Iniciado con Exito Dia de Registro Mon Sep 25 2023 13:10:49
[13:10:51 [31merror[39m]: uncaughtException: Cannot read properties of undefined (reading 'send')
TypeError: Cannot read properties of undefined (reading 'send')
    at /home/runner/xd/Events/⚡ Cliente/presencia.js:105:61
[13:10:51 [31merror[39m]: uncaughtException: Cannot read properties of undefined (reading 'send')
TypeError: Cannot read properties of undefined (reading 'send')
    at /home/runner/xd/Events/⚡ Cliente/presencia.js:105:61
[13:37:30 [32minfo[39m]: Iniciando y Conectando a la DB
[13:37:30 [32minfo[39m]: Bot Iniciado con Exito Dia de Registro Mon Sep 25 2023 13:37:30
[13:37:32 [31merror[39m]: uncaughtException: Cannot read properties of undefined (reading 'send')
TypeError: Cannot read properties of undefined (reading 'send')
    at /home/runner/xd/Events/⚡ Cliente/presencia.js:105:61
[13:37:32 [31merror[39m]: uncaughtException: Cannot read properties of undefined (reading 'send')
TypeError: Cannot read properties of undefined (reading 'send')
    at /home/runner/xd/Events/⚡ Cliente/presencia.js:105:61
[13:42:24 [32minfo[39m]: Iniciando y Conectando a la DB
[13:42:24 [32minfo[39m]: Bot Iniciado con Exito Dia de Registro Mon Sep 25 2023 13:42:24
[13:42:27 [31merror[39m]: uncaughtException: Cannot read properties of undefined (reading 'send')
TypeError: Cannot read properties of undefined (reading 'send')
    at /home/runner/xd/Events/⚡ Cliente/presencia.js:105:61
[13:42:27 [31merror[39m]: uncaughtException: Cannot read properties of undefined (reading 'send')
TypeError: Cannot read properties of undefined (reading 'send')
    at /home/runner/xd/Events/⚡ Cliente/presencia.js:105:61
[13:47:31 [32minfo[39m]: Iniciando y Conectando a la DB
[13:47:31 [32minfo[39m]: Bot Iniciado con Exito Dia de Registro Mon Sep 25 2023 13:47:31
[13:47:32 [31merror[39m]: uncaughtException: Cannot read properties of undefined (reading 'send')
TypeError: Cannot read properties of undefined (reading 'send')
    at /home/runner/xd/Events/⚡ Cliente/presencia.js:105:61
[13:47:32 [31merror[39m]: uncaughtException: Cannot read properties of undefined (reading 'send')
TypeError: Cannot read properties of undefined (reading 'send')
    at /home/runner/xd/Events/⚡ Cliente/presencia.js:105:61
[13:47:51 [32minfo[39m]: Iniciando y Conectando a la DB
[13:47:51 [32minfo[39m]: Bot Iniciado con Exito Dia de Registro Mon Sep 25 2023 13:47:51
[13:47:52 [31merror[39m]: uncaughtException: Cannot read properties of undefined (reading 'send')
TypeError: Cannot read properties of undefined (reading 'send')
    at /home/runner/xd/Events/⚡ Cliente/presencia.js:105:61
[13:47:52 [31merror[39m]: uncaughtException: Cannot read properties of undefined (reading 'send')
TypeError: Cannot read properties of undefined (reading 'send')
    at /home/runner/xd/Events/⚡ Cliente/presencia.js:105:61
[13:53:11 [32minfo[39m]: Iniciando y Conectando a la DB
[13:53:11 [32minfo[39m]: Bot Iniciado con Exito Dia de Registro Mon Sep 25 2023 13:53:11
[13:53:13 [31merror[39m]: uncaughtException: Cannot read properties of undefined (reading 'send')
TypeError: Cannot read properties of undefined (reading 'send')
    at /home/runner/xd/Events/⚡ Cliente/presencia.js:105:61
[13:53:13 [31merror[39m]: uncaughtException: Cannot read properties of undefined (reading 'send')
TypeError: Cannot read properties of undefined (reading 'send')
    at /home/runner/xd/Events/⚡ Cliente/presencia.js:105:61
[14:03:31 [32minfo[39m]: Iniciando y Conectando a la DB
[14:03:31 [32minfo[39m]: Bot Iniciado con Exito Dia de Registro Mon Sep 25 2023 14:03:31
[14:03:32 [31merror[39m]: uncaughtException: Cannot read properties of undefined (reading 'send')
TypeError: Cannot read properties of undefined (reading 'send')
    at /home/runner/xd/Events/⚡ Cliente/presencia.js:105:61
[14:03:32 [31merror[39m]: uncaughtException: Cannot read properties of undefined (reading 'send')
TypeError: Cannot read properties of undefined (reading 'send')
    at /home/runner/xd/Events/⚡ Cliente/presencia.js:105:61
[14:08:52 [32minfo[39m]: Iniciando y Conectando a la DB
[14:08:52 [32minfo[39m]: Bot Iniciado con Exito Dia de Registro Mon Sep 25 2023 14:08:52
[14:08:53 [31merror[39m]: uncaughtException: Cannot read properties of undefined (reading 'send')
TypeError: Cannot read properties of undefined (reading 'send')
    at /home/runner/xd/Events/⚡ Cliente/presencia.js:105:61
[14:08:53 [31merror[39m]: uncaughtException: Cannot read properties of undefined (reading 'send')
TypeError: Cannot read properties of undefined (reading 'send')
    at /home/runner/xd/Events/⚡ Cliente/presencia.js:105:61
[14:09:12 [32minfo[39m]: Iniciando y Conectando a la DB
[14:09:12 [32minfo[39m]: Bot Iniciado con Exito Dia de Registro Mon Sep 25 2023 14:09:12
[14:09:13 [31merror[39m]: uncaughtException: Cannot read properties of undefined (reading 'send')
TypeError: Cannot read properties of undefined (reading 'send')
    at /home/runner/xd/Events/⚡ Cliente/presencia.js:105:61
[14:09:13 [31merror[39m]: uncaughtException: Cannot read properties of undefined (reading 'send')
TypeError: Cannot read properties of undefined (reading 'send')
    at /home/runner/xd/Events/⚡ Cliente/presencia.js:105:61
[14:14:12 [32minfo[39m]: Iniciando y Conectando a la DB
[14:14:12 [32minfo[39m]: Bot Iniciado con Exito Dia de Registro Mon Sep 25 2023 14:14:12
[14:14:13 [31merror[39m]: uncaughtException: Cannot read properties of undefined (reading 'send')
TypeError: Cannot read properties of undefined (reading 'send')
    at /home/runner/xd/Events/⚡ Cliente/presencia.js:105:61
[14:14:13 [31merror[39m]: uncaughtException: Cannot read properties of undefined (reading 'send')
TypeError: Cannot read properties of undefined (reading 'send')
    at /home/runner/xd/Events/⚡ Cliente/presencia.js:105:61
[14:19:34 [32minfo[39m]: Iniciando y Conectando a la DB
[14:19:34 [32minfo[39m]: Bot Iniciado con Exito Dia de Registro Mon Sep 25 2023 14:19:34
[14:19:35 [31merror[39m]: uncaughtException: Cannot read properties of undefined (reading 'send')
TypeError: Cannot read properties of undefined (reading 'send')
    at /home/runner/xd/Events/⚡ Cliente/presencia.js:105:61
[14:19:35 [31merror[39m]: uncaughtException: Cannot read properties of undefined (reading 'send')
TypeError: Cannot read properties of undefined (reading 'send')
    at /home/runner/xd/Events/⚡ Cliente/presencia.js:105:61
[14:30:19 [32minfo[39m]: Iniciando y Conectando a la DB
[14:30:19 [32minfo[39m]: Bot Iniciado con Exito Dia de Registro Mon Sep 25 2023 14:30:19
[14:30:21 [31merror[39m]: uncaughtException: Cannot read properties of undefined (reading 'send')
TypeError: Cannot read properties of undefined (reading 'send')
    at /home/runner/xd/Events/⚡ Cliente/presencia.js:105:61
[14:30:21 [31merror[39m]: uncaughtException: Cannot read properties of undefined (reading 'send')
TypeError: Cannot read properties of undefined (reading 'send')
    at /home/runner/xd/Events/⚡ Cliente/presencia.js:105:61
[14:35:40 [32minfo[39m]: Iniciando y Conectando a la DB
[14:35:40 [32minfo[39m]: Bot Iniciado con Exito Dia de Registro Mon Sep 25 2023 14:35:40
[14:35:42 [31merror[39m]: uncaughtException: Cannot read properties of undefined (reading 'send')
TypeError: Cannot read properties of undefined (reading 'send')
    at /home/runner/xd/Events/⚡ Cliente/presencia.js:105:61
[14:35:42 [31merror[39m]: uncaughtException: Cannot read properties of undefined (reading 'send')
TypeError: Cannot read properties of undefined (reading 'send')
    at /home/runner/xd/Events/⚡ Cliente/presencia.js:105:61
[14:36:01 [32minfo[39m]: Iniciando y Conectando a la DB
[14:36:01 [32minfo[39m]: Bot Iniciado con Exito Dia de Registro Mon Sep 25 2023 14:36:01
[14:36:03 [31merror[39m]: uncaughtException: Cannot read properties of undefined (reading 'send')
TypeError: Cannot read properties of undefined (reading 'send')
    at /home/runner/xd/Events/⚡ Cliente/presencia.js:105:61
[14:36:03 [31merror[39m]: uncaughtException: Cannot read properties of undefined (reading 'send')
TypeError: Cannot read properties of undefined (reading 'send')
    at /home/runner/xd/Events/⚡ Cliente/presencia.js:105:61
[15:30:03 [32minfo[39m]: Iniciando y Conectando a la DB
[15:30:03 [32minfo[39m]: Bot Iniciado con Exito Dia de Registro Mon Sep 25 2023 15:30:03
[15:30:07 [31merror[39m]: uncaughtException: Cannot read properties of undefined (reading 'send')
TypeError: Cannot read properties of undefined (reading 'send')
    at /home/runner/xd/Events/⚡ Cliente/presencia.js:105:61
[15:30:07 [31merror[39m]: uncaughtException: Cannot read properties of undefined (reading 'send')
TypeError: Cannot read properties of undefined (reading 'send')
    at /home/runner/xd/Events/⚡ Cliente/presencia.js:105:61
[16:07:39 [32minfo[39m]: Iniciando y Conectando a la DB
[16:07:39 [32minfo[39m]: Bot Iniciado con Exito Dia de Registro Mon Sep 25 2023 16:07:39
[16:07:41 [31merror[39m]: uncaughtException: Cannot read properties of undefined (reading 'send')
TypeError: Cannot read properties of undefined (reading 'send')
    at /home/runner/xd/Events/⚡ Cliente/presencia.js:105:61
[16:07:41 [31merror[39m]: uncaughtException: Cannot read properties of undefined (reading 'send')
TypeError: Cannot read properties of undefined (reading 'send')
    at /home/runner/xd/Events/⚡ Cliente/presencia.js:105:61
[16:08:00 [32minfo[39m]: Iniciando y Conectando a la DB
[16:08:00 [32minfo[39m]: Bot Iniciado con Exito Dia de Registro Mon Sep 25 2023 16:08:00
[16:08:01 [31merror[39m]: uncaughtException: Cannot read properties of undefined (reading 'send')
TypeError: Cannot read properties of undefined (reading 'send')
    at /home/runner/xd/Events/⚡ Cliente/presencia.js:105:61
[16:08:01 [31merror[39m]: uncaughtException: Cannot read properties of undefined (reading 'send')
TypeError: Cannot read properties of undefined (reading 'send')
    at /home/runner/xd/Events/⚡ Cliente/presencia.js:105:61
[16:13:21 [32minfo[39m]: Iniciando y Conectando a la DB
[16:13:21 [32minfo[39m]: Bot Iniciado con Exito Dia de Registro Mon Sep 25 2023 16:13:21
[16:13:22 [31merror[39m]: uncaughtException: Cannot read properties of undefined (reading 'send')
TypeError: Cannot read properties of undefined (reading 'send')
    at /home/runner/xd/Events/⚡ Cliente/presencia.js:105:61
[16:13:22 [31merror[39m]: uncaughtException: Cannot read properties of undefined (reading 'send')
TypeError: Cannot read properties of undefined (reading 'send')
    at /home/runner/xd/Events/⚡ Cliente/presencia.js:105:61
[16:18:39 [32minfo[39m]: Iniciando y Conectando a la DB
[16:18:39 [32minfo[39m]: Bot Iniciado con Exito Dia de Registro Mon Sep 25 2023 16:18:39
[16:18:41 [31merror[39m]: uncaughtException: Cannot read properties of undefined (reading 'send')
TypeError: Cannot read properties of undefined (reading 'send')
    at /home/runner/xd/Events/⚡ Cliente/presencia.js:105:61
[16:18:41 [31merror[39m]: uncaughtException: Cannot read properties of undefined (reading 'send')
TypeError: Cannot read properties of undefined (reading 'send')
    at /home/runner/xd/Events/⚡ Cliente/presencia.js:105:61
[16:24:00 [32minfo[39m]: Iniciando y Conectando a la DB
[16:24:00 [32minfo[39m]: Bot Iniciado con Exito Dia de Registro Mon Sep 25 2023 16:24:00
[16:24:02 [31merror[39m]: uncaughtException: Cannot read properties of undefined (reading 'send')
TypeError: Cannot read properties of undefined (reading 'send')
    at /home/runner/xd/Events/⚡ Cliente/presencia.js:105:61
[16:24:02 [31merror[39m]: uncaughtException: Cannot read properties of undefined (reading 'send')
TypeError: Cannot read properties of undefined (reading 'send')
    at /home/runner/xd/Events/⚡ Cliente/presencia.js:105:61
[16:29:20 [32minfo[39m]: Iniciando y Conectando a la DB
[16:29:20 [32minfo[39m]: Bot Iniciado con Exito Dia de Registro Mon Sep 25 2023 16:29:20
[16:29:21 [31merror[39m]: uncaughtException: Cannot read properties of undefined (reading 'send')
TypeError: Cannot read properties of undefined (reading 'send')
    at /home/runner/xd/Events/⚡ Cliente/presencia.js:105:61
[16:29:21 [31merror[39m]: uncaughtException: Cannot read properties of undefined (reading 'send')
TypeError: Cannot read properties of undefined (reading 'send')
    at /home/runner/xd/Events/⚡ Cliente/presencia.js:105:61
[17:18:06 [32minfo[39m]: Iniciando y Conectando a la DB
[17:18:06 [32minfo[39m]: Bot Iniciado con Exito Dia de Registro Mon Sep 25 2023 17:18:06
[17:18:18 [31merror[39m]: uncaughtException: Cannot read properties of undefined (reading 'send')
TypeError: Cannot read properties of undefined (reading 'send')
    at /home/runner/xd/Events/⚡ Cliente/presencia.js:105:61
[17:18:18 [31merror[39m]: uncaughtException: Cannot read properties of undefined (reading 'send')
TypeError: Cannot read properties of undefined (reading 'send')
    at /home/runner/xd/Events/⚡ Cliente/presencia.js:105:61
[17:23:49 [32minfo[39m]: Iniciando y Conectando a la DB
[17:23:49 [32minfo[39m]: Bot Iniciado con Exito Dia de Registro Mon Sep 25 2023 17:23:49
[17:23:51 [31merror[39m]: uncaughtException: Cannot read properties of undefined (reading 'send')
TypeError: Cannot read properties of undefined (reading 'send')
    at /home/runner/xd/Events/⚡ Cliente/presencia.js:105:61
[17:23:51 [31merror[39m]: uncaughtException: Cannot read properties of undefined (reading 'send')
TypeError: Cannot read properties of undefined (reading 'send')
    at /home/runner/xd/Events/⚡ Cliente/presencia.js:105:61
[17:28:50 [32minfo[39m]: Iniciando y Conectando a la DB
[17:28:51 [32minfo[39m]: Bot Iniciado con Exito Dia de Registro Mon Sep 25 2023 17:28:51
[17:28:52 [31merror[39m]: uncaughtException: Cannot read properties of undefined (reading 'send')
TypeError: Cannot read properties of undefined (reading 'send')
    at /home/runner/xd/Events/⚡ Cliente/presencia.js:105:61
[17:28:52 [31merror[39m]: uncaughtException: Cannot read properties of undefined (reading 'send')
TypeError: Cannot read properties of undefined (reading 'send')
    at /home/runner/xd/Events/⚡ Cliente/presencia.js:105:61
[17:34:10 [32minfo[39m]: Iniciando y Conectando a la DB
[17:34:10 [32minfo[39m]: Bot Iniciado con Exito Dia de Registro Mon Sep 25 2023 17:34:10
[17:34:11 [31merror[39m]: uncaughtException: Cannot read properties of undefined (reading 'send')
TypeError: Cannot read properties of undefined (reading 'send')
    at /home/runner/xd/Events/⚡ Cliente/presencia.js:105:61
[17:34:11 [31merror[39m]: uncaughtException: Cannot read properties of undefined (reading 'send')
TypeError: Cannot read properties of undefined (reading 'send')
    at /home/runner/xd/Events/⚡ Cliente/presencia.js:105:61
[17:34:31 [32minfo[39m]: Iniciando y Conectando a la DB
[17:34:31 [32minfo[39m]: Bot Iniciado con Exito Dia de Registro Mon Sep 25 2023 17:34:31
[17:34:32 [31merror[39m]: uncaughtException: Cannot read properties of undefined (reading 'send')
TypeError: Cannot read properties of undefined (reading 'send')
    at /home/runner/xd/Events/⚡ Cliente/presencia.js:105:61
[17:34:32 [31merror[39m]: uncaughtException: Cannot read properties of undefined (reading 'send')
TypeError: Cannot read properties of undefined (reading 'send')
    at /home/runner/xd/Events/⚡ Cliente/presencia.js:105:61
[17:39:30 [32minfo[39m]: Iniciando y Conectando a la DB
[17:39:30 [32minfo[39m]: Bot Iniciado con Exito Dia de Registro Mon Sep 25 2023 17:39:30
[17:39:32 [31merror[39m]: uncaughtException: Cannot read properties of undefined (reading 'send')
TypeError: Cannot read properties of undefined (reading 'send')
    at /home/runner/xd/Events/⚡ Cliente/presencia.js:105:61
[17:39:32 [31merror[39m]: uncaughtException: Cannot read properties of undefined (reading 'send')
TypeError: Cannot read properties of undefined (reading 'send')
    at /home/runner/xd/Events/⚡ Cliente/presencia.js:105:61
[17:39:52 [32minfo[39m]: Iniciando y Conectando a la DB
[17:39:52 [32minfo[39m]: Bot Iniciado con Exito Dia de Registro Mon Sep 25 2023 17:39:52
[17:39:53 [31merror[39m]: uncaughtException: Cannot read properties of undefined (reading 'send')
TypeError: Cannot read properties of undefined (reading 'send')
    at /home/runner/xd/Events/⚡ Cliente/presencia.js:105:61
[17:39:53 [31merror[39m]: uncaughtException: Cannot read properties of undefined (reading 'send')
TypeError: Cannot read properties of undefined (reading 'send')
    at /home/runner/xd/Events/⚡ Cliente/presencia.js:105:61
[19:00:53 [32minfo[39m]: Iniciando y Conectando a la DB
[19:00:53 [32minfo[39m]: Bot Iniciado con Exito Dia de Registro Mon Sep 25 2023 19:00:53
[19:00:54 [31merror[39m]: uncaughtException: Cannot read properties of undefined (reading 'send')
TypeError: Cannot read properties of undefined (reading 'send')
    at /home/runner/xd/Events/⚡ Cliente/presencia.js:105:61
[19:00:54 [31merror[39m]: uncaughtException: Cannot read properties of undefined (reading 'send')
TypeError: Cannot read properties of undefined (reading 'send')
    at /home/runner/xd/Events/⚡ Cliente/presencia.js:105:61
[19:43:36 [32minfo[39m]: Iniciando y Conectando a la DB
[19:43:36 [32minfo[39m]: Bot Iniciado con Exito Dia de Registro Mon Sep 25 2023 19:43:36
[19:43:38 [31merror[39m]: uncaughtException: Cannot read properties of undefined (reading 'send')
TypeError: Cannot read properties of undefined (reading 'send')
    at /home/runner/xd/Events/⚡ Cliente/presencia.js:105:61
[19:43:38 [31merror[39m]: uncaughtException: Cannot read properties of undefined (reading 'send')
TypeError: Cannot read properties of undefined (reading 'send')
    at /home/runner/xd/Events/⚡ Cliente/presencia.js:105:61
[19:43:57 [32minfo[39m]: Iniciando y Conectando a la DB
[19:43:57 [32minfo[39m]: Bot Iniciado con Exito Dia de Registro Mon Sep 25 2023 19:43:57
[19:43:58 [31merror[39m]: uncaughtException: Cannot read properties of undefined (reading 'send')
TypeError: Cannot read properties of undefined (reading 'send')
    at /home/runner/xd/Events/⚡ Cliente/presencia.js:105:61
[19:43:58 [31merror[39m]: uncaughtException: Cannot read properties of undefined (reading 'send')
TypeError: Cannot read properties of undefined (reading 'send')
    at /home/runner/xd/Events/⚡ Cliente/presencia.js:105:61
[19:48:56 [32minfo[39m]: Iniciando y Conectando a la DB
[19:48:56 [32minfo[39m]: Bot Iniciado con Exito Dia de Registro Mon Sep 25 2023 19:48:56
[19:48:58 [31merror[39m]: uncaughtException: Cannot read properties of undefined (reading 'send')
TypeError: Cannot read properties of undefined (reading 'send')
    at /home/runner/xd/Events/⚡ Cliente/presencia.js:105:61
[19:48:58 [31merror[39m]: uncaughtException: Cannot read properties of undefined (reading 'send')
TypeError: Cannot read properties of undefined (reading 'send')
    at /home/runner/xd/Events/⚡ Cliente/presencia.js:105:61
[20:10:34 [32minfo[39m]: Iniciando y Conectando a la DB
[20:10:34 [32minfo[39m]: Bot Iniciado con Exito Dia de Registro Mon Sep 25 2023 20:10:34
[20:10:35 [31merror[39m]: uncaughtException: Cannot read properties of undefined (reading 'send')
TypeError: Cannot read properties of undefined (reading 'send')
    at /home/runner/xd/Events/⚡ Cliente/presencia.js:105:61
[20:10:35 [31merror[39m]: uncaughtException: Cannot read properties of undefined (reading 'send')
TypeError: Cannot read properties of undefined (reading 'send')
    at /home/runner/xd/Events/⚡ Cliente/presencia.js:105:61
[20:15:15 [32minfo[39m]: Iniciando y Conectando a la DB
[20:15:15 [32minfo[39m]: Bot Iniciado con Exito Dia de Registro Mon Sep 25 2023 20:15:15
[20:15:17 [31merror[39m]: uncaughtException: Cannot read properties of undefined (reading 'send')
TypeError: Cannot read properties of undefined (reading 'send')
    at /home/runner/xd/Events/⚡ Cliente/presencia.js:105:61
[20:15:17 [31merror[39m]: uncaughtException: Cannot read properties of undefined (reading 'send')
TypeError: Cannot read properties of undefined (reading 'send')
    at /home/runner/xd/Events/⚡ Cliente/presencia.js:105:61
[20:20:56 [32minfo[39m]: Iniciando y Conectando a la DB
[20:20:56 [32minfo[39m]: Bot Iniciado con Exito Dia de Registro Mon Sep 25 2023 20:20:56
[20:20:58 [31merror[39m]: uncaughtException: Cannot read properties of undefined (reading 'send')
TypeError: Cannot read properties of undefined (reading 'send')
    at /home/runner/xd/Events/⚡ Cliente/presencia.js:105:61
[20:20:58 [31merror[39m]: uncaughtException: Cannot read properties of undefined (reading 'send')
TypeError: Cannot read properties of undefined (reading 'send')
    at /home/runner/xd/Events/⚡ Cliente/presencia.js:105:61
[20:26:15 [32minfo[39m]: Iniciando y Conectando a la DB
[20:26:15 [32minfo[39m]: Bot Iniciado con Exito Dia de Registro Mon Sep 25 2023 20:26:15
[20:26:17 [31merror[39m]: uncaughtException: Cannot read properties of undefined (reading 'send')
TypeError: Cannot read properties of undefined (reading 'send')
    at /home/runner/xd/Events/⚡ Cliente/presencia.js:105:61
[20:26:17 [31merror[39m]: uncaughtException: Cannot read properties of undefined (reading 'send')
TypeError: Cannot read properties of undefined (reading 'send')
    at /home/runner/xd/Events/⚡ Cliente/presencia.js:105:61
[20:31:36 [32minfo[39m]: Iniciando y Conectando a la DB
[20:31:36 [32minfo[39m]: Bot Iniciado con Exito Dia de Registro Mon Sep 25 2023 20:31:36
[20:31:37 [31merror[39m]: uncaughtException: Cannot read properties of undefined (reading 'send')
TypeError: Cannot read properties of undefined (reading 'send')
    at /home/runner/xd/Events/⚡ Cliente/presencia.js:105:61
[20:31:37 [31merror[39m]: uncaughtException: Cannot read properties of undefined (reading 'send')
TypeError: Cannot read properties of undefined (reading 'send')
    at /home/runner/xd/Events/⚡ Cliente/presencia.js:105:61
[20:36:36 [32minfo[39m]: Iniciando y Conectando a la DB
[20:36:36 [32minfo[39m]: Bot Iniciado con Exito Dia de Registro Mon Sep 25 2023 20:36:36
[20:36:38 [31merror[39m]: uncaughtException: Cannot read properties of undefined (reading 'send')
TypeError: Cannot read properties of undefined (reading 'send')
    at /home/runner/xd/Events/⚡ Cliente/presencia.js:105:61
[20:36:38 [31merror[39m]: uncaughtException: Cannot read properties of undefined (reading 'send')
TypeError: Cannot read properties of undefined (reading 'send')
    at /home/runner/xd/Events/⚡ Cliente/presencia.js:105:61
[20:57:57 [32minfo[39m]: Iniciando y Conectando a la DB
[20:57:57 [32minfo[39m]: Bot Iniciado con Exito Dia de Registro Mon Sep 25 2023 20:57:57
[20:57:59 [31merror[39m]: uncaughtException: Cannot read properties of undefined (reading 'send')
TypeError: Cannot read properties of undefined (reading 'send')
    at /home/runner/xd/Events/⚡ Cliente/presencia.js:105:61
[20:57:59 [31merror[39m]: uncaughtException: Cannot read properties of undefined (reading 'send')
TypeError: Cannot read properties of undefined (reading 'send')
    at /home/runner/xd/Events/⚡ Cliente/presencia.js:105:61
[21:03:19 [32minfo[39m]: Iniciando y Conectando a la DB
[21:03:19 [32minfo[39m]: Bot Iniciado con Exito Dia de Registro Mon Sep 25 2023 21:03:19
[21:03:20 [31merror[39m]: uncaughtException: Cannot read properties of undefined (reading 'send')
TypeError: Cannot read properties of undefined (reading 'send')
    at /home/runner/xd/Events/⚡ Cliente/presencia.js:105:61
[21:03:20 [31merror[39m]: uncaughtException: Cannot read properties of undefined (reading 'send')
TypeError: Cannot read properties of undefined (reading 'send')
    at /home/runner/xd/Events/⚡ Cliente/presencia.js:105:61
[22:34:36 [32minfo[39m]: Iniciando y Conectando a la DB
[22:34:36 [32minfo[39m]: Bot Iniciado con Exito Dia de Registro Mon Sep 25 2023 22:34:36
[22:34:37 [31merror[39m]: uncaughtException: Cannot read properties of undefined (reading 'send')
TypeError: Cannot read properties of undefined (reading 'send')
    at /home/runner/xd/Events/⚡ Cliente/presencia.js:105:61
[22:34:37 [31merror[39m]: uncaughtException: Cannot read properties of undefined (reading 'send')
TypeError: Cannot read properties of undefined (reading 'send')
    at /home/runner/xd/Events/⚡ Cliente/presencia.js:105:61
[22:39:35 [32minfo[39m]: Iniciando y Conectando a la DB
[22:39:35 [32minfo[39m]: Bot Iniciado con Exito Dia de Registro Mon Sep 25 2023 22:39:35
[22:39:37 [31merror[39m]: uncaughtException: Cannot read properties of undefined (reading 'send')
TypeError: Cannot read properties of undefined (reading 'send')
    at /home/runner/xd/Events/⚡ Cliente/presencia.js:105:61
[22:39:37 [31merror[39m]: uncaughtException: Cannot read properties of undefined (reading 'send')
TypeError: Cannot read properties of undefined (reading 'send')
    at /home/runner/xd/Events/⚡ Cliente/presencia.js:105:61
[22:44:57 [32minfo[39m]: Iniciando y Conectando a la DB
[22:44:57 [32minfo[39m]: Bot Iniciado con Exito Dia de Registro Mon Sep 25 2023 22:44:57
[22:44:58 [31merror[39m]: uncaughtException: Cannot read properties of undefined (reading 'send')
TypeError: Cannot read properties of undefined (reading 'send')
    at /home/runner/xd/Events/⚡ Cliente/presencia.js:105:61
[22:44:58 [31merror[39m]: uncaughtException: Cannot read properties of undefined (reading 'send')
TypeError: Cannot read properties of undefined (reading 'send')
    at /home/runner/xd/Events/⚡ Cliente/presencia.js:105:61
[22:49:56 [32minfo[39m]: Iniciando y Conectando a la DB
[22:49:56 [32minfo[39m]: Bot Iniciado con Exito Dia de Registro Mon Sep 25 2023 22:49:56
[22:49:57 [31merror[39m]: uncaughtException: Cannot read properties of undefined (reading 'send')
TypeError: Cannot read properties of undefined (reading 'send')
    at /home/runner/xd/Events/⚡ Cliente/presencia.js:105:61
[22:49:57 [31merror[39m]: uncaughtException: Cannot read properties of undefined (reading 'send')
TypeError: Cannot read properties of undefined (reading 'send')
    at /home/runner/xd/Events/⚡ Cliente/presencia.js:105:61
[22:50:16 [32minfo[39m]: Iniciando y Conectando a la DB
[22:50:16 [32minfo[39m]: Bot Iniciado con Exito Dia de Registro Mon Sep 25 2023 22:50:16
[22:50:18 [31merror[39m]: uncaughtException: Cannot read properties of undefined (reading 'send')
TypeError: Cannot read properties of undefined (reading 'send')
    at /home/runner/xd/Events/⚡ Cliente/presencia.js:105:61
[22:50:18 [31merror[39m]: uncaughtException: Cannot read properties of undefined (reading 'send')
TypeError: Cannot read properties of undefined (reading 'send')
    at /home/runner/xd/Events/⚡ Cliente/presencia.js:105:61
[22:55:14 [32minfo[39m]: Iniciando y Conectando a la DB
[22:55:14 [32minfo[39m]: Bot Iniciado con Exito Dia de Registro Mon Sep 25 2023 22:55:14
[22:55:16 [31merror[39m]: uncaughtException: Cannot read properties of undefined (reading 'send')
TypeError: Cannot read properties of undefined (reading 'send')
    at /home/runner/xd/Events/⚡ Cliente/presencia.js:105:61
[22:55:16 [31merror[39m]: uncaughtException: Cannot read properties of undefined (reading 'send')
TypeError: Cannot read properties of undefined (reading 'send')
    at /home/runner/xd/Events/⚡ Cliente/presencia.js:105:61
[23:01:42 [32minfo[39m]: Iniciando y Conectando a la DB
[23:01:42 [32minfo[39m]: Bot Iniciado con Exito Dia de Registro Mon Sep 25 2023 23:01:42
[23:01:46 [31merror[39m]: unhandledRejection: other side closed
SocketError: other side closed
    at TLSSocket.onSocketEnd (/home/runner/xd/node_modules/undici/lib/client.js:995:22)
    at TLSSocket.emit (node:events:525:35)
    at TLSSocket.emit (node:domain:489:12)
    at endReadableNT (node:internal/streams/readable:1359:12)
[23:01:46 [31merror[39m]: unhandledRejection: other side closed
SocketError: other side closed
    at TLSSocket.onSocketEnd (/home/runner/xd/node_modules/undici/lib/client.js:995:22)
    at TLSSocket.emit (node:events:525:35)
    at TLSSocket.emit (node:domain:489:12)
    at endReadableNT (node:internal/streams/readable:1359:12)
[23:01:46 [31merror[39m]: unhandledRejection: Unknown Webhook
DiscordAPIError[10015]: Unknown Webhook
    at handleErrors (/home/runner/xd/node_modules/@discordjs/rest/dist/index.js:687:13)
    at process.processTicksAndRejections (node:internal/process/task_queues:95:5)
    at async SequentialHandler.runRequest (/home/runner/xd/node_modules/@discordjs/rest/dist/index.js:1072:23)
    at async SequentialHandler.queueRequest (/home/runner/xd/node_modules/@discordjs/rest/dist/index.js:913:14)
    at async _REST.request (/home/runner/xd/node_modules/@discordjs/rest/dist/index.js:1218:22)
[23:18:00 [32minfo[39m]: Iniciando y Conectando a la DB
[23:18:00 [32minfo[39m]: Bot Iniciado con Exito Dia de Registro Mon Sep 25 2023 23:18:00
[23:18:04 [31merror[39m]: uncaughtException: Cannot read properties of undefined (reading 'send')
TypeError: Cannot read properties of undefined (reading 'send')
    at /home/runner/xd/Events/⚡ Cliente/presencia.js:105:61
[23:18:04 [31merror[39m]: uncaughtException: Cannot read properties of undefined (reading 'send')
TypeError: Cannot read properties of undefined (reading 'send')
    at /home/runner/xd/Events/⚡ Cliente/presencia.js:105:61
[23:44:48 [32minfo[39m]: Iniciando y Conectando a la DB
[23:44:48 [32minfo[39m]: Bot Iniciado con Exito Dia de Registro Mon Sep 25 2023 23:44:48
[23:44:50 [31merror[39m]: uncaughtException: Cannot read properties of undefined (reading 'send')
TypeError: Cannot read properties of undefined (reading 'send')
    at /home/runner/xd/Events/⚡ Cliente/presencia.js:105:61
[23:44:50 [31merror[39m]: uncaughtException: Cannot read properties of undefined (reading 'send')
TypeError: Cannot read properties of undefined (reading 'send')
    at /home/runner/xd/Events/⚡ Cliente/presencia.js:105:61
[23:50:15 [32minfo[39m]: Iniciando y Conectando a la DB
[23:50:15 [32minfo[39m]: Bot Iniciado con Exito Dia de Registro Mon Sep 25 2023 23:50:15
[23:50:20 [31merror[39m]: uncaughtException: Cannot read properties of undefined (reading 'send')
TypeError: Cannot read properties of undefined (reading 'send')
    at /home/runner/xd/Events/⚡ Cliente/presencia.js:105:61
[23:50:20 [31merror[39m]: uncaughtException: Cannot read properties of undefined (reading 'send')
TypeError: Cannot read properties of undefined (reading 'send')
    at /home/runner/xd/Events/⚡ Cliente/presencia.js:105:61
