[00:36:38 [32minfo[39m]: Iniciando y Conectando a la DB
[00:36:38 [32minfo[39m]: Bot Iniciado con Exito Dia de Registro Fri Nov 10 2023 00:36:38
[00:36:40 [31merror[39m]: uncaughtException: Cannot read properties of undefined (reading 'send')
TypeError: Cannot read properties of undefined (reading 'send')
    at /home/runner/xd/Events/⚡ Cliente/presencia.js:105:51
[00:36:40 [31merror[39m]: uncaughtException: Cannot read properties of undefined (reading 'send')
TypeError: Cannot read properties of undefined (reading 'send')
    at /home/runner/xd/Events/⚡ Cliente/presencia.js:105:51
[03:05:55 [32minfo[39m]: Iniciando y Conectando a la DB
[03:05:55 [32minfo[39m]: Bot Iniciado con Exito Dia de Registro Fri Nov 10 2023 03:05:55
[03:05:57 [31merror[39m]: uncaughtException: Cannot read properties of undefined (reading 'send')
TypeError: Cannot read properties of undefined (reading 'send')
    at /home/runner/xd/Events/⚡ Cliente/presencia.js:105:51
[03:05:57 [31merror[39m]: uncaughtException: Cannot read properties of undefined (reading 'send')
TypeError: Cannot read properties of undefined (reading 'send')
    at /home/runner/xd/Events/⚡ Cliente/presencia.js:105:51
[16:02:34 [32minfo[39m]: Iniciando y Conectando a la DB
[16:02:34 [32minfo[39m]: Bot Iniciado con Exito Dia de Registro Fri Nov 10 2023 16:02:34
[16:02:35 [31merror[39m]: uncaughtException: Cannot read properties of undefined (reading 'send')
TypeError: Cannot read properties of undefined (reading 'send')
    at /home/runner/xd/Events/⚡ Cliente/presencia.js:105:51
[16:02:35 [31merror[39m]: uncaughtException: Cannot read properties of undefined (reading 'send')
TypeError: Cannot read properties of undefined (reading 'send')
    at /home/runner/xd/Events/⚡ Cliente/presencia.js:105:51
[17:38:55 [32minfo[39m]: Iniciando y Conectando a la DB
[17:38:55 [32minfo[39m]: Bot Iniciado con Exito Dia de Registro Fri Nov 10 2023 17:38:55
[17:38:56 [31merror[39m]: uncaughtException: Cannot read properties of undefined (reading 'send')
TypeError: Cannot read properties of undefined (reading 'send')
    at /home/runner/xd/Events/⚡ Cliente/presencia.js:105:51
[17:38:56 [31merror[39m]: uncaughtException: Cannot read properties of undefined (reading 'send')
TypeError: Cannot read properties of undefined (reading 'send')
    at /home/runner/xd/Events/⚡ Cliente/presencia.js:105:51
[20:29:58 [32minfo[39m]: Iniciando y Conectando a la DB
[20:29:58 [32minfo[39m]: Bot Iniciado con Exito Dia de Registro Fri Nov 10 2023 20:29:58
[20:30:00 [31merror[39m]: uncaughtException: Cannot read properties of undefined (reading 'send')
TypeError: Cannot read properties of undefined (reading 'send')
    at /home/runner/xd/Events/⚡ Cliente/presencia.js:105:51
[20:30:00 [31merror[39m]: uncaughtException: Cannot read properties of undefined (reading 'send')
TypeError: Cannot read properties of undefined (reading 'send')
    at /home/runner/xd/Events/⚡ Cliente/presencia.js:105:51
