[01:56:24 [32minfo[39m]: Iniciando y Conectando a la DB
[01:56:24 [32minfo[39m]: Bot Iniciado con Exito Dia de Registro Tue Nov 14 2023 01:56:24
[01:56:26 [31merror[39m]: uncaughtException: Cannot read properties of undefined (reading 'send')
TypeError: Cannot read properties of undefined (reading 'send')
    at /home/runner/xd/Events/⚡ Cliente/presencia.js:105:51
[01:56:26 [31merror[39m]: uncaughtException: Cannot read properties of undefined (reading 'send')
TypeError: Cannot read properties of undefined (reading 'send')
    at /home/runner/xd/Events/⚡ Cliente/presencia.js:105:51
[08:41:26 [32minfo[39m]: Iniciando y Conectando a la DB
[08:41:26 [32minfo[39m]: Bot Iniciado con Exito Dia de Registro Tue Nov 14 2023 08:41:26
[08:41:28 [31merror[39m]: uncaughtException: Cannot read properties of undefined (reading 'send')
TypeError: Cannot read properties of undefined (reading 'send')
    at /home/runner/xd/Events/⚡ Cliente/presencia.js:105:51
[08:41:28 [31merror[39m]: uncaughtException: Cannot read properties of undefined (reading 'send')
TypeError: Cannot read properties of undefined (reading 'send')
    at /home/runner/xd/Events/⚡ Cliente/presencia.js:105:51
[10:22:44 [32minfo[39m]: Iniciando y Conectando a la DB
[10:22:44 [32minfo[39m]: Bot Iniciado con Exito Dia de Registro Tue Nov 14 2023 10:22:44
[10:22:46 [31merror[39m]: uncaughtException: Cannot read properties of undefined (reading 'send')
TypeError: Cannot read properties of undefined (reading 'send')
    at /home/runner/xd/Events/⚡ Cliente/presencia.js:105:51
[10:22:46 [31merror[39m]: uncaughtException: Cannot read properties of undefined (reading 'send')
TypeError: Cannot read properties of undefined (reading 'send')
    at /home/runner/xd/Events/⚡ Cliente/presencia.js:105:51
[13:50:58 [32minfo[39m]: Iniciando y Conectando a la DB
[13:50:58 [32minfo[39m]: Bot Iniciado con Exito Dia de Registro Tue Nov 14 2023 13:50:58
[13:50:59 [31merror[39m]: uncaughtException: Cannot read properties of undefined (reading 'send')
TypeError: Cannot read properties of undefined (reading 'send')
    at /home/runner/xd/Events/⚡ Cliente/presencia.js:105:51
[13:50:59 [31merror[39m]: uncaughtException: Cannot read properties of undefined (reading 'send')
TypeError: Cannot read properties of undefined (reading 'send')
    at /home/runner/xd/Events/⚡ Cliente/presencia.js:105:51
[22:06:47 [32minfo[39m]: Iniciando y Conectando a la DB
[22:06:47 [32minfo[39m]: Bot Iniciado con Exito Dia de Registro Tue Nov 14 2023 22:06:47
[22:06:48 [31merror[39m]: uncaughtException: Cannot read properties of undefined (reading 'send')
TypeError: Cannot read properties of undefined (reading 'send')
    at /home/runner/xd/Events/⚡ Cliente/presencia.js:105:51
[22:06:48 [31merror[39m]: uncaughtException: Cannot read properties of undefined (reading 'send')
TypeError: Cannot read properties of undefined (reading 'send')
    at /home/runner/xd/Events/⚡ Cliente/presencia.js:105:51
[23:43:10 [32minfo[39m]: Iniciando y Conectando a la DB
[23:43:10 [32minfo[39m]: Bot Iniciado con Exito Dia de Registro Tue Nov 14 2023 23:43:10
[23:43:12 [31merror[39m]: uncaughtException: Cannot read properties of undefined (reading 'send')
TypeError: Cannot read properties of undefined (reading 'send')
    at /home/runner/xd/Events/⚡ Cliente/presencia.js:105:51
[23:43:12 [31merror[39m]: uncaughtException: Cannot read properties of undefined (reading 'send')
TypeError: Cannot read properties of undefined (reading 'send')
    at /home/runner/xd/Events/⚡ Cliente/presencia.js:105:51
