[09:48:55 [32minfo[39m]: Iniciando y Conectando a la DB
[09:48:55 [32minfo[39m]: Bot Iniciado con Exito Dia de Registro Wed Dec 27 2023 09:48:55
[16:47:23 [32minfo[39m]: Iniciando y Conectando a la DB
[16:47:23 [32minfo[39m]: Bot Iniciado con Exito Dia de Registro Wed Dec 27 2023 16:47:23
[16:47:25 [31merror[39m]: uncaughtException: Cannot read properties of undefined (reading 'send')
TypeError: Cannot read properties of undefined (reading 'send')
    at /home/runner/xd/Events/⚡ Cliente/presencia.js:116:51
[16:47:25 [31merror[39m]: uncaughtException: Cannot read properties of undefined (reading 'send')
TypeError: Cannot read properties of undefined (reading 'send')
    at /home/runner/xd/Events/⚡ Cliente/presencia.js:116:51
[16:50:03 [32minfo[39m]: Iniciando y Conectando a la DB
[16:50:03 [32minfo[39m]: Bot Iniciado con Exito Dia de Registro Wed Dec 27 2023 16:50:03
[17:00:48 [32minfo[39m]: Iniciando y Conectando a la DB
[17:00:48 [32minfo[39m]: Bot Iniciado con Exito Dia de Registro Wed Dec 27 2023 17:00:48
[17:03:08 [31merror[39m]: prefix is not defined
[17:03:19 [31merror[39m]: prefix is not defined
[17:03:34 [31merror[39m]: prefix is not defined
[17:03:42 [31merror[39m]: prefix is not defined
[17:03:52 [31merror[39m]: prefix is not defined
[17:04:33 [31merror[39m]: prefix is not defined
[17:04:47 [31merror[39m]: prefix is not defined
[17:05:07 [31merror[39m]: prefix is not defined
[17:10:46 [31merror[39m]: prefix is not defined
[18:06:29 [31merror[39m]: prefix is not defined
[18:07:19 [31merror[39m]: prefix is not defined
[18:07:39 [31merror[39m]: prefix is not defined
[18:07:43 [31merror[39m]: prefix is not defined
[18:08:54 [31merror[39m]: prefix is not defined
[18:10:32 [31merror[39m]: prefix is not defined
[18:10:53 [31merror[39m]: prefix is not defined
[18:11:51 [31merror[39m]: prefix is not defined
[18:12:16 [31merror[39m]: prefix is not defined
[18:18:29 [31merror[39m]: prefix is not defined
[18:20:27 [32minfo[39m]: Iniciando y Conectando a la DB
[18:20:27 [32minfo[39m]: Bot Iniciado con Exito Dia de Registro Wed Dec 27 2023 18:20:27
[18:21:08 [31merror[39m]: uncaughtException: Received one or more errors
Error: Received one or more errors
    at ArrayValidator.handle (/home/runner/xd/node_modules/@sapphire/shapeshift/dist/index.js:473:70)
    at ArrayValidator.parse (/home/runner/xd/node_modules/@sapphire/shapeshift/dist/index.js:212:88)
    at EmbedBuilder.addFields (/home/runner/xd/node_modules/@discordjs/builders/dist/index.js:225:31)
    at process.<anonymous> (/home/runner/xd/Plugins/anticrash.js:32:14)
    at process.emit (node:events:525:35)
    at emit (node:internal/process/promises:149:20)
    at processPromiseRejections (node:internal/process/promises:283:27)
    at process.processTicksAndRejections (node:internal/process/task_queues:96:32)
[18:21:08 [31merror[39m]: uncaughtException: Received one or more errors
Error: Received one or more errors
    at ArrayValidator.handle (/home/runner/xd/node_modules/@sapphire/shapeshift/dist/index.js:473:70)
    at ArrayValidator.parse (/home/runner/xd/node_modules/@sapphire/shapeshift/dist/index.js:212:88)
    at EmbedBuilder.addFields (/home/runner/xd/node_modules/@discordjs/builders/dist/index.js:225:31)
    at process.<anonymous> (/home/runner/xd/Plugins/anticrash.js:32:14)
    at process.emit (node:events:525:35)
    at emit (node:internal/process/promises:149:20)
    at processPromiseRejections (node:internal/process/promises:283:27)
    at process.processTicksAndRejections (node:internal/process/task_queues:96:32)
[18:22:45 [32minfo[39m]: Iniciando y Conectando a la DB
[18:22:45 [32minfo[39m]: Bot Iniciado con Exito Dia de Registro Wed Dec 27 2023 18:22:45
[18:23:00 [31merror[39m]: unhandledRejection: MessageActionRow is not a constructor
TypeError: MessageActionRow is not a constructor
    at Object.execute (/home/runner/xd/Commands/🌍 Publicos/nsfwrole.js:20:19)
    at Object.execute (/home/runner/xd/Events/🥶 Controles/interaccion.js:130:25)
    at process.processTicksAndRejections (node:internal/process/task_queues:95:5)
[18:23:00 [31merror[39m]: unhandledRejection: MessageActionRow is not a constructor
TypeError: MessageActionRow is not a constructor
    at Object.execute (/home/runner/xd/Commands/🌍 Publicos/nsfwrole.js:20:19)
    at Object.execute (/home/runner/xd/Events/🥶 Controles/interaccion.js:130:25)
    at process.processTicksAndRejections (node:internal/process/task_queues:95:5)
[18:25:13 [32minfo[39m]: Iniciando y Conectando a la DB
[18:25:13 [32minfo[39m]: Bot Iniciado con Exito Dia de Registro Wed Dec 27 2023 18:25:13
[18:25:23 [31merror[39m]: unhandledRejection: ActionRowBuilder is not defined
ReferenceError: ActionRowBuilder is not defined
    at Object.execute (/home/runner/xd/Commands/🌍 Publicos/nsfwrole.js:20:19)
    at Object.execute (/home/runner/xd/Events/🥶 Controles/interaccion.js:130:25)
    at process.processTicksAndRejections (node:internal/process/task_queues:95:5)
[18:25:23 [31merror[39m]: unhandledRejection: ActionRowBuilder is not defined
ReferenceError: ActionRowBuilder is not defined
    at Object.execute (/home/runner/xd/Commands/🌍 Publicos/nsfwrole.js:20:19)
    at Object.execute (/home/runner/xd/Events/🥶 Controles/interaccion.js:130:25)
    at process.processTicksAndRejections (node:internal/process/task_queues:95:5)
[18:25:57 [32minfo[39m]: Iniciando y Conectando a la DB
[18:25:57 [32minfo[39m]: Bot Iniciado con Exito Dia de Registro Wed Dec 27 2023 18:25:57
[18:26:07 [31merror[39m]: unhandledRejection: MessageButton is not a constructor
TypeError: MessageButton is not a constructor
    at Object.execute (/home/runner/xd/Commands/🌍 Publicos/nsfwrole.js:22:11)
    at Object.execute (/home/runner/xd/Events/🥶 Controles/interaccion.js:130:25)
    at process.processTicksAndRejections (node:internal/process/task_queues:95:5)
[18:26:07 [31merror[39m]: unhandledRejection: MessageButton is not a constructor
TypeError: MessageButton is not a constructor
    at Object.execute (/home/runner/xd/Commands/🌍 Publicos/nsfwrole.js:22:11)
    at Object.execute (/home/runner/xd/Events/🥶 Controles/interaccion.js:130:25)
    at process.processTicksAndRejections (node:internal/process/task_queues:95:5)
[18:27:09 [32minfo[39m]: Iniciando y Conectando a la DB
[18:27:09 [32minfo[39m]: Bot Iniciado con Exito Dia de Registro Wed Dec 27 2023 18:27:09
[18:27:22 [31merror[39m]: unhandledRejection: Expected the value to be one of the following enum values:
Error: Expected the value to be one of the following enum values:
    at NativeEnumValidator.handle (/home/runner/xd/node_modules/@sapphire/shapeshift/dist/index.js:1875:66)
    at NativeEnumValidator.parse (/home/runner/xd/node_modules/@sapphire/shapeshift/dist/index.js:212:88)
    at ButtonBuilder.setStyle (/home/runner/xd/node_modules/@discordjs/builders/dist/index.js:636:44)
    at Object.execute (/home/runner/xd/Commands/🌍 Publicos/nsfwrole.js:25:14)
    at Object.execute (/home/runner/xd/Events/🥶 Controles/interaccion.js:130:25)
    at process.processTicksAndRejections (node:internal/process/task_queues:95:5)
[18:27:22 [31merror[39m]: unhandledRejection: Expected the value to be one of the following enum values:
Error: Expected the value to be one of the following enum values:
    at NativeEnumValidator.handle (/home/runner/xd/node_modules/@sapphire/shapeshift/dist/index.js:1875:66)
    at NativeEnumValidator.parse (/home/runner/xd/node_modules/@sapphire/shapeshift/dist/index.js:212:88)
    at ButtonBuilder.setStyle (/home/runner/xd/node_modules/@discordjs/builders/dist/index.js:636:44)
    at Object.execute (/home/runner/xd/Commands/🌍 Publicos/nsfwrole.js:25:14)
    at Object.execute (/home/runner/xd/Events/🥶 Controles/interaccion.js:130:25)
    at process.processTicksAndRejections (node:internal/process/task_queues:95:5)
[18:28:12 [32minfo[39m]: Iniciando y Conectando a la DB
[18:28:12 [32minfo[39m]: Bot Iniciado con Exito Dia de Registro Wed Dec 27 2023 18:28:12
[18:28:25 [31merror[39m]: uncaughtException: Received one or more errors
Error: Received one or more errors
    at ArrayValidator.handle (/home/runner/xd/node_modules/@sapphire/shapeshift/dist/index.js:473:70)
    at ArrayValidator.parse (/home/runner/xd/node_modules/@sapphire/shapeshift/dist/index.js:212:88)
    at EmbedBuilder.addFields (/home/runner/xd/node_modules/@discordjs/builders/dist/index.js:225:31)
    at process.<anonymous> (/home/runner/xd/Plugins/anticrash.js:32:14)
    at process.emit (node:events:525:35)
    at emit (node:internal/process/promises:149:20)
    at processPromiseRejections (node:internal/process/promises:283:27)
    at process.processTicksAndRejections (node:internal/process/task_queues:96:32)
[18:28:25 [31merror[39m]: uncaughtException: Received one or more errors
Error: Received one or more errors
    at ArrayValidator.handle (/home/runner/xd/node_modules/@sapphire/shapeshift/dist/index.js:473:70)
    at ArrayValidator.parse (/home/runner/xd/node_modules/@sapphire/shapeshift/dist/index.js:212:88)
    at EmbedBuilder.addFields (/home/runner/xd/node_modules/@discordjs/builders/dist/index.js:225:31)
    at process.<anonymous> (/home/runner/xd/Plugins/anticrash.js:32:14)
    at process.emit (node:events:525:35)
    at emit (node:internal/process/promises:149:20)
    at processPromiseRejections (node:internal/process/promises:283:27)
    at process.processTicksAndRejections (node:internal/process/task_queues:96:32)
[18:29:08 [32minfo[39m]: Iniciando y Conectando a la DB
[18:29:08 [32minfo[39m]: Bot Iniciado con Exito Dia de Registro Wed Dec 27 2023 18:29:08
[18:29:17 [31merror[39m]: uncaughtException: Received one or more errors
Error: Received one or more errors
    at ArrayValidator.handle (/home/runner/xd/node_modules/@sapphire/shapeshift/dist/index.js:473:70)
    at ArrayValidator.parse (/home/runner/xd/node_modules/@sapphire/shapeshift/dist/index.js:212:88)
    at EmbedBuilder.addFields (/home/runner/xd/node_modules/@discordjs/builders/dist/index.js:225:31)
    at process.<anonymous> (/home/runner/xd/Plugins/anticrash.js:32:14)
    at process.emit (node:events:525:35)
    at emit (node:internal/process/promises:149:20)
    at processPromiseRejections (node:internal/process/promises:283:27)
    at process.processTicksAndRejections (node:internal/process/task_queues:96:32)
[18:29:17 [31merror[39m]: uncaughtException: Received one or more errors
Error: Received one or more errors
    at ArrayValidator.handle (/home/runner/xd/node_modules/@sapphire/shapeshift/dist/index.js:473:70)
    at ArrayValidator.parse (/home/runner/xd/node_modules/@sapphire/shapeshift/dist/index.js:212:88)
    at EmbedBuilder.addFields (/home/runner/xd/node_modules/@discordjs/builders/dist/index.js:225:31)
    at process.<anonymous> (/home/runner/xd/Plugins/anticrash.js:32:14)
    at process.emit (node:events:525:35)
    at emit (node:internal/process/promises:149:20)
    at processPromiseRejections (node:internal/process/promises:283:27)
    at process.processTicksAndRejections (node:internal/process/task_queues:96:32)
[18:30:40 [32minfo[39m]: Iniciando y Conectando a la DB
[18:30:40 [32minfo[39m]: Bot Iniciado con Exito Dia de Registro Wed Dec 27 2023 18:30:40
[18:30:52 [31merror[39m]: uncaughtException: Received one or more errors
Error: Received one or more errors
    at ArrayValidator.handle (/home/runner/xd/node_modules/@sapphire/shapeshift/dist/index.js:473:70)
    at ArrayValidator.parse (/home/runner/xd/node_modules/@sapphire/shapeshift/dist/index.js:212:88)
    at EmbedBuilder.addFields (/home/runner/xd/node_modules/@discordjs/builders/dist/index.js:225:31)
    at process.<anonymous> (/home/runner/xd/Plugins/anticrash.js:32:14)
    at process.emit (node:events:525:35)
    at emit (node:internal/process/promises:149:20)
    at processPromiseRejections (node:internal/process/promises:283:27)
    at process.processTicksAndRejections (node:internal/process/task_queues:96:32)
[18:30:52 [31merror[39m]: uncaughtException: Received one or more errors
Error: Received one or more errors
    at ArrayValidator.handle (/home/runner/xd/node_modules/@sapphire/shapeshift/dist/index.js:473:70)
    at ArrayValidator.parse (/home/runner/xd/node_modules/@sapphire/shapeshift/dist/index.js:212:88)
    at EmbedBuilder.addFields (/home/runner/xd/node_modules/@discordjs/builders/dist/index.js:225:31)
    at process.<anonymous> (/home/runner/xd/Plugins/anticrash.js:32:14)
    at process.emit (node:events:525:35)
    at emit (node:internal/process/promises:149:20)
    at processPromiseRejections (node:internal/process/promises:283:27)
    at process.processTicksAndRejections (node:internal/process/task_queues:96:32)
[18:32:18 [32minfo[39m]: Iniciando y Conectando a la DB
[18:32:18 [32minfo[39m]: Bot Iniciado con Exito Dia de Registro Wed Dec 27 2023 18:32:18
[19:03:15 [31merror[39m]: prefix is not defined
[19:04:52 [31merror[39m]: prefix is not defined
[19:05:09 [31merror[39m]: prefix is not defined
[19:05:20 [31merror[39m]: prefix is not defined
[19:09:49 [31merror[39m]: prefix is not defined
[19:24:44 [31merror[39m]: prefix is not defined
[19:24:55 [31merror[39m]: prefix is not defined
[19:25:04 [31merror[39m]: prefix is not defined
[19:25:05 [31merror[39m]: prefix is not defined
[20:13:09 [32minfo[39m]: Iniciando y Conectando a la DB
[20:13:09 [32minfo[39m]: Bot Iniciado con Exito Dia de Registro Wed Dec 27 2023 20:13:09
[20:17:31 [32minfo[39m]: Iniciando y Conectando a la DB
[20:17:31 [32minfo[39m]: Bot Iniciado con Exito Dia de Registro Wed Dec 27 2023 20:17:31
[20:19:48 [32minfo[39m]: Iniciando y Conectando a la DB
[20:19:48 [32minfo[39m]: Bot Iniciado con Exito Dia de Registro Wed Dec 27 2023 20:19:48
[20:23:36 [32minfo[39m]: Iniciando y Conectando a la DB
[20:23:36 [32minfo[39m]: Bot Iniciado con Exito Dia de Registro Wed Dec 27 2023 20:23:36
[20:27:25 [32minfo[39m]: Iniciando y Conectando a la DB
[20:27:25 [32minfo[39m]: Bot Iniciado con Exito Dia de Registro Wed Dec 27 2023 20:27:25
