[00:15:11 [32minfo[39m]: Iniciando y Conectando a la DB
[00:15:11 [32minfo[39m]: Bot Iniciado con Exito Dia de Registro Sat Nov 18 2023 00:15:11
[00:15:13 [31merror[39m]: uncaughtException: Cannot read properties of undefined (reading 'send')
TypeError: Cannot read properties of undefined (reading 'send')
    at /home/runner/xd/Events/⚡ Cliente/presencia.js:105:51
[00:15:13 [31merror[39m]: uncaughtException: Cannot read properties of undefined (reading 'send')
TypeError: Cannot read properties of undefined (reading 'send')
    at /home/runner/xd/Events/⚡ Cliente/presencia.js:105:51
[03:11:46 [32minfo[39m]: Iniciando y Conectando a la DB
[03:11:46 [32minfo[39m]: Bot Iniciado con Exito Dia de Registro Sat Nov 18 2023 03:11:46
[03:11:49 [31merror[39m]: uncaughtException: Cannot read properties of undefined (reading 'send')
TypeError: Cannot read properties of undefined (reading 'send')
    at /home/runner/xd/Events/⚡ Cliente/presencia.js:105:51
[03:11:49 [31merror[39m]: uncaughtException: Cannot read properties of undefined (reading 'send')
TypeError: Cannot read properties of undefined (reading 'send')
    at /home/runner/xd/Events/⚡ Cliente/presencia.js:105:51
[06:23:26 [32minfo[39m]: Iniciando y Conectando a la DB
[06:23:26 [32minfo[39m]: Bot Iniciado con Exito Dia de Registro Sat Nov 18 2023 06:23:26
[06:23:28 [31merror[39m]: uncaughtException: Cannot read properties of undefined (reading 'send')
TypeError: Cannot read properties of undefined (reading 'send')
    at /home/runner/xd/Events/⚡ Cliente/presencia.js:105:51
[06:23:28 [31merror[39m]: uncaughtException: Cannot read properties of undefined (reading 'send')
TypeError: Cannot read properties of undefined (reading 'send')
    at /home/runner/xd/Events/⚡ Cliente/presencia.js:105:51
[08:26:14 [32minfo[39m]: Iniciando y Conectando a la DB
[08:26:14 [32minfo[39m]: Bot Iniciado con Exito Dia de Registro Sat Nov 18 2023 08:26:14
[08:26:15 [31merror[39m]: uncaughtException: Cannot read properties of undefined (reading 'send')
TypeError: Cannot read properties of undefined (reading 'send')
    at /home/runner/xd/Events/⚡ Cliente/presencia.js:105:51
[08:26:15 [31merror[39m]: uncaughtException: Cannot read properties of undefined (reading 'send')
TypeError: Cannot read properties of undefined (reading 'send')
    at /home/runner/xd/Events/⚡ Cliente/presencia.js:105:51
[11:22:21 [32minfo[39m]: Iniciando y Conectando a la DB
[11:22:21 [32minfo[39m]: Bot Iniciado con Exito Dia de Registro Sat Nov 18 2023 11:22:21
[11:22:23 [31merror[39m]: uncaughtException: Cannot read properties of undefined (reading 'send')
TypeError: Cannot read properties of undefined (reading 'send')
    at /home/runner/xd/Events/⚡ Cliente/presencia.js:105:51
[11:22:23 [31merror[39m]: uncaughtException: Cannot read properties of undefined (reading 'send')
TypeError: Cannot read properties of undefined (reading 'send')
    at /home/runner/xd/Events/⚡ Cliente/presencia.js:105:51
[14:03:36 [32minfo[39m]: Iniciando y Conectando a la DB
[14:03:36 [32minfo[39m]: Bot Iniciado con Exito Dia de Registro Sat Nov 18 2023 14:03:36
[14:03:38 [31merror[39m]: uncaughtException: Cannot read properties of undefined (reading 'send')
TypeError: Cannot read properties of undefined (reading 'send')
    at /home/runner/xd/Events/⚡ Cliente/presencia.js:105:51
[14:03:38 [31merror[39m]: uncaughtException: Cannot read properties of undefined (reading 'send')
TypeError: Cannot read properties of undefined (reading 'send')
    at /home/runner/xd/Events/⚡ Cliente/presencia.js:105:51
[16:11:52 [32minfo[39m]: Iniciando y Conectando a la DB
[16:11:52 [32minfo[39m]: Bot Iniciado con Exito Dia de Registro Sat Nov 18 2023 16:11:52
[16:11:54 [31merror[39m]: uncaughtException: Cannot read properties of undefined (reading 'send')
TypeError: Cannot read properties of undefined (reading 'send')
    at /home/runner/xd/Events/⚡ Cliente/presencia.js:105:51
[16:11:54 [31merror[39m]: uncaughtException: Cannot read properties of undefined (reading 'send')
TypeError: Cannot read properties of undefined (reading 'send')
    at /home/runner/xd/Events/⚡ Cliente/presencia.js:105:51
[19:51:15 [32minfo[39m]: Iniciando y Conectando a la DB
[19:51:15 [32minfo[39m]: Bot Iniciado con Exito Dia de Registro Sat Nov 18 2023 19:51:15
[19:51:16 [31merror[39m]: uncaughtException: Cannot read properties of undefined (reading 'send')
TypeError: Cannot read properties of undefined (reading 'send')
    at /home/runner/xd/Events/⚡ Cliente/presencia.js:105:51
[19:51:16 [31merror[39m]: uncaughtException: Cannot read properties of undefined (reading 'send')
TypeError: Cannot read properties of undefined (reading 'send')
    at /home/runner/xd/Events/⚡ Cliente/presencia.js:105:51
