[00:09:58 [32minfo[39m]: Iniciando y Conectando a la DB
[00:09:58 [32minfo[39m]: Bot Iniciado con Exito Dia de Registro Sat Dec 23 2023 00:09:58
[00:10:53 [31merror[39m]: prefix is not defined
[00:15:05 [31merror[39m]: prefix is not defined
[00:16:02 [31merror[39m]: prefix is not defined
[00:16:03 [31merror[39m]: prefix is not defined
[00:16:09 [31merror[39m]: prefix is not defined
[00:16:37 [31merror[39m]: prefix is not defined
[00:16:58 [31merror[39m]: prefix is not defined
[00:17:10 [31merror[39m]: prefix is not defined
[00:17:35 [31merror[39m]: prefix is not defined
[00:17:46 [31merror[39m]: prefix is not defined
[00:17:56 [31merror[39m]: prefix is not defined
[00:18:16 [31merror[39m]: prefix is not defined
[00:18:36 [31merror[39m]: prefix is not defined
[00:18:54 [31merror[39m]: prefix is not defined
[00:19:04 [31merror[39m]: prefix is not defined
[00:19:21 [31merror[39m]: prefix is not defined
[00:19:25 [31merror[39m]: prefix is not defined
[00:19:35 [31merror[39m]: prefix is not defined
[00:19:47 [31merror[39m]: prefix is not defined
[00:20:08 [31merror[39m]: prefix is not defined
[00:20:22 [31merror[39m]: prefix is not defined
[00:20:26 [31merror[39m]: prefix is not defined
[00:20:32 [31merror[39m]: prefix is not defined
[00:20:37 [31merror[39m]: prefix is not defined
[00:20:38 [31merror[39m]: prefix is not defined
[00:20:45 [31merror[39m]: prefix is not defined
[00:23:25 [31merror[39m]: prefix is not defined
[00:24:04 [31merror[39m]: prefix is not defined
[00:24:05 [31merror[39m]: prefix is not defined
[00:26:39 [31merror[39m]: prefix is not defined
[00:26:39 [31merror[39m]: prefix is not defined
[00:26:52 [31merror[39m]: prefix is not defined
[00:26:59 [31merror[39m]: prefix is not defined
[00:27:19 [31merror[39m]: prefix is not defined
[00:27:41 [31merror[39m]: prefix is not defined
[00:27:54 [31merror[39m]: prefix is not defined
[00:28:06 [31merror[39m]: prefix is not defined
[00:28:16 [31merror[39m]: prefix is not defined
[00:28:29 [31merror[39m]: prefix is not defined
[00:28:39 [31merror[39m]: prefix is not defined
[00:28:52 [31merror[39m]: prefix is not defined
[00:28:52 [31merror[39m]: prefix is not defined
[00:29:08 [31merror[39m]: prefix is not defined
[00:29:14 [31merror[39m]: prefix is not defined
[00:29:31 [31merror[39m]: prefix is not defined
[00:29:48 [31merror[39m]: prefix is not defined
[00:30:18 [31merror[39m]: prefix is not defined
[00:30:22 [31merror[39m]: prefix is not defined
[00:30:24 [31merror[39m]: prefix is not defined
[00:30:45 [31merror[39m]: prefix is not defined
[00:31:39 [31merror[39m]: prefix is not defined
[00:31:58 [31merror[39m]: prefix is not defined
[00:32:13 [31merror[39m]: prefix is not defined
[00:32:19 [31merror[39m]: prefix is not defined
[00:32:19 [31merror[39m]: prefix is not defined
[00:32:21 [31merror[39m]: prefix is not defined
[00:32:22 [31merror[39m]: prefix is not defined
[00:32:22 [31merror[39m]: prefix is not defined
[00:32:26 [31merror[39m]: prefix is not defined
[00:32:32 [31merror[39m]: prefix is not defined
[00:32:36 [31merror[39m]: prefix is not defined
[00:32:41 [31merror[39m]: prefix is not defined
[00:32:44 [31merror[39m]: prefix is not defined
[00:32:49 [31merror[39m]: prefix is not defined
[00:32:53 [31merror[39m]: prefix is not defined
[00:33:06 [31merror[39m]: prefix is not defined
[00:33:29 [31merror[39m]: prefix is not defined
[00:34:24 [31merror[39m]: prefix is not defined
[00:34:36 [31merror[39m]: prefix is not defined
[00:34:58 [31merror[39m]: prefix is not defined
[00:35:00 [31merror[39m]: prefix is not defined
[00:35:06 [31merror[39m]: prefix is not defined
[00:35:21 [31merror[39m]: prefix is not defined
[00:35:31 [31merror[39m]: prefix is not defined
[00:35:35 [31merror[39m]: prefix is not defined
[00:35:46 [31merror[39m]: prefix is not defined
[00:35:47 [31merror[39m]: prefix is not defined
[00:36:02 [31merror[39m]: prefix is not defined
[00:36:31 [31merror[39m]: prefix is not defined
[00:36:44 [31merror[39m]: prefix is not defined
[00:37:53 [31merror[39m]: prefix is not defined
[00:37:59 [31merror[39m]: prefix is not defined
[00:38:03 [31merror[39m]: prefix is not defined
[00:38:17 [31merror[39m]: prefix is not defined
[00:40:10 [31merror[39m]: prefix is not defined
[00:40:11 [31merror[39m]: prefix is not defined
[00:42:55 [31merror[39m]: prefix is not defined
[00:43:05 [31merror[39m]: prefix is not defined
[00:43:27 [31merror[39m]: prefix is not defined
[00:44:08 [31merror[39m]: prefix is not defined
[00:44:19 [31merror[39m]: prefix is not defined
[00:44:20 [31merror[39m]: prefix is not defined
[00:44:35 [31merror[39m]: prefix is not defined
[00:44:38 [31merror[39m]: prefix is not defined
[00:45:25 [31merror[39m]: prefix is not defined
[00:45:41 [31merror[39m]: prefix is not defined
[00:47:53 [31merror[39m]: prefix is not defined
[00:47:58 [31merror[39m]: prefix is not defined
[00:59:32 [32minfo[39m]: Iniciando y Conectando a la DB
[00:59:32 [32minfo[39m]: Bot Iniciado con Exito Dia de Registro Sat Dec 23 2023 00:59:32
[01:10:06 [32minfo[39m]: Iniciando y Conectando a la DB
[01:10:06 [32minfo[39m]: Bot Iniciado con Exito Dia de Registro Sat Dec 23 2023 01:10:06
[01:10:07 [31merror[39m]: unhandledRejection: ervermapmodule is not defined
ReferenceError: ervermapmodule is not defined
    at Object.<anonymous> (/home/runner/xd/Commands/🌍 Publicos/borrar.js:3:1)
    at Module._compile (node:internal/modules/cjs/loader:1159:14)
    at Module._extensions..js (node:internal/modules/cjs/loader:1213:10)
    at Module.load (node:internal/modules/cjs/loader:1037:32)
    at Module._load (node:internal/modules/cjs/loader:878:12)
    at Module.require (node:internal/modules/cjs/loader:1061:19)
    at require (node:internal/modules/cjs/helpers:103:18)
    at /home/runner/xd/Handlers/Commands.js:14:25
    at Array.forEach (<anonymous>)
    at loadCommands (/home/runner/xd/Handlers/Commands.js:13:11)
[01:10:07 [31merror[39m]: unhandledRejection: ervermapmodule is not defined
ReferenceError: ervermapmodule is not defined
    at Object.<anonymous> (/home/runner/xd/Commands/🌍 Publicos/borrar.js:3:1)
    at Module._compile (node:internal/modules/cjs/loader:1159:14)
    at Module._extensions..js (node:internal/modules/cjs/loader:1213:10)
    at Module.load (node:internal/modules/cjs/loader:1037:32)
    at Module._load (node:internal/modules/cjs/loader:878:12)
    at Module.require (node:internal/modules/cjs/loader:1061:19)
    at require (node:internal/modules/cjs/helpers:103:18)
    at /home/runner/xd/Handlers/Commands.js:14:25
    at Array.forEach (<anonymous>)
    at loadCommands (/home/runner/xd/Handlers/Commands.js:13:11)
[01:16:07 [32minfo[39m]: Iniciando y Conectando a la DB
[01:16:07 [32minfo[39m]: Bot Iniciado con Exito Dia de Registro Sat Dec 23 2023 01:16:07
[06:11:26 [32minfo[39m]: Iniciando y Conectando a la DB
[06:11:26 [32minfo[39m]: Bot Iniciado con Exito Dia de Registro Sat Dec 23 2023 06:11:26
[14:24:20 [31merror[39m]: prefix is not defined
[14:37:57 [31merror[39m]: prefix is not defined
[14:39:30 [31merror[39m]: prefix is not defined
[14:40:12 [31merror[39m]: prefix is not defined
[14:43:34 [31merror[39m]: prefix is not defined
[17:58:52 [31merror[39m]: prefix is not defined
[18:01:34 [31merror[39m]: prefix is not defined
[18:02:26 [31merror[39m]: prefix is not defined
[18:03:23 [32minfo[39m]: Iniciando y Conectando a la DB
[18:03:23 [32minfo[39m]: Bot Iniciado con Exito Dia de Registro Sat Dec 23 2023 18:03:23
[18:05:43 [31merror[39m]: prefix is not defined
[18:05:50 [31merror[39m]: prefix is not defined
[18:06:00 [31merror[39m]: prefix is not defined
[18:06:03 [31merror[39m]: prefix is not defined
[18:06:13 [31merror[39m]: prefix is not defined
[18:07:12 [31merror[39m]: prefix is not defined
[18:07:25 [31merror[39m]: prefix is not defined
[18:09:45 [31merror[39m]: prefix is not defined
[18:09:55 [31merror[39m]: prefix is not defined
[18:10:08 [31merror[39m]: prefix is not defined
[18:10:23 [31merror[39m]: prefix is not defined
[18:11:10 [31merror[39m]: prefix is not defined
[18:11:24 [31merror[39m]: prefix is not defined
[18:13:04 [31merror[39m]: prefix is not defined
[18:13:33 [31merror[39m]: prefix is not defined
[18:13:48 [31merror[39m]: prefix is not defined
[18:13:53 [31merror[39m]: prefix is not defined
[18:14:40 [31merror[39m]: prefix is not defined
[18:14:48 [31merror[39m]: prefix is not defined
[18:26:01 [31merror[39m]: prefix is not defined
[18:26:04 [31merror[39m]: prefix is not defined
[18:26:14 [31merror[39m]: prefix is not defined
[18:26:16 [31merror[39m]: prefix is not defined
[18:46:28 [31merror[39m]: prefix is not defined
[18:47:08 [31merror[39m]: prefix is not defined
[18:48:35 [31merror[39m]: prefix is not defined
[18:48:48 [31merror[39m]: prefix is not defined
[18:51:29 [31merror[39m]: prefix is not defined
[18:52:48 [31merror[39m]: prefix is not defined
[18:53:36 [31merror[39m]: prefix is not defined
[18:54:24 [31merror[39m]: prefix is not defined
[18:56:33 [31merror[39m]: prefix is not defined
[19:10:18 [31merror[39m]: prefix is not defined
[19:11:40 [31merror[39m]: prefix is not defined
[19:27:42 [31merror[39m]: prefix is not defined
[20:24:40 [31merror[39m]: prefix is not defined
[20:30:06 [31merror[39m]: prefix is not defined
[20:43:42 [31merror[39m]: prefix is not defined
[20:49:53 [31merror[39m]: prefix is not defined
[20:57:13 [31merror[39m]: prefix is not defined
[20:57:19 [31merror[39m]: prefix is not defined
[20:57:20 [31merror[39m]: prefix is not defined
[20:57:37 [31merror[39m]: prefix is not defined
[20:57:42 [31merror[39m]: prefix is not defined
[21:00:51 [31merror[39m]: prefix is not defined
[21:01:33 [31merror[39m]: prefix is not defined
[21:01:42 [31merror[39m]: prefix is not defined
[21:02:00 [31merror[39m]: prefix is not defined
[21:02:08 [31merror[39m]: prefix is not defined
[21:02:55 [31merror[39m]: prefix is not defined
[21:03:35 [31merror[39m]: prefix is not defined
[21:03:48 [31merror[39m]: prefix is not defined
[21:05:23 [31merror[39m]: prefix is not defined
[21:08:18 [31merror[39m]: prefix is not defined
[21:08:22 [31merror[39m]: prefix is not defined
[21:08:56 [31merror[39m]: prefix is not defined
[21:08:58 [31merror[39m]: prefix is not defined
[21:09:00 [31merror[39m]: prefix is not defined
[21:09:01 [31merror[39m]: prefix is not defined
[21:09:05 [31merror[39m]: prefix is not defined
[21:09:11 [31merror[39m]: prefix is not defined
[21:09:17 [31merror[39m]: prefix is not defined
[21:09:21 [31merror[39m]: prefix is not defined
[21:09:24 [31merror[39m]: prefix is not defined
[21:09:27 [31merror[39m]: prefix is not defined
[21:09:54 [31merror[39m]: prefix is not defined
[21:10:17 [31merror[39m]: prefix is not defined
[21:10:24 [31merror[39m]: prefix is not defined
[21:10:27 [31merror[39m]: prefix is not defined
[21:10:31 [31merror[39m]: prefix is not defined
[21:10:35 [31merror[39m]: prefix is not defined
[21:10:38 [31merror[39m]: prefix is not defined
[21:10:51 [31merror[39m]: prefix is not defined
[21:12:40 [31merror[39m]: prefix is not defined
[21:12:49 [31merror[39m]: prefix is not defined
[21:12:59 [31merror[39m]: prefix is not defined
[21:13:01 [31merror[39m]: prefix is not defined
[21:13:37 [31merror[39m]: prefix is not defined
[21:13:40 [31merror[39m]: prefix is not defined
[21:13:51 [31merror[39m]: prefix is not defined
[21:14:21 [31merror[39m]: prefix is not defined
[21:14:23 [31merror[39m]: prefix is not defined
[21:14:25 [31merror[39m]: prefix is not defined
[21:14:28 [31merror[39m]: prefix is not defined
[21:14:33 [31merror[39m]: prefix is not defined
[21:14:50 [31merror[39m]: prefix is not defined
[21:15:19 [31merror[39m]: prefix is not defined
[21:16:23 [31merror[39m]: prefix is not defined
