[00:02:30 [32minfo[39m]: Iniciando y Conectando a la DB
[00:02:30 [32minfo[39m]: Bot Iniciado con Exito Dia de Registro Thu Oct 12 2023 00:02:30
[00:02:32 [31merror[39m]: uncaughtException: Cannot read properties of undefined (reading 'send')
TypeError: Cannot read properties of undefined (reading 'send')
    at /home/runner/xd/Events/⚡ Cliente/presencia.js:105:61
[00:02:32 [31merror[39m]: uncaughtException: Cannot read properties of undefined (reading 'send')
TypeError: Cannot read properties of undefined (reading 'send')
    at /home/runner/xd/Events/⚡ Cliente/presencia.js:105:61
[00:02:51 [32minfo[39m]: Iniciando y Conectando a la DB
[00:02:51 [32minfo[39m]: Bot Iniciado con Exito Dia de Registro Thu Oct 12 2023 00:02:51
[00:02:52 [31merror[39m]: uncaughtException: Cannot read properties of undefined (reading 'send')
TypeError: Cannot read properties of undefined (reading 'send')
    at /home/runner/xd/Events/⚡ Cliente/presencia.js:105:61
[00:02:52 [31merror[39m]: uncaughtException: Cannot read properties of undefined (reading 'send')
TypeError: Cannot read properties of undefined (reading 'send')
    at /home/runner/xd/Events/⚡ Cliente/presencia.js:105:61
[00:07:50 [32minfo[39m]: Iniciando y Conectando a la DB
[00:07:50 [32minfo[39m]: Bot Iniciado con Exito Dia de Registro Thu Oct 12 2023 00:07:50
[00:07:52 [31merror[39m]: uncaughtException: Cannot read properties of undefined (reading 'send')
TypeError: Cannot read properties of undefined (reading 'send')
    at /home/runner/xd/Events/⚡ Cliente/presencia.js:105:61
[00:07:52 [31merror[39m]: uncaughtException: Cannot read properties of undefined (reading 'send')
TypeError: Cannot read properties of undefined (reading 'send')
    at /home/runner/xd/Events/⚡ Cliente/presencia.js:105:61
[00:08:11 [32minfo[39m]: Iniciando y Conectando a la DB
[00:08:11 [32minfo[39m]: Bot Iniciado con Exito Dia de Registro Thu Oct 12 2023 00:08:11
[00:08:13 [31merror[39m]: uncaughtException: Cannot read properties of undefined (reading 'send')
TypeError: Cannot read properties of undefined (reading 'send')
    at /home/runner/xd/Events/⚡ Cliente/presencia.js:105:61
[00:08:13 [31merror[39m]: uncaughtException: Cannot read properties of undefined (reading 'send')
TypeError: Cannot read properties of undefined (reading 'send')
    at /home/runner/xd/Events/⚡ Cliente/presencia.js:105:61
[00:13:12 [32minfo[39m]: Iniciando y Conectando a la DB
[00:13:12 [32minfo[39m]: Bot Iniciado con Exito Dia de Registro Thu Oct 12 2023 00:13:12
[00:13:14 [31merror[39m]: uncaughtException: Cannot read properties of undefined (reading 'send')
TypeError: Cannot read properties of undefined (reading 'send')
    at /home/runner/xd/Events/⚡ Cliente/presencia.js:105:61
[00:13:14 [31merror[39m]: uncaughtException: Cannot read properties of undefined (reading 'send')
TypeError: Cannot read properties of undefined (reading 'send')
    at /home/runner/xd/Events/⚡ Cliente/presencia.js:105:61
[00:13:32 [32minfo[39m]: Iniciando y Conectando a la DB
[00:13:32 [32minfo[39m]: Bot Iniciado con Exito Dia de Registro Thu Oct 12 2023 00:13:32
[00:13:33 [31merror[39m]: uncaughtException: Cannot read properties of undefined (reading 'send')
TypeError: Cannot read properties of undefined (reading 'send')
    at /home/runner/xd/Events/⚡ Cliente/presencia.js:105:61
[00:13:33 [31merror[39m]: uncaughtException: Cannot read properties of undefined (reading 'send')
TypeError: Cannot read properties of undefined (reading 'send')
    at /home/runner/xd/Events/⚡ Cliente/presencia.js:105:61
[00:18:31 [32minfo[39m]: Iniciando y Conectando a la DB
[00:18:31 [32minfo[39m]: Bot Iniciado con Exito Dia de Registro Thu Oct 12 2023 00:18:31
[00:18:32 [31merror[39m]: uncaughtException: Cannot read properties of undefined (reading 'send')
TypeError: Cannot read properties of undefined (reading 'send')
    at /home/runner/xd/Events/⚡ Cliente/presencia.js:105:61
[00:18:32 [31merror[39m]: uncaughtException: Cannot read properties of undefined (reading 'send')
TypeError: Cannot read properties of undefined (reading 'send')
    at /home/runner/xd/Events/⚡ Cliente/presencia.js:105:61
[00:18:52 [32minfo[39m]: Iniciando y Conectando a la DB
[00:18:52 [32minfo[39m]: Bot Iniciado con Exito Dia de Registro Thu Oct 12 2023 00:18:52
[00:18:53 [31merror[39m]: uncaughtException: Cannot read properties of undefined (reading 'send')
TypeError: Cannot read properties of undefined (reading 'send')
    at /home/runner/xd/Events/⚡ Cliente/presencia.js:105:61
[00:18:53 [31merror[39m]: uncaughtException: Cannot read properties of undefined (reading 'send')
TypeError: Cannot read properties of undefined (reading 'send')
    at /home/runner/xd/Events/⚡ Cliente/presencia.js:105:61
[00:23:50 [32minfo[39m]: Iniciando y Conectando a la DB
[00:23:50 [32minfo[39m]: Bot Iniciado con Exito Dia de Registro Thu Oct 12 2023 00:23:50
[00:23:52 [31merror[39m]: uncaughtException: Cannot read properties of undefined (reading 'send')
TypeError: Cannot read properties of undefined (reading 'send')
    at /home/runner/xd/Events/⚡ Cliente/presencia.js:105:61
[00:23:52 [31merror[39m]: uncaughtException: Cannot read properties of undefined (reading 'send')
TypeError: Cannot read properties of undefined (reading 'send')
    at /home/runner/xd/Events/⚡ Cliente/presencia.js:105:61
[00:24:12 [32minfo[39m]: Iniciando y Conectando a la DB
[00:24:12 [32minfo[39m]: Bot Iniciado con Exito Dia de Registro Thu Oct 12 2023 00:24:12
[00:24:14 [31merror[39m]: uncaughtException: Cannot read properties of undefined (reading 'send')
TypeError: Cannot read properties of undefined (reading 'send')
    at /home/runner/xd/Events/⚡ Cliente/presencia.js:105:61
[00:24:14 [31merror[39m]: uncaughtException: Cannot read properties of undefined (reading 'send')
TypeError: Cannot read properties of undefined (reading 'send')
    at /home/runner/xd/Events/⚡ Cliente/presencia.js:105:61
[00:29:31 [32minfo[39m]: Iniciando y Conectando a la DB
[00:29:31 [32minfo[39m]: Bot Iniciado con Exito Dia de Registro Thu Oct 12 2023 00:29:31
[00:29:32 [31merror[39m]: uncaughtException: Cannot read properties of undefined (reading 'send')
TypeError: Cannot read properties of undefined (reading 'send')
    at /home/runner/xd/Events/⚡ Cliente/presencia.js:105:61
[00:29:32 [31merror[39m]: uncaughtException: Cannot read properties of undefined (reading 'send')
TypeError: Cannot read properties of undefined (reading 'send')
    at /home/runner/xd/Events/⚡ Cliente/presencia.js:105:61
[02:16:10 [32minfo[39m]: Iniciando y Conectando a la DB
[02:16:10 [32minfo[39m]: Bot Iniciado con Exito Dia de Registro Thu Oct 12 2023 02:16:10
[02:16:11 [31merror[39m]: uncaughtException: Cannot read properties of undefined (reading 'send')
TypeError: Cannot read properties of undefined (reading 'send')
    at /home/runner/xd/Events/⚡ Cliente/presencia.js:105:61
[02:16:11 [31merror[39m]: uncaughtException: Cannot read properties of undefined (reading 'send')
TypeError: Cannot read properties of undefined (reading 'send')
    at /home/runner/xd/Events/⚡ Cliente/presencia.js:105:61
[02:21:12 [32minfo[39m]: Iniciando y Conectando a la DB
[02:21:12 [32minfo[39m]: Bot Iniciado con Exito Dia de Registro Thu Oct 12 2023 02:21:12
[02:21:13 [31merror[39m]: uncaughtException: Cannot read properties of undefined (reading 'send')
TypeError: Cannot read properties of undefined (reading 'send')
    at /home/runner/xd/Events/⚡ Cliente/presencia.js:105:61
[02:21:13 [31merror[39m]: uncaughtException: Cannot read properties of undefined (reading 'send')
TypeError: Cannot read properties of undefined (reading 'send')
    at /home/runner/xd/Events/⚡ Cliente/presencia.js:105:61
[02:36:54 [32minfo[39m]: Iniciando y Conectando a la DB
[02:36:54 [32minfo[39m]: Bot Iniciado con Exito Dia de Registro Thu Oct 12 2023 02:36:54
[02:36:55 [31merror[39m]: uncaughtException: Cannot read properties of undefined (reading 'send')
TypeError: Cannot read properties of undefined (reading 'send')
    at /home/runner/xd/Events/⚡ Cliente/presencia.js:105:61
[02:36:55 [31merror[39m]: uncaughtException: Cannot read properties of undefined (reading 'send')
TypeError: Cannot read properties of undefined (reading 'send')
    at /home/runner/xd/Events/⚡ Cliente/presencia.js:105:61
[02:37:14 [32minfo[39m]: Iniciando y Conectando a la DB
[02:37:14 [32minfo[39m]: Bot Iniciado con Exito Dia de Registro Thu Oct 12 2023 02:37:14
[02:37:15 [31merror[39m]: uncaughtException: Cannot read properties of undefined (reading 'send')
TypeError: Cannot read properties of undefined (reading 'send')
    at /home/runner/xd/Events/⚡ Cliente/presencia.js:105:61
[02:37:15 [31merror[39m]: uncaughtException: Cannot read properties of undefined (reading 'send')
TypeError: Cannot read properties of undefined (reading 'send')
    at /home/runner/xd/Events/⚡ Cliente/presencia.js:105:61
[02:42:13 [32minfo[39m]: Iniciando y Conectando a la DB
[02:42:13 [32minfo[39m]: Bot Iniciado con Exito Dia de Registro Thu Oct 12 2023 02:42:13
[02:42:14 [31merror[39m]: uncaughtException: Cannot read properties of undefined (reading 'send')
TypeError: Cannot read properties of undefined (reading 'send')
    at /home/runner/xd/Events/⚡ Cliente/presencia.js:105:61
[02:42:14 [31merror[39m]: uncaughtException: Cannot read properties of undefined (reading 'send')
TypeError: Cannot read properties of undefined (reading 'send')
    at /home/runner/xd/Events/⚡ Cliente/presencia.js:105:61
[02:42:33 [32minfo[39m]: Iniciando y Conectando a la DB
[02:42:33 [32minfo[39m]: Bot Iniciado con Exito Dia de Registro Thu Oct 12 2023 02:42:33
[02:42:35 [31merror[39m]: uncaughtException: Cannot read properties of undefined (reading 'send')
TypeError: Cannot read properties of undefined (reading 'send')
    at /home/runner/xd/Events/⚡ Cliente/presencia.js:105:61
[02:42:35 [31merror[39m]: uncaughtException: Cannot read properties of undefined (reading 'send')
TypeError: Cannot read properties of undefined (reading 'send')
    at /home/runner/xd/Events/⚡ Cliente/presencia.js:105:61
[02:47:35 [32minfo[39m]: Iniciando y Conectando a la DB
[02:47:35 [32minfo[39m]: Bot Iniciado con Exito Dia de Registro Thu Oct 12 2023 02:47:35
[02:47:36 [31merror[39m]: uncaughtException: Cannot read properties of undefined (reading 'send')
TypeError: Cannot read properties of undefined (reading 'send')
    at /home/runner/xd/Events/⚡ Cliente/presencia.js:105:61
[02:47:36 [31merror[39m]: uncaughtException: Cannot read properties of undefined (reading 'send')
TypeError: Cannot read properties of undefined (reading 'send')
    at /home/runner/xd/Events/⚡ Cliente/presencia.js:105:61
[02:53:16 [32minfo[39m]: Iniciando y Conectando a la DB
[02:53:16 [32minfo[39m]: Bot Iniciado con Exito Dia de Registro Thu Oct 12 2023 02:53:16
[02:53:18 [31merror[39m]: uncaughtException: Cannot read properties of undefined (reading 'send')
TypeError: Cannot read properties of undefined (reading 'send')
    at /home/runner/xd/Events/⚡ Cliente/presencia.js:105:61
[02:53:18 [31merror[39m]: uncaughtException: Cannot read properties of undefined (reading 'send')
TypeError: Cannot read properties of undefined (reading 'send')
    at /home/runner/xd/Events/⚡ Cliente/presencia.js:105:61
[02:58:14 [32minfo[39m]: Iniciando y Conectando a la DB
[02:58:14 [32minfo[39m]: Bot Iniciado con Exito Dia de Registro Thu Oct 12 2023 02:58:14
[02:58:15 [31merror[39m]: uncaughtException: Cannot read properties of undefined (reading 'send')
TypeError: Cannot read properties of undefined (reading 'send')
    at /home/runner/xd/Events/⚡ Cliente/presencia.js:105:61
[02:58:15 [31merror[39m]: uncaughtException: Cannot read properties of undefined (reading 'send')
TypeError: Cannot read properties of undefined (reading 'send')
    at /home/runner/xd/Events/⚡ Cliente/presencia.js:105:61
[02:58:35 [32minfo[39m]: Iniciando y Conectando a la DB
[02:58:35 [32minfo[39m]: Bot Iniciado con Exito Dia de Registro Thu Oct 12 2023 02:58:35
[02:58:37 [31merror[39m]: uncaughtException: Cannot read properties of undefined (reading 'send')
TypeError: Cannot read properties of undefined (reading 'send')
    at /home/runner/xd/Events/⚡ Cliente/presencia.js:105:61
[02:58:37 [31merror[39m]: uncaughtException: Cannot read properties of undefined (reading 'send')
TypeError: Cannot read properties of undefined (reading 'send')
    at /home/runner/xd/Events/⚡ Cliente/presencia.js:105:61
[03:03:36 [32minfo[39m]: Iniciando y Conectando a la DB
[03:03:36 [32minfo[39m]: Bot Iniciado con Exito Dia de Registro Thu Oct 12 2023 03:03:36
[03:03:37 [31merror[39m]: uncaughtException: Cannot read properties of undefined (reading 'send')
TypeError: Cannot read properties of undefined (reading 'send')
    at /home/runner/xd/Events/⚡ Cliente/presencia.js:105:61
[03:03:37 [31merror[39m]: uncaughtException: Cannot read properties of undefined (reading 'send')
TypeError: Cannot read properties of undefined (reading 'send')
    at /home/runner/xd/Events/⚡ Cliente/presencia.js:105:61
[03:03:57 [32minfo[39m]: Iniciando y Conectando a la DB
[03:03:58 [32minfo[39m]: Bot Iniciado con Exito Dia de Registro Thu Oct 12 2023 03:03:58
[03:03:59 [31merror[39m]: uncaughtException: Cannot read properties of undefined (reading 'send')
TypeError: Cannot read properties of undefined (reading 'send')
    at /home/runner/xd/Events/⚡ Cliente/presencia.js:105:61
[03:03:59 [31merror[39m]: uncaughtException: Cannot read properties of undefined (reading 'send')
TypeError: Cannot read properties of undefined (reading 'send')
    at /home/runner/xd/Events/⚡ Cliente/presencia.js:105:61
[03:08:56 [32minfo[39m]: Iniciando y Conectando a la DB
[03:08:56 [32minfo[39m]: Bot Iniciado con Exito Dia de Registro Thu Oct 12 2023 03:08:56
[03:08:58 [31merror[39m]: uncaughtException: Cannot read properties of undefined (reading 'send')
TypeError: Cannot read properties of undefined (reading 'send')
    at /home/runner/xd/Events/⚡ Cliente/presencia.js:105:61
[03:08:58 [31merror[39m]: uncaughtException: Cannot read properties of undefined (reading 'send')
TypeError: Cannot read properties of undefined (reading 'send')
    at /home/runner/xd/Events/⚡ Cliente/presencia.js:105:61
[03:09:18 [32minfo[39m]: Iniciando y Conectando a la DB
[03:09:18 [32minfo[39m]: Bot Iniciado con Exito Dia de Registro Thu Oct 12 2023 03:09:18
[03:09:19 [31merror[39m]: uncaughtException: Cannot read properties of undefined (reading 'send')
TypeError: Cannot read properties of undefined (reading 'send')
    at /home/runner/xd/Events/⚡ Cliente/presencia.js:105:61
[03:09:19 [31merror[39m]: uncaughtException: Cannot read properties of undefined (reading 'send')
TypeError: Cannot read properties of undefined (reading 'send')
    at /home/runner/xd/Events/⚡ Cliente/presencia.js:105:61
[03:14:17 [32minfo[39m]: Iniciando y Conectando a la DB
[03:14:17 [32minfo[39m]: Bot Iniciado con Exito Dia de Registro Thu Oct 12 2023 03:14:17
[03:14:19 [31merror[39m]: uncaughtException: Cannot read properties of undefined (reading 'send')
TypeError: Cannot read properties of undefined (reading 'send')
    at /home/runner/xd/Events/⚡ Cliente/presencia.js:105:61
[03:14:19 [31merror[39m]: uncaughtException: Cannot read properties of undefined (reading 'send')
TypeError: Cannot read properties of undefined (reading 'send')
    at /home/runner/xd/Events/⚡ Cliente/presencia.js:105:61
[03:14:38 [32minfo[39m]: Iniciando y Conectando a la DB
[03:14:38 [32minfo[39m]: Bot Iniciado con Exito Dia de Registro Thu Oct 12 2023 03:14:38
[03:14:40 [31merror[39m]: uncaughtException: Cannot read properties of undefined (reading 'send')
TypeError: Cannot read properties of undefined (reading 'send')
    at /home/runner/xd/Events/⚡ Cliente/presencia.js:105:61
[03:14:40 [31merror[39m]: uncaughtException: Cannot read properties of undefined (reading 'send')
TypeError: Cannot read properties of undefined (reading 'send')
    at /home/runner/xd/Events/⚡ Cliente/presencia.js:105:61
[03:57:13 [32minfo[39m]: Iniciando y Conectando a la DB
[03:57:13 [32minfo[39m]: Bot Iniciado con Exito Dia de Registro Thu Oct 12 2023 03:57:13
[03:57:15 [31merror[39m]: uncaughtException: Cannot read properties of undefined (reading 'send')
TypeError: Cannot read properties of undefined (reading 'send')
    at /home/runner/xd/Events/⚡ Cliente/presencia.js:105:61
[03:57:15 [31merror[39m]: uncaughtException: Cannot read properties of undefined (reading 'send')
TypeError: Cannot read properties of undefined (reading 'send')
    at /home/runner/xd/Events/⚡ Cliente/presencia.js:105:61
[04:02:05 [32minfo[39m]: Iniciando y Conectando a la DB
[04:02:05 [32minfo[39m]: Bot Iniciado con Exito Dia de Registro Thu Oct 12 2023 04:02:05
[04:02:07 [31merror[39m]: uncaughtException: Cannot read properties of undefined (reading 'send')
TypeError: Cannot read properties of undefined (reading 'send')
    at /home/runner/xd/Events/⚡ Cliente/presencia.js:105:61
[04:02:07 [31merror[39m]: uncaughtException: Cannot read properties of undefined (reading 'send')
TypeError: Cannot read properties of undefined (reading 'send')
    at /home/runner/xd/Events/⚡ Cliente/presencia.js:105:61
[04:02:24 [32minfo[39m]: Iniciando y Conectando a la DB
[04:02:24 [32minfo[39m]: Bot Iniciado con Exito Dia de Registro Thu Oct 12 2023 04:02:24
[04:02:27 [31merror[39m]: uncaughtException: Cannot read properties of undefined (reading 'send')
TypeError: Cannot read properties of undefined (reading 'send')
    at /home/runner/xd/Events/⚡ Cliente/presencia.js:105:61
[04:02:27 [31merror[39m]: uncaughtException: Cannot read properties of undefined (reading 'send')
TypeError: Cannot read properties of undefined (reading 'send')
    at /home/runner/xd/Events/⚡ Cliente/presencia.js:105:61
[04:13:05 [32minfo[39m]: Iniciando y Conectando a la DB
[04:13:05 [32minfo[39m]: Bot Iniciado con Exito Dia de Registro Thu Oct 12 2023 04:13:05
[04:13:07 [31merror[39m]: uncaughtException: Cannot read properties of undefined (reading 'send')
TypeError: Cannot read properties of undefined (reading 'send')
    at /home/runner/xd/Events/⚡ Cliente/presencia.js:105:61
[04:13:07 [31merror[39m]: uncaughtException: Cannot read properties of undefined (reading 'send')
TypeError: Cannot read properties of undefined (reading 'send')
    at /home/runner/xd/Events/⚡ Cliente/presencia.js:105:61
[04:18:40 [32minfo[39m]: Iniciando y Conectando a la DB
[04:18:40 [32minfo[39m]: Bot Iniciado con Exito Dia de Registro Thu Oct 12 2023 04:18:40
[04:18:43 [31merror[39m]: uncaughtException: Cannot read properties of undefined (reading 'send')
TypeError: Cannot read properties of undefined (reading 'send')
    at /home/runner/xd/Events/⚡ Cliente/presencia.js:105:61
[04:18:43 [31merror[39m]: uncaughtException: Cannot read properties of undefined (reading 'send')
TypeError: Cannot read properties of undefined (reading 'send')
    at /home/runner/xd/Events/⚡ Cliente/presencia.js:105:61
[04:23:46 [32minfo[39m]: Iniciando y Conectando a la DB
[04:23:46 [32minfo[39m]: Bot Iniciado con Exito Dia de Registro Thu Oct 12 2023 04:23:46
[04:23:48 [31merror[39m]: uncaughtException: Cannot read properties of undefined (reading 'send')
TypeError: Cannot read properties of undefined (reading 'send')
    at /home/runner/xd/Events/⚡ Cliente/presencia.js:105:61
[04:23:48 [31merror[39m]: uncaughtException: Cannot read properties of undefined (reading 'send')
TypeError: Cannot read properties of undefined (reading 'send')
    at /home/runner/xd/Events/⚡ Cliente/presencia.js:105:61
[04:39:21 [32minfo[39m]: Iniciando y Conectando a la DB
[04:39:21 [32minfo[39m]: Bot Iniciado con Exito Dia de Registro Thu Oct 12 2023 04:39:21
[04:39:23 [31merror[39m]: uncaughtException: Cannot read properties of undefined (reading 'send')
TypeError: Cannot read properties of undefined (reading 'send')
    at /home/runner/xd/Events/⚡ Cliente/presencia.js:105:61
[04:39:23 [31merror[39m]: uncaughtException: Cannot read properties of undefined (reading 'send')
TypeError: Cannot read properties of undefined (reading 'send')
    at /home/runner/xd/Events/⚡ Cliente/presencia.js:105:61
[04:39:42 [32minfo[39m]: Iniciando y Conectando a la DB
[04:39:42 [32minfo[39m]: Bot Iniciado con Exito Dia de Registro Thu Oct 12 2023 04:39:42
[04:39:44 [31merror[39m]: uncaughtException: Cannot read properties of undefined (reading 'send')
TypeError: Cannot read properties of undefined (reading 'send')
    at /home/runner/xd/Events/⚡ Cliente/presencia.js:105:61
[04:39:44 [31merror[39m]: uncaughtException: Cannot read properties of undefined (reading 'send')
TypeError: Cannot read properties of undefined (reading 'send')
    at /home/runner/xd/Events/⚡ Cliente/presencia.js:105:61
[04:45:03 [32minfo[39m]: Iniciando y Conectando a la DB
[04:45:03 [32minfo[39m]: Bot Iniciado con Exito Dia de Registro Thu Oct 12 2023 04:45:03
[04:45:04 [31merror[39m]: uncaughtException: Cannot read properties of undefined (reading 'send')
TypeError: Cannot read properties of undefined (reading 'send')
    at /home/runner/xd/Events/⚡ Cliente/presencia.js:105:61
[04:45:04 [31merror[39m]: uncaughtException: Cannot read properties of undefined (reading 'send')
TypeError: Cannot read properties of undefined (reading 'send')
    at /home/runner/xd/Events/⚡ Cliente/presencia.js:105:61
[04:50:03 [32minfo[39m]: Iniciando y Conectando a la DB
[04:50:03 [32minfo[39m]: Bot Iniciado con Exito Dia de Registro Thu Oct 12 2023 04:50:03
[04:50:05 [31merror[39m]: uncaughtException: Cannot read properties of undefined (reading 'send')
TypeError: Cannot read properties of undefined (reading 'send')
    at /home/runner/xd/Events/⚡ Cliente/presencia.js:105:61
[04:50:05 [31merror[39m]: uncaughtException: Cannot read properties of undefined (reading 'send')
TypeError: Cannot read properties of undefined (reading 'send')
    at /home/runner/xd/Events/⚡ Cliente/presencia.js:105:61
[04:55:22 [32minfo[39m]: Iniciando y Conectando a la DB
[04:55:22 [32minfo[39m]: Bot Iniciado con Exito Dia de Registro Thu Oct 12 2023 04:55:22
[04:55:23 [31merror[39m]: uncaughtException: Cannot read properties of undefined (reading 'send')
TypeError: Cannot read properties of undefined (reading 'send')
    at /home/runner/xd/Events/⚡ Cliente/presencia.js:105:61
[04:55:23 [31merror[39m]: uncaughtException: Cannot read properties of undefined (reading 'send')
TypeError: Cannot read properties of undefined (reading 'send')
    at /home/runner/xd/Events/⚡ Cliente/presencia.js:105:61
[05:00:56 [32minfo[39m]: Iniciando y Conectando a la DB
[05:00:56 [32minfo[39m]: Bot Iniciado con Exito Dia de Registro Thu Oct 12 2023 05:00:56
[05:01:00 [31merror[39m]: uncaughtException: Cannot read properties of undefined (reading 'send')
TypeError: Cannot read properties of undefined (reading 'send')
    at /home/runner/xd/Events/⚡ Cliente/presencia.js:105:61
[05:01:00 [31merror[39m]: uncaughtException: Cannot read properties of undefined (reading 'send')
TypeError: Cannot read properties of undefined (reading 'send')
    at /home/runner/xd/Events/⚡ Cliente/presencia.js:105:61
[05:17:00 [32minfo[39m]: Iniciando y Conectando a la DB
[05:17:00 [32minfo[39m]: Bot Iniciado con Exito Dia de Registro Thu Oct 12 2023 05:17:00
[05:17:03 [31merror[39m]: uncaughtException: Cannot read properties of undefined (reading 'send')
TypeError: Cannot read properties of undefined (reading 'send')
    at /home/runner/xd/Events/⚡ Cliente/presencia.js:105:61
[05:17:03 [31merror[39m]: uncaughtException: Cannot read properties of undefined (reading 'send')
TypeError: Cannot read properties of undefined (reading 'send')
    at /home/runner/xd/Events/⚡ Cliente/presencia.js:105:61
[05:22:11 [32minfo[39m]: Iniciando y Conectando a la DB
[05:22:11 [32minfo[39m]: Bot Iniciado con Exito Dia de Registro Thu Oct 12 2023 05:22:11
[05:22:13 [31merror[39m]: uncaughtException: Cannot read properties of undefined (reading 'send')
TypeError: Cannot read properties of undefined (reading 'send')
    at /home/runner/xd/Events/⚡ Cliente/presencia.js:105:61
[05:22:13 [31merror[39m]: uncaughtException: Cannot read properties of undefined (reading 'send')
TypeError: Cannot read properties of undefined (reading 'send')
    at /home/runner/xd/Events/⚡ Cliente/presencia.js:105:61
[07:46:38 [32minfo[39m]: Iniciando y Conectando a la DB
[07:46:38 [32minfo[39m]: Bot Iniciado con Exito Dia de Registro Thu Oct 12 2023 07:46:38
[07:46:39 [31merror[39m]: uncaughtException: Cannot read properties of undefined (reading 'send')
TypeError: Cannot read properties of undefined (reading 'send')
    at /home/runner/xd/Events/⚡ Cliente/presencia.js:105:61
[07:46:39 [31merror[39m]: uncaughtException: Cannot read properties of undefined (reading 'send')
TypeError: Cannot read properties of undefined (reading 'send')
    at /home/runner/xd/Events/⚡ Cliente/presencia.js:105:61
[07:51:23 [32minfo[39m]: Iniciando y Conectando a la DB
[07:51:23 [32minfo[39m]: Bot Iniciado con Exito Dia de Registro Thu Oct 12 2023 07:51:23
[07:51:24 [31merror[39m]: uncaughtException: Cannot read properties of undefined (reading 'send')
TypeError: Cannot read properties of undefined (reading 'send')
    at /home/runner/xd/Events/⚡ Cliente/presencia.js:105:61
[07:51:24 [31merror[39m]: uncaughtException: Cannot read properties of undefined (reading 'send')
TypeError: Cannot read properties of undefined (reading 'send')
    at /home/runner/xd/Events/⚡ Cliente/presencia.js:105:61
[07:51:44 [32minfo[39m]: Iniciando y Conectando a la DB
[07:51:44 [32minfo[39m]: Bot Iniciado con Exito Dia de Registro Thu Oct 12 2023 07:51:44
[07:51:45 [31merror[39m]: uncaughtException: Cannot read properties of undefined (reading 'send')
TypeError: Cannot read properties of undefined (reading 'send')
    at /home/runner/xd/Events/⚡ Cliente/presencia.js:105:61
[07:51:45 [31merror[39m]: uncaughtException: Cannot read properties of undefined (reading 'send')
TypeError: Cannot read properties of undefined (reading 'send')
    at /home/runner/xd/Events/⚡ Cliente/presencia.js:105:61
[07:56:45 [32minfo[39m]: Iniciando y Conectando a la DB
[07:56:45 [32minfo[39m]: Bot Iniciado con Exito Dia de Registro Thu Oct 12 2023 07:56:45
[07:56:46 [31merror[39m]: uncaughtException: Cannot read properties of undefined (reading 'send')
TypeError: Cannot read properties of undefined (reading 'send')
    at /home/runner/xd/Events/⚡ Cliente/presencia.js:105:61
[07:56:46 [31merror[39m]: uncaughtException: Cannot read properties of undefined (reading 'send')
TypeError: Cannot read properties of undefined (reading 'send')
    at /home/runner/xd/Events/⚡ Cliente/presencia.js:105:61
[07:57:06 [32minfo[39m]: Iniciando y Conectando a la DB
[07:57:06 [32minfo[39m]: Bot Iniciado con Exito Dia de Registro Thu Oct 12 2023 07:57:06
[07:57:08 [31merror[39m]: uncaughtException: Cannot read properties of undefined (reading 'send')
TypeError: Cannot read properties of undefined (reading 'send')
    at /home/runner/xd/Events/⚡ Cliente/presencia.js:105:61
[07:57:08 [31merror[39m]: uncaughtException: Cannot read properties of undefined (reading 'send')
TypeError: Cannot read properties of undefined (reading 'send')
    at /home/runner/xd/Events/⚡ Cliente/presencia.js:105:61
[08:02:05 [32minfo[39m]: Iniciando y Conectando a la DB
[08:02:05 [32minfo[39m]: Bot Iniciado con Exito Dia de Registro Thu Oct 12 2023 08:02:05
[08:02:06 [31merror[39m]: uncaughtException: Cannot read properties of undefined (reading 'send')
TypeError: Cannot read properties of undefined (reading 'send')
    at /home/runner/xd/Events/⚡ Cliente/presencia.js:105:61
[08:02:06 [31merror[39m]: uncaughtException: Cannot read properties of undefined (reading 'send')
TypeError: Cannot read properties of undefined (reading 'send')
    at /home/runner/xd/Events/⚡ Cliente/presencia.js:105:61
[08:07:26 [32minfo[39m]: Iniciando y Conectando a la DB
[08:07:26 [32minfo[39m]: Bot Iniciado con Exito Dia de Registro Thu Oct 12 2023 08:07:26
[08:07:27 [31merror[39m]: uncaughtException: Cannot read properties of undefined (reading 'send')
TypeError: Cannot read properties of undefined (reading 'send')
    at /home/runner/xd/Events/⚡ Cliente/presencia.js:105:61
[08:07:27 [31merror[39m]: uncaughtException: Cannot read properties of undefined (reading 'send')
TypeError: Cannot read properties of undefined (reading 'send')
    at /home/runner/xd/Events/⚡ Cliente/presencia.js:105:61
[08:13:09 [32minfo[39m]: Iniciando y Conectando a la DB
[08:13:09 [32minfo[39m]: Bot Iniciado con Exito Dia de Registro Thu Oct 12 2023 08:13:09
[08:13:10 [31merror[39m]: uncaughtException: Cannot read properties of undefined (reading 'send')
TypeError: Cannot read properties of undefined (reading 'send')
    at /home/runner/xd/Events/⚡ Cliente/presencia.js:105:61
[08:13:10 [31merror[39m]: uncaughtException: Cannot read properties of undefined (reading 'send')
TypeError: Cannot read properties of undefined (reading 'send')
    at /home/runner/xd/Events/⚡ Cliente/presencia.js:105:61
[08:18:06 [32minfo[39m]: Iniciando y Conectando a la DB
[08:18:06 [32minfo[39m]: Bot Iniciado con Exito Dia de Registro Thu Oct 12 2023 08:18:06
[08:18:08 [31merror[39m]: uncaughtException: Cannot read properties of undefined (reading 'send')
TypeError: Cannot read properties of undefined (reading 'send')
    at /home/runner/xd/Events/⚡ Cliente/presencia.js:105:61
[08:18:08 [31merror[39m]: uncaughtException: Cannot read properties of undefined (reading 'send')
TypeError: Cannot read properties of undefined (reading 'send')
    at /home/runner/xd/Events/⚡ Cliente/presencia.js:105:61
[08:18:27 [32minfo[39m]: Iniciando y Conectando a la DB
[08:18:27 [32minfo[39m]: Bot Iniciado con Exito Dia de Registro Thu Oct 12 2023 08:18:27
[08:18:28 [31merror[39m]: uncaughtException: Cannot read properties of undefined (reading 'send')
TypeError: Cannot read properties of undefined (reading 'send')
    at /home/runner/xd/Events/⚡ Cliente/presencia.js:105:61
[08:18:28 [31merror[39m]: uncaughtException: Cannot read properties of undefined (reading 'send')
TypeError: Cannot read properties of undefined (reading 'send')
    at /home/runner/xd/Events/⚡ Cliente/presencia.js:105:61
[08:23:28 [32minfo[39m]: Iniciando y Conectando a la DB
[08:23:28 [32minfo[39m]: Bot Iniciado con Exito Dia de Registro Thu Oct 12 2023 08:23:28
[08:23:29 [31merror[39m]: uncaughtException: Cannot read properties of undefined (reading 'send')
TypeError: Cannot read properties of undefined (reading 'send')
    at /home/runner/xd/Events/⚡ Cliente/presencia.js:105:61
[08:23:29 [31merror[39m]: uncaughtException: Cannot read properties of undefined (reading 'send')
TypeError: Cannot read properties of undefined (reading 'send')
    at /home/runner/xd/Events/⚡ Cliente/presencia.js:105:61
[08:23:49 [32minfo[39m]: Iniciando y Conectando a la DB
[08:23:49 [32minfo[39m]: Bot Iniciado con Exito Dia de Registro Thu Oct 12 2023 08:23:49
[08:23:50 [31merror[39m]: uncaughtException: Cannot read properties of undefined (reading 'send')
TypeError: Cannot read properties of undefined (reading 'send')
    at /home/runner/xd/Events/⚡ Cliente/presencia.js:105:61
[08:23:50 [31merror[39m]: uncaughtException: Cannot read properties of undefined (reading 'send')
TypeError: Cannot read properties of undefined (reading 'send')
    at /home/runner/xd/Events/⚡ Cliente/presencia.js:105:61
[08:34:09 [32minfo[39m]: Iniciando y Conectando a la DB
[08:34:09 [32minfo[39m]: Bot Iniciado con Exito Dia de Registro Thu Oct 12 2023 08:34:09
[08:34:10 [31merror[39m]: uncaughtException: Cannot read properties of undefined (reading 'send')
TypeError: Cannot read properties of undefined (reading 'send')
    at /home/runner/xd/Events/⚡ Cliente/presencia.js:105:61
[08:34:10 [31merror[39m]: uncaughtException: Cannot read properties of undefined (reading 'send')
TypeError: Cannot read properties of undefined (reading 'send')
    at /home/runner/xd/Events/⚡ Cliente/presencia.js:105:61
[08:34:29 [32minfo[39m]: Iniciando y Conectando a la DB
[08:34:29 [32minfo[39m]: Bot Iniciado con Exito Dia de Registro Thu Oct 12 2023 08:34:29
[08:34:31 [31merror[39m]: uncaughtException: Cannot read properties of undefined (reading 'send')
TypeError: Cannot read properties of undefined (reading 'send')
    at /home/runner/xd/Events/⚡ Cliente/presencia.js:105:61
[08:34:31 [31merror[39m]: uncaughtException: Cannot read properties of undefined (reading 'send')
TypeError: Cannot read properties of undefined (reading 'send')
    at /home/runner/xd/Events/⚡ Cliente/presencia.js:105:61
[08:39:29 [32minfo[39m]: Iniciando y Conectando a la DB
[08:39:29 [32minfo[39m]: Bot Iniciado con Exito Dia de Registro Thu Oct 12 2023 08:39:29
[08:39:30 [31merror[39m]: uncaughtException: Cannot read properties of undefined (reading 'send')
TypeError: Cannot read properties of undefined (reading 'send')
    at /home/runner/xd/Events/⚡ Cliente/presencia.js:105:61
[08:39:30 [31merror[39m]: uncaughtException: Cannot read properties of undefined (reading 'send')
TypeError: Cannot read properties of undefined (reading 'send')
    at /home/runner/xd/Events/⚡ Cliente/presencia.js:105:61
[08:39:49 [32minfo[39m]: Iniciando y Conectando a la DB
[08:39:49 [32minfo[39m]: Bot Iniciado con Exito Dia de Registro Thu Oct 12 2023 08:39:49
[08:39:50 [31merror[39m]: uncaughtException: Cannot read properties of undefined (reading 'send')
TypeError: Cannot read properties of undefined (reading 'send')
    at /home/runner/xd/Events/⚡ Cliente/presencia.js:105:61
[08:39:50 [31merror[39m]: uncaughtException: Cannot read properties of undefined (reading 'send')
TypeError: Cannot read properties of undefined (reading 'send')
    at /home/runner/xd/Events/⚡ Cliente/presencia.js:105:61
[08:44:49 [32minfo[39m]: Iniciando y Conectando a la DB
[08:44:49 [32minfo[39m]: Bot Iniciado con Exito Dia de Registro Thu Oct 12 2023 08:44:49
[08:44:50 [31merror[39m]: uncaughtException: Cannot read properties of undefined (reading 'send')
TypeError: Cannot read properties of undefined (reading 'send')
    at /home/runner/xd/Events/⚡ Cliente/presencia.js:105:61
[08:44:50 [31merror[39m]: uncaughtException: Cannot read properties of undefined (reading 'send')
TypeError: Cannot read properties of undefined (reading 'send')
    at /home/runner/xd/Events/⚡ Cliente/presencia.js:105:61
[08:45:11 [32minfo[39m]: Iniciando y Conectando a la DB
[08:45:11 [32minfo[39m]: Bot Iniciado con Exito Dia de Registro Thu Oct 12 2023 08:45:11
[08:45:12 [31merror[39m]: uncaughtException: Cannot read properties of undefined (reading 'send')
TypeError: Cannot read properties of undefined (reading 'send')
    at /home/runner/xd/Events/⚡ Cliente/presencia.js:105:61
[08:45:12 [31merror[39m]: uncaughtException: Cannot read properties of undefined (reading 'send')
TypeError: Cannot read properties of undefined (reading 'send')
    at /home/runner/xd/Events/⚡ Cliente/presencia.js:105:61
[11:36:07 [32minfo[39m]: Iniciando y Conectando a la DB
[11:36:07 [32minfo[39m]: Bot Iniciado con Exito Dia de Registro Thu Oct 12 2023 11:36:07
[11:36:09 [31merror[39m]: uncaughtException: Cannot read properties of undefined (reading 'send')
TypeError: Cannot read properties of undefined (reading 'send')
    at /home/runner/xd/Events/⚡ Cliente/presencia.js:105:61
[11:36:09 [31merror[39m]: uncaughtException: Cannot read properties of undefined (reading 'send')
TypeError: Cannot read properties of undefined (reading 'send')
    at /home/runner/xd/Events/⚡ Cliente/presencia.js:105:61
[11:40:51 [32minfo[39m]: Iniciando y Conectando a la DB
[11:40:51 [32minfo[39m]: Bot Iniciado con Exito Dia de Registro Thu Oct 12 2023 11:40:51
[11:40:53 [31merror[39m]: uncaughtException: Cannot read properties of undefined (reading 'send')
TypeError: Cannot read properties of undefined (reading 'send')
    at /home/runner/xd/Events/⚡ Cliente/presencia.js:105:61
[11:40:53 [31merror[39m]: uncaughtException: Cannot read properties of undefined (reading 'send')
TypeError: Cannot read properties of undefined (reading 'send')
    at /home/runner/xd/Events/⚡ Cliente/presencia.js:105:61
[11:41:13 [32minfo[39m]: Iniciando y Conectando a la DB
[11:41:13 [32minfo[39m]: Bot Iniciado con Exito Dia de Registro Thu Oct 12 2023 11:41:13
[11:41:14 [31merror[39m]: uncaughtException: Cannot read properties of undefined (reading 'send')
TypeError: Cannot read properties of undefined (reading 'send')
    at /home/runner/xd/Events/⚡ Cliente/presencia.js:105:61
[11:41:14 [31merror[39m]: uncaughtException: Cannot read properties of undefined (reading 'send')
TypeError: Cannot read properties of undefined (reading 'send')
    at /home/runner/xd/Events/⚡ Cliente/presencia.js:105:61
[11:46:11 [32minfo[39m]: Iniciando y Conectando a la DB
[11:46:11 [32minfo[39m]: Bot Iniciado con Exito Dia de Registro Thu Oct 12 2023 11:46:11
[11:46:12 [31merror[39m]: uncaughtException: Cannot read properties of undefined (reading 'send')
TypeError: Cannot read properties of undefined (reading 'send')
    at /home/runner/xd/Events/⚡ Cliente/presencia.js:105:61
[11:46:12 [31merror[39m]: uncaughtException: Cannot read properties of undefined (reading 'send')
TypeError: Cannot read properties of undefined (reading 'send')
    at /home/runner/xd/Events/⚡ Cliente/presencia.js:105:61
[11:46:31 [32minfo[39m]: Iniciando y Conectando a la DB
[11:46:31 [32minfo[39m]: Bot Iniciado con Exito Dia de Registro Thu Oct 12 2023 11:46:31
[11:46:33 [31merror[39m]: uncaughtException: Cannot read properties of undefined (reading 'send')
TypeError: Cannot read properties of undefined (reading 'send')
    at /home/runner/xd/Events/⚡ Cliente/presencia.js:105:61
[11:46:33 [31merror[39m]: uncaughtException: Cannot read properties of undefined (reading 'send')
TypeError: Cannot read properties of undefined (reading 'send')
    at /home/runner/xd/Events/⚡ Cliente/presencia.js:105:61
[11:51:32 [32minfo[39m]: Iniciando y Conectando a la DB
[11:51:32 [32minfo[39m]: Bot Iniciado con Exito Dia de Registro Thu Oct 12 2023 11:51:32
[11:51:33 [31merror[39m]: uncaughtException: Cannot read properties of undefined (reading 'send')
TypeError: Cannot read properties of undefined (reading 'send')
    at /home/runner/xd/Events/⚡ Cliente/presencia.js:105:61
[11:51:33 [31merror[39m]: uncaughtException: Cannot read properties of undefined (reading 'send')
TypeError: Cannot read properties of undefined (reading 'send')
    at /home/runner/xd/Events/⚡ Cliente/presencia.js:105:61
[11:51:52 [32minfo[39m]: Iniciando y Conectando a la DB
[11:51:52 [32minfo[39m]: Bot Iniciado con Exito Dia de Registro Thu Oct 12 2023 11:51:52
[11:51:54 [31merror[39m]: uncaughtException: Cannot read properties of undefined (reading 'send')
TypeError: Cannot read properties of undefined (reading 'send')
    at /home/runner/xd/Events/⚡ Cliente/presencia.js:105:61
[11:51:54 [31merror[39m]: uncaughtException: Cannot read properties of undefined (reading 'send')
TypeError: Cannot read properties of undefined (reading 'send')
    at /home/runner/xd/Events/⚡ Cliente/presencia.js:105:61
[11:57:14 [32minfo[39m]: Iniciando y Conectando a la DB
[11:57:14 [32minfo[39m]: Bot Iniciado con Exito Dia de Registro Thu Oct 12 2023 11:57:14
[11:57:15 [31merror[39m]: uncaughtException: Cannot read properties of undefined (reading 'send')
TypeError: Cannot read properties of undefined (reading 'send')
    at /home/runner/xd/Events/⚡ Cliente/presencia.js:105:61
[11:57:15 [31merror[39m]: uncaughtException: Cannot read properties of undefined (reading 'send')
TypeError: Cannot read properties of undefined (reading 'send')
    at /home/runner/xd/Events/⚡ Cliente/presencia.js:105:61
[12:02:14 [32minfo[39m]: Iniciando y Conectando a la DB
[12:02:14 [32minfo[39m]: Bot Iniciado con Exito Dia de Registro Thu Oct 12 2023 12:02:14
[12:02:15 [31merror[39m]: uncaughtException: Cannot read properties of undefined (reading 'send')
TypeError: Cannot read properties of undefined (reading 'send')
    at /home/runner/xd/Events/⚡ Cliente/presencia.js:105:61
[12:02:15 [31merror[39m]: uncaughtException: Cannot read properties of undefined (reading 'send')
TypeError: Cannot read properties of undefined (reading 'send')
    at /home/runner/xd/Events/⚡ Cliente/presencia.js:105:61
[12:02:35 [32minfo[39m]: Iniciando y Conectando a la DB
[12:02:35 [32minfo[39m]: Bot Iniciado con Exito Dia de Registro Thu Oct 12 2023 12:02:35
[12:02:36 [31merror[39m]: uncaughtException: Cannot read properties of undefined (reading 'send')
TypeError: Cannot read properties of undefined (reading 'send')
    at /home/runner/xd/Events/⚡ Cliente/presencia.js:105:61
[12:02:36 [31merror[39m]: uncaughtException: Cannot read properties of undefined (reading 'send')
TypeError: Cannot read properties of undefined (reading 'send')
    at /home/runner/xd/Events/⚡ Cliente/presencia.js:105:61
[12:07:35 [32minfo[39m]: Iniciando y Conectando a la DB
[12:07:35 [32minfo[39m]: Bot Iniciado con Exito Dia de Registro Thu Oct 12 2023 12:07:35
[12:07:37 [31merror[39m]: uncaughtException: Cannot read properties of undefined (reading 'send')
TypeError: Cannot read properties of undefined (reading 'send')
    at /home/runner/xd/Events/⚡ Cliente/presencia.js:105:61
[12:07:37 [31merror[39m]: uncaughtException: Cannot read properties of undefined (reading 'send')
TypeError: Cannot read properties of undefined (reading 'send')
    at /home/runner/xd/Events/⚡ Cliente/presencia.js:105:61
[12:07:57 [32minfo[39m]: Iniciando y Conectando a la DB
[12:07:57 [32minfo[39m]: Bot Iniciado con Exito Dia de Registro Thu Oct 12 2023 12:07:57
[12:07:58 [31merror[39m]: uncaughtException: Cannot read properties of undefined (reading 'send')
TypeError: Cannot read properties of undefined (reading 'send')
    at /home/runner/xd/Events/⚡ Cliente/presencia.js:105:61
[12:07:58 [31merror[39m]: uncaughtException: Cannot read properties of undefined (reading 'send')
TypeError: Cannot read properties of undefined (reading 'send')
    at /home/runner/xd/Events/⚡ Cliente/presencia.js:105:61
[12:18:18 [32minfo[39m]: Iniciando y Conectando a la DB
[12:18:18 [32minfo[39m]: Bot Iniciado con Exito Dia de Registro Thu Oct 12 2023 12:18:18
[12:18:19 [31merror[39m]: uncaughtException: Cannot read properties of undefined (reading 'send')
TypeError: Cannot read properties of undefined (reading 'send')
    at /home/runner/xd/Events/⚡ Cliente/presencia.js:105:61
[12:18:19 [31merror[39m]: uncaughtException: Cannot read properties of undefined (reading 'send')
TypeError: Cannot read properties of undefined (reading 'send')
    at /home/runner/xd/Events/⚡ Cliente/presencia.js:105:61
[12:18:38 [32minfo[39m]: Iniciando y Conectando a la DB
[12:18:38 [32minfo[39m]: Bot Iniciado con Exito Dia de Registro Thu Oct 12 2023 12:18:38
[12:18:40 [31merror[39m]: uncaughtException: Cannot read properties of undefined (reading 'send')
TypeError: Cannot read properties of undefined (reading 'send')
    at /home/runner/xd/Events/⚡ Cliente/presencia.js:105:61
[12:18:40 [31merror[39m]: uncaughtException: Cannot read properties of undefined (reading 'send')
TypeError: Cannot read properties of undefined (reading 'send')
    at /home/runner/xd/Events/⚡ Cliente/presencia.js:105:61
[12:23:38 [32minfo[39m]: Iniciando y Conectando a la DB
[12:23:38 [32minfo[39m]: Bot Iniciado con Exito Dia de Registro Thu Oct 12 2023 12:23:38
[12:23:39 [31merror[39m]: uncaughtException: Cannot read properties of undefined (reading 'send')
TypeError: Cannot read properties of undefined (reading 'send')
    at /home/runner/xd/Events/⚡ Cliente/presencia.js:105:61
[12:23:39 [31merror[39m]: uncaughtException: Cannot read properties of undefined (reading 'send')
TypeError: Cannot read properties of undefined (reading 'send')
    at /home/runner/xd/Events/⚡ Cliente/presencia.js:105:61
[12:23:59 [32minfo[39m]: Iniciando y Conectando a la DB
[12:23:59 [32minfo[39m]: Bot Iniciado con Exito Dia de Registro Thu Oct 12 2023 12:23:59
[12:24:01 [31merror[39m]: uncaughtException: Cannot read properties of undefined (reading 'send')
TypeError: Cannot read properties of undefined (reading 'send')
    at /home/runner/xd/Events/⚡ Cliente/presencia.js:105:61
[12:24:01 [31merror[39m]: uncaughtException: Cannot read properties of undefined (reading 'send')
TypeError: Cannot read properties of undefined (reading 'send')
    at /home/runner/xd/Events/⚡ Cliente/presencia.js:105:61
[12:29:22 [32minfo[39m]: Iniciando y Conectando a la DB
[12:29:22 [32minfo[39m]: Bot Iniciado con Exito Dia de Registro Thu Oct 12 2023 12:29:22
[12:29:23 [31merror[39m]: uncaughtException: Cannot read properties of undefined (reading 'send')
TypeError: Cannot read properties of undefined (reading 'send')
    at /home/runner/xd/Events/⚡ Cliente/presencia.js:105:61
[12:29:23 [31merror[39m]: uncaughtException: Cannot read properties of undefined (reading 'send')
TypeError: Cannot read properties of undefined (reading 'send')
    at /home/runner/xd/Events/⚡ Cliente/presencia.js:105:61
[12:34:20 [32minfo[39m]: Iniciando y Conectando a la DB
[12:34:20 [32minfo[39m]: Bot Iniciado con Exito Dia de Registro Thu Oct 12 2023 12:34:20
[12:34:21 [31merror[39m]: uncaughtException: Cannot read properties of undefined (reading 'send')
TypeError: Cannot read properties of undefined (reading 'send')
    at /home/runner/xd/Events/⚡ Cliente/presencia.js:105:61
[12:34:21 [31merror[39m]: uncaughtException: Cannot read properties of undefined (reading 'send')
TypeError: Cannot read properties of undefined (reading 'send')
    at /home/runner/xd/Events/⚡ Cliente/presencia.js:105:61
[12:34:40 [32minfo[39m]: Iniciando y Conectando a la DB
[12:34:40 [32minfo[39m]: Bot Iniciado con Exito Dia de Registro Thu Oct 12 2023 12:34:40
[12:34:41 [31merror[39m]: uncaughtException: Cannot read properties of undefined (reading 'send')
TypeError: Cannot read properties of undefined (reading 'send')
    at /home/runner/xd/Events/⚡ Cliente/presencia.js:105:61
[12:34:41 [31merror[39m]: uncaughtException: Cannot read properties of undefined (reading 'send')
TypeError: Cannot read properties of undefined (reading 'send')
    at /home/runner/xd/Events/⚡ Cliente/presencia.js:105:61
[12:39:41 [32minfo[39m]: Iniciando y Conectando a la DB
[12:39:41 [32minfo[39m]: Bot Iniciado con Exito Dia de Registro Thu Oct 12 2023 12:39:41
[12:39:43 [31merror[39m]: uncaughtException: Cannot read properties of undefined (reading 'send')
TypeError: Cannot read properties of undefined (reading 'send')
    at /home/runner/xd/Events/⚡ Cliente/presencia.js:105:61
[12:39:43 [31merror[39m]: uncaughtException: Cannot read properties of undefined (reading 'send')
TypeError: Cannot read properties of undefined (reading 'send')
    at /home/runner/xd/Events/⚡ Cliente/presencia.js:105:61
[12:40:02 [32minfo[39m]: Iniciando y Conectando a la DB
[12:40:02 [32minfo[39m]: Bot Iniciado con Exito Dia de Registro Thu Oct 12 2023 12:40:02
[12:40:04 [31merror[39m]: uncaughtException: Cannot read properties of undefined (reading 'send')
TypeError: Cannot read properties of undefined (reading 'send')
    at /home/runner/xd/Events/⚡ Cliente/presencia.js:105:61
[12:40:04 [31merror[39m]: uncaughtException: Cannot read properties of undefined (reading 'send')
TypeError: Cannot read properties of undefined (reading 'send')
    at /home/runner/xd/Events/⚡ Cliente/presencia.js:105:61
[12:45:02 [32minfo[39m]: Iniciando y Conectando a la DB
[12:45:02 [32minfo[39m]: Bot Iniciado con Exito Dia de Registro Thu Oct 12 2023 12:45:02
[12:45:04 [31merror[39m]: uncaughtException: Cannot read properties of undefined (reading 'send')
TypeError: Cannot read properties of undefined (reading 'send')
    at /home/runner/xd/Events/⚡ Cliente/presencia.js:105:61
[12:45:04 [31merror[39m]: uncaughtException: Cannot read properties of undefined (reading 'send')
TypeError: Cannot read properties of undefined (reading 'send')
    at /home/runner/xd/Events/⚡ Cliente/presencia.js:105:61
[13:01:09 [32minfo[39m]: Iniciando y Conectando a la DB
[13:01:09 [32minfo[39m]: Bot Iniciado con Exito Dia de Registro Thu Oct 12 2023 13:01:09
[13:01:12 [31merror[39m]: uncaughtException: Cannot read properties of undefined (reading 'send')
TypeError: Cannot read properties of undefined (reading 'send')
    at /home/runner/xd/Events/⚡ Cliente/presencia.js:105:61
[13:01:12 [31merror[39m]: uncaughtException: Cannot read properties of undefined (reading 'send')
TypeError: Cannot read properties of undefined (reading 'send')
    at /home/runner/xd/Events/⚡ Cliente/presencia.js:105:61
[13:06:25 [32minfo[39m]: Iniciando y Conectando a la DB
[13:06:25 [32minfo[39m]: Bot Iniciado con Exito Dia de Registro Thu Oct 12 2023 13:06:25
[13:06:26 [31merror[39m]: uncaughtException: Cannot read properties of undefined (reading 'send')
TypeError: Cannot read properties of undefined (reading 'send')
    at /home/runner/xd/Events/⚡ Cliente/presencia.js:105:61
[13:06:26 [31merror[39m]: uncaughtException: Cannot read properties of undefined (reading 'send')
TypeError: Cannot read properties of undefined (reading 'send')
    at /home/runner/xd/Events/⚡ Cliente/presencia.js:105:61
[13:06:44 [32minfo[39m]: Iniciando y Conectando a la DB
[13:06:45 [32minfo[39m]: Bot Iniciado con Exito Dia de Registro Thu Oct 12 2023 13:06:45
[13:06:46 [31merror[39m]: uncaughtException: Cannot read properties of undefined (reading 'send')
TypeError: Cannot read properties of undefined (reading 'send')
    at /home/runner/xd/Events/⚡ Cliente/presencia.js:105:61
[13:06:46 [31merror[39m]: uncaughtException: Cannot read properties of undefined (reading 'send')
TypeError: Cannot read properties of undefined (reading 'send')
    at /home/runner/xd/Events/⚡ Cliente/presencia.js:105:61
[13:11:46 [32minfo[39m]: Iniciando y Conectando a la DB
[13:11:46 [32minfo[39m]: Bot Iniciado con Exito Dia de Registro Thu Oct 12 2023 13:11:46
[13:11:47 [31merror[39m]: uncaughtException: Cannot read properties of undefined (reading 'send')
TypeError: Cannot read properties of undefined (reading 'send')
    at /home/runner/xd/Events/⚡ Cliente/presencia.js:105:61
[13:11:47 [31merror[39m]: uncaughtException: Cannot read properties of undefined (reading 'send')
TypeError: Cannot read properties of undefined (reading 'send')
    at /home/runner/xd/Events/⚡ Cliente/presencia.js:105:61
[15:09:08 [32minfo[39m]: Iniciando y Conectando a la DB
[15:09:08 [32minfo[39m]: Bot Iniciado con Exito Dia de Registro Thu Oct 12 2023 15:09:08
[15:09:10 [31merror[39m]: uncaughtException: Cannot read properties of undefined (reading 'send')
TypeError: Cannot read properties of undefined (reading 'send')
    at /home/runner/xd/Events/⚡ Cliente/presencia.js:105:61
[15:09:10 [31merror[39m]: uncaughtException: Cannot read properties of undefined (reading 'send')
TypeError: Cannot read properties of undefined (reading 'send')
    at /home/runner/xd/Events/⚡ Cliente/presencia.js:105:61
[15:14:27 [32minfo[39m]: Iniciando y Conectando a la DB
[15:14:27 [32minfo[39m]: Bot Iniciado con Exito Dia de Registro Thu Oct 12 2023 15:14:27
[15:14:29 [31merror[39m]: uncaughtException: Cannot read properties of undefined (reading 'send')
TypeError: Cannot read properties of undefined (reading 'send')
    at /home/runner/xd/Events/⚡ Cliente/presencia.js:105:61
[15:14:29 [31merror[39m]: uncaughtException: Cannot read properties of undefined (reading 'send')
TypeError: Cannot read properties of undefined (reading 'send')
    at /home/runner/xd/Events/⚡ Cliente/presencia.js:105:61
[15:24:46 [32minfo[39m]: Iniciando y Conectando a la DB
[15:24:46 [32minfo[39m]: Bot Iniciado con Exito Dia de Registro Thu Oct 12 2023 15:24:46
[15:24:47 [31merror[39m]: uncaughtException: Cannot read properties of undefined (reading 'send')
TypeError: Cannot read properties of undefined (reading 'send')
    at /home/runner/xd/Events/⚡ Cliente/presencia.js:105:61
[15:24:47 [31merror[39m]: uncaughtException: Cannot read properties of undefined (reading 'send')
TypeError: Cannot read properties of undefined (reading 'send')
    at /home/runner/xd/Events/⚡ Cliente/presencia.js:105:61
[15:25:07 [32minfo[39m]: Iniciando y Conectando a la DB
[15:25:07 [32minfo[39m]: Bot Iniciado con Exito Dia de Registro Thu Oct 12 2023 15:25:07
[15:25:09 [31merror[39m]: uncaughtException: Cannot read properties of undefined (reading 'send')
TypeError: Cannot read properties of undefined (reading 'send')
    at /home/runner/xd/Events/⚡ Cliente/presencia.js:105:61
[15:25:09 [31merror[39m]: uncaughtException: Cannot read properties of undefined (reading 'send')
TypeError: Cannot read properties of undefined (reading 'send')
    at /home/runner/xd/Events/⚡ Cliente/presencia.js:105:61
[15:35:46 [32minfo[39m]: Iniciando y Conectando a la DB
[15:35:46 [32minfo[39m]: Bot Iniciado con Exito Dia de Registro Thu Oct 12 2023 15:35:46
[15:35:48 [31merror[39m]: uncaughtException: Cannot read properties of undefined (reading 'send')
TypeError: Cannot read properties of undefined (reading 'send')
    at /home/runner/xd/Events/⚡ Cliente/presencia.js:105:61
[15:35:48 [31merror[39m]: uncaughtException: Cannot read properties of undefined (reading 'send')
TypeError: Cannot read properties of undefined (reading 'send')
    at /home/runner/xd/Events/⚡ Cliente/presencia.js:105:61
[15:41:25 [32minfo[39m]: Iniciando y Conectando a la DB
[15:41:25 [32minfo[39m]: Bot Iniciado con Exito Dia de Registro Thu Oct 12 2023 15:41:25
[15:41:29 [31merror[39m]: uncaughtException: Cannot read properties of undefined (reading 'send')
TypeError: Cannot read properties of undefined (reading 'send')
    at /home/runner/xd/Events/⚡ Cliente/presencia.js:105:61
[15:41:29 [31merror[39m]: uncaughtException: Cannot read properties of undefined (reading 'send')
TypeError: Cannot read properties of undefined (reading 'send')
    at /home/runner/xd/Events/⚡ Cliente/presencia.js:105:61
[15:46:07 [32minfo[39m]: Iniciando y Conectando a la DB
[15:46:07 [32minfo[39m]: Bot Iniciado con Exito Dia de Registro Thu Oct 12 2023 15:46:07
[15:46:09 [31merror[39m]: uncaughtException: Cannot read properties of undefined (reading 'send')
TypeError: Cannot read properties of undefined (reading 'send')
    at /home/runner/xd/Events/⚡ Cliente/presencia.js:105:61
[15:46:09 [31merror[39m]: uncaughtException: Cannot read properties of undefined (reading 'send')
TypeError: Cannot read properties of undefined (reading 'send')
    at /home/runner/xd/Events/⚡ Cliente/presencia.js:105:61
[15:46:28 [32minfo[39m]: Iniciando y Conectando a la DB
[15:46:28 [32minfo[39m]: Bot Iniciado con Exito Dia de Registro Thu Oct 12 2023 15:46:28
[15:46:30 [31merror[39m]: uncaughtException: Cannot read properties of undefined (reading 'send')
TypeError: Cannot read properties of undefined (reading 'send')
    at /home/runner/xd/Events/⚡ Cliente/presencia.js:105:61
[15:46:30 [31merror[39m]: uncaughtException: Cannot read properties of undefined (reading 'send')
TypeError: Cannot read properties of undefined (reading 'send')
    at /home/runner/xd/Events/⚡ Cliente/presencia.js:105:61
[15:56:48 [32minfo[39m]: Iniciando y Conectando a la DB
[15:56:48 [32minfo[39m]: Bot Iniciado con Exito Dia de Registro Thu Oct 12 2023 15:56:48
[15:56:50 [31merror[39m]: uncaughtException: Cannot read properties of undefined (reading 'send')
TypeError: Cannot read properties of undefined (reading 'send')
    at /home/runner/xd/Events/⚡ Cliente/presencia.js:105:61
[15:56:50 [31merror[39m]: uncaughtException: Cannot read properties of undefined (reading 'send')
TypeError: Cannot read properties of undefined (reading 'send')
    at /home/runner/xd/Events/⚡ Cliente/presencia.js:105:61
[16:02:09 [32minfo[39m]: Iniciando y Conectando a la DB
[16:02:09 [32minfo[39m]: Bot Iniciado con Exito Dia de Registro Thu Oct 12 2023 16:02:09
[16:02:10 [31merror[39m]: uncaughtException: Cannot read properties of undefined (reading 'send')
TypeError: Cannot read properties of undefined (reading 'send')
    at /home/runner/xd/Events/⚡ Cliente/presencia.js:105:61
[16:02:10 [31merror[39m]: uncaughtException: Cannot read properties of undefined (reading 'send')
TypeError: Cannot read properties of undefined (reading 'send')
    at /home/runner/xd/Events/⚡ Cliente/presencia.js:105:61
[16:02:30 [32minfo[39m]: Iniciando y Conectando a la DB
[16:02:30 [32minfo[39m]: Bot Iniciado con Exito Dia de Registro Thu Oct 12 2023 16:02:30
[16:02:31 [31merror[39m]: uncaughtException: Cannot read properties of undefined (reading 'send')
TypeError: Cannot read properties of undefined (reading 'send')
    at /home/runner/xd/Events/⚡ Cliente/presencia.js:105:61
[16:02:31 [31merror[39m]: uncaughtException: Cannot read properties of undefined (reading 'send')
TypeError: Cannot read properties of undefined (reading 'send')
    at /home/runner/xd/Events/⚡ Cliente/presencia.js:105:61
[18:21:21 [32minfo[39m]: Iniciando y Conectando a la DB
[18:21:21 [32minfo[39m]: Bot Iniciado con Exito Dia de Registro Thu Oct 12 2023 18:21:21
[18:21:22 [31merror[39m]: uncaughtException: Cannot read properties of undefined (reading 'send')
TypeError: Cannot read properties of undefined (reading 'send')
    at /home/runner/xd/Events/⚡ Cliente/presencia.js:105:61
[18:21:22 [31merror[39m]: uncaughtException: Cannot read properties of undefined (reading 'send')
TypeError: Cannot read properties of undefined (reading 'send')
    at /home/runner/xd/Events/⚡ Cliente/presencia.js:105:61
[18:26:35 [32minfo[39m]: Iniciando y Conectando a la DB
[18:26:35 [32minfo[39m]: Bot Iniciado con Exito Dia de Registro Thu Oct 12 2023 18:26:35
[18:26:36 [31merror[39m]: uncaughtException: Cannot read properties of undefined (reading 'send')
TypeError: Cannot read properties of undefined (reading 'send')
    at /home/runner/xd/Events/⚡ Cliente/presencia.js:105:61
[18:26:36 [31merror[39m]: uncaughtException: Cannot read properties of undefined (reading 'send')
TypeError: Cannot read properties of undefined (reading 'send')
    at /home/runner/xd/Events/⚡ Cliente/presencia.js:105:61
[18:31:33 [32minfo[39m]: Iniciando y Conectando a la DB
[18:31:33 [32minfo[39m]: Bot Iniciado con Exito Dia de Registro Thu Oct 12 2023 18:31:33
[18:31:35 [31merror[39m]: uncaughtException: Cannot read properties of undefined (reading 'send')
TypeError: Cannot read properties of undefined (reading 'send')
    at /home/runner/xd/Events/⚡ Cliente/presencia.js:105:61
[18:31:35 [31merror[39m]: uncaughtException: Cannot read properties of undefined (reading 'send')
TypeError: Cannot read properties of undefined (reading 'send')
    at /home/runner/xd/Events/⚡ Cliente/presencia.js:105:61
[18:31:55 [32minfo[39m]: Iniciando y Conectando a la DB
[18:31:55 [32minfo[39m]: Bot Iniciado con Exito Dia de Registro Thu Oct 12 2023 18:31:55
[18:31:56 [31merror[39m]: uncaughtException: Cannot read properties of undefined (reading 'send')
TypeError: Cannot read properties of undefined (reading 'send')
    at /home/runner/xd/Events/⚡ Cliente/presencia.js:105:61
[18:31:56 [31merror[39m]: uncaughtException: Cannot read properties of undefined (reading 'send')
TypeError: Cannot read properties of undefined (reading 'send')
    at /home/runner/xd/Events/⚡ Cliente/presencia.js:105:61
[18:36:53 [32minfo[39m]: Iniciando y Conectando a la DB
[18:36:53 [32minfo[39m]: Bot Iniciado con Exito Dia de Registro Thu Oct 12 2023 18:36:53
[18:36:55 [31merror[39m]: uncaughtException: Cannot read properties of undefined (reading 'send')
TypeError: Cannot read properties of undefined (reading 'send')
    at /home/runner/xd/Events/⚡ Cliente/presencia.js:105:61
[18:36:55 [31merror[39m]: uncaughtException: Cannot read properties of undefined (reading 'send')
TypeError: Cannot read properties of undefined (reading 'send')
    at /home/runner/xd/Events/⚡ Cliente/presencia.js:105:61
[18:37:14 [32minfo[39m]: Iniciando y Conectando a la DB
[18:37:14 [32minfo[39m]: Bot Iniciado con Exito Dia de Registro Thu Oct 12 2023 18:37:14
[18:37:15 [31merror[39m]: uncaughtException: Cannot read properties of undefined (reading 'send')
TypeError: Cannot read properties of undefined (reading 'send')
    at /home/runner/xd/Events/⚡ Cliente/presencia.js:105:61
[18:37:15 [31merror[39m]: uncaughtException: Cannot read properties of undefined (reading 'send')
TypeError: Cannot read properties of undefined (reading 'send')
    at /home/runner/xd/Events/⚡ Cliente/presencia.js:105:61
[18:42:13 [32minfo[39m]: Iniciando y Conectando a la DB
[18:42:13 [32minfo[39m]: Bot Iniciado con Exito Dia de Registro Thu Oct 12 2023 18:42:13
[18:42:15 [31merror[39m]: uncaughtException: Cannot read properties of undefined (reading 'send')
TypeError: Cannot read properties of undefined (reading 'send')
    at /home/runner/xd/Events/⚡ Cliente/presencia.js:105:61
[18:42:15 [31merror[39m]: uncaughtException: Cannot read properties of undefined (reading 'send')
TypeError: Cannot read properties of undefined (reading 'send')
    at /home/runner/xd/Events/⚡ Cliente/presencia.js:105:61
[18:42:34 [32minfo[39m]: Iniciando y Conectando a la DB
[18:42:34 [32minfo[39m]: Bot Iniciado con Exito Dia de Registro Thu Oct 12 2023 18:42:34
[18:42:36 [31merror[39m]: uncaughtException: Cannot read properties of undefined (reading 'send')
TypeError: Cannot read properties of undefined (reading 'send')
    at /home/runner/xd/Events/⚡ Cliente/presencia.js:105:61
[18:42:36 [31merror[39m]: uncaughtException: Cannot read properties of undefined (reading 'send')
TypeError: Cannot read properties of undefined (reading 'send')
    at /home/runner/xd/Events/⚡ Cliente/presencia.js:105:61
[18:47:55 [32minfo[39m]: Iniciando y Conectando a la DB
[18:47:55 [32minfo[39m]: Bot Iniciado con Exito Dia de Registro Thu Oct 12 2023 18:47:55
[18:47:56 [31merror[39m]: uncaughtException: Cannot read properties of undefined (reading 'send')
TypeError: Cannot read properties of undefined (reading 'send')
    at /home/runner/xd/Events/⚡ Cliente/presencia.js:105:61
[18:47:56 [31merror[39m]: uncaughtException: Cannot read properties of undefined (reading 'send')
TypeError: Cannot read properties of undefined (reading 'send')
    at /home/runner/xd/Events/⚡ Cliente/presencia.js:105:61
[18:52:54 [32minfo[39m]: Iniciando y Conectando a la DB
[18:52:54 [32minfo[39m]: Bot Iniciado con Exito Dia de Registro Thu Oct 12 2023 18:52:54
[18:52:55 [31merror[39m]: uncaughtException: Cannot read properties of undefined (reading 'send')
TypeError: Cannot read properties of undefined (reading 'send')
    at /home/runner/xd/Events/⚡ Cliente/presencia.js:105:61
[18:52:55 [31merror[39m]: uncaughtException: Cannot read properties of undefined (reading 'send')
TypeError: Cannot read properties of undefined (reading 'send')
    at /home/runner/xd/Events/⚡ Cliente/presencia.js:105:61
[18:53:15 [32minfo[39m]: Iniciando y Conectando a la DB
[18:53:15 [32minfo[39m]: Bot Iniciado con Exito Dia de Registro Thu Oct 12 2023 18:53:15
[18:53:16 [31merror[39m]: uncaughtException: Cannot read properties of undefined (reading 'send')
TypeError: Cannot read properties of undefined (reading 'send')
    at /home/runner/xd/Events/⚡ Cliente/presencia.js:105:61
[18:53:16 [31merror[39m]: uncaughtException: Cannot read properties of undefined (reading 'send')
TypeError: Cannot read properties of undefined (reading 'send')
    at /home/runner/xd/Events/⚡ Cliente/presencia.js:105:61
[18:58:14 [32minfo[39m]: Iniciando y Conectando a la DB
[18:58:14 [32minfo[39m]: Bot Iniciado con Exito Dia de Registro Thu Oct 12 2023 18:58:14
[18:58:15 [31merror[39m]: uncaughtException: Cannot read properties of undefined (reading 'send')
TypeError: Cannot read properties of undefined (reading 'send')
    at /home/runner/xd/Events/⚡ Cliente/presencia.js:105:61
[18:58:15 [31merror[39m]: uncaughtException: Cannot read properties of undefined (reading 'send')
TypeError: Cannot read properties of undefined (reading 'send')
    at /home/runner/xd/Events/⚡ Cliente/presencia.js:105:61
[18:58:34 [32minfo[39m]: Iniciando y Conectando a la DB
[18:58:34 [32minfo[39m]: Bot Iniciado con Exito Dia de Registro Thu Oct 12 2023 18:58:34
[18:58:36 [31merror[39m]: uncaughtException: Cannot read properties of undefined (reading 'send')
TypeError: Cannot read properties of undefined (reading 'send')
    at /home/runner/xd/Events/⚡ Cliente/presencia.js:105:61
[18:58:36 [31merror[39m]: uncaughtException: Cannot read properties of undefined (reading 'send')
TypeError: Cannot read properties of undefined (reading 'send')
    at /home/runner/xd/Events/⚡ Cliente/presencia.js:105:61
[19:03:34 [32minfo[39m]: Iniciando y Conectando a la DB
[19:03:34 [32minfo[39m]: Bot Iniciado con Exito Dia de Registro Thu Oct 12 2023 19:03:34
[19:03:36 [31merror[39m]: uncaughtException: Cannot read properties of undefined (reading 'send')
TypeError: Cannot read properties of undefined (reading 'send')
    at /home/runner/xd/Events/⚡ Cliente/presencia.js:105:61
[19:03:36 [31merror[39m]: uncaughtException: Cannot read properties of undefined (reading 'send')
TypeError: Cannot read properties of undefined (reading 'send')
    at /home/runner/xd/Events/⚡ Cliente/presencia.js:105:61
[19:09:17 [32minfo[39m]: Iniciando y Conectando a la DB
[19:09:17 [32minfo[39m]: Bot Iniciado con Exito Dia de Registro Thu Oct 12 2023 19:09:17
[19:09:18 [31merror[39m]: uncaughtException: Cannot read properties of undefined (reading 'send')
TypeError: Cannot read properties of undefined (reading 'send')
    at /home/runner/xd/Events/⚡ Cliente/presencia.js:105:61
[19:09:18 [31merror[39m]: uncaughtException: Cannot read properties of undefined (reading 'send')
TypeError: Cannot read properties of undefined (reading 'send')
    at /home/runner/xd/Events/⚡ Cliente/presencia.js:105:61
[19:14:16 [32minfo[39m]: Iniciando y Conectando a la DB
[19:14:16 [32minfo[39m]: Bot Iniciado con Exito Dia de Registro Thu Oct 12 2023 19:14:16
[19:14:17 [31merror[39m]: uncaughtException: Cannot read properties of undefined (reading 'send')
TypeError: Cannot read properties of undefined (reading 'send')
    at /home/runner/xd/Events/⚡ Cliente/presencia.js:105:61
[19:14:17 [31merror[39m]: uncaughtException: Cannot read properties of undefined (reading 'send')
TypeError: Cannot read properties of undefined (reading 'send')
    at /home/runner/xd/Events/⚡ Cliente/presencia.js:105:61
[19:14:37 [32minfo[39m]: Iniciando y Conectando a la DB
[19:14:37 [32minfo[39m]: Bot Iniciado con Exito Dia de Registro Thu Oct 12 2023 19:14:37
[19:14:39 [31merror[39m]: uncaughtException: Cannot read properties of undefined (reading 'send')
TypeError: Cannot read properties of undefined (reading 'send')
    at /home/runner/xd/Events/⚡ Cliente/presencia.js:105:61
[19:14:39 [31merror[39m]: uncaughtException: Cannot read properties of undefined (reading 'send')
TypeError: Cannot read properties of undefined (reading 'send')
    at /home/runner/xd/Events/⚡ Cliente/presencia.js:105:61
[19:19:37 [32minfo[39m]: Iniciando y Conectando a la DB
[19:19:37 [32minfo[39m]: Bot Iniciado con Exito Dia de Registro Thu Oct 12 2023 19:19:37
[19:19:38 [31merror[39m]: uncaughtException: Cannot read properties of undefined (reading 'send')
TypeError: Cannot read properties of undefined (reading 'send')
    at /home/runner/xd/Events/⚡ Cliente/presencia.js:105:61
[19:19:38 [31merror[39m]: uncaughtException: Cannot read properties of undefined (reading 'send')
TypeError: Cannot read properties of undefined (reading 'send')
    at /home/runner/xd/Events/⚡ Cliente/presencia.js:105:61
[20:34:42 [32minfo[39m]: Iniciando y Conectando a la DB
[20:34:42 [32minfo[39m]: Bot Iniciado con Exito Dia de Registro Thu Oct 12 2023 20:34:42
[20:34:44 [31merror[39m]: uncaughtException: Cannot read properties of undefined (reading 'send')
TypeError: Cannot read properties of undefined (reading 'send')
    at /home/runner/xd/Events/⚡ Cliente/presencia.js:105:61
[20:34:44 [31merror[39m]: uncaughtException: Cannot read properties of undefined (reading 'send')
TypeError: Cannot read properties of undefined (reading 'send')
    at /home/runner/xd/Events/⚡ Cliente/presencia.js:105:61
[20:39:41 [32minfo[39m]: Iniciando y Conectando a la DB
[20:39:41 [32minfo[39m]: Bot Iniciado con Exito Dia de Registro Thu Oct 12 2023 20:39:41
[20:39:43 [31merror[39m]: uncaughtException: Cannot read properties of undefined (reading 'send')
TypeError: Cannot read properties of undefined (reading 'send')
    at /home/runner/xd/Events/⚡ Cliente/presencia.js:105:61
[20:39:43 [31merror[39m]: uncaughtException: Cannot read properties of undefined (reading 'send')
TypeError: Cannot read properties of undefined (reading 'send')
    at /home/runner/xd/Events/⚡ Cliente/presencia.js:105:61
[20:45:21 [32minfo[39m]: Iniciando y Conectando a la DB
[20:45:21 [32minfo[39m]: Bot Iniciado con Exito Dia de Registro Thu Oct 12 2023 20:45:21
[20:45:23 [31merror[39m]: uncaughtException: Cannot read properties of undefined (reading 'send')
TypeError: Cannot read properties of undefined (reading 'send')
    at /home/runner/xd/Events/⚡ Cliente/presencia.js:105:61
[20:45:23 [31merror[39m]: uncaughtException: Cannot read properties of undefined (reading 'send')
TypeError: Cannot read properties of undefined (reading 'send')
    at /home/runner/xd/Events/⚡ Cliente/presencia.js:105:61
[20:50:18 [32minfo[39m]: Iniciando y Conectando a la DB
[20:50:18 [32minfo[39m]: Bot Iniciado con Exito Dia de Registro Thu Oct 12 2023 20:50:18
[20:50:20 [31merror[39m]: uncaughtException: Cannot read properties of undefined (reading 'send')
TypeError: Cannot read properties of undefined (reading 'send')
    at /home/runner/xd/Events/⚡ Cliente/presencia.js:105:61
[20:50:20 [31merror[39m]: uncaughtException: Cannot read properties of undefined (reading 'send')
TypeError: Cannot read properties of undefined (reading 'send')
    at /home/runner/xd/Events/⚡ Cliente/presencia.js:105:61
[20:50:39 [32minfo[39m]: Iniciando y Conectando a la DB
[20:50:39 [32minfo[39m]: Bot Iniciado con Exito Dia de Registro Thu Oct 12 2023 20:50:39
[20:50:41 [31merror[39m]: uncaughtException: Cannot read properties of undefined (reading 'send')
TypeError: Cannot read properties of undefined (reading 'send')
    at /home/runner/xd/Events/⚡ Cliente/presencia.js:105:61
[20:50:41 [31merror[39m]: uncaughtException: Cannot read properties of undefined (reading 'send')
TypeError: Cannot read properties of undefined (reading 'send')
    at /home/runner/xd/Events/⚡ Cliente/presencia.js:105:61
[21:00:59 [32minfo[39m]: Iniciando y Conectando a la DB
[21:00:59 [32minfo[39m]: Bot Iniciado con Exito Dia de Registro Thu Oct 12 2023 21:00:59
[21:01:01 [31merror[39m]: uncaughtException: Cannot read properties of undefined (reading 'send')
TypeError: Cannot read properties of undefined (reading 'send')
    at /home/runner/xd/Events/⚡ Cliente/presencia.js:105:61
[21:01:01 [31merror[39m]: uncaughtException: Cannot read properties of undefined (reading 'send')
TypeError: Cannot read properties of undefined (reading 'send')
    at /home/runner/xd/Events/⚡ Cliente/presencia.js:105:61
[21:06:20 [32minfo[39m]: Iniciando y Conectando a la DB
[21:06:20 [32minfo[39m]: Bot Iniciado con Exito Dia de Registro Thu Oct 12 2023 21:06:20
[21:06:22 [31merror[39m]: uncaughtException: Cannot read properties of undefined (reading 'send')
TypeError: Cannot read properties of undefined (reading 'send')
    at /home/runner/xd/Events/⚡ Cliente/presencia.js:105:61
[21:06:22 [31merror[39m]: uncaughtException: Cannot read properties of undefined (reading 'send')
TypeError: Cannot read properties of undefined (reading 'send')
    at /home/runner/xd/Events/⚡ Cliente/presencia.js:105:61
[21:11:41 [32minfo[39m]: Iniciando y Conectando a la DB
[21:11:41 [32minfo[39m]: Bot Iniciado con Exito Dia de Registro Thu Oct 12 2023 21:11:41
[21:11:43 [31merror[39m]: uncaughtException: Cannot read properties of undefined (reading 'send')
TypeError: Cannot read properties of undefined (reading 'send')
    at /home/runner/xd/Events/⚡ Cliente/presencia.js:105:61
[21:11:43 [31merror[39m]: uncaughtException: Cannot read properties of undefined (reading 'send')
TypeError: Cannot read properties of undefined (reading 'send')
    at /home/runner/xd/Events/⚡ Cliente/presencia.js:105:61
[21:17:02 [32minfo[39m]: Iniciando y Conectando a la DB
[21:17:02 [32minfo[39m]: Bot Iniciado con Exito Dia de Registro Thu Oct 12 2023 21:17:02
[21:17:03 [31merror[39m]: uncaughtException: Cannot read properties of undefined (reading 'send')
TypeError: Cannot read properties of undefined (reading 'send')
    at /home/runner/xd/Events/⚡ Cliente/presencia.js:105:61
[21:17:03 [31merror[39m]: uncaughtException: Cannot read properties of undefined (reading 'send')
TypeError: Cannot read properties of undefined (reading 'send')
    at /home/runner/xd/Events/⚡ Cliente/presencia.js:105:61
[21:17:22 [32minfo[39m]: Iniciando y Conectando a la DB
[21:17:22 [32minfo[39m]: Bot Iniciado con Exito Dia de Registro Thu Oct 12 2023 21:17:22
[21:17:24 [31merror[39m]: uncaughtException: Cannot read properties of undefined (reading 'send')
TypeError: Cannot read properties of undefined (reading 'send')
    at /home/runner/xd/Events/⚡ Cliente/presencia.js:105:61
[21:17:24 [31merror[39m]: uncaughtException: Cannot read properties of undefined (reading 'send')
TypeError: Cannot read properties of undefined (reading 'send')
    at /home/runner/xd/Events/⚡ Cliente/presencia.js:105:61
[21:27:44 [32minfo[39m]: Iniciando y Conectando a la DB
[21:27:44 [32minfo[39m]: Bot Iniciado con Exito Dia de Registro Thu Oct 12 2023 21:27:44
[21:27:46 [31merror[39m]: uncaughtException: Cannot read properties of undefined (reading 'send')
TypeError: Cannot read properties of undefined (reading 'send')
    at /home/runner/xd/Events/⚡ Cliente/presencia.js:105:61
[21:27:46 [31merror[39m]: uncaughtException: Cannot read properties of undefined (reading 'send')
TypeError: Cannot read properties of undefined (reading 'send')
    at /home/runner/xd/Events/⚡ Cliente/presencia.js:105:61
