[06:23:40 [32minfo[39m]: Iniciando y Conectando a la DB
[06:23:40 [32minfo[39m]: Bot Iniciado con Exito Dia de Registro Fri Nov 17 2023 06:23:40
[06:23:42 [31merror[39m]: uncaughtException: Cannot read properties of undefined (reading 'send')
TypeError: Cannot read properties of undefined (reading 'send')
    at /home/runner/xd/Events/⚡ Cliente/presencia.js:105:51
[06:23:42 [31merror[39m]: uncaughtException: Cannot read properties of undefined (reading 'send')
TypeError: Cannot read properties of undefined (reading 'send')
    at /home/runner/xd/Events/⚡ Cliente/presencia.js:105:51
[10:50:08 [32minfo[39m]: Iniciando y Conectando a la DB
[10:50:08 [32minfo[39m]: Bot Iniciado con Exito Dia de Registro Fri Nov 17 2023 10:50:08
[10:50:10 [31merror[39m]: uncaughtException: Cannot read properties of undefined (reading 'send')
TypeError: Cannot read properties of undefined (reading 'send')
    at /home/runner/xd/Events/⚡ Cliente/presencia.js:105:51
[10:50:10 [31merror[39m]: uncaughtException: Cannot read properties of undefined (reading 'send')
TypeError: Cannot read properties of undefined (reading 'send')
    at /home/runner/xd/Events/⚡ Cliente/presencia.js:105:51
[16:09:48 [32minfo[39m]: Iniciando y Conectando a la DB
[16:09:48 [32minfo[39m]: Bot Iniciado con Exito Dia de Registro Fri Nov 17 2023 16:09:48
[16:09:50 [31merror[39m]: uncaughtException: Cannot read properties of undefined (reading 'send')
TypeError: Cannot read properties of undefined (reading 'send')
    at /home/runner/xd/Events/⚡ Cliente/presencia.js:105:51
[16:09:50 [31merror[39m]: uncaughtException: Cannot read properties of undefined (reading 'send')
TypeError: Cannot read properties of undefined (reading 'send')
    at /home/runner/xd/Events/⚡ Cliente/presencia.js:105:51
