[04:04:22 [32minfo[39m]: Iniciando y Conectando a la DB
[04:04:22 [32minfo[39m]: Bot Iniciado con Exito Dia de Registro Tue Sep 12 2023 04:04:22
[04:04:24 [31merror[39m]: uncaughtException: Cannot read properties of undefined (reading 'send')
TypeError: Cannot read properties of undefined (reading 'send')
    at /home/runner/xd/Events/⚡ Cliente/presencia.js:105:61
[04:04:24 [31merror[39m]: uncaughtException: Cannot read properties of undefined (reading 'send')
TypeError: Cannot read properties of undefined (reading 'send')
    at /home/runner/xd/Events/⚡ Cliente/presencia.js:105:61
[04:09:10 [32minfo[39m]: Iniciando y Conectando a la DB
[04:09:10 [32minfo[39m]: Bot Iniciado con Exito Dia de Registro Tue Sep 12 2023 04:09:10
[04:09:11 [31merror[39m]: uncaughtException: Cannot read properties of undefined (reading 'send')
TypeError: Cannot read properties of undefined (reading 'send')
    at /home/runner/xd/Events/⚡ Cliente/presencia.js:105:61
[04:09:11 [31merror[39m]: uncaughtException: Cannot read properties of undefined (reading 'send')
TypeError: Cannot read properties of undefined (reading 'send')
    at /home/runner/xd/Events/⚡ Cliente/presencia.js:105:61
[04:14:08 [32minfo[39m]: Iniciando y Conectando a la DB
[04:14:08 [32minfo[39m]: Bot Iniciado con Exito Dia de Registro Tue Sep 12 2023 04:14:08
[04:14:10 [31merror[39m]: uncaughtException: Cannot read properties of undefined (reading 'send')
TypeError: Cannot read properties of undefined (reading 'send')
    at /home/runner/xd/Events/⚡ Cliente/presencia.js:105:61
[04:14:10 [31merror[39m]: uncaughtException: Cannot read properties of undefined (reading 'send')
TypeError: Cannot read properties of undefined (reading 'send')
    at /home/runner/xd/Events/⚡ Cliente/presencia.js:105:61
[04:19:17 [32minfo[39m]: Iniciando y Conectando a la DB
[04:19:18 [32minfo[39m]: Bot Iniciado con Exito Dia de Registro Tue Sep 12 2023 04:19:18
[04:19:19 [31merror[39m]: uncaughtException: Cannot read properties of undefined (reading 'send')
TypeError: Cannot read properties of undefined (reading 'send')
    at /home/runner/xd/Events/⚡ Cliente/presencia.js:105:61
[04:19:19 [31merror[39m]: uncaughtException: Cannot read properties of undefined (reading 'send')
TypeError: Cannot read properties of undefined (reading 'send')
    at /home/runner/xd/Events/⚡ Cliente/presencia.js:105:61
[04:24:17 [32minfo[39m]: Iniciando y Conectando a la DB
[04:24:17 [32minfo[39m]: Bot Iniciado con Exito Dia de Registro Tue Sep 12 2023 04:24:17
[04:24:19 [31merror[39m]: uncaughtException: Cannot read properties of undefined (reading 'send')
TypeError: Cannot read properties of undefined (reading 'send')
    at /home/runner/xd/Events/⚡ Cliente/presencia.js:105:61
[04:24:19 [31merror[39m]: uncaughtException: Cannot read properties of undefined (reading 'send')
TypeError: Cannot read properties of undefined (reading 'send')
    at /home/runner/xd/Events/⚡ Cliente/presencia.js:105:61
[04:29:18 [32minfo[39m]: Iniciando y Conectando a la DB
[04:29:18 [32minfo[39m]: Bot Iniciado con Exito Dia de Registro Tue Sep 12 2023 04:29:18
[04:29:19 [31merror[39m]: uncaughtException: Cannot read properties of undefined (reading 'send')
TypeError: Cannot read properties of undefined (reading 'send')
    at /home/runner/xd/Events/⚡ Cliente/presencia.js:105:61
[04:29:19 [31merror[39m]: uncaughtException: Cannot read properties of undefined (reading 'send')
TypeError: Cannot read properties of undefined (reading 'send')
    at /home/runner/xd/Events/⚡ Cliente/presencia.js:105:61
[04:34:07 [32minfo[39m]: Iniciando y Conectando a la DB
[04:34:07 [32minfo[39m]: Bot Iniciado con Exito Dia de Registro Tue Sep 12 2023 04:34:07
[04:34:09 [31merror[39m]: uncaughtException: Cannot read properties of undefined (reading 'send')
TypeError: Cannot read properties of undefined (reading 'send')
    at /home/runner/xd/Events/⚡ Cliente/presencia.js:105:61
[04:34:09 [31merror[39m]: uncaughtException: Cannot read properties of undefined (reading 'send')
TypeError: Cannot read properties of undefined (reading 'send')
    at /home/runner/xd/Events/⚡ Cliente/presencia.js:105:61
[04:44:08 [32minfo[39m]: Iniciando y Conectando a la DB
[04:44:08 [32minfo[39m]: Bot Iniciado con Exito Dia de Registro Tue Sep 12 2023 04:44:08
[04:44:09 [31merror[39m]: uncaughtException: Cannot read properties of undefined (reading 'send')
TypeError: Cannot read properties of undefined (reading 'send')
    at /home/runner/xd/Events/⚡ Cliente/presencia.js:105:61
[04:44:09 [31merror[39m]: uncaughtException: Cannot read properties of undefined (reading 'send')
TypeError: Cannot read properties of undefined (reading 'send')
    at /home/runner/xd/Events/⚡ Cliente/presencia.js:105:61
[04:49:08 [32minfo[39m]: Iniciando y Conectando a la DB
[04:49:08 [32minfo[39m]: Bot Iniciado con Exito Dia de Registro Tue Sep 12 2023 04:49:08
[04:49:09 [31merror[39m]: uncaughtException: Cannot read properties of undefined (reading 'send')
TypeError: Cannot read properties of undefined (reading 'send')
    at /home/runner/xd/Events/⚡ Cliente/presencia.js:105:61
[04:49:09 [31merror[39m]: uncaughtException: Cannot read properties of undefined (reading 'send')
TypeError: Cannot read properties of undefined (reading 'send')
    at /home/runner/xd/Events/⚡ Cliente/presencia.js:105:61
[04:59:17 [32minfo[39m]: Iniciando y Conectando a la DB
[04:59:17 [32minfo[39m]: Bot Iniciado con Exito Dia de Registro Tue Sep 12 2023 04:59:17
[04:59:18 [31merror[39m]: uncaughtException: Cannot read properties of undefined (reading 'send')
TypeError: Cannot read properties of undefined (reading 'send')
    at /home/runner/xd/Events/⚡ Cliente/presencia.js:105:61
[04:59:18 [31merror[39m]: uncaughtException: Cannot read properties of undefined (reading 'send')
TypeError: Cannot read properties of undefined (reading 'send')
    at /home/runner/xd/Events/⚡ Cliente/presencia.js:105:61
[05:04:18 [32minfo[39m]: Iniciando y Conectando a la DB
[05:04:18 [32minfo[39m]: Bot Iniciado con Exito Dia de Registro Tue Sep 12 2023 05:04:18
[05:04:20 [31merror[39m]: uncaughtException: Cannot read properties of undefined (reading 'send')
TypeError: Cannot read properties of undefined (reading 'send')
    at /home/runner/xd/Events/⚡ Cliente/presencia.js:105:61
[05:04:20 [31merror[39m]: uncaughtException: Cannot read properties of undefined (reading 'send')
TypeError: Cannot read properties of undefined (reading 'send')
    at /home/runner/xd/Events/⚡ Cliente/presencia.js:105:61
[05:14:07 [32minfo[39m]: Iniciando y Conectando a la DB
[05:14:07 [32minfo[39m]: Bot Iniciado con Exito Dia de Registro Tue Sep 12 2023 05:14:07
[05:14:09 [31merror[39m]: uncaughtException: Cannot read properties of undefined (reading 'send')
TypeError: Cannot read properties of undefined (reading 'send')
    at /home/runner/xd/Events/⚡ Cliente/presencia.js:105:61
[05:14:09 [31merror[39m]: uncaughtException: Cannot read properties of undefined (reading 'send')
TypeError: Cannot read properties of undefined (reading 'send')
    at /home/runner/xd/Events/⚡ Cliente/presencia.js:105:61
[05:19:07 [32minfo[39m]: Iniciando y Conectando a la DB
[05:19:07 [32minfo[39m]: Bot Iniciado con Exito Dia de Registro Tue Sep 12 2023 05:19:07
[05:19:09 [31merror[39m]: uncaughtException: Cannot read properties of undefined (reading 'send')
TypeError: Cannot read properties of undefined (reading 'send')
    at /home/runner/xd/Events/⚡ Cliente/presencia.js:105:61
[05:19:09 [31merror[39m]: uncaughtException: Cannot read properties of undefined (reading 'send')
TypeError: Cannot read properties of undefined (reading 'send')
    at /home/runner/xd/Events/⚡ Cliente/presencia.js:105:61
[05:24:18 [32minfo[39m]: Iniciando y Conectando a la DB
[05:24:18 [32minfo[39m]: Bot Iniciado con Exito Dia de Registro Tue Sep 12 2023 05:24:18
[05:24:19 [31merror[39m]: uncaughtException: Cannot read properties of undefined (reading 'send')
TypeError: Cannot read properties of undefined (reading 'send')
    at /home/runner/xd/Events/⚡ Cliente/presencia.js:105:61
[05:24:19 [31merror[39m]: uncaughtException: Cannot read properties of undefined (reading 'send')
TypeError: Cannot read properties of undefined (reading 'send')
    at /home/runner/xd/Events/⚡ Cliente/presencia.js:105:61
[05:29:18 [32minfo[39m]: Iniciando y Conectando a la DB
[05:29:18 [32minfo[39m]: Bot Iniciado con Exito Dia de Registro Tue Sep 12 2023 05:29:18
[05:29:20 [31merror[39m]: uncaughtException: Cannot read properties of undefined (reading 'send')
TypeError: Cannot read properties of undefined (reading 'send')
    at /home/runner/xd/Events/⚡ Cliente/presencia.js:105:61
[05:29:20 [31merror[39m]: uncaughtException: Cannot read properties of undefined (reading 'send')
TypeError: Cannot read properties of undefined (reading 'send')
    at /home/runner/xd/Events/⚡ Cliente/presencia.js:105:61
[05:34:17 [32minfo[39m]: Iniciando y Conectando a la DB
[05:34:17 [32minfo[39m]: Bot Iniciado con Exito Dia de Registro Tue Sep 12 2023 05:34:17
[05:34:19 [31merror[39m]: uncaughtException: Cannot read properties of undefined (reading 'send')
TypeError: Cannot read properties of undefined (reading 'send')
    at /home/runner/xd/Events/⚡ Cliente/presencia.js:105:61
[05:34:19 [31merror[39m]: uncaughtException: Cannot read properties of undefined (reading 'send')
TypeError: Cannot read properties of undefined (reading 'send')
    at /home/runner/xd/Events/⚡ Cliente/presencia.js:105:61
[05:39:08 [32minfo[39m]: Iniciando y Conectando a la DB
[05:39:08 [32minfo[39m]: Bot Iniciado con Exito Dia de Registro Tue Sep 12 2023 05:39:08
[05:39:09 [31merror[39m]: uncaughtException: Cannot read properties of undefined (reading 'send')
TypeError: Cannot read properties of undefined (reading 'send')
    at /home/runner/xd/Events/⚡ Cliente/presencia.js:105:61
[05:39:09 [31merror[39m]: uncaughtException: Cannot read properties of undefined (reading 'send')
TypeError: Cannot read properties of undefined (reading 'send')
    at /home/runner/xd/Events/⚡ Cliente/presencia.js:105:61
[05:44:07 [32minfo[39m]: Iniciando y Conectando a la DB
[05:44:07 [32minfo[39m]: Bot Iniciado con Exito Dia de Registro Tue Sep 12 2023 05:44:07
[05:44:09 [31merror[39m]: uncaughtException: Cannot read properties of undefined (reading 'send')
TypeError: Cannot read properties of undefined (reading 'send')
    at /home/runner/xd/Events/⚡ Cliente/presencia.js:105:61
[05:44:09 [31merror[39m]: uncaughtException: Cannot read properties of undefined (reading 'send')
TypeError: Cannot read properties of undefined (reading 'send')
    at /home/runner/xd/Events/⚡ Cliente/presencia.js:105:61
[05:49:18 [32minfo[39m]: Iniciando y Conectando a la DB
[05:49:18 [32minfo[39m]: Bot Iniciado con Exito Dia de Registro Tue Sep 12 2023 05:49:18
[05:49:19 [31merror[39m]: uncaughtException: Cannot read properties of undefined (reading 'send')
TypeError: Cannot read properties of undefined (reading 'send')
    at /home/runner/xd/Events/⚡ Cliente/presencia.js:105:61
[05:49:19 [31merror[39m]: uncaughtException: Cannot read properties of undefined (reading 'send')
TypeError: Cannot read properties of undefined (reading 'send')
    at /home/runner/xd/Events/⚡ Cliente/presencia.js:105:61
[05:54:08 [32minfo[39m]: Iniciando y Conectando a la DB
[05:54:08 [32minfo[39m]: Bot Iniciado con Exito Dia de Registro Tue Sep 12 2023 05:54:08
[05:54:09 [31merror[39m]: uncaughtException: Cannot read properties of undefined (reading 'send')
TypeError: Cannot read properties of undefined (reading 'send')
    at /home/runner/xd/Events/⚡ Cliente/presencia.js:105:61
[05:54:09 [31merror[39m]: uncaughtException: Cannot read properties of undefined (reading 'send')
TypeError: Cannot read properties of undefined (reading 'send')
    at /home/runner/xd/Events/⚡ Cliente/presencia.js:105:61
[05:59:18 [32minfo[39m]: Iniciando y Conectando a la DB
[05:59:18 [32minfo[39m]: Bot Iniciado con Exito Dia de Registro Tue Sep 12 2023 05:59:18
[05:59:19 [31merror[39m]: uncaughtException: Cannot read properties of undefined (reading 'send')
TypeError: Cannot read properties of undefined (reading 'send')
    at /home/runner/xd/Events/⚡ Cliente/presencia.js:105:61
[05:59:19 [31merror[39m]: uncaughtException: Cannot read properties of undefined (reading 'send')
TypeError: Cannot read properties of undefined (reading 'send')
    at /home/runner/xd/Events/⚡ Cliente/presencia.js:105:61
[06:04:19 [32minfo[39m]: Iniciando y Conectando a la DB
[06:04:19 [32minfo[39m]: Bot Iniciado con Exito Dia de Registro Tue Sep 12 2023 06:04:19
[06:04:20 [31merror[39m]: uncaughtException: Cannot read properties of undefined (reading 'send')
TypeError: Cannot read properties of undefined (reading 'send')
    at /home/runner/xd/Events/⚡ Cliente/presencia.js:105:61
[06:04:20 [31merror[39m]: uncaughtException: Cannot read properties of undefined (reading 'send')
TypeError: Cannot read properties of undefined (reading 'send')
    at /home/runner/xd/Events/⚡ Cliente/presencia.js:105:61
[06:25:35 [32minfo[39m]: Iniciando y Conectando a la DB
[06:25:35 [32minfo[39m]: Bot Iniciado con Exito Dia de Registro Tue Sep 12 2023 06:25:35
[06:25:36 [31merror[39m]: uncaughtException: Cannot read properties of undefined (reading 'send')
TypeError: Cannot read properties of undefined (reading 'send')
    at /home/runner/xd/Events/⚡ Cliente/presencia.js:105:61
[06:25:36 [31merror[39m]: uncaughtException: Cannot read properties of undefined (reading 'send')
TypeError: Cannot read properties of undefined (reading 'send')
    at /home/runner/xd/Events/⚡ Cliente/presencia.js:105:61
[06:30:40 [32minfo[39m]: Iniciando y Conectando a la DB
[06:30:40 [32minfo[39m]: Bot Iniciado con Exito Dia de Registro Tue Sep 12 2023 06:30:40
[06:30:42 [31merror[39m]: uncaughtException: Cannot read properties of undefined (reading 'send')
TypeError: Cannot read properties of undefined (reading 'send')
    at /home/runner/xd/Events/⚡ Cliente/presencia.js:105:61
[06:30:42 [31merror[39m]: uncaughtException: Cannot read properties of undefined (reading 'send')
TypeError: Cannot read properties of undefined (reading 'send')
    at /home/runner/xd/Events/⚡ Cliente/presencia.js:105:61
[06:35:39 [32minfo[39m]: Iniciando y Conectando a la DB
[06:35:39 [32minfo[39m]: Bot Iniciado con Exito Dia de Registro Tue Sep 12 2023 06:35:39
[06:35:41 [31merror[39m]: uncaughtException: Cannot read properties of undefined (reading 'send')
TypeError: Cannot read properties of undefined (reading 'send')
    at /home/runner/xd/Events/⚡ Cliente/presencia.js:105:61
[06:35:41 [31merror[39m]: uncaughtException: Cannot read properties of undefined (reading 'send')
TypeError: Cannot read properties of undefined (reading 'send')
    at /home/runner/xd/Events/⚡ Cliente/presencia.js:105:61
[06:40:38 [32minfo[39m]: Iniciando y Conectando a la DB
[06:40:38 [32minfo[39m]: Bot Iniciado con Exito Dia de Registro Tue Sep 12 2023 06:40:38
[06:40:40 [31merror[39m]: uncaughtException: Cannot read properties of undefined (reading 'send')
TypeError: Cannot read properties of undefined (reading 'send')
    at /home/runner/xd/Events/⚡ Cliente/presencia.js:105:61
[06:40:40 [31merror[39m]: uncaughtException: Cannot read properties of undefined (reading 'send')
TypeError: Cannot read properties of undefined (reading 'send')
    at /home/runner/xd/Events/⚡ Cliente/presencia.js:105:61
[06:45:49 [32minfo[39m]: Iniciando y Conectando a la DB
[06:45:49 [32minfo[39m]: Bot Iniciado con Exito Dia de Registro Tue Sep 12 2023 06:45:49
[06:45:50 [31merror[39m]: uncaughtException: Cannot read properties of undefined (reading 'send')
TypeError: Cannot read properties of undefined (reading 'send')
    at /home/runner/xd/Events/⚡ Cliente/presencia.js:105:61
[06:45:50 [31merror[39m]: uncaughtException: Cannot read properties of undefined (reading 'send')
TypeError: Cannot read properties of undefined (reading 'send')
    at /home/runner/xd/Events/⚡ Cliente/presencia.js:105:61
[06:46:28 [32minfo[39m]: Iniciando y Conectando a la DB
[06:46:28 [32minfo[39m]: Bot Iniciado con Exito Dia de Registro Tue Sep 12 2023 06:46:28
[06:46:30 [31merror[39m]: uncaughtException: Cannot read properties of undefined (reading 'send')
TypeError: Cannot read properties of undefined (reading 'send')
    at /home/runner/xd/Events/⚡ Cliente/presencia.js:105:61
[06:46:30 [31merror[39m]: uncaughtException: Cannot read properties of undefined (reading 'send')
TypeError: Cannot read properties of undefined (reading 'send')
    at /home/runner/xd/Events/⚡ Cliente/presencia.js:105:61
[06:51:19 [32minfo[39m]: Iniciando y Conectando a la DB
[06:51:19 [32minfo[39m]: Bot Iniciado con Exito Dia de Registro Tue Sep 12 2023 06:51:19
[06:51:20 [31merror[39m]: uncaughtException: Cannot read properties of undefined (reading 'send')
TypeError: Cannot read properties of undefined (reading 'send')
    at /home/runner/xd/Events/⚡ Cliente/presencia.js:105:61
[06:51:20 [31merror[39m]: uncaughtException: Cannot read properties of undefined (reading 'send')
TypeError: Cannot read properties of undefined (reading 'send')
    at /home/runner/xd/Events/⚡ Cliente/presencia.js:105:61
[06:56:27 [32minfo[39m]: Iniciando y Conectando a la DB
[06:56:27 [32minfo[39m]: Bot Iniciado con Exito Dia de Registro Tue Sep 12 2023 06:56:27
[06:56:29 [31merror[39m]: uncaughtException: Cannot read properties of undefined (reading 'send')
TypeError: Cannot read properties of undefined (reading 'send')
    at /home/runner/xd/Events/⚡ Cliente/presencia.js:105:61
[06:56:29 [31merror[39m]: uncaughtException: Cannot read properties of undefined (reading 'send')
TypeError: Cannot read properties of undefined (reading 'send')
    at /home/runner/xd/Events/⚡ Cliente/presencia.js:105:61
[07:01:28 [32minfo[39m]: Iniciando y Conectando a la DB
[07:01:28 [32minfo[39m]: Bot Iniciado con Exito Dia de Registro Tue Sep 12 2023 07:01:28
[07:01:30 [31merror[39m]: uncaughtException: Cannot read properties of undefined (reading 'send')
TypeError: Cannot read properties of undefined (reading 'send')
    at /home/runner/xd/Events/⚡ Cliente/presencia.js:105:61
[07:01:30 [31merror[39m]: uncaughtException: Cannot read properties of undefined (reading 'send')
TypeError: Cannot read properties of undefined (reading 'send')
    at /home/runner/xd/Events/⚡ Cliente/presencia.js:105:61
[07:11:18 [32minfo[39m]: Iniciando y Conectando a la DB
[07:11:18 [32minfo[39m]: Bot Iniciado con Exito Dia de Registro Tue Sep 12 2023 07:11:18
[07:11:19 [31merror[39m]: uncaughtException: Cannot read properties of undefined (reading 'send')
TypeError: Cannot read properties of undefined (reading 'send')
    at /home/runner/xd/Events/⚡ Cliente/presencia.js:105:61
[07:11:19 [31merror[39m]: uncaughtException: Cannot read properties of undefined (reading 'send')
TypeError: Cannot read properties of undefined (reading 'send')
    at /home/runner/xd/Events/⚡ Cliente/presencia.js:105:61
[07:16:28 [32minfo[39m]: Iniciando y Conectando a la DB
[07:16:28 [32minfo[39m]: Bot Iniciado con Exito Dia de Registro Tue Sep 12 2023 07:16:28
[07:16:29 [31merror[39m]: uncaughtException: Cannot read properties of undefined (reading 'send')
TypeError: Cannot read properties of undefined (reading 'send')
    at /home/runner/xd/Events/⚡ Cliente/presencia.js:105:61
[07:16:29 [31merror[39m]: uncaughtException: Cannot read properties of undefined (reading 'send')
TypeError: Cannot read properties of undefined (reading 'send')
    at /home/runner/xd/Events/⚡ Cliente/presencia.js:105:61
[07:21:19 [32minfo[39m]: Iniciando y Conectando a la DB
[07:21:19 [32minfo[39m]: Bot Iniciado con Exito Dia de Registro Tue Sep 12 2023 07:21:19
[07:21:20 [31merror[39m]: uncaughtException: Cannot read properties of undefined (reading 'send')
TypeError: Cannot read properties of undefined (reading 'send')
    at /home/runner/xd/Events/⚡ Cliente/presencia.js:105:61
[07:21:20 [31merror[39m]: uncaughtException: Cannot read properties of undefined (reading 'send')
TypeError: Cannot read properties of undefined (reading 'send')
    at /home/runner/xd/Events/⚡ Cliente/presencia.js:105:61
[07:26:29 [32minfo[39m]: Iniciando y Conectando a la DB
[07:26:29 [32minfo[39m]: Bot Iniciado con Exito Dia de Registro Tue Sep 12 2023 07:26:29
[07:26:30 [31merror[39m]: uncaughtException: Cannot read properties of undefined (reading 'send')
TypeError: Cannot read properties of undefined (reading 'send')
    at /home/runner/xd/Events/⚡ Cliente/presencia.js:105:61
[07:26:30 [31merror[39m]: uncaughtException: Cannot read properties of undefined (reading 'send')
TypeError: Cannot read properties of undefined (reading 'send')
    at /home/runner/xd/Events/⚡ Cliente/presencia.js:105:61
[07:36:18 [32minfo[39m]: Iniciando y Conectando a la DB
[07:36:18 [32minfo[39m]: Bot Iniciado con Exito Dia de Registro Tue Sep 12 2023 07:36:18
[07:36:19 [31merror[39m]: uncaughtException: Cannot read properties of undefined (reading 'send')
TypeError: Cannot read properties of undefined (reading 'send')
    at /home/runner/xd/Events/⚡ Cliente/presencia.js:105:61
[07:36:19 [31merror[39m]: uncaughtException: Cannot read properties of undefined (reading 'send')
TypeError: Cannot read properties of undefined (reading 'send')
    at /home/runner/xd/Events/⚡ Cliente/presencia.js:105:61
[07:41:28 [32minfo[39m]: Iniciando y Conectando a la DB
[07:41:28 [32minfo[39m]: Bot Iniciado con Exito Dia de Registro Tue Sep 12 2023 07:41:28
[07:41:30 [31merror[39m]: uncaughtException: Cannot read properties of undefined (reading 'send')
TypeError: Cannot read properties of undefined (reading 'send')
    at /home/runner/xd/Events/⚡ Cliente/presencia.js:105:61
[07:41:30 [31merror[39m]: uncaughtException: Cannot read properties of undefined (reading 'send')
TypeError: Cannot read properties of undefined (reading 'send')
    at /home/runner/xd/Events/⚡ Cliente/presencia.js:105:61
[07:46:28 [32minfo[39m]: Iniciando y Conectando a la DB
[07:46:28 [32minfo[39m]: Bot Iniciado con Exito Dia de Registro Tue Sep 12 2023 07:46:28
[07:46:29 [31merror[39m]: uncaughtException: Cannot read properties of undefined (reading 'send')
TypeError: Cannot read properties of undefined (reading 'send')
    at /home/runner/xd/Events/⚡ Cliente/presencia.js:105:61
[07:46:29 [31merror[39m]: uncaughtException: Cannot read properties of undefined (reading 'send')
TypeError: Cannot read properties of undefined (reading 'send')
    at /home/runner/xd/Events/⚡ Cliente/presencia.js:105:61
[07:51:28 [32minfo[39m]: Iniciando y Conectando a la DB
[07:51:28 [32minfo[39m]: Bot Iniciado con Exito Dia de Registro Tue Sep 12 2023 07:51:28
[07:51:30 [31merror[39m]: uncaughtException: Cannot read properties of undefined (reading 'send')
TypeError: Cannot read properties of undefined (reading 'send')
    at /home/runner/xd/Events/⚡ Cliente/presencia.js:105:61
[07:51:30 [31merror[39m]: uncaughtException: Cannot read properties of undefined (reading 'send')
TypeError: Cannot read properties of undefined (reading 'send')
    at /home/runner/xd/Events/⚡ Cliente/presencia.js:105:61
[07:56:27 [32minfo[39m]: Iniciando y Conectando a la DB
[07:56:27 [32minfo[39m]: Bot Iniciado con Exito Dia de Registro Tue Sep 12 2023 07:56:27
[07:56:29 [31merror[39m]: uncaughtException: Cannot read properties of undefined (reading 'send')
TypeError: Cannot read properties of undefined (reading 'send')
    at /home/runner/xd/Events/⚡ Cliente/presencia.js:105:61
[07:56:29 [31merror[39m]: uncaughtException: Cannot read properties of undefined (reading 'send')
TypeError: Cannot read properties of undefined (reading 'send')
    at /home/runner/xd/Events/⚡ Cliente/presencia.js:105:61
[08:01:28 [32minfo[39m]: Iniciando y Conectando a la DB
[08:01:28 [32minfo[39m]: Bot Iniciado con Exito Dia de Registro Tue Sep 12 2023 08:01:28
[08:01:29 [31merror[39m]: uncaughtException: Cannot read properties of undefined (reading 'send')
TypeError: Cannot read properties of undefined (reading 'send')
    at /home/runner/xd/Events/⚡ Cliente/presencia.js:105:61
[08:01:29 [31merror[39m]: uncaughtException: Cannot read properties of undefined (reading 'send')
TypeError: Cannot read properties of undefined (reading 'send')
    at /home/runner/xd/Events/⚡ Cliente/presencia.js:105:61
[08:06:28 [32minfo[39m]: Iniciando y Conectando a la DB
[08:06:28 [32minfo[39m]: Bot Iniciado con Exito Dia de Registro Tue Sep 12 2023 08:06:28
[08:06:29 [31merror[39m]: uncaughtException: Cannot read properties of undefined (reading 'send')
TypeError: Cannot read properties of undefined (reading 'send')
    at /home/runner/xd/Events/⚡ Cliente/presencia.js:105:61
[08:06:29 [31merror[39m]: uncaughtException: Cannot read properties of undefined (reading 'send')
TypeError: Cannot read properties of undefined (reading 'send')
    at /home/runner/xd/Events/⚡ Cliente/presencia.js:105:61
[08:11:28 [32minfo[39m]: Iniciando y Conectando a la DB
[08:11:28 [32minfo[39m]: Bot Iniciado con Exito Dia de Registro Tue Sep 12 2023 08:11:28
[08:11:29 [31merror[39m]: uncaughtException: Cannot read properties of undefined (reading 'send')
TypeError: Cannot read properties of undefined (reading 'send')
    at /home/runner/xd/Events/⚡ Cliente/presencia.js:105:61
[08:11:29 [31merror[39m]: uncaughtException: Cannot read properties of undefined (reading 'send')
TypeError: Cannot read properties of undefined (reading 'send')
    at /home/runner/xd/Events/⚡ Cliente/presencia.js:105:61
[08:16:28 [32minfo[39m]: Iniciando y Conectando a la DB
[08:16:28 [32minfo[39m]: Bot Iniciado con Exito Dia de Registro Tue Sep 12 2023 08:16:28
[08:16:29 [31merror[39m]: uncaughtException: Cannot read properties of undefined (reading 'send')
TypeError: Cannot read properties of undefined (reading 'send')
    at /home/runner/xd/Events/⚡ Cliente/presencia.js:105:61
[08:16:29 [31merror[39m]: uncaughtException: Cannot read properties of undefined (reading 'send')
TypeError: Cannot read properties of undefined (reading 'send')
    at /home/runner/xd/Events/⚡ Cliente/presencia.js:105:61
[08:21:39 [32minfo[39m]: Iniciando y Conectando a la DB
[08:21:39 [32minfo[39m]: Bot Iniciado con Exito Dia de Registro Tue Sep 12 2023 08:21:39
[08:21:40 [31merror[39m]: uncaughtException: Cannot read properties of undefined (reading 'send')
TypeError: Cannot read properties of undefined (reading 'send')
    at /home/runner/xd/Events/⚡ Cliente/presencia.js:105:61
[08:21:40 [31merror[39m]: uncaughtException: Cannot read properties of undefined (reading 'send')
TypeError: Cannot read properties of undefined (reading 'send')
    at /home/runner/xd/Events/⚡ Cliente/presencia.js:105:61
[08:22:19 [32minfo[39m]: Iniciando y Conectando a la DB
[08:22:19 [32minfo[39m]: Bot Iniciado con Exito Dia de Registro Tue Sep 12 2023 08:22:19
[08:22:20 [31merror[39m]: uncaughtException: Cannot read properties of undefined (reading 'send')
TypeError: Cannot read properties of undefined (reading 'send')
    at /home/runner/xd/Events/⚡ Cliente/presencia.js:105:61
[08:22:20 [31merror[39m]: uncaughtException: Cannot read properties of undefined (reading 'send')
TypeError: Cannot read properties of undefined (reading 'send')
    at /home/runner/xd/Events/⚡ Cliente/presencia.js:105:61
[08:27:18 [32minfo[39m]: Iniciando y Conectando a la DB
[08:27:18 [32minfo[39m]: Bot Iniciado con Exito Dia de Registro Tue Sep 12 2023 08:27:18
[08:27:21 [31merror[39m]: uncaughtException: Cannot read properties of undefined (reading 'send')
TypeError: Cannot read properties of undefined (reading 'send')
    at /home/runner/xd/Events/⚡ Cliente/presencia.js:105:61
[08:27:21 [31merror[39m]: uncaughtException: Cannot read properties of undefined (reading 'send')
TypeError: Cannot read properties of undefined (reading 'send')
    at /home/runner/xd/Events/⚡ Cliente/presencia.js:105:61
[08:32:08 [32minfo[39m]: Iniciando y Conectando a la DB
[08:32:08 [32minfo[39m]: Bot Iniciado con Exito Dia de Registro Tue Sep 12 2023 08:32:08
[08:32:09 [31merror[39m]: uncaughtException: Cannot read properties of undefined (reading 'send')
TypeError: Cannot read properties of undefined (reading 'send')
    at /home/runner/xd/Events/⚡ Cliente/presencia.js:105:61
[08:32:09 [31merror[39m]: uncaughtException: Cannot read properties of undefined (reading 'send')
TypeError: Cannot read properties of undefined (reading 'send')
    at /home/runner/xd/Events/⚡ Cliente/presencia.js:105:61
[08:37:18 [32minfo[39m]: Iniciando y Conectando a la DB
[08:37:18 [32minfo[39m]: Bot Iniciado con Exito Dia de Registro Tue Sep 12 2023 08:37:18
[08:37:19 [31merror[39m]: uncaughtException: Cannot read properties of undefined (reading 'send')
TypeError: Cannot read properties of undefined (reading 'send')
    at /home/runner/xd/Events/⚡ Cliente/presencia.js:105:61
[08:37:19 [31merror[39m]: uncaughtException: Cannot read properties of undefined (reading 'send')
TypeError: Cannot read properties of undefined (reading 'send')
    at /home/runner/xd/Events/⚡ Cliente/presencia.js:105:61
[08:42:18 [32minfo[39m]: Iniciando y Conectando a la DB
[08:42:18 [32minfo[39m]: Bot Iniciado con Exito Dia de Registro Tue Sep 12 2023 08:42:18
[08:42:20 [31merror[39m]: uncaughtException: Cannot read properties of undefined (reading 'send')
TypeError: Cannot read properties of undefined (reading 'send')
    at /home/runner/xd/Events/⚡ Cliente/presencia.js:105:61
[08:42:20 [31merror[39m]: uncaughtException: Cannot read properties of undefined (reading 'send')
TypeError: Cannot read properties of undefined (reading 'send')
    at /home/runner/xd/Events/⚡ Cliente/presencia.js:105:61
[08:47:18 [32minfo[39m]: Iniciando y Conectando a la DB
[08:47:18 [32minfo[39m]: Bot Iniciado con Exito Dia de Registro Tue Sep 12 2023 08:47:18
[08:47:20 [31merror[39m]: uncaughtException: Cannot read properties of undefined (reading 'send')
TypeError: Cannot read properties of undefined (reading 'send')
    at /home/runner/xd/Events/⚡ Cliente/presencia.js:105:61
[08:47:20 [31merror[39m]: uncaughtException: Cannot read properties of undefined (reading 'send')
TypeError: Cannot read properties of undefined (reading 'send')
    at /home/runner/xd/Events/⚡ Cliente/presencia.js:105:61
[08:52:19 [32minfo[39m]: Iniciando y Conectando a la DB
[08:52:19 [32minfo[39m]: Bot Iniciado con Exito Dia de Registro Tue Sep 12 2023 08:52:19
[08:52:20 [31merror[39m]: uncaughtException: Cannot read properties of undefined (reading 'send')
TypeError: Cannot read properties of undefined (reading 'send')
    at /home/runner/xd/Events/⚡ Cliente/presencia.js:105:61
[08:52:20 [31merror[39m]: uncaughtException: Cannot read properties of undefined (reading 'send')
TypeError: Cannot read properties of undefined (reading 'send')
    at /home/runner/xd/Events/⚡ Cliente/presencia.js:105:61
[08:57:18 [32minfo[39m]: Iniciando y Conectando a la DB
[08:57:18 [32minfo[39m]: Bot Iniciado con Exito Dia de Registro Tue Sep 12 2023 08:57:18
[08:57:19 [31merror[39m]: uncaughtException: Cannot read properties of undefined (reading 'send')
TypeError: Cannot read properties of undefined (reading 'send')
    at /home/runner/xd/Events/⚡ Cliente/presencia.js:105:61
[08:57:19 [31merror[39m]: uncaughtException: Cannot read properties of undefined (reading 'send')
TypeError: Cannot read properties of undefined (reading 'send')
    at /home/runner/xd/Events/⚡ Cliente/presencia.js:105:61
[09:02:18 [32minfo[39m]: Iniciando y Conectando a la DB
[09:02:18 [32minfo[39m]: Bot Iniciado con Exito Dia de Registro Tue Sep 12 2023 09:02:18
[09:02:20 [31merror[39m]: uncaughtException: Cannot read properties of undefined (reading 'send')
TypeError: Cannot read properties of undefined (reading 'send')
    at /home/runner/xd/Events/⚡ Cliente/presencia.js:105:61
[09:02:20 [31merror[39m]: uncaughtException: Cannot read properties of undefined (reading 'send')
TypeError: Cannot read properties of undefined (reading 'send')
    at /home/runner/xd/Events/⚡ Cliente/presencia.js:105:61
[09:07:20 [32minfo[39m]: Iniciando y Conectando a la DB
[09:07:20 [32minfo[39m]: Bot Iniciado con Exito Dia de Registro Tue Sep 12 2023 09:07:20
[09:07:21 [31merror[39m]: uncaughtException: Cannot read properties of undefined (reading 'send')
TypeError: Cannot read properties of undefined (reading 'send')
    at /home/runner/xd/Events/⚡ Cliente/presencia.js:105:61
[09:07:21 [31merror[39m]: uncaughtException: Cannot read properties of undefined (reading 'send')
TypeError: Cannot read properties of undefined (reading 'send')
    at /home/runner/xd/Events/⚡ Cliente/presencia.js:105:61
[09:12:17 [32minfo[39m]: Iniciando y Conectando a la DB
[09:12:17 [32minfo[39m]: Bot Iniciado con Exito Dia de Registro Tue Sep 12 2023 09:12:17
[09:12:19 [31merror[39m]: uncaughtException: Cannot read properties of undefined (reading 'send')
TypeError: Cannot read properties of undefined (reading 'send')
    at /home/runner/xd/Events/⚡ Cliente/presencia.js:105:61
[09:12:19 [31merror[39m]: uncaughtException: Cannot read properties of undefined (reading 'send')
TypeError: Cannot read properties of undefined (reading 'send')
    at /home/runner/xd/Events/⚡ Cliente/presencia.js:105:61
[09:17:20 [32minfo[39m]: Iniciando y Conectando a la DB
[09:17:20 [32minfo[39m]: Bot Iniciado con Exito Dia de Registro Tue Sep 12 2023 09:17:20
[09:17:22 [31merror[39m]: uncaughtException: Cannot read properties of undefined (reading 'send')
TypeError: Cannot read properties of undefined (reading 'send')
    at /home/runner/xd/Events/⚡ Cliente/presencia.js:105:61
[09:17:22 [31merror[39m]: uncaughtException: Cannot read properties of undefined (reading 'send')
TypeError: Cannot read properties of undefined (reading 'send')
    at /home/runner/xd/Events/⚡ Cliente/presencia.js:105:61
[09:22:18 [32minfo[39m]: Iniciando y Conectando a la DB
[09:22:18 [32minfo[39m]: Bot Iniciado con Exito Dia de Registro Tue Sep 12 2023 09:22:18
[09:22:20 [31merror[39m]: uncaughtException: Cannot read properties of undefined (reading 'send')
TypeError: Cannot read properties of undefined (reading 'send')
    at /home/runner/xd/Events/⚡ Cliente/presencia.js:105:61
[09:22:20 [31merror[39m]: uncaughtException: Cannot read properties of undefined (reading 'send')
TypeError: Cannot read properties of undefined (reading 'send')
    at /home/runner/xd/Events/⚡ Cliente/presencia.js:105:61
[09:27:20 [32minfo[39m]: Iniciando y Conectando a la DB
[09:27:20 [32minfo[39m]: Bot Iniciado con Exito Dia de Registro Tue Sep 12 2023 09:27:20
[09:27:21 [31merror[39m]: uncaughtException: Cannot read properties of undefined (reading 'send')
TypeError: Cannot read properties of undefined (reading 'send')
    at /home/runner/xd/Events/⚡ Cliente/presencia.js:105:61
[09:27:21 [31merror[39m]: uncaughtException: Cannot read properties of undefined (reading 'send')
TypeError: Cannot read properties of undefined (reading 'send')
    at /home/runner/xd/Events/⚡ Cliente/presencia.js:105:61
[09:32:19 [32minfo[39m]: Iniciando y Conectando a la DB
[09:32:19 [32minfo[39m]: Bot Iniciado con Exito Dia de Registro Tue Sep 12 2023 09:32:19
[09:32:20 [31merror[39m]: uncaughtException: Cannot read properties of undefined (reading 'send')
TypeError: Cannot read properties of undefined (reading 'send')
    at /home/runner/xd/Events/⚡ Cliente/presencia.js:105:61
[09:32:20 [31merror[39m]: uncaughtException: Cannot read properties of undefined (reading 'send')
TypeError: Cannot read properties of undefined (reading 'send')
    at /home/runner/xd/Events/⚡ Cliente/presencia.js:105:61
[09:37:18 [32minfo[39m]: Iniciando y Conectando a la DB
[09:37:18 [32minfo[39m]: Bot Iniciado con Exito Dia de Registro Tue Sep 12 2023 09:37:18
[09:37:20 [31merror[39m]: uncaughtException: Cannot read properties of undefined (reading 'send')
TypeError: Cannot read properties of undefined (reading 'send')
    at /home/runner/xd/Events/⚡ Cliente/presencia.js:105:61
[09:37:20 [31merror[39m]: uncaughtException: Cannot read properties of undefined (reading 'send')
TypeError: Cannot read properties of undefined (reading 'send')
    at /home/runner/xd/Events/⚡ Cliente/presencia.js:105:61
[09:42:19 [32minfo[39m]: Iniciando y Conectando a la DB
[09:42:19 [32minfo[39m]: Bot Iniciado con Exito Dia de Registro Tue Sep 12 2023 09:42:19
[09:42:21 [31merror[39m]: uncaughtException: Cannot read properties of undefined (reading 'send')
TypeError: Cannot read properties of undefined (reading 'send')
    at /home/runner/xd/Events/⚡ Cliente/presencia.js:105:61
[09:42:21 [31merror[39m]: uncaughtException: Cannot read properties of undefined (reading 'send')
TypeError: Cannot read properties of undefined (reading 'send')
    at /home/runner/xd/Events/⚡ Cliente/presencia.js:105:61
[09:47:19 [32minfo[39m]: Iniciando y Conectando a la DB
[09:47:19 [32minfo[39m]: Bot Iniciado con Exito Dia de Registro Tue Sep 12 2023 09:47:19
[09:47:21 [31merror[39m]: uncaughtException: Cannot read properties of undefined (reading 'send')
TypeError: Cannot read properties of undefined (reading 'send')
    at /home/runner/xd/Events/⚡ Cliente/presencia.js:105:61
[09:47:21 [31merror[39m]: uncaughtException: Cannot read properties of undefined (reading 'send')
TypeError: Cannot read properties of undefined (reading 'send')
    at /home/runner/xd/Events/⚡ Cliente/presencia.js:105:61
[09:52:18 [32minfo[39m]: Iniciando y Conectando a la DB
[09:52:18 [32minfo[39m]: Bot Iniciado con Exito Dia de Registro Tue Sep 12 2023 09:52:18
[09:52:20 [31merror[39m]: uncaughtException: Cannot read properties of undefined (reading 'send')
TypeError: Cannot read properties of undefined (reading 'send')
    at /home/runner/xd/Events/⚡ Cliente/presencia.js:105:61
[09:52:20 [31merror[39m]: uncaughtException: Cannot read properties of undefined (reading 'send')
TypeError: Cannot read properties of undefined (reading 'send')
    at /home/runner/xd/Events/⚡ Cliente/presencia.js:105:61
[10:45:18 [32minfo[39m]: Iniciando y Conectando a la DB
[10:45:18 [32minfo[39m]: Bot Iniciado con Exito Dia de Registro Tue Sep 12 2023 10:45:18
[10:45:20 [31merror[39m]: uncaughtException: Cannot read properties of undefined (reading 'send')
TypeError: Cannot read properties of undefined (reading 'send')
    at /home/runner/xd/Events/⚡ Cliente/presencia.js:105:61
[10:45:20 [31merror[39m]: uncaughtException: Cannot read properties of undefined (reading 'send')
TypeError: Cannot read properties of undefined (reading 'send')
    at /home/runner/xd/Events/⚡ Cliente/presencia.js:105:61
[10:50:08 [32minfo[39m]: Iniciando y Conectando a la DB
[10:50:08 [32minfo[39m]: Bot Iniciado con Exito Dia de Registro Tue Sep 12 2023 10:50:08
[10:50:09 [31merror[39m]: uncaughtException: Cannot read properties of undefined (reading 'send')
TypeError: Cannot read properties of undefined (reading 'send')
    at /home/runner/xd/Events/⚡ Cliente/presencia.js:105:61
[10:50:09 [31merror[39m]: uncaughtException: Cannot read properties of undefined (reading 'send')
TypeError: Cannot read properties of undefined (reading 'send')
    at /home/runner/xd/Events/⚡ Cliente/presencia.js:105:61
[10:55:08 [32minfo[39m]: Iniciando y Conectando a la DB
[10:55:08 [32minfo[39m]: Bot Iniciado con Exito Dia de Registro Tue Sep 12 2023 10:55:08
[10:55:09 [31merror[39m]: uncaughtException: Cannot read properties of undefined (reading 'send')
TypeError: Cannot read properties of undefined (reading 'send')
    at /home/runner/xd/Events/⚡ Cliente/presencia.js:105:61
[10:55:09 [31merror[39m]: uncaughtException: Cannot read properties of undefined (reading 'send')
TypeError: Cannot read properties of undefined (reading 'send')
    at /home/runner/xd/Events/⚡ Cliente/presencia.js:105:61
[11:00:08 [32minfo[39m]: Iniciando y Conectando a la DB
[11:00:08 [32minfo[39m]: Bot Iniciado con Exito Dia de Registro Tue Sep 12 2023 11:00:08
[11:00:10 [31merror[39m]: uncaughtException: Cannot read properties of undefined (reading 'send')
TypeError: Cannot read properties of undefined (reading 'send')
    at /home/runner/xd/Events/⚡ Cliente/presencia.js:105:61
[11:00:10 [31merror[39m]: uncaughtException: Cannot read properties of undefined (reading 'send')
TypeError: Cannot read properties of undefined (reading 'send')
    at /home/runner/xd/Events/⚡ Cliente/presencia.js:105:61
[11:10:18 [32minfo[39m]: Iniciando y Conectando a la DB
[11:10:18 [32minfo[39m]: Bot Iniciado con Exito Dia de Registro Tue Sep 12 2023 11:10:18
[11:10:20 [31merror[39m]: uncaughtException: Cannot read properties of undefined (reading 'send')
TypeError: Cannot read properties of undefined (reading 'send')
    at /home/runner/xd/Events/⚡ Cliente/presencia.js:105:61
[11:10:20 [31merror[39m]: uncaughtException: Cannot read properties of undefined (reading 'send')
TypeError: Cannot read properties of undefined (reading 'send')
    at /home/runner/xd/Events/⚡ Cliente/presencia.js:105:61
[11:15:17 [32minfo[39m]: Iniciando y Conectando a la DB
[11:15:17 [32minfo[39m]: Bot Iniciado con Exito Dia de Registro Tue Sep 12 2023 11:15:17
[11:15:19 [31merror[39m]: uncaughtException: Cannot read properties of undefined (reading 'send')
TypeError: Cannot read properties of undefined (reading 'send')
    at /home/runner/xd/Events/⚡ Cliente/presencia.js:105:61
[11:15:19 [31merror[39m]: uncaughtException: Cannot read properties of undefined (reading 'send')
TypeError: Cannot read properties of undefined (reading 'send')
    at /home/runner/xd/Events/⚡ Cliente/presencia.js:105:61
[11:25:18 [32minfo[39m]: Iniciando y Conectando a la DB
[11:25:18 [32minfo[39m]: Bot Iniciado con Exito Dia de Registro Tue Sep 12 2023 11:25:18
[11:25:19 [31merror[39m]: uncaughtException: Cannot read properties of undefined (reading 'send')
TypeError: Cannot read properties of undefined (reading 'send')
    at /home/runner/xd/Events/⚡ Cliente/presencia.js:105:61
[11:25:19 [31merror[39m]: uncaughtException: Cannot read properties of undefined (reading 'send')
TypeError: Cannot read properties of undefined (reading 'send')
    at /home/runner/xd/Events/⚡ Cliente/presencia.js:105:61
[11:30:17 [32minfo[39m]: Iniciando y Conectando a la DB
[11:30:17 [32minfo[39m]: Bot Iniciado con Exito Dia de Registro Tue Sep 12 2023 11:30:17
[11:30:19 [31merror[39m]: uncaughtException: Cannot read properties of undefined (reading 'send')
TypeError: Cannot read properties of undefined (reading 'send')
    at /home/runner/xd/Events/⚡ Cliente/presencia.js:105:61
[11:30:19 [31merror[39m]: uncaughtException: Cannot read properties of undefined (reading 'send')
TypeError: Cannot read properties of undefined (reading 'send')
    at /home/runner/xd/Events/⚡ Cliente/presencia.js:105:61
[11:35:19 [32minfo[39m]: Iniciando y Conectando a la DB
[11:35:19 [32minfo[39m]: Bot Iniciado con Exito Dia de Registro Tue Sep 12 2023 11:35:19
[11:35:22 [31merror[39m]: uncaughtException: Cannot read properties of undefined (reading 'send')
TypeError: Cannot read properties of undefined (reading 'send')
    at /home/runner/xd/Events/⚡ Cliente/presencia.js:105:61
[11:35:22 [31merror[39m]: uncaughtException: Cannot read properties of undefined (reading 'send')
TypeError: Cannot read properties of undefined (reading 'send')
    at /home/runner/xd/Events/⚡ Cliente/presencia.js:105:61
[11:40:18 [32minfo[39m]: Iniciando y Conectando a la DB
[11:40:18 [32minfo[39m]: Bot Iniciado con Exito Dia de Registro Tue Sep 12 2023 11:40:18
[11:40:20 [31merror[39m]: uncaughtException: Cannot read properties of undefined (reading 'send')
TypeError: Cannot read properties of undefined (reading 'send')
    at /home/runner/xd/Events/⚡ Cliente/presencia.js:105:61
[11:40:20 [31merror[39m]: uncaughtException: Cannot read properties of undefined (reading 'send')
TypeError: Cannot read properties of undefined (reading 'send')
    at /home/runner/xd/Events/⚡ Cliente/presencia.js:105:61
[11:45:08 [32minfo[39m]: Iniciando y Conectando a la DB
[11:45:08 [32minfo[39m]: Bot Iniciado con Exito Dia de Registro Tue Sep 12 2023 11:45:08
[11:45:10 [31merror[39m]: uncaughtException: Cannot read properties of undefined (reading 'send')
TypeError: Cannot read properties of undefined (reading 'send')
    at /home/runner/xd/Events/⚡ Cliente/presencia.js:105:61
[11:45:10 [31merror[39m]: uncaughtException: Cannot read properties of undefined (reading 'send')
TypeError: Cannot read properties of undefined (reading 'send')
    at /home/runner/xd/Events/⚡ Cliente/presencia.js:105:61
[11:50:19 [32minfo[39m]: Iniciando y Conectando a la DB
[11:50:19 [32minfo[39m]: Bot Iniciado con Exito Dia de Registro Tue Sep 12 2023 11:50:19
[11:50:21 [31merror[39m]: uncaughtException: Cannot read properties of undefined (reading 'send')
TypeError: Cannot read properties of undefined (reading 'send')
    at /home/runner/xd/Events/⚡ Cliente/presencia.js:105:61
[11:50:21 [31merror[39m]: uncaughtException: Cannot read properties of undefined (reading 'send')
TypeError: Cannot read properties of undefined (reading 'send')
    at /home/runner/xd/Events/⚡ Cliente/presencia.js:105:61
[11:55:09 [32minfo[39m]: Iniciando y Conectando a la DB
[11:55:09 [32minfo[39m]: Bot Iniciado con Exito Dia de Registro Tue Sep 12 2023 11:55:09
[11:55:11 [31merror[39m]: uncaughtException: Cannot read properties of undefined (reading 'send')
TypeError: Cannot read properties of undefined (reading 'send')
    at /home/runner/xd/Events/⚡ Cliente/presencia.js:105:61
[11:55:11 [31merror[39m]: uncaughtException: Cannot read properties of undefined (reading 'send')
TypeError: Cannot read properties of undefined (reading 'send')
    at /home/runner/xd/Events/⚡ Cliente/presencia.js:105:61
[12:00:18 [32minfo[39m]: Iniciando y Conectando a la DB
[12:00:18 [32minfo[39m]: Bot Iniciado con Exito Dia de Registro Tue Sep 12 2023 12:00:18
[12:00:19 [31merror[39m]: uncaughtException: Cannot read properties of undefined (reading 'send')
TypeError: Cannot read properties of undefined (reading 'send')
    at /home/runner/xd/Events/⚡ Cliente/presencia.js:105:61
[12:00:19 [31merror[39m]: uncaughtException: Cannot read properties of undefined (reading 'send')
TypeError: Cannot read properties of undefined (reading 'send')
    at /home/runner/xd/Events/⚡ Cliente/presencia.js:105:61
[12:05:08 [32minfo[39m]: Iniciando y Conectando a la DB
[12:05:08 [32minfo[39m]: Bot Iniciado con Exito Dia de Registro Tue Sep 12 2023 12:05:08
[12:05:10 [31merror[39m]: uncaughtException: Cannot read properties of undefined (reading 'send')
TypeError: Cannot read properties of undefined (reading 'send')
    at /home/runner/xd/Events/⚡ Cliente/presencia.js:105:61
[12:05:10 [31merror[39m]: uncaughtException: Cannot read properties of undefined (reading 'send')
TypeError: Cannot read properties of undefined (reading 'send')
    at /home/runner/xd/Events/⚡ Cliente/presencia.js:105:61
[12:10:18 [32minfo[39m]: Iniciando y Conectando a la DB
[12:10:18 [32minfo[39m]: Bot Iniciado con Exito Dia de Registro Tue Sep 12 2023 12:10:18
[12:10:20 [31merror[39m]: uncaughtException: Cannot read properties of undefined (reading 'send')
TypeError: Cannot read properties of undefined (reading 'send')
    at /home/runner/xd/Events/⚡ Cliente/presencia.js:105:61
[12:10:20 [31merror[39m]: uncaughtException: Cannot read properties of undefined (reading 'send')
TypeError: Cannot read properties of undefined (reading 'send')
    at /home/runner/xd/Events/⚡ Cliente/presencia.js:105:61
[12:15:18 [32minfo[39m]: Iniciando y Conectando a la DB
[12:15:18 [32minfo[39m]: Bot Iniciado con Exito Dia de Registro Tue Sep 12 2023 12:15:18
[12:15:20 [31merror[39m]: uncaughtException: Cannot read properties of undefined (reading 'send')
TypeError: Cannot read properties of undefined (reading 'send')
    at /home/runner/xd/Events/⚡ Cliente/presencia.js:105:61
[12:15:20 [31merror[39m]: uncaughtException: Cannot read properties of undefined (reading 'send')
TypeError: Cannot read properties of undefined (reading 'send')
    at /home/runner/xd/Events/⚡ Cliente/presencia.js:105:61
[12:20:20 [32minfo[39m]: Iniciando y Conectando a la DB
[12:20:20 [32minfo[39m]: Bot Iniciado con Exito Dia de Registro Tue Sep 12 2023 12:20:20
[12:20:23 [31merror[39m]: uncaughtException: Cannot read properties of undefined (reading 'send')
TypeError: Cannot read properties of undefined (reading 'send')
    at /home/runner/xd/Events/⚡ Cliente/presencia.js:105:61
[12:20:23 [31merror[39m]: uncaughtException: Cannot read properties of undefined (reading 'send')
TypeError: Cannot read properties of undefined (reading 'send')
    at /home/runner/xd/Events/⚡ Cliente/presencia.js:105:61
[13:02:19 [32minfo[39m]: Iniciando y Conectando a la DB
[13:02:19 [32minfo[39m]: Bot Iniciado con Exito Dia de Registro Tue Sep 12 2023 13:02:19
[13:02:20 [31merror[39m]: uncaughtException: Cannot read properties of undefined (reading 'send')
TypeError: Cannot read properties of undefined (reading 'send')
    at /home/runner/xd/Events/⚡ Cliente/presencia.js:105:61
[13:02:20 [31merror[39m]: uncaughtException: Cannot read properties of undefined (reading 'send')
TypeError: Cannot read properties of undefined (reading 'send')
    at /home/runner/xd/Events/⚡ Cliente/presencia.js:105:61
[13:07:20 [32minfo[39m]: Iniciando y Conectando a la DB
[13:07:20 [32minfo[39m]: Bot Iniciado con Exito Dia de Registro Tue Sep 12 2023 13:07:20
[13:07:21 [31merror[39m]: uncaughtException: Cannot read properties of undefined (reading 'send')
TypeError: Cannot read properties of undefined (reading 'send')
    at /home/runner/xd/Events/⚡ Cliente/presencia.js:105:61
[13:07:21 [31merror[39m]: uncaughtException: Cannot read properties of undefined (reading 'send')
TypeError: Cannot read properties of undefined (reading 'send')
    at /home/runner/xd/Events/⚡ Cliente/presencia.js:105:61
[13:12:08 [32minfo[39m]: Iniciando y Conectando a la DB
[13:12:08 [32minfo[39m]: Bot Iniciado con Exito Dia de Registro Tue Sep 12 2023 13:12:08
[13:12:10 [31merror[39m]: uncaughtException: Cannot read properties of undefined (reading 'send')
TypeError: Cannot read properties of undefined (reading 'send')
    at /home/runner/xd/Events/⚡ Cliente/presencia.js:105:61
[13:12:10 [31merror[39m]: uncaughtException: Cannot read properties of undefined (reading 'send')
TypeError: Cannot read properties of undefined (reading 'send')
    at /home/runner/xd/Events/⚡ Cliente/presencia.js:105:61
[13:17:18 [32minfo[39m]: Iniciando y Conectando a la DB
[13:17:18 [32minfo[39m]: Bot Iniciado con Exito Dia de Registro Tue Sep 12 2023 13:17:18
[13:17:19 [31merror[39m]: uncaughtException: Cannot read properties of undefined (reading 'send')
TypeError: Cannot read properties of undefined (reading 'send')
    at /home/runner/xd/Events/⚡ Cliente/presencia.js:105:61
[13:17:19 [31merror[39m]: uncaughtException: Cannot read properties of undefined (reading 'send')
TypeError: Cannot read properties of undefined (reading 'send')
    at /home/runner/xd/Events/⚡ Cliente/presencia.js:105:61
[13:22:17 [32minfo[39m]: Iniciando y Conectando a la DB
[13:22:17 [32minfo[39m]: Bot Iniciado con Exito Dia de Registro Tue Sep 12 2023 13:22:17
[13:22:19 [31merror[39m]: uncaughtException: Cannot read properties of undefined (reading 'send')
TypeError: Cannot read properties of undefined (reading 'send')
    at /home/runner/xd/Events/⚡ Cliente/presencia.js:105:61
[13:22:19 [31merror[39m]: uncaughtException: Cannot read properties of undefined (reading 'send')
TypeError: Cannot read properties of undefined (reading 'send')
    at /home/runner/xd/Events/⚡ Cliente/presencia.js:105:61
[13:27:19 [32minfo[39m]: Iniciando y Conectando a la DB
[13:27:19 [32minfo[39m]: Bot Iniciado con Exito Dia de Registro Tue Sep 12 2023 13:27:19
[13:27:20 [31merror[39m]: uncaughtException: Cannot read properties of undefined (reading 'send')
TypeError: Cannot read properties of undefined (reading 'send')
    at /home/runner/xd/Events/⚡ Cliente/presencia.js:105:61
[13:27:20 [31merror[39m]: uncaughtException: Cannot read properties of undefined (reading 'send')
TypeError: Cannot read properties of undefined (reading 'send')
    at /home/runner/xd/Events/⚡ Cliente/presencia.js:105:61
[13:32:19 [32minfo[39m]: Iniciando y Conectando a la DB
[13:32:19 [32minfo[39m]: Bot Iniciado con Exito Dia de Registro Tue Sep 12 2023 13:32:19
[13:32:20 [31merror[39m]: uncaughtException: Cannot read properties of undefined (reading 'send')
TypeError: Cannot read properties of undefined (reading 'send')
    at /home/runner/xd/Events/⚡ Cliente/presencia.js:105:61
[13:32:20 [31merror[39m]: uncaughtException: Cannot read properties of undefined (reading 'send')
TypeError: Cannot read properties of undefined (reading 'send')
    at /home/runner/xd/Events/⚡ Cliente/presencia.js:105:61
[13:37:19 [32minfo[39m]: Iniciando y Conectando a la DB
[13:37:19 [32minfo[39m]: Bot Iniciado con Exito Dia de Registro Tue Sep 12 2023 13:37:19
[13:37:21 [31merror[39m]: uncaughtException: Cannot read properties of undefined (reading 'send')
TypeError: Cannot read properties of undefined (reading 'send')
    at /home/runner/xd/Events/⚡ Cliente/presencia.js:105:61
[13:37:21 [31merror[39m]: uncaughtException: Cannot read properties of undefined (reading 'send')
TypeError: Cannot read properties of undefined (reading 'send')
    at /home/runner/xd/Events/⚡ Cliente/presencia.js:105:61
[13:42:09 [32minfo[39m]: Iniciando y Conectando a la DB
[13:42:09 [32minfo[39m]: Bot Iniciado con Exito Dia de Registro Tue Sep 12 2023 13:42:09
[13:42:10 [31merror[39m]: uncaughtException: Cannot read properties of undefined (reading 'send')
TypeError: Cannot read properties of undefined (reading 'send')
    at /home/runner/xd/Events/⚡ Cliente/presencia.js:105:61
[13:42:10 [31merror[39m]: uncaughtException: Cannot read properties of undefined (reading 'send')
TypeError: Cannot read properties of undefined (reading 'send')
    at /home/runner/xd/Events/⚡ Cliente/presencia.js:105:61
[13:47:18 [32minfo[39m]: Iniciando y Conectando a la DB
[13:47:18 [32minfo[39m]: Bot Iniciado con Exito Dia de Registro Tue Sep 12 2023 13:47:18
[13:47:19 [31merror[39m]: uncaughtException: Cannot read properties of undefined (reading 'send')
TypeError: Cannot read properties of undefined (reading 'send')
    at /home/runner/xd/Events/⚡ Cliente/presencia.js:105:61
[13:47:19 [31merror[39m]: uncaughtException: Cannot read properties of undefined (reading 'send')
TypeError: Cannot read properties of undefined (reading 'send')
    at /home/runner/xd/Events/⚡ Cliente/presencia.js:105:61
[13:52:19 [32minfo[39m]: Iniciando y Conectando a la DB
[13:52:19 [32minfo[39m]: Bot Iniciado con Exito Dia de Registro Tue Sep 12 2023 13:52:19
[13:52:21 [31merror[39m]: uncaughtException: Cannot read properties of undefined (reading 'send')
TypeError: Cannot read properties of undefined (reading 'send')
    at /home/runner/xd/Events/⚡ Cliente/presencia.js:105:61
[13:52:21 [31merror[39m]: uncaughtException: Cannot read properties of undefined (reading 'send')
TypeError: Cannot read properties of undefined (reading 'send')
    at /home/runner/xd/Events/⚡ Cliente/presencia.js:105:61
[14:02:18 [32minfo[39m]: Iniciando y Conectando a la DB
[14:02:18 [32minfo[39m]: Bot Iniciado con Exito Dia de Registro Tue Sep 12 2023 14:02:18
[14:02:19 [31merror[39m]: uncaughtException: Cannot read properties of undefined (reading 'send')
TypeError: Cannot read properties of undefined (reading 'send')
    at /home/runner/xd/Events/⚡ Cliente/presencia.js:105:61
[14:02:19 [31merror[39m]: uncaughtException: Cannot read properties of undefined (reading 'send')
TypeError: Cannot read properties of undefined (reading 'send')
    at /home/runner/xd/Events/⚡ Cliente/presencia.js:105:61
[14:07:18 [32minfo[39m]: Iniciando y Conectando a la DB
[14:07:18 [32minfo[39m]: Bot Iniciado con Exito Dia de Registro Tue Sep 12 2023 14:07:18
[14:07:19 [31merror[39m]: uncaughtException: Cannot read properties of undefined (reading 'send')
TypeError: Cannot read properties of undefined (reading 'send')
    at /home/runner/xd/Events/⚡ Cliente/presencia.js:105:61
[14:07:19 [31merror[39m]: uncaughtException: Cannot read properties of undefined (reading 'send')
TypeError: Cannot read properties of undefined (reading 'send')
    at /home/runner/xd/Events/⚡ Cliente/presencia.js:105:61
[14:17:18 [32minfo[39m]: Iniciando y Conectando a la DB
[14:17:18 [32minfo[39m]: Bot Iniciado con Exito Dia de Registro Tue Sep 12 2023 14:17:18
[14:17:20 [31merror[39m]: uncaughtException: Cannot read properties of undefined (reading 'send')
TypeError: Cannot read properties of undefined (reading 'send')
    at /home/runner/xd/Events/⚡ Cliente/presencia.js:105:61
[14:17:20 [31merror[39m]: uncaughtException: Cannot read properties of undefined (reading 'send')
TypeError: Cannot read properties of undefined (reading 'send')
    at /home/runner/xd/Events/⚡ Cliente/presencia.js:105:61
[14:22:28 [32minfo[39m]: Iniciando y Conectando a la DB
[14:22:28 [32minfo[39m]: Bot Iniciado con Exito Dia de Registro Tue Sep 12 2023 14:22:28
[14:22:29 [31merror[39m]: uncaughtException: Cannot read properties of undefined (reading 'send')
TypeError: Cannot read properties of undefined (reading 'send')
    at /home/runner/xd/Events/⚡ Cliente/presencia.js:105:61
[14:22:29 [31merror[39m]: uncaughtException: Cannot read properties of undefined (reading 'send')
TypeError: Cannot read properties of undefined (reading 'send')
    at /home/runner/xd/Events/⚡ Cliente/presencia.js:105:61
[14:27:18 [32minfo[39m]: Iniciando y Conectando a la DB
[14:27:18 [32minfo[39m]: Bot Iniciado con Exito Dia de Registro Tue Sep 12 2023 14:27:18
[14:27:19 [31merror[39m]: uncaughtException: Cannot read properties of undefined (reading 'send')
TypeError: Cannot read properties of undefined (reading 'send')
    at /home/runner/xd/Events/⚡ Cliente/presencia.js:105:61
[14:27:19 [31merror[39m]: uncaughtException: Cannot read properties of undefined (reading 'send')
TypeError: Cannot read properties of undefined (reading 'send')
    at /home/runner/xd/Events/⚡ Cliente/presencia.js:105:61
[14:32:18 [32minfo[39m]: Iniciando y Conectando a la DB
[14:32:18 [32minfo[39m]: Bot Iniciado con Exito Dia de Registro Tue Sep 12 2023 14:32:18
[14:32:20 [31merror[39m]: uncaughtException: Cannot read properties of undefined (reading 'send')
TypeError: Cannot read properties of undefined (reading 'send')
    at /home/runner/xd/Events/⚡ Cliente/presencia.js:105:61
[14:32:20 [31merror[39m]: uncaughtException: Cannot read properties of undefined (reading 'send')
TypeError: Cannot read properties of undefined (reading 'send')
    at /home/runner/xd/Events/⚡ Cliente/presencia.js:105:61
[14:37:18 [32minfo[39m]: Iniciando y Conectando a la DB
[14:37:18 [32minfo[39m]: Bot Iniciado con Exito Dia de Registro Tue Sep 12 2023 14:37:18
[14:37:19 [31merror[39m]: uncaughtException: Cannot read properties of undefined (reading 'send')
TypeError: Cannot read properties of undefined (reading 'send')
    at /home/runner/xd/Events/⚡ Cliente/presencia.js:105:61
[14:37:19 [31merror[39m]: uncaughtException: Cannot read properties of undefined (reading 'send')
TypeError: Cannot read properties of undefined (reading 'send')
    at /home/runner/xd/Events/⚡ Cliente/presencia.js:105:61
[14:42:19 [32minfo[39m]: Iniciando y Conectando a la DB
[14:42:19 [32minfo[39m]: Bot Iniciado con Exito Dia de Registro Tue Sep 12 2023 14:42:19
[14:42:20 [31merror[39m]: uncaughtException: Cannot read properties of undefined (reading 'send')
TypeError: Cannot read properties of undefined (reading 'send')
    at /home/runner/xd/Events/⚡ Cliente/presencia.js:105:61
[14:42:20 [31merror[39m]: uncaughtException: Cannot read properties of undefined (reading 'send')
TypeError: Cannot read properties of undefined (reading 'send')
    at /home/runner/xd/Events/⚡ Cliente/presencia.js:105:61
[14:47:18 [32minfo[39m]: Iniciando y Conectando a la DB
[14:47:18 [32minfo[39m]: Bot Iniciado con Exito Dia de Registro Tue Sep 12 2023 14:47:18
[14:47:20 [31merror[39m]: uncaughtException: Cannot read properties of undefined (reading 'send')
TypeError: Cannot read properties of undefined (reading 'send')
    at /home/runner/xd/Events/⚡ Cliente/presencia.js:105:61
[14:47:20 [31merror[39m]: uncaughtException: Cannot read properties of undefined (reading 'send')
TypeError: Cannot read properties of undefined (reading 'send')
    at /home/runner/xd/Events/⚡ Cliente/presencia.js:105:61
[14:52:17 [32minfo[39m]: Iniciando y Conectando a la DB
[14:52:18 [32minfo[39m]: Bot Iniciado con Exito Dia de Registro Tue Sep 12 2023 14:52:18
[14:52:19 [31merror[39m]: uncaughtException: Cannot read properties of undefined (reading 'send')
TypeError: Cannot read properties of undefined (reading 'send')
    at /home/runner/xd/Events/⚡ Cliente/presencia.js:105:61
[14:52:19 [31merror[39m]: uncaughtException: Cannot read properties of undefined (reading 'send')
TypeError: Cannot read properties of undefined (reading 'send')
    at /home/runner/xd/Events/⚡ Cliente/presencia.js:105:61
[14:57:18 [32minfo[39m]: Iniciando y Conectando a la DB
[14:57:18 [32minfo[39m]: Bot Iniciado con Exito Dia de Registro Tue Sep 12 2023 14:57:18
[14:57:19 [31merror[39m]: uncaughtException: Cannot read properties of undefined (reading 'send')
TypeError: Cannot read properties of undefined (reading 'send')
    at /home/runner/xd/Events/⚡ Cliente/presencia.js:105:61
[14:57:19 [31merror[39m]: uncaughtException: Cannot read properties of undefined (reading 'send')
TypeError: Cannot read properties of undefined (reading 'send')
    at /home/runner/xd/Events/⚡ Cliente/presencia.js:105:61
[15:02:08 [32minfo[39m]: Iniciando y Conectando a la DB
[15:02:08 [32minfo[39m]: Bot Iniciado con Exito Dia de Registro Tue Sep 12 2023 15:02:08
[15:02:09 [31merror[39m]: uncaughtException: Cannot read properties of undefined (reading 'send')
TypeError: Cannot read properties of undefined (reading 'send')
    at /home/runner/xd/Events/⚡ Cliente/presencia.js:105:61
[15:02:09 [31merror[39m]: uncaughtException: Cannot read properties of undefined (reading 'send')
TypeError: Cannot read properties of undefined (reading 'send')
    at /home/runner/xd/Events/⚡ Cliente/presencia.js:105:61
[15:07:19 [32minfo[39m]: Iniciando y Conectando a la DB
[15:07:19 [32minfo[39m]: Bot Iniciado con Exito Dia de Registro Tue Sep 12 2023 15:07:19
[15:07:21 [31merror[39m]: uncaughtException: Cannot read properties of undefined (reading 'send')
TypeError: Cannot read properties of undefined (reading 'send')
    at /home/runner/xd/Events/⚡ Cliente/presencia.js:105:61
[15:07:21 [31merror[39m]: uncaughtException: Cannot read properties of undefined (reading 'send')
TypeError: Cannot read properties of undefined (reading 'send')
    at /home/runner/xd/Events/⚡ Cliente/presencia.js:105:61
[15:12:08 [32minfo[39m]: Iniciando y Conectando a la DB
[15:12:08 [32minfo[39m]: Bot Iniciado con Exito Dia de Registro Tue Sep 12 2023 15:12:08
[15:12:10 [31merror[39m]: uncaughtException: Cannot read properties of undefined (reading 'send')
TypeError: Cannot read properties of undefined (reading 'send')
    at /home/runner/xd/Events/⚡ Cliente/presencia.js:105:61
[15:12:10 [31merror[39m]: uncaughtException: Cannot read properties of undefined (reading 'send')
TypeError: Cannot read properties of undefined (reading 'send')
    at /home/runner/xd/Events/⚡ Cliente/presencia.js:105:61
[15:22:10 [32minfo[39m]: Iniciando y Conectando a la DB
[15:22:10 [32minfo[39m]: Bot Iniciado con Exito Dia de Registro Tue Sep 12 2023 15:22:10
[15:22:11 [31merror[39m]: uncaughtException: Cannot read properties of undefined (reading 'send')
TypeError: Cannot read properties of undefined (reading 'send')
    at /home/runner/xd/Events/⚡ Cliente/presencia.js:105:61
[15:22:11 [31merror[39m]: uncaughtException: Cannot read properties of undefined (reading 'send')
TypeError: Cannot read properties of undefined (reading 'send')
    at /home/runner/xd/Events/⚡ Cliente/presencia.js:105:61
[15:27:18 [32minfo[39m]: Iniciando y Conectando a la DB
[15:27:18 [32minfo[39m]: Bot Iniciado con Exito Dia de Registro Tue Sep 12 2023 15:27:18
[15:27:20 [31merror[39m]: uncaughtException: Cannot read properties of undefined (reading 'send')
TypeError: Cannot read properties of undefined (reading 'send')
    at /home/runner/xd/Events/⚡ Cliente/presencia.js:105:61
[15:27:20 [31merror[39m]: uncaughtException: Cannot read properties of undefined (reading 'send')
TypeError: Cannot read properties of undefined (reading 'send')
    at /home/runner/xd/Events/⚡ Cliente/presencia.js:105:61
[15:32:08 [32minfo[39m]: Iniciando y Conectando a la DB
[15:32:08 [32minfo[39m]: Bot Iniciado con Exito Dia de Registro Tue Sep 12 2023 15:32:08
[15:32:10 [31merror[39m]: uncaughtException: Cannot read properties of undefined (reading 'send')
TypeError: Cannot read properties of undefined (reading 'send')
    at /home/runner/xd/Events/⚡ Cliente/presencia.js:105:61
[15:32:10 [31merror[39m]: uncaughtException: Cannot read properties of undefined (reading 'send')
TypeError: Cannot read properties of undefined (reading 'send')
    at /home/runner/xd/Events/⚡ Cliente/presencia.js:105:61
[15:37:18 [32minfo[39m]: Iniciando y Conectando a la DB
[15:37:18 [32minfo[39m]: Bot Iniciado con Exito Dia de Registro Tue Sep 12 2023 15:37:18
[15:37:19 [31merror[39m]: uncaughtException: Cannot read properties of undefined (reading 'send')
TypeError: Cannot read properties of undefined (reading 'send')
    at /home/runner/xd/Events/⚡ Cliente/presencia.js:105:61
[15:37:19 [31merror[39m]: uncaughtException: Cannot read properties of undefined (reading 'send')
TypeError: Cannot read properties of undefined (reading 'send')
    at /home/runner/xd/Events/⚡ Cliente/presencia.js:105:61
[15:42:17 [32minfo[39m]: Iniciando y Conectando a la DB
[15:42:17 [32minfo[39m]: Bot Iniciado con Exito Dia de Registro Tue Sep 12 2023 15:42:17
[15:42:19 [31merror[39m]: uncaughtException: Cannot read properties of undefined (reading 'send')
TypeError: Cannot read properties of undefined (reading 'send')
    at /home/runner/xd/Events/⚡ Cliente/presencia.js:105:61
[15:42:19 [31merror[39m]: uncaughtException: Cannot read properties of undefined (reading 'send')
TypeError: Cannot read properties of undefined (reading 'send')
    at /home/runner/xd/Events/⚡ Cliente/presencia.js:105:61
[15:47:18 [32minfo[39m]: Iniciando y Conectando a la DB
[15:47:18 [32minfo[39m]: Bot Iniciado con Exito Dia de Registro Tue Sep 12 2023 15:47:18
[15:47:20 [31merror[39m]: uncaughtException: Cannot read properties of undefined (reading 'send')
TypeError: Cannot read properties of undefined (reading 'send')
    at /home/runner/xd/Events/⚡ Cliente/presencia.js:105:61
[15:47:20 [31merror[39m]: uncaughtException: Cannot read properties of undefined (reading 'send')
TypeError: Cannot read properties of undefined (reading 'send')
    at /home/runner/xd/Events/⚡ Cliente/presencia.js:105:61
[17:50:07 [32minfo[39m]: Iniciando y Conectando a la DB
[17:50:07 [32minfo[39m]: Bot Iniciado con Exito Dia de Registro Tue Sep 12 2023 17:50:07
[17:50:10 [31merror[39m]: uncaughtException: Cannot read properties of undefined (reading 'send')
TypeError: Cannot read properties of undefined (reading 'send')
    at /home/runner/xd/Events/⚡ Cliente/presencia.js:105:61
[17:50:10 [31merror[39m]: uncaughtException: Cannot read properties of undefined (reading 'send')
TypeError: Cannot read properties of undefined (reading 'send')
    at /home/runner/xd/Events/⚡ Cliente/presencia.js:105:61
[17:50:35 [32minfo[39m]: Iniciando y Conectando a la DB
[17:50:35 [32minfo[39m]: Bot Iniciado con Exito Dia de Registro Tue Sep 12 2023 17:50:35
[17:50:37 [31merror[39m]: uncaughtException: Cannot read properties of undefined (reading 'send')
TypeError: Cannot read properties of undefined (reading 'send')
    at /home/runner/xd/Events/⚡ Cliente/presencia.js:105:61
[17:50:37 [31merror[39m]: uncaughtException: Cannot read properties of undefined (reading 'send')
TypeError: Cannot read properties of undefined (reading 'send')
    at /home/runner/xd/Events/⚡ Cliente/presencia.js:105:61
[17:55:46 [32minfo[39m]: Iniciando y Conectando a la DB
[17:55:46 [32minfo[39m]: Bot Iniciado con Exito Dia de Registro Tue Sep 12 2023 17:55:46
[17:55:47 [31merror[39m]: uncaughtException: Cannot read properties of undefined (reading 'send')
TypeError: Cannot read properties of undefined (reading 'send')
    at /home/runner/xd/Events/⚡ Cliente/presencia.js:105:61
[17:55:47 [31merror[39m]: uncaughtException: Cannot read properties of undefined (reading 'send')
TypeError: Cannot read properties of undefined (reading 'send')
    at /home/runner/xd/Events/⚡ Cliente/presencia.js:105:61
[18:10:46 [32minfo[39m]: Iniciando y Conectando a la DB
[18:10:46 [32minfo[39m]: Bot Iniciado con Exito Dia de Registro Tue Sep 12 2023 18:10:46
[18:10:48 [31merror[39m]: uncaughtException: Cannot read properties of undefined (reading 'send')
TypeError: Cannot read properties of undefined (reading 'send')
    at /home/runner/xd/Events/⚡ Cliente/presencia.js:105:61
[18:10:48 [31merror[39m]: uncaughtException: Cannot read properties of undefined (reading 'send')
TypeError: Cannot read properties of undefined (reading 'send')
    at /home/runner/xd/Events/⚡ Cliente/presencia.js:105:61
[18:15:46 [32minfo[39m]: Iniciando y Conectando a la DB
[18:15:46 [32minfo[39m]: Bot Iniciado con Exito Dia de Registro Tue Sep 12 2023 18:15:46
[18:15:49 [31merror[39m]: uncaughtException: Cannot read properties of undefined (reading 'send')
TypeError: Cannot read properties of undefined (reading 'send')
    at /home/runner/xd/Events/⚡ Cliente/presencia.js:105:61
[18:15:49 [31merror[39m]: uncaughtException: Cannot read properties of undefined (reading 'send')
TypeError: Cannot read properties of undefined (reading 'send')
    at /home/runner/xd/Events/⚡ Cliente/presencia.js:105:61
[18:20:46 [32minfo[39m]: Iniciando y Conectando a la DB
[18:20:46 [32minfo[39m]: Bot Iniciado con Exito Dia de Registro Tue Sep 12 2023 18:20:46
[18:20:48 [31merror[39m]: uncaughtException: Cannot read properties of undefined (reading 'send')
TypeError: Cannot read properties of undefined (reading 'send')
    at /home/runner/xd/Events/⚡ Cliente/presencia.js:105:61
[18:20:48 [31merror[39m]: uncaughtException: Cannot read properties of undefined (reading 'send')
TypeError: Cannot read properties of undefined (reading 'send')
    at /home/runner/xd/Events/⚡ Cliente/presencia.js:105:61
[20:01:45 [32minfo[39m]: Iniciando y Conectando a la DB
[20:01:45 [32minfo[39m]: Bot Iniciado con Exito Dia de Registro Tue Sep 12 2023 20:01:45
[20:01:46 [31merror[39m]: uncaughtException: Cannot read properties of undefined (reading 'send')
TypeError: Cannot read properties of undefined (reading 'send')
    at /home/runner/xd/Events/⚡ Cliente/presencia.js:105:61
[20:01:46 [31merror[39m]: uncaughtException: Cannot read properties of undefined (reading 'send')
TypeError: Cannot read properties of undefined (reading 'send')
    at /home/runner/xd/Events/⚡ Cliente/presencia.js:105:61
[20:06:48 [32minfo[39m]: Iniciando y Conectando a la DB
[20:06:48 [32minfo[39m]: Bot Iniciado con Exito Dia de Registro Tue Sep 12 2023 20:06:48
[20:06:50 [31merror[39m]: uncaughtException: Cannot read properties of undefined (reading 'send')
TypeError: Cannot read properties of undefined (reading 'send')
    at /home/runner/xd/Events/⚡ Cliente/presencia.js:105:61
[20:06:50 [31merror[39m]: uncaughtException: Cannot read properties of undefined (reading 'send')
TypeError: Cannot read properties of undefined (reading 'send')
    at /home/runner/xd/Events/⚡ Cliente/presencia.js:105:61
[20:11:46 [32minfo[39m]: Iniciando y Conectando a la DB
[20:11:46 [32minfo[39m]: Bot Iniciado con Exito Dia de Registro Tue Sep 12 2023 20:11:46
[20:11:47 [31merror[39m]: uncaughtException: Cannot read properties of undefined (reading 'send')
TypeError: Cannot read properties of undefined (reading 'send')
    at /home/runner/xd/Events/⚡ Cliente/presencia.js:105:61
[20:11:47 [31merror[39m]: uncaughtException: Cannot read properties of undefined (reading 'send')
TypeError: Cannot read properties of undefined (reading 'send')
    at /home/runner/xd/Events/⚡ Cliente/presencia.js:105:61
[20:16:45 [32minfo[39m]: Iniciando y Conectando a la DB
[20:16:45 [32minfo[39m]: Bot Iniciado con Exito Dia de Registro Tue Sep 12 2023 20:16:45
[20:16:46 [31merror[39m]: uncaughtException: Cannot read properties of undefined (reading 'send')
TypeError: Cannot read properties of undefined (reading 'send')
    at /home/runner/xd/Events/⚡ Cliente/presencia.js:105:61
[20:16:46 [31merror[39m]: uncaughtException: Cannot read properties of undefined (reading 'send')
TypeError: Cannot read properties of undefined (reading 'send')
    at /home/runner/xd/Events/⚡ Cliente/presencia.js:105:61
[20:26:34 [32minfo[39m]: Iniciando y Conectando a la DB
[20:26:34 [32minfo[39m]: Bot Iniciado con Exito Dia de Registro Tue Sep 12 2023 20:26:34
[20:26:36 [31merror[39m]: uncaughtException: Cannot read properties of undefined (reading 'send')
TypeError: Cannot read properties of undefined (reading 'send')
    at /home/runner/xd/Events/⚡ Cliente/presencia.js:105:61
[20:26:36 [31merror[39m]: uncaughtException: Cannot read properties of undefined (reading 'send')
TypeError: Cannot read properties of undefined (reading 'send')
    at /home/runner/xd/Events/⚡ Cliente/presencia.js:105:61
[20:31:45 [32minfo[39m]: Iniciando y Conectando a la DB
[20:31:45 [32minfo[39m]: Bot Iniciado con Exito Dia de Registro Tue Sep 12 2023 20:31:45
[20:31:46 [31merror[39m]: uncaughtException: Cannot read properties of undefined (reading 'send')
TypeError: Cannot read properties of undefined (reading 'send')
    at /home/runner/xd/Events/⚡ Cliente/presencia.js:105:61
[20:31:46 [31merror[39m]: uncaughtException: Cannot read properties of undefined (reading 'send')
TypeError: Cannot read properties of undefined (reading 'send')
    at /home/runner/xd/Events/⚡ Cliente/presencia.js:105:61
[20:36:44 [32minfo[39m]: Iniciando y Conectando a la DB
[20:36:44 [32minfo[39m]: Bot Iniciado con Exito Dia de Registro Tue Sep 12 2023 20:36:44
[20:36:45 [31merror[39m]: uncaughtException: Cannot read properties of undefined (reading 'send')
TypeError: Cannot read properties of undefined (reading 'send')
    at /home/runner/xd/Events/⚡ Cliente/presencia.js:105:61
[20:36:45 [31merror[39m]: uncaughtException: Cannot read properties of undefined (reading 'send')
TypeError: Cannot read properties of undefined (reading 'send')
    at /home/runner/xd/Events/⚡ Cliente/presencia.js:105:61
[20:41:44 [32minfo[39m]: Iniciando y Conectando a la DB
[20:41:44 [32minfo[39m]: Bot Iniciado con Exito Dia de Registro Tue Sep 12 2023 20:41:44
[20:41:45 [31merror[39m]: uncaughtException: Cannot read properties of undefined (reading 'send')
TypeError: Cannot read properties of undefined (reading 'send')
    at /home/runner/xd/Events/⚡ Cliente/presencia.js:105:61
[20:41:45 [31merror[39m]: uncaughtException: Cannot read properties of undefined (reading 'send')
TypeError: Cannot read properties of undefined (reading 'send')
    at /home/runner/xd/Events/⚡ Cliente/presencia.js:105:61
[20:46:34 [32minfo[39m]: Iniciando y Conectando a la DB
[20:46:34 [32minfo[39m]: Bot Iniciado con Exito Dia de Registro Tue Sep 12 2023 20:46:34
[20:46:35 [31merror[39m]: uncaughtException: Cannot read properties of undefined (reading 'send')
TypeError: Cannot read properties of undefined (reading 'send')
    at /home/runner/xd/Events/⚡ Cliente/presencia.js:105:61
[20:46:35 [31merror[39m]: uncaughtException: Cannot read properties of undefined (reading 'send')
TypeError: Cannot read properties of undefined (reading 'send')
    at /home/runner/xd/Events/⚡ Cliente/presencia.js:105:61
[20:51:44 [32minfo[39m]: Iniciando y Conectando a la DB
[20:51:44 [32minfo[39m]: Bot Iniciado con Exito Dia de Registro Tue Sep 12 2023 20:51:44
[20:51:45 [31merror[39m]: uncaughtException: Cannot read properties of undefined (reading 'send')
TypeError: Cannot read properties of undefined (reading 'send')
    at /home/runner/xd/Events/⚡ Cliente/presencia.js:105:61
[20:51:45 [31merror[39m]: uncaughtException: Cannot read properties of undefined (reading 'send')
TypeError: Cannot read properties of undefined (reading 'send')
    at /home/runner/xd/Events/⚡ Cliente/presencia.js:105:61
[20:56:44 [32minfo[39m]: Iniciando y Conectando a la DB
[20:56:44 [32minfo[39m]: Bot Iniciado con Exito Dia de Registro Tue Sep 12 2023 20:56:44
[20:56:46 [31merror[39m]: uncaughtException: Cannot read properties of undefined (reading 'send')
TypeError: Cannot read properties of undefined (reading 'send')
    at /home/runner/xd/Events/⚡ Cliente/presencia.js:105:61
[20:56:46 [31merror[39m]: uncaughtException: Cannot read properties of undefined (reading 'send')
TypeError: Cannot read properties of undefined (reading 'send')
    at /home/runner/xd/Events/⚡ Cliente/presencia.js:105:61
[21:01:34 [32minfo[39m]: Iniciando y Conectando a la DB
[21:01:34 [32minfo[39m]: Bot Iniciado con Exito Dia de Registro Tue Sep 12 2023 21:01:34
[21:01:36 [31merror[39m]: uncaughtException: Cannot read properties of undefined (reading 'send')
TypeError: Cannot read properties of undefined (reading 'send')
    at /home/runner/xd/Events/⚡ Cliente/presencia.js:105:61
[21:01:36 [31merror[39m]: uncaughtException: Cannot read properties of undefined (reading 'send')
TypeError: Cannot read properties of undefined (reading 'send')
    at /home/runner/xd/Events/⚡ Cliente/presencia.js:105:61
[21:06:45 [32minfo[39m]: Iniciando y Conectando a la DB
[21:06:45 [32minfo[39m]: Bot Iniciado con Exito Dia de Registro Tue Sep 12 2023 21:06:45
[21:06:46 [31merror[39m]: uncaughtException: Cannot read properties of undefined (reading 'send')
TypeError: Cannot read properties of undefined (reading 'send')
    at /home/runner/xd/Events/⚡ Cliente/presencia.js:105:61
[21:06:46 [31merror[39m]: uncaughtException: Cannot read properties of undefined (reading 'send')
TypeError: Cannot read properties of undefined (reading 'send')
    at /home/runner/xd/Events/⚡ Cliente/presencia.js:105:61
[21:21:34 [32minfo[39m]: Iniciando y Conectando a la DB
[21:21:34 [32minfo[39m]: Bot Iniciado con Exito Dia de Registro Tue Sep 12 2023 21:21:34
[21:21:36 [31merror[39m]: uncaughtException: Cannot read properties of undefined (reading 'send')
TypeError: Cannot read properties of undefined (reading 'send')
    at /home/runner/xd/Events/⚡ Cliente/presencia.js:105:61
[21:21:36 [31merror[39m]: uncaughtException: Cannot read properties of undefined (reading 'send')
TypeError: Cannot read properties of undefined (reading 'send')
    at /home/runner/xd/Events/⚡ Cliente/presencia.js:105:61
[21:26:44 [32minfo[39m]: Iniciando y Conectando a la DB
[21:26:44 [32minfo[39m]: Bot Iniciado con Exito Dia de Registro Tue Sep 12 2023 21:26:44
[21:26:45 [31merror[39m]: uncaughtException: Cannot read properties of undefined (reading 'send')
TypeError: Cannot read properties of undefined (reading 'send')
    at /home/runner/xd/Events/⚡ Cliente/presencia.js:105:61
[21:26:45 [31merror[39m]: uncaughtException: Cannot read properties of undefined (reading 'send')
TypeError: Cannot read properties of undefined (reading 'send')
    at /home/runner/xd/Events/⚡ Cliente/presencia.js:105:61
[21:31:33 [32minfo[39m]: Iniciando y Conectando a la DB
[21:31:33 [32minfo[39m]: Bot Iniciado con Exito Dia de Registro Tue Sep 12 2023 21:31:33
[21:31:35 [31merror[39m]: uncaughtException: Cannot read properties of undefined (reading 'send')
TypeError: Cannot read properties of undefined (reading 'send')
    at /home/runner/xd/Events/⚡ Cliente/presencia.js:105:61
[21:31:35 [31merror[39m]: uncaughtException: Cannot read properties of undefined (reading 'send')
TypeError: Cannot read properties of undefined (reading 'send')
    at /home/runner/xd/Events/⚡ Cliente/presencia.js:105:61
[21:36:35 [32minfo[39m]: Iniciando y Conectando a la DB
[21:36:35 [32minfo[39m]: Bot Iniciado con Exito Dia de Registro Tue Sep 12 2023 21:36:35
[21:36:36 [31merror[39m]: uncaughtException: Cannot read properties of undefined (reading 'send')
TypeError: Cannot read properties of undefined (reading 'send')
    at /home/runner/xd/Events/⚡ Cliente/presencia.js:105:61
[21:36:36 [31merror[39m]: uncaughtException: Cannot read properties of undefined (reading 'send')
TypeError: Cannot read properties of undefined (reading 'send')
    at /home/runner/xd/Events/⚡ Cliente/presencia.js:105:61
[21:41:34 [32minfo[39m]: Iniciando y Conectando a la DB
[21:41:34 [32minfo[39m]: Bot Iniciado con Exito Dia de Registro Tue Sep 12 2023 21:41:34
[21:41:35 [31merror[39m]: uncaughtException: Cannot read properties of undefined (reading 'send')
TypeError: Cannot read properties of undefined (reading 'send')
    at /home/runner/xd/Events/⚡ Cliente/presencia.js:105:61
[21:41:35 [31merror[39m]: uncaughtException: Cannot read properties of undefined (reading 'send')
TypeError: Cannot read properties of undefined (reading 'send')
    at /home/runner/xd/Events/⚡ Cliente/presencia.js:105:61
[21:46:44 [32minfo[39m]: Iniciando y Conectando a la DB
[21:46:44 [32minfo[39m]: Bot Iniciado con Exito Dia de Registro Tue Sep 12 2023 21:46:44
[21:46:45 [31merror[39m]: uncaughtException: Cannot read properties of undefined (reading 'send')
TypeError: Cannot read properties of undefined (reading 'send')
    at /home/runner/xd/Events/⚡ Cliente/presencia.js:105:61
[21:46:45 [31merror[39m]: uncaughtException: Cannot read properties of undefined (reading 'send')
TypeError: Cannot read properties of undefined (reading 'send')
    at /home/runner/xd/Events/⚡ Cliente/presencia.js:105:61
[21:56:44 [32minfo[39m]: Iniciando y Conectando a la DB
[21:56:44 [32minfo[39m]: Bot Iniciado con Exito Dia de Registro Tue Sep 12 2023 21:56:44
[21:56:46 [31merror[39m]: uncaughtException: Cannot read properties of undefined (reading 'send')
TypeError: Cannot read properties of undefined (reading 'send')
    at /home/runner/xd/Events/⚡ Cliente/presencia.js:105:61
[21:56:46 [31merror[39m]: uncaughtException: Cannot read properties of undefined (reading 'send')
TypeError: Cannot read properties of undefined (reading 'send')
    at /home/runner/xd/Events/⚡ Cliente/presencia.js:105:61
[22:01:44 [32minfo[39m]: Iniciando y Conectando a la DB
[22:01:44 [32minfo[39m]: Bot Iniciado con Exito Dia de Registro Tue Sep 12 2023 22:01:44
[22:01:46 [31merror[39m]: uncaughtException: Cannot read properties of undefined (reading 'send')
TypeError: Cannot read properties of undefined (reading 'send')
    at /home/runner/xd/Events/⚡ Cliente/presencia.js:105:61
[22:01:46 [31merror[39m]: uncaughtException: Cannot read properties of undefined (reading 'send')
TypeError: Cannot read properties of undefined (reading 'send')
    at /home/runner/xd/Events/⚡ Cliente/presencia.js:105:61
[22:06:45 [32minfo[39m]: Iniciando y Conectando a la DB
[22:06:45 [32minfo[39m]: Bot Iniciado con Exito Dia de Registro Tue Sep 12 2023 22:06:45
[22:06:47 [31merror[39m]: uncaughtException: Cannot read properties of undefined (reading 'send')
TypeError: Cannot read properties of undefined (reading 'send')
    at /home/runner/xd/Events/⚡ Cliente/presencia.js:105:61
[22:06:47 [31merror[39m]: uncaughtException: Cannot read properties of undefined (reading 'send')
TypeError: Cannot read properties of undefined (reading 'send')
    at /home/runner/xd/Events/⚡ Cliente/presencia.js:105:61
[22:11:44 [32minfo[39m]: Iniciando y Conectando a la DB
[22:11:44 [32minfo[39m]: Bot Iniciado con Exito Dia de Registro Tue Sep 12 2023 22:11:44
[22:11:46 [31merror[39m]: uncaughtException: Cannot read properties of undefined (reading 'send')
TypeError: Cannot read properties of undefined (reading 'send')
    at /home/runner/xd/Events/⚡ Cliente/presencia.js:105:61
[22:11:46 [31merror[39m]: uncaughtException: Cannot read properties of undefined (reading 'send')
TypeError: Cannot read properties of undefined (reading 'send')
    at /home/runner/xd/Events/⚡ Cliente/presencia.js:105:61
[22:16:44 [32minfo[39m]: Iniciando y Conectando a la DB
[22:16:44 [32minfo[39m]: Bot Iniciado con Exito Dia de Registro Tue Sep 12 2023 22:16:44
[22:16:45 [31merror[39m]: uncaughtException: Cannot read properties of undefined (reading 'send')
TypeError: Cannot read properties of undefined (reading 'send')
    at /home/runner/xd/Events/⚡ Cliente/presencia.js:105:61
[22:16:45 [31merror[39m]: uncaughtException: Cannot read properties of undefined (reading 'send')
TypeError: Cannot read properties of undefined (reading 'send')
    at /home/runner/xd/Events/⚡ Cliente/presencia.js:105:61
[22:21:34 [32minfo[39m]: Iniciando y Conectando a la DB
[22:21:34 [32minfo[39m]: Bot Iniciado con Exito Dia de Registro Tue Sep 12 2023 22:21:34
[22:21:36 [31merror[39m]: uncaughtException: Cannot read properties of undefined (reading 'send')
TypeError: Cannot read properties of undefined (reading 'send')
    at /home/runner/xd/Events/⚡ Cliente/presencia.js:105:61
[22:21:36 [31merror[39m]: uncaughtException: Cannot read properties of undefined (reading 'send')
TypeError: Cannot read properties of undefined (reading 'send')
    at /home/runner/xd/Events/⚡ Cliente/presencia.js:105:61
[22:26:44 [32minfo[39m]: Iniciando y Conectando a la DB
[22:26:44 [32minfo[39m]: Bot Iniciado con Exito Dia de Registro Tue Sep 12 2023 22:26:44
[22:26:46 [31merror[39m]: uncaughtException: Cannot read properties of undefined (reading 'send')
TypeError: Cannot read properties of undefined (reading 'send')
    at /home/runner/xd/Events/⚡ Cliente/presencia.js:105:61
[22:26:46 [31merror[39m]: uncaughtException: Cannot read properties of undefined (reading 'send')
TypeError: Cannot read properties of undefined (reading 'send')
    at /home/runner/xd/Events/⚡ Cliente/presencia.js:105:61
[22:31:44 [32minfo[39m]: Iniciando y Conectando a la DB
[22:31:44 [32minfo[39m]: Bot Iniciado con Exito Dia de Registro Tue Sep 12 2023 22:31:44
[22:31:46 [31merror[39m]: uncaughtException: Cannot read properties of undefined (reading 'send')
TypeError: Cannot read properties of undefined (reading 'send')
    at /home/runner/xd/Events/⚡ Cliente/presencia.js:105:61
[22:31:46 [31merror[39m]: uncaughtException: Cannot read properties of undefined (reading 'send')
TypeError: Cannot read properties of undefined (reading 'send')
    at /home/runner/xd/Events/⚡ Cliente/presencia.js:105:61
[22:36:49 [32minfo[39m]: Iniciando y Conectando a la DB
[22:36:49 [32minfo[39m]: Bot Iniciado con Exito Dia de Registro Tue Sep 12 2023 22:36:49
[22:36:51 [31merror[39m]: uncaughtException: Cannot read properties of undefined (reading 'send')
TypeError: Cannot read properties of undefined (reading 'send')
    at /home/runner/xd/Events/⚡ Cliente/presencia.js:105:61
[22:36:51 [31merror[39m]: uncaughtException: Cannot read properties of undefined (reading 'send')
TypeError: Cannot read properties of undefined (reading 'send')
    at /home/runner/xd/Events/⚡ Cliente/presencia.js:105:61
[22:41:45 [32minfo[39m]: Iniciando y Conectando a la DB
[22:41:45 [32minfo[39m]: Bot Iniciado con Exito Dia de Registro Tue Sep 12 2023 22:41:45
[22:41:47 [31merror[39m]: uncaughtException: Cannot read properties of undefined (reading 'send')
TypeError: Cannot read properties of undefined (reading 'send')
    at /home/runner/xd/Events/⚡ Cliente/presencia.js:105:61
[22:41:47 [31merror[39m]: uncaughtException: Cannot read properties of undefined (reading 'send')
TypeError: Cannot read properties of undefined (reading 'send')
    at /home/runner/xd/Events/⚡ Cliente/presencia.js:105:61
[22:46:44 [32minfo[39m]: Iniciando y Conectando a la DB
[22:46:44 [32minfo[39m]: Bot Iniciado con Exito Dia de Registro Tue Sep 12 2023 22:46:44
[22:46:46 [31merror[39m]: uncaughtException: Cannot read properties of undefined (reading 'send')
TypeError: Cannot read properties of undefined (reading 'send')
    at /home/runner/xd/Events/⚡ Cliente/presencia.js:105:61
[22:46:46 [31merror[39m]: uncaughtException: Cannot read properties of undefined (reading 'send')
TypeError: Cannot read properties of undefined (reading 'send')
    at /home/runner/xd/Events/⚡ Cliente/presencia.js:105:61
[22:51:34 [32minfo[39m]: Iniciando y Conectando a la DB
[22:51:34 [32minfo[39m]: Bot Iniciado con Exito Dia de Registro Tue Sep 12 2023 22:51:34
[22:51:36 [31merror[39m]: uncaughtException: Cannot read properties of undefined (reading 'send')
TypeError: Cannot read properties of undefined (reading 'send')
    at /home/runner/xd/Events/⚡ Cliente/presencia.js:105:61
[22:51:36 [31merror[39m]: uncaughtException: Cannot read properties of undefined (reading 'send')
TypeError: Cannot read properties of undefined (reading 'send')
    at /home/runner/xd/Events/⚡ Cliente/presencia.js:105:61
[23:12:45 [32minfo[39m]: Iniciando y Conectando a la DB
[23:12:45 [32minfo[39m]: Bot Iniciado con Exito Dia de Registro Tue Sep 12 2023 23:12:45
[23:12:46 [31merror[39m]: uncaughtException: Cannot read properties of undefined (reading 'send')
TypeError: Cannot read properties of undefined (reading 'send')
    at /home/runner/xd/Events/⚡ Cliente/presencia.js:105:61
[23:12:46 [31merror[39m]: uncaughtException: Cannot read properties of undefined (reading 'send')
TypeError: Cannot read properties of undefined (reading 'send')
    at /home/runner/xd/Events/⚡ Cliente/presencia.js:105:61
[23:17:34 [32minfo[39m]: Iniciando y Conectando a la DB
[23:17:34 [32minfo[39m]: Bot Iniciado con Exito Dia de Registro Tue Sep 12 2023 23:17:34
[23:17:35 [31merror[39m]: uncaughtException: Cannot read properties of undefined (reading 'send')
TypeError: Cannot read properties of undefined (reading 'send')
    at /home/runner/xd/Events/⚡ Cliente/presencia.js:105:61
[23:17:35 [31merror[39m]: uncaughtException: Cannot read properties of undefined (reading 'send')
TypeError: Cannot read properties of undefined (reading 'send')
    at /home/runner/xd/Events/⚡ Cliente/presencia.js:105:61
[23:22:44 [32minfo[39m]: Iniciando y Conectando a la DB
[23:22:44 [32minfo[39m]: Bot Iniciado con Exito Dia de Registro Tue Sep 12 2023 23:22:44
[23:22:45 [31merror[39m]: uncaughtException: Cannot read properties of undefined (reading 'send')
TypeError: Cannot read properties of undefined (reading 'send')
    at /home/runner/xd/Events/⚡ Cliente/presencia.js:105:61
[23:22:45 [31merror[39m]: uncaughtException: Cannot read properties of undefined (reading 'send')
TypeError: Cannot read properties of undefined (reading 'send')
    at /home/runner/xd/Events/⚡ Cliente/presencia.js:105:61
[23:27:44 [32minfo[39m]: Iniciando y Conectando a la DB
[23:27:44 [32minfo[39m]: Bot Iniciado con Exito Dia de Registro Tue Sep 12 2023 23:27:44
[23:27:45 [31merror[39m]: uncaughtException: Cannot read properties of undefined (reading 'send')
TypeError: Cannot read properties of undefined (reading 'send')
    at /home/runner/xd/Events/⚡ Cliente/presencia.js:105:61
[23:27:45 [31merror[39m]: uncaughtException: Cannot read properties of undefined (reading 'send')
TypeError: Cannot read properties of undefined (reading 'send')
    at /home/runner/xd/Events/⚡ Cliente/presencia.js:105:61
[23:32:34 [32minfo[39m]: Iniciando y Conectando a la DB
[23:32:34 [32minfo[39m]: Bot Iniciado con Exito Dia de Registro Tue Sep 12 2023 23:32:34
[23:32:35 [31merror[39m]: uncaughtException: Cannot read properties of undefined (reading 'send')
TypeError: Cannot read properties of undefined (reading 'send')
    at /home/runner/xd/Events/⚡ Cliente/presencia.js:105:61
[23:32:35 [31merror[39m]: uncaughtException: Cannot read properties of undefined (reading 'send')
TypeError: Cannot read properties of undefined (reading 'send')
    at /home/runner/xd/Events/⚡ Cliente/presencia.js:105:61
[23:37:44 [32minfo[39m]: Iniciando y Conectando a la DB
[23:37:44 [32minfo[39m]: Bot Iniciado con Exito Dia de Registro Tue Sep 12 2023 23:37:44
[23:37:45 [31merror[39m]: uncaughtException: Cannot read properties of undefined (reading 'send')
TypeError: Cannot read properties of undefined (reading 'send')
    at /home/runner/xd/Events/⚡ Cliente/presencia.js:105:61
[23:37:45 [31merror[39m]: uncaughtException: Cannot read properties of undefined (reading 'send')
TypeError: Cannot read properties of undefined (reading 'send')
    at /home/runner/xd/Events/⚡ Cliente/presencia.js:105:61
[23:47:33 [32minfo[39m]: Iniciando y Conectando a la DB
[23:47:33 [32minfo[39m]: Bot Iniciado con Exito Dia de Registro Tue Sep 12 2023 23:47:33
[23:47:34 [31merror[39m]: uncaughtException: Cannot read properties of undefined (reading 'send')
TypeError: Cannot read properties of undefined (reading 'send')
    at /home/runner/xd/Events/⚡ Cliente/presencia.js:105:61
[23:47:34 [31merror[39m]: uncaughtException: Cannot read properties of undefined (reading 'send')
TypeError: Cannot read properties of undefined (reading 'send')
    at /home/runner/xd/Events/⚡ Cliente/presencia.js:105:61
[23:52:43 [32minfo[39m]: Iniciando y Conectando a la DB
[23:52:43 [32minfo[39m]: Bot Iniciado con Exito Dia de Registro Tue Sep 12 2023 23:52:43
[23:52:45 [31merror[39m]: uncaughtException: Cannot read properties of undefined (reading 'send')
TypeError: Cannot read properties of undefined (reading 'send')
    at /home/runner/xd/Events/⚡ Cliente/presencia.js:105:61
[23:52:45 [31merror[39m]: uncaughtException: Cannot read properties of undefined (reading 'send')
TypeError: Cannot read properties of undefined (reading 'send')
    at /home/runner/xd/Events/⚡ Cliente/presencia.js:105:61
[23:57:44 [32minfo[39m]: Iniciando y Conectando a la DB
[23:57:44 [32minfo[39m]: Bot Iniciado con Exito Dia de Registro Tue Sep 12 2023 23:57:44
[23:57:45 [31merror[39m]: uncaughtException: Cannot read properties of undefined (reading 'send')
TypeError: Cannot read properties of undefined (reading 'send')
    at /home/runner/xd/Events/⚡ Cliente/presencia.js:105:61
[23:57:45 [31merror[39m]: uncaughtException: Cannot read properties of undefined (reading 'send')
TypeError: Cannot read properties of undefined (reading 'send')
    at /home/runner/xd/Events/⚡ Cliente/presencia.js:105:61
